[2025-09-23 18:44:16] This is codeql database create ruby-db\rubyexample-db --language=ruby --source-root=data\rubyexample
[2025-09-23 18:44:16] Log file was started late.
[2025-09-23 18:44:16] [PROGRESS] database create> Initializing database at C:\Users\brook\code\HNPLab\ruby-db\rubyexample-db.
[2025-09-23 18:44:16] Running plumbing command: codeql database init --language=ruby --extractor-options-verbosity=1 --qlconfig-file=C:\Users\brook\code\HNPLab\qlconfig.yml --source-root=C:\Users\brook\code\HNPLab\data\rubyexample --allow-missing-source-root=false --allow-already-existing -- C:\Users\brook\code\HNPLab\ruby-db\rubyexample-db
[2025-09-23 18:44:16] Calling plumbing command: codeql resolve languages --extractor-options-verbosity=1 --format=betterjson
[2025-09-23 18:44:16] [DETAILS] resolve languages> Scanning for [codeql-extractor.yml] from C:\Users\brook\code\codeql\.codeqlmanifest.json
[2025-09-23 18:44:16] [DETAILS] resolve languages> Parsing C:\Users\brook\code\codeql\actions\codeql-extractor.yml.
[2025-09-23 18:44:16] [DETAILS] resolve languages> Parsing C:\Users\brook\code\codeql\cpp\codeql-extractor.yml.
[2025-09-23 18:44:16] [DETAILS] resolve languages> Parsing C:\Users\brook\code\codeql\csharp\codeql-extractor.yml.
[2025-09-23 18:44:16] [DETAILS] resolve languages> Parsing C:\Users\brook\code\codeql\csv\codeql-extractor.yml.
[2025-09-23 18:44:16] [DETAILS] resolve languages> Parsing C:\Users\brook\code\codeql\go\codeql-extractor.yml.
[2025-09-23 18:44:16] [DETAILS] resolve languages> Parsing C:\Users\brook\code\codeql\html\codeql-extractor.yml.
[2025-09-23 18:44:16] [DETAILS] resolve languages> Parsing C:\Users\brook\code\codeql\java\codeql-extractor.yml.
[2025-09-23 18:44:16] [DETAILS] resolve languages> Parsing C:\Users\brook\code\codeql\javascript\codeql-extractor.yml.
[2025-09-23 18:44:16] [DETAILS] resolve languages> Parsing C:\Users\brook\code\codeql\properties\codeql-extractor.yml.
[2025-09-23 18:44:16] [DETAILS] resolve languages> Parsing C:\Users\brook\code\codeql\python\codeql-extractor.yml.
[2025-09-23 18:44:16] [DETAILS] resolve languages> Parsing C:\Users\brook\code\codeql\ruby\codeql-extractor.yml.
[2025-09-23 18:44:16] [DETAILS] resolve languages> Parsing C:\Users\brook\code\codeql\rust\codeql-extractor.yml.
[2025-09-23 18:44:16] [DETAILS] resolve languages> Parsing C:\Users\brook\code\codeql\swift\codeql-extractor.yml.
[2025-09-23 18:44:16] [DETAILS] resolve languages> Parsing C:\Users\brook\code\codeql\xml\codeql-extractor.yml.
[2025-09-23 18:44:16] [DETAILS] resolve languages> Parsing C:\Users\brook\code\codeql\yaml\codeql-extractor.yml.
[2025-09-23 18:44:16] Plumbing command codeql resolve languages completed:
                      {
                        "aliases" : {
                          "c" : "cpp",
                          "c++" : "cpp",
                          "c-c++" : "cpp",
                          "c-cpp" : "cpp",
                          "c#" : "csharp",
                          "java-kotlin" : "java",
                          "kotlin" : "java",
                          "javascript-typescript" : "javascript",
                          "typescript" : "javascript"
                        },
                        "extractors" : {
                          "actions" : [
                            {
                              "extractor_root" : "C:\\Users\\brook\\code\\codeql\\actions",
                              "extractor_options" : { }
                            }
                          ],
                          "cpp" : [
                            {
                              "extractor_root" : "C:\\Users\\brook\\code\\codeql\\cpp",
                              "extractor_options" : {
                                "scale_timeouts" : {
                                  "title" : "Value to scale compiler introspection timeouts with",
                                  "description" : "The extractor attempts to determine what compiler the source code being extracted is compiled with. To this end the extractor makes additional calls to the compiler, some of which are expected to return within a certain fixed time (either 10s or 15s). On some systems that are under high load this time might be too short, and can be scaled up using this option.\n",
                                  "type" : "string",
                                  "pattern" : "[0-9]+"
                                },
                                "log_verbosity" : {
                                  "title" : "Verbosity of the extractor logging",
                                  "description" : "Set the verbosity of the extractor logging to 'quiet' (0), 'normal' (1), 'chatty' (2), or 'noisy' (3). The default is 'normal'.\n",
                                  "type" : "string",
                                  "pattern" : "[0-3]"
                                }
                              }
                            }
                          ],
                          "csharp" : [
                            {
                              "extractor_root" : "C:\\Users\\brook\\code\\codeql\\csharp",
                              "extractor_options" : {
                                "trap" : {
                                  "title" : "Options pertaining to TRAP.",
                                  "description" : "Options pertaining to TRAP.",
                                  "type" : "object",
                                  "properties" : {
                                    "compression" : {
                                      "title" : "Controls compression for the TRAP files written by the extractor.",
                                      "description" : "This option is only intended for use in debugging the extractor. Accepted values are 'brotli' (the default, to write brotli-compressed TRAP), 'gzip', and 'none' (to write uncompressed TRAP).\n",
                                      "type" : "string",
                                      "pattern" : "^(none|gzip|brotli)$"
                                    }
                                  }
                                },
                                "buildless" : {
                                  "title" : "DEPRECATED - Whether to use buildless (standalone) extraction.",
                                  "description" : "DEPRECATED: Use `--build-mode none` instead.\nA value indicating, which type of extraction the autobuilder should perform. If 'true', then the standalone extractor will be used, otherwise tracing extraction will be performed. The default is 'false'. Note that buildless extraction will generally yield less accurate analysis results, and should only be used in cases where it is not possible to build the code (for example if it uses inaccessible dependencies).\n",
                                  "type" : "string",
                                  "pattern" : "^(false|true)$"
                                },
                                "logging" : {
                                  "title" : "Options pertaining to logging.",
                                  "description" : "Options pertaining to logging.",
                                  "type" : "object",
                                  "properties" : {
                                    "verbosity" : {
                                      "title" : "Extractor logging verbosity level.",
                                      "description" : "Controls the level of verbosity of the extractor. The supported levels are (in order of increasing verbosity):\n  - off\n  - errors\n  - warnings\n  - info or progress\n  - debug or progress+\n  - trace or progress++\n  - progress+++\n",
                                      "type" : "string",
                                      "pattern" : "^(off|errors|warnings|(info|progress)|(debug|progress\\+)|(trace|progress\\+\\+)|progress\\+\\+\\+)$"
                                    }
                                  }
                                },
                                "binlog" : {
                                  "title" : "Binlog",
                                  "description" : "[EXPERIMENTAL] The value is a path to the MsBuild binary log file that should be extracted. This option only works when `--build-mode none` is also specified.\n",
                                  "type" : "array"
                                }
                              }
                            }
                          ],
                          "csv" : [
                            {
                              "extractor_root" : "C:\\Users\\brook\\code\\codeql\\csv"
                            }
                          ],
                          "go" : [
                            {
                              "extractor_root" : "C:\\Users\\brook\\code\\codeql\\go",
                              "extractor_options" : {
                                "extract_tests" : {
                                  "title" : "Whether to include Go test files in the CodeQL database.",
                                  "description" : "A value indicating whether Go test files should be included in the CodeQL database. The default is 'false'.\n",
                                  "type" : "string",
                                  "pattern" : "^(false|true)$"
                                },
                                "extract_vendor_dirs" : {
                                  "title" : "Whether to include Go vendor directories in the CodeQL database.",
                                  "description" : "A value indicating whether Go vendor directories should be included in the CodeQL database. The default is 'false'.\n",
                                  "type" : "string",
                                  "pattern" : "^(false|true)$"
                                }
                              }
                            }
                          ],
                          "html" : [
                            {
                              "extractor_root" : "C:\\Users\\brook\\code\\codeql\\html"
                            }
                          ],
                          "java" : [
                            {
                              "extractor_root" : "C:\\Users\\brook\\code\\codeql\\java",
                              "extractor_options" : {
                                "exclude" : {
                                  "title" : "A glob excluding files from analysis.",
                                  "description" : "A glob indicating what files to exclude from the analysis. This accepts glob patterns that are supported by Java's 'getPathMatcher' implementation.\n",
                                  "type" : "string"
                                },
                                "add_prefer_source" : {
                                  "title" : "Whether to always prefer source files over class files.",
                                  "description" : "A value indicating whether source files should be preferred over class files. If set to 'true', the extraction adds '-Xprefer:source' to the javac command line. If set to 'false', the extraction uses the default javac behavior ('-Xprefer:newer'). The default is 'true'.\n",
                                  "type" : "string",
                                  "pattern" : "^(false|true)$"
                                },
                                "buildless" : {
                                  "title" : "Whether to use buildless (standalone) extraction (experimental).",
                                  "description" : "A value indicating, which type of extraction the autobuilder should perform. If 'true', then the standalone extractor will be used, otherwise tracing extraction will be performed. The default is 'false'. Note that buildless extraction will generally yield less accurate analysis results, and should only be used in cases where it is not possible to build the code (for example if it uses inaccessible dependencies).\n",
                                  "type" : "string",
                                  "pattern" : "^(false|true)$"
                                },
                                "buildless_dependency_dir" : {
                                  "title" : "The path where buildless (standalone) extraction should keep dependencies.",
                                  "description" : "If set, the buildless (standalone) extractor will store dependencies in this directory.\n",
                                  "type" : "string"
                                },
                                "minimize_dependency_jars" : {
                                  "title" : "Whether to rewrite and minimize downloaded JAR dependencies (experimental).",
                                  "description" : "If 'true', JAR dependencies downloaded during extraction will be rewritten to remove unneeded data, such as method bodies. The default is 'false'.\n",
                                  "type" : "string",
                                  "pattern" : "^(false|true)$"
                                }
                              }
                            }
                          ],
                          "javascript" : [
                            {
                              "extractor_root" : "C:\\Users\\brook\\code\\codeql\\javascript",
                              "extractor_options" : {
                                "skip_types" : {
                                  "title" : "Skip type extraction for TypeScript",
                                  "description" : "Whether to skip the extraction of types in a TypeScript application",
                                  "type" : "string",
                                  "pattern" : "^(false|true)$"
                                }
                              }
                            }
                          ],
                          "properties" : [
                            {
                              "extractor_root" : "C:\\Users\\brook\\code\\codeql\\properties"
                            }
                          ],
                          "python" : [
                            {
                              "extractor_root" : "C:\\Users\\brook\\code\\codeql\\python",
                              "extractor_options" : {
                                "logging" : {
                                  "title" : "Options pertaining to logging.",
                                  "description" : "Options pertaining to logging.",
                                  "type" : "object",
                                  "properties" : {
                                    "verbosity" : {
                                      "title" : "Python extractor logging verbosity level.",
                                      "description" : "Controls the level of verbosity of the CodeQL Python extractor.\nThe supported levels are (in order of increasing verbosity):\n\n  - off\n  - errors\n  - warnings\n  - info or progress\n  - debug or progress+\n  - trace or progress++\n  - progress+++\n",
                                      "type" : "string",
                                      "pattern" : "^(off|errors|warnings|(info|progress)|(debug|progress\\+)|(trace|progress\\+\\+)|progress\\+\\+\\+)$"
                                    }
                                  }
                                },
                                "python_executable_name" : {
                                  "title" : "Controls the name of the Python executable used by the Python extractor.",
                                  "description" : "The Python extractor uses platform-dependent heuristics to determine the name of the Python executable to use. Specifying a value for this option overrides the name of the Python executable used by the extractor. Accepted values are py, python and python3. Use this setting with caution, the Python extractor requires Python 3 to run.\n",
                                  "type" : "string",
                                  "pattern" : "^(py|python|python3)$"
                                }
                              }
                            }
                          ],
                          "ruby" : [
                            {
                              "extractor_root" : "C:\\Users\\brook\\code\\codeql\\ruby",
                              "extractor_options" : {
                                "trap" : {
                                  "title" : "Options pertaining to TRAP.",
                                  "description" : "Options pertaining to TRAP.",
                                  "type" : "object",
                                  "properties" : {
                                    "compression" : {
                                      "title" : "Controls compression for the TRAP files written by the extractor.",
                                      "description" : "This option is only intended for use in debugging the extractor. Accepted values are 'gzip' (the default, to write gzip-compressed TRAP) 'zstd' (to write Zstandard-compressed TRAP) and 'none' (to write uncompressed TRAP).\n",
                                      "type" : "string",
                                      "pattern" : "^(none|gzip|zstd)$"
                                    }
                                  }
                                }
                              }
                            }
                          ],
                          "rust" : [
                            {
                              "extractor_root" : "C:\\Users\\brook\\code\\codeql\\rust",
                              "extractor_options" : {
                                "trap" : {
                                  "title" : "Options pertaining to TRAP.",
                                  "description" : "Options pertaining to TRAP.",
                                  "type" : "object",
                                  "properties" : {
                                    "compression" : {
                                      "title" : "Controls compression for the TRAP files written by the extractor.",
                                      "description" : "This option is only intended for use in debugging the extractor. Accepted values are 'gzip' (to write gzip-compressed TRAP) 'zstd' (to write Zstandard-compressed TRAP) and 'none' (the default, to write uncompressed TRAP).\n",
                                      "type" : "string",
                                      "pattern" : "^(none|gzip|zstd)$"
                                    }
                                  }
                                },
                                "cargo_target_dir" : {
                                  "title" : "Directory to use for cargo output files.",
                                  "description" : "This value is an optional path to use as `CARGO_TARGET_DIR` for the internal cargo commands the extractor uses. Pointing it to a persistent directory may reduce execution time of consecutive extractor runs. By default, a new scratch directory is used for each run.\n",
                                  "type" : "string"
                                },
                                "cargo_target" : {
                                  "title" : "Target architecture",
                                  "description" : "Target architecture to use for analysis, analogous to `cargo --target`. By default the host architecture is used.\n",
                                  "type" : "string"
                                },
                                "cargo_features" : {
                                  "title" : "Cargo features to turn on",
                                  "description" : "Comma-separated list of features to turn on. By default all features are enabled. If any features are specified, then only those features are enabled. The `default` feature must be explicitly specified if only default features are desired. Can be repeated.\n",
                                  "type" : "array"
                                },
                                "cargo_cfg_overrides" : {
                                  "title" : "Cargo cfg overrides",
                                  "description" : "Comma-separated list of cfg settings to enable, or disable if prefixed with `-`. Can be repeated.\n",
                                  "type" : "array"
                                },
                                "logging" : {
                                  "title" : "Options pertaining to logging.",
                                  "description" : "Options pertaining to logging.",
                                  "type" : "object",
                                  "properties" : {
                                    "verbosity" : {
                                      "title" : "Extractor logging verbosity level.",
                                      "description" : "Controls the level of verbosity of the extractor. The supported levels are (in order of increasing verbosity):\n  - off\n  - errors\n  - warnings\n  - info or progress\n  - debug or progress+\n  - trace or progress++\n  - progress+++\n",
                                      "type" : "string",
                                      "pattern" : "^(off|errors|warnings|(info|progress)|(debug|progress\\+)|(trace|progress\\+\\+)|progress\\+\\+\\+)$"
                                    },
                                    "flamegraph" : {
                                      "title" : "[Experimental] File path for write flame graph log",
                                      "description" : "Collect flame graph data using the `tracing-flame` crate. To render a flame graph or chart, run the `inferno-flamegraph` command. See also: https://crates.io/crates/tracing-flame\n",
                                      "type" : "string"
                                    }
                                  }
                                },
                                "extract_dependencies_as_source" : {
                                  "title" : "Extract dependencies as source code",
                                  "description" : "Extract the full source code of dependencies instead of only extracting signatures.\n",
                                  "type" : "string",
                                  "pattern" : "^(false|true)$"
                                }
                              }
                            }
                          ],
                          "swift" : [
                            {
                              "extractor_root" : "C:\\Users\\brook\\code\\codeql\\swift"
                            }
                          ],
                          "xml" : [
                            {
                              "extractor_root" : "C:\\Users\\brook\\code\\codeql\\xml"
                            }
                          ],
                          "yaml" : [
                            {
                              "extractor_root" : "C:\\Users\\brook\\code\\codeql\\yaml"
                            }
                          ]
                        }
                      }
[2025-09-23 18:44:16] [PROGRESS] database init> Calculating baseline information in C:\Users\brook\code\HNPLab\data\rubyexample
[2025-09-23 18:44:16] [SPAMMY] database init> Ignoring the following directories when processing baseline information: .git, .hg, .svn.
[2025-09-23 18:44:16] [DETAILS] database init> Running command in C:\Users\brook\code\HNPLab\data\rubyexample: C:\Users\brook\code\codeql\tools\win64\scc.exe --by-file --exclude-dir .git,.hg,.svn --format json --no-large --no-min .
[2025-09-23 18:44:17] [SPAMMY] database init> Found 12 baseline files for ruby.
[2025-09-23 18:44:17] [PROGRESS] database init> Calculated baseline information for languages: ruby (96ms).
[2025-09-23 18:44:17] [PROGRESS] database init> Resolving extractor ruby.
[2025-09-23 18:44:17] [DETAILS] database init> Found candidate extractor root for ruby: C:\Users\brook\code\codeql\ruby.
[2025-09-23 18:44:17] [PROGRESS] database init> Successfully loaded extractor Ruby (ruby) from C:\Users\brook\code\codeql\ruby.
[2025-09-23 18:44:17] [PROGRESS] database init> Created skeleton CodeQL database at C:\Users\brook\code\HNPLab\ruby-db\rubyexample-db. This in-progress database is ready to be populated by an extractor.
[2025-09-23 18:44:17] Plumbing command codeql database init completed.
[2025-09-23 18:44:17] [PROGRESS] database create> Running build command: []
[2025-09-23 18:44:17] Running plumbing command: codeql database trace-command --working-dir=C:\Users\brook\code\HNPLab\data\rubyexample --index-traceless-dbs --no-db-cluster -- C:\Users\brook\code\HNPLab\ruby-db\rubyexample-db
[2025-09-23 18:44:17] Using autobuild script C:\Users\brook\code\codeql\ruby\tools\autobuild.cmd.
[2025-09-23 18:44:17] [PROGRESS] database trace-command> Running command in C:\Users\brook\code\HNPLab\data\rubyexample: [C:\Users\brook\code\codeql\ruby\tools\autobuild.cmd]
[2025-09-23 18:44:18] [build-stderr] Scanning for files in C:\Users\brook\code\HNPLab\data\rubyexample...
[2025-09-23 18:44:18] [build-stderr] C:\Users\brook\code\HNPLab\ruby-db\rubyexample-db: Indexing files in in C:\Users\brook\code\HNPLab\data\rubyexample...
[2025-09-23 18:44:18] [build-stderr] Running command in C:\Users\brook\code\HNPLab\data\rubyexample: [C:\Users\brook\code\codeql\ruby\tools\index-files.cmd, C:\Users\brook\code\HNPLab\ruby-db\rubyexample-db\working\files-to-index10442084281166251715.list]
[2025-09-23 18:44:18] Plumbing command codeql database trace-command completed.
[2025-09-23 18:44:18] [PROGRESS] database create> Finalizing database at C:\Users\brook\code\HNPLab\ruby-db\rubyexample-db.
[2025-09-23 18:44:18] Running plumbing command: codeql database finalize --no-db-cluster -- C:\Users\brook\code\HNPLab\ruby-db\rubyexample-db
[2025-09-23 18:44:18] [PROGRESS] database finalize> Running TRAP import for CodeQL database at C:\Users\brook\code\HNPLab\ruby-db\rubyexample-db...
[2025-09-23 18:44:18] Running plumbing command: codeql dataset import --dbscheme=C:\Users\brook\code\codeql\ruby\ruby.dbscheme -- C:\Users\brook\code\HNPLab\ruby-db\rubyexample-db\db-ruby C:\Users\brook\code\HNPLab\ruby-db\rubyexample-db\trap\ruby
[2025-09-23 18:44:18] Clearing disk cache since the version file C:\Users\brook\code\HNPLab\ruby-db\rubyexample-db\db-ruby\default\cache\version does not exist
[2025-09-23 18:44:18] Tuple pool not found. Clearing relations with cached strings
[2025-09-23 18:44:18] Trimming disk cache at C:\Users\brook\code\HNPLab\ruby-db\rubyexample-db\db-ruby\default\cache in mode clear.
[2025-09-23 18:44:18] Sequence stamp origin is -6000466773261983894
[2025-09-23 18:44:18] Pausing evaluation to hard-clear memory at sequence stamp o+0
[2025-09-23 18:44:18] Unpausing evaluation
[2025-09-23 18:44:18] Pausing evaluation to quickly trim disk at sequence stamp o+1
[2025-09-23 18:44:18] Unpausing evaluation
[2025-09-23 18:44:18] Pausing evaluation to zealously trim disk at sequence stamp o+2
[2025-09-23 18:44:18] Unpausing evaluation
[2025-09-23 18:44:18] Trimming completed (10ms): Purged everything.
[2025-09-23 18:44:19] Scanning for files in C:\Users\brook\code\HNPLab\ruby-db\rubyexample-db\trap\ruby
[2025-09-23 18:44:19] Found 14 TRAP files (633.73 KiB)
[2025-09-23 18:44:19] [PROGRESS] dataset import> Importing TRAP files
[2025-09-23 18:44:19] Importing app.rb.trap.gz (1 of 14)
[2025-09-23 18:44:19] Importing app.rb.trap.gz (2 of 14)
[2025-09-23 18:44:19] Importing app.rb.trap.gz (3 of 14)
[2025-09-23 18:44:19] Importing app.rb.trap.gz (4 of 14)
[2025-09-23 18:44:19] Importing app.rb.trap.gz (5 of 14)
[2025-09-23 18:44:19] Importing app.rb.trap.gz (6 of 14)
[2025-09-23 18:44:19] Importing app.rb.trap.gz (7 of 14)
[2025-09-23 18:44:19] Importing app.rb.trap.gz (8 of 14)
[2025-09-23 18:44:19] Importing app.rb.trap.gz (9 of 14)
[2025-09-23 18:44:19] Importing app.rb.trap.gz (10 of 14)
[2025-09-23 18:44:19] Importing app.rb.trap.gz (11 of 14)
[2025-09-23 18:44:19] Importing app.rb.trap.gz (12 of 14)
[2025-09-23 18:44:19] Importing extras.trap.gz (13 of 14)
[2025-09-23 18:44:19] Importing metadata.trap.gz (14 of 14)
[2025-09-23 18:44:19] [PROGRESS] dataset import> Merging relations
[2025-09-23 18:44:19] Merging 1 fragment for 'files'.
[2025-09-23 18:44:19] Merged 57 bytes for 'files'.
[2025-09-23 18:44:19] Merging 1 fragment for 'containerparent'.
[2025-09-23 18:44:19] Merged 76 bytes for 'containerparent'.
[2025-09-23 18:44:19] Merging 1 fragment for 'folders'.
[2025-09-23 18:44:19] Merged 67 bytes for 'folders'.
[2025-09-23 18:44:19] Merging 1 fragment for 'locations_default'.
[2025-09-23 18:44:19] Merged 55203 bytes (53.91 KiB) for 'locations_default'.
[2025-09-23 18:44:19] Merging 1 fragment for 'ruby_ast_node_location'.
[2025-09-23 18:44:20] Merged 29125 bytes (28.44 KiB) for 'ruby_ast_node_location'.
[2025-09-23 18:44:20] Merging 1 fragment for 'ruby_tokeninfo'.
[2025-09-23 18:44:20] Merged 35109 bytes (34.29 KiB) for 'ruby_tokeninfo'.
[2025-09-23 18:44:20] Merging 1 fragment for 'ruby_ast_node_parent'.
[2025-09-23 18:44:20] Merged 44265 bytes (43.23 KiB) for 'ruby_ast_node_parent'.
[2025-09-23 18:44:20] Merging 1 fragment for 'ruby_string_child'.
[2025-09-23 18:44:20] Merged 2268 bytes (2.21 KiB) for 'ruby_string_child'.
[2025-09-23 18:44:20] Merging 1 fragment for 'ruby_string_def'.
[2025-09-23 18:44:20] Merged 757 bytes for 'ruby_string_def'.
[2025-09-23 18:44:20] Merging 1 fragment for 'ruby_argument_list_child'.
[2025-09-23 18:44:20] Merged 1591 bytes (1.55 KiB) for 'ruby_argument_list_child'.
[2025-09-23 18:44:20] Merging 1 fragment for 'ruby_argument_list_def'.
[2025-09-23 18:44:20] Merged 431 bytes for 'ruby_argument_list_def'.
[2025-09-23 18:44:20] Merging 1 fragment for 'ruby_call_arguments'.
[2025-09-23 18:44:20] Merged 907 bytes for 'ruby_call_arguments'.
[2025-09-23 18:44:20] Merging 1 fragment for 'ruby_call_method'.
[2025-09-23 18:44:20] Merged 1560 bytes (1.52 KiB) for 'ruby_call_method'.
[2025-09-23 18:44:20] Merging 1 fragment for 'ruby_call_def'.
[2025-09-23 18:44:20] Merged 742 bytes for 'ruby_call_def'.
[2025-09-23 18:44:20] Merging 1 fragment for 'ruby_assignment_def'.
[2025-09-23 18:44:20] Merged 1693 bytes (1.65 KiB) for 'ruby_assignment_def'.
[2025-09-23 18:44:20] Merging 1 fragment for 'ruby_call_operator'.
[2025-09-23 18:44:20] Merged 1086 bytes (1.06 KiB) for 'ruby_call_operator'.
[2025-09-23 18:44:20] Merging 1 fragment for 'ruby_call_receiver'.
[2025-09-23 18:44:20] Merged 1077 bytes (1.05 KiB) for 'ruby_call_receiver'.
[2025-09-23 18:44:20] Merging 1 fragment for 'ruby_element_reference_child'.
[2025-09-23 18:44:20] Merged 898 bytes for 'ruby_element_reference_child'.
[2025-09-23 18:44:20] Merging 1 fragment for 'ruby_element_reference_def'.
[2025-09-23 18:44:20] Merged 883 bytes for 'ruby_element_reference_def'.
[2025-09-23 18:44:20] Merging 1 fragment for 'ruby_binary_def'.
[2025-09-23 18:44:20] Merged 597 bytes for 'ruby_binary_def'.
[2025-09-23 18:44:20] Merging 1 fragment for 'ruby_parenthesized_statements_child'.
[2025-09-23 18:44:20] Merged 91 bytes for 'ruby_parenthesized_statements_child'.
[2025-09-23 18:44:20] Merging 1 fragment for 'ruby_parenthesized_statements_def'.
[2025-09-23 18:44:20] Merged 45 bytes for 'ruby_parenthesized_statements_def'.
[2025-09-23 18:44:20] Merging 1 fragment for 'ruby_pair_value'.
[2025-09-23 18:44:20] Merged 915 bytes for 'ruby_pair_value'.
[2025-09-23 18:44:20] Merging 1 fragment for 'ruby_pair_def'.
[2025-09-23 18:44:20] Merged 915 bytes for 'ruby_pair_def'.
[2025-09-23 18:44:20] Merging 1 fragment for 'ruby_hash_child'.
[2025-09-23 18:44:20] Merged 1173 bytes (1.15 KiB) for 'ruby_hash_child'.
[2025-09-23 18:44:20] Merging 1 fragment for 'ruby_hash_def'.
[2025-09-23 18:44:20] Merged 230 bytes for 'ruby_hash_def'.
[2025-09-23 18:44:20] Merging 1 fragment for 'ruby_body_statement_child'.
[2025-09-23 18:44:20] Merged 2551 bytes (2.49 KiB) for 'ruby_body_statement_child'.
[2025-09-23 18:44:20] Merging 1 fragment for 'ruby_body_statement_def'.
[2025-09-23 18:44:20] Merged 322 bytes for 'ruby_body_statement_def'.
[2025-09-23 18:44:20] Merging 1 fragment for 'ruby_method_body'.
[2025-09-23 18:44:20] Merged 344 bytes for 'ruby_method_body'.
[2025-09-23 18:44:20] Merging 1 fragment for 'ruby_method_def'.
[2025-09-23 18:44:21] Merged 344 bytes for 'ruby_method_def'.
[2025-09-23 18:44:21] Merging 1 fragment for 'ruby_method_parameters_child'.
[2025-09-23 18:44:21] Merged 429 bytes for 'ruby_method_parameters_child'.
[2025-09-23 18:44:21] Merging 1 fragment for 'ruby_method_parameters_def'.
[2025-09-23 18:44:21] Merged 128 bytes for 'ruby_method_parameters_def'.
[2025-09-23 18:44:21] Merging 1 fragment for 'ruby_interpolation_child'.
[2025-09-23 18:44:21] Merged 444 bytes for 'ruby_interpolation_child'.
[2025-09-23 18:44:21] Merging 1 fragment for 'ruby_interpolation_def'.
[2025-09-23 18:44:21] Merged 215 bytes for 'ruby_interpolation_def'.
[2025-09-23 18:44:21] Merging 1 fragment for 'ruby_method_parameters'.
[2025-09-23 18:44:21] Merged 256 bytes for 'ruby_method_parameters'.
[2025-09-23 18:44:21] Merging 1 fragment for 'ruby_do_block_body'.
[2025-09-23 18:44:21] Merged 376 bytes for 'ruby_do_block_body'.
[2025-09-23 18:44:21] Merging 1 fragment for 'ruby_do_block_def'.
[2025-09-23 18:44:21] Merged 182 bytes for 'ruby_do_block_def'.
[2025-09-23 18:44:21] Merging 1 fragment for 'ruby_call_block'.
[2025-09-23 18:44:21] Merged 385 bytes for 'ruby_call_block'.
[2025-09-23 18:44:21] Merging 1 fragment for 'ruby_then_child'.
[2025-09-23 18:44:21] Merged 308 bytes for 'ruby_then_child'.
[2025-09-23 18:44:21] Merging 1 fragment for 'ruby_then_def'.
[2025-09-23 18:44:21] Merged 108 bytes for 'ruby_then_def'.
[2025-09-23 18:44:21] Merging 1 fragment for 'ruby_if_consequence'.
[2025-09-23 18:44:21] Merged 158 bytes for 'ruby_if_consequence'.
[2025-09-23 18:44:21] Merging 1 fragment for 'ruby_if_def'.
[2025-09-23 18:44:21] Merged 158 bytes for 'ruby_if_def'.
[2025-09-23 18:44:21] Merging 1 fragment for 'ruby_scope_resolution_scope'.
[2025-09-23 18:44:21] Merged 116 bytes for 'ruby_scope_resolution_scope'.
[2025-09-23 18:44:21] Merging 1 fragment for 'ruby_scope_resolution_def'.
[2025-09-23 18:44:21] Merged 116 bytes for 'ruby_scope_resolution_def'.
[2025-09-23 18:44:21] Merging 1 fragment for 'ruby_class_body'.
[2025-09-23 18:44:21] Merged 120 bytes for 'ruby_class_body'.
[2025-09-23 18:44:21] Merging 1 fragment for 'ruby_class_def'.
[2025-09-23 18:44:21] Merged 120 bytes for 'ruby_class_def'.
[2025-09-23 18:44:21] Merging 1 fragment for 'ruby_heredoc_body_child'.
[2025-09-23 18:44:21] Merged 376 bytes for 'ruby_heredoc_body_child'.
[2025-09-23 18:44:21] Merging 1 fragment for 'ruby_heredoc_body_def'.
[2025-09-23 18:44:21] Merged 71 bytes for 'ruby_heredoc_body_def'.
[2025-09-23 18:44:21] Merging 1 fragment for 'ruby_block_parameters_child'.
[2025-09-23 18:44:21] Merged 152 bytes for 'ruby_block_parameters_child'.
[2025-09-23 18:44:21] Merging 1 fragment for 'ruby_block_parameters_def'.
[2025-09-23 18:44:21] Merged 65 bytes for 'ruby_block_parameters_def'.
[2025-09-23 18:44:21] Merging 1 fragment for 'ruby_do_block_parameters'.
[2025-09-23 18:44:21] Merged 109 bytes for 'ruby_do_block_parameters'.
[2025-09-23 18:44:21] Merging 1 fragment for 'ruby_operator_assignment_def'.
[2025-09-23 18:44:21] Merged 255 bytes for 'ruby_operator_assignment_def'.
[2025-09-23 18:44:21] Merging 1 fragment for 'ruby_array_child'.
[2025-09-23 18:44:21] Merged 161 bytes for 'ruby_array_child'.
[2025-09-23 18:44:21] Merging 1 fragment for 'ruby_array_def'.
[2025-09-23 18:44:21] Merged 52 bytes for 'ruby_array_def'.
[2025-09-23 18:44:21] Merging 1 fragment for 'ruby_exception_variable_def'.
[2025-09-23 18:44:21] Merged 81 bytes for 'ruby_exception_variable_def'.
[2025-09-23 18:44:21] Merging 1 fragment for 'ruby_rescue_body'.
[2025-09-23 18:44:21] Merged 81 bytes for 'ruby_rescue_body'.
[2025-09-23 18:44:21] Merging 1 fragment for 'ruby_rescue_variable'.
[2025-09-23 18:44:21] Merged 81 bytes for 'ruby_rescue_variable'.
[2025-09-23 18:44:21] Merging 1 fragment for 'ruby_rescue_def'.
[2025-09-23 18:44:22] Merged 45 bytes for 'ruby_rescue_def'.
[2025-09-23 18:44:22] Merging 1 fragment for 'ruby_begin_child'.
[2025-09-23 18:44:22] Merged 185 bytes for 'ruby_begin_child'.
[2025-09-23 18:44:22] Merging 1 fragment for 'ruby_begin_def'.
[2025-09-23 18:44:22] Merged 45 bytes for 'ruby_begin_def'.
[2025-09-23 18:44:22] Merging 1 fragment for 'ruby_program_child'.
[2025-09-23 18:44:22] Merged 486 bytes for 'ruby_program_child'.
[2025-09-23 18:44:22] Merging 1 fragment for 'ruby_program_def'.
[2025-09-23 18:44:22] Merged 43 bytes for 'ruby_program_def'.
[2025-09-23 18:44:22] Merging 1 fragment for 'ruby_optional_parameter_def'.
[2025-09-23 18:44:22] Merged 83 bytes for 'ruby_optional_parameter_def'.
[2025-09-23 18:44:22] Merging 1 fragment for 'ruby_regex_child'.
[2025-09-23 18:44:22] Merged 70 bytes for 'ruby_regex_child'.
[2025-09-23 18:44:22] Merging 1 fragment for 'ruby_regex_def'.
[2025-09-23 18:44:22] Merged 30 bytes for 'ruby_regex_def'.
[2025-09-23 18:44:22] Merging 1 fragment for 'ruby_block_body_child'.
[2025-09-23 18:44:22] Merged 63 bytes for 'ruby_block_body_child'.
[2025-09-23 18:44:22] Merging 1 fragment for 'ruby_block_body_def'.
[2025-09-23 18:44:22] Merged 27 bytes for 'ruby_block_body_def'.
[2025-09-23 18:44:22] Merging 1 fragment for 'ruby_block_body'.
[2025-09-23 18:44:22] Merged 46 bytes for 'ruby_block_body'.
[2025-09-23 18:44:22] Merging 1 fragment for 'ruby_block_parameters'.
[2025-09-23 18:44:22] Merged 43 bytes for 'ruby_block_parameters'.
[2025-09-23 18:44:22] Merging 1 fragment for 'ruby_block_def'.
[2025-09-23 18:44:22] Merged 27 bytes for 'ruby_block_def'.
[2025-09-23 18:44:22] Merging 1 fragment for 'ruby_return_child'.
[2025-09-23 18:44:22] Merged 39 bytes for 'ruby_return_child'.
[2025-09-23 18:44:22] Merging 1 fragment for 'ruby_return_def'.
[2025-09-23 18:44:22] Merged 24 bytes for 'ruby_return_def'.
[2025-09-23 18:44:22] Merging 1 fragment for 'ruby_else_child'.
[2025-09-23 18:44:22] Merged 51 bytes for 'ruby_else_child'.
[2025-09-23 18:44:22] Merging 1 fragment for 'ruby_else_def'.
[2025-09-23 18:44:22] Merged 25 bytes for 'ruby_else_def'.
[2025-09-23 18:44:22] Merging 1 fragment for 'ruby_if_alternative'.
[2025-09-23 18:44:22] Merged 41 bytes for 'ruby_if_alternative'.
[2025-09-23 18:44:22] Merging 1 fragment for 'ruby_superclass_def'.
[2025-09-23 18:44:22] Merged 76 bytes for 'ruby_superclass_def'.
[2025-09-23 18:44:22] Merging 1 fragment for 'ruby_class_superclass'.
[2025-09-23 18:44:22] Merged 76 bytes for 'ruby_class_superclass'.
[2025-09-23 18:44:22] Merging 1 fragment for 'ruby_lambda_parameters_child'.
[2025-09-23 18:44:22] Merged 47 bytes for 'ruby_lambda_parameters_child'.
[2025-09-23 18:44:22] Merging 1 fragment for 'ruby_lambda_parameters_def'.
[2025-09-23 18:44:22] Merged 21 bytes for 'ruby_lambda_parameters_def'.
[2025-09-23 18:44:22] Merging 1 fragment for 'ruby_lambda_parameters'.
[2025-09-23 18:44:22] Merged 33 bytes for 'ruby_lambda_parameters'.
[2025-09-23 18:44:22] Merging 1 fragment for 'ruby_lambda_def'.
[2025-09-23 18:44:22] Merged 33 bytes for 'ruby_lambda_def'.
[2025-09-23 18:44:22] Merging 1 fragment for 'empty_location'.
[2025-09-23 18:44:22] Merged 17 bytes for 'empty_location'.
[2025-09-23 18:44:22] Merging 1 fragment for 'sourceLocationPrefix'.
[2025-09-23 18:44:22] Merged 17 bytes for 'sourceLocationPrefix'.
[2025-09-23 18:44:22] Saving string and id pools to disk.
[2025-09-23 18:44:23] Finished importing TRAP files.
[2025-09-23 18:44:23] Read 2.20 MiB of uncompressed TRAP data.
[2025-09-23 18:44:23] Uncompressed relation data size: 796.32 KiB
[2025-09-23 18:44:23] Relation data size: 187.62 KiB (merge rate: 60.54 KiB/s)
[2025-09-23 18:44:23] String pool size: 2.06 MiB
[2025-09-23 18:44:23] ID pool size: 1.02 MiB
[2025-09-23 18:44:23] [PROGRESS] dataset import> Finished writing database (relations: 187.62 KiB; string pool: 2.06 MiB).
[2025-09-23 18:44:23] Pausing evaluation to close the cache at sequence stamp o+169
[2025-09-23 18:44:23] The disk cache is freshly trimmed; leave it be.
[2025-09-23 18:44:23] Unpausing evaluation
[2025-09-23 18:44:23] Plumbing command codeql dataset import completed.
[2025-09-23 18:44:23] [PROGRESS] database finalize> TRAP import complete (4.4s).
[2025-09-23 18:44:23] Running plumbing command: codeql database cleanup -- C:\Users\brook\code\HNPLab\ruby-db\rubyexample-db
[2025-09-23 18:44:23] [PROGRESS] database cleanup> Cleaning up existing TRAP files after import...
[2025-09-23 18:44:23] [PROGRESS] database cleanup> TRAP files cleaned up (9ms).
[2025-09-23 18:44:23] [PROGRESS] database cleanup> Cleaning up scratch directory...
[2025-09-23 18:44:23] [PROGRESS] database cleanup> Scratch directory cleaned up (1ms).
[2025-09-23 18:44:23] Running plumbing command: codeql dataset cleanup -- C:\Users\brook\code\HNPLab\ruby-db\rubyexample-db\db-ruby
[2025-09-23 18:44:23] [PROGRESS] dataset cleanup> Cleaning up dataset in C:\Users\brook\code\HNPLab\ruby-db\rubyexample-db\db-ruby.
[2025-09-23 18:44:23] Trimming disk cache at C:\Users\brook\code\HNPLab\ruby-db\rubyexample-db\db-ruby\default\cache in mode trim.
[2025-09-23 18:44:23] Sequence stamp origin is -6000466752528484969
[2025-09-23 18:44:23] Pausing evaluation to quickly trim memory at sequence stamp o+0
[2025-09-23 18:44:23] Unpausing evaluation
[2025-09-23 18:44:23] Pausing evaluation to zealously trim disk at sequence stamp o+1
[2025-09-23 18:44:23] Unpausing evaluation
[2025-09-23 18:44:23] Trimming completed (4ms): Trimmed disposable data from cache.
[2025-09-23 18:44:23] Pausing evaluation to close the cache at sequence stamp o+2
[2025-09-23 18:44:23] The disk cache is freshly trimmed; leave it be.
[2025-09-23 18:44:23] Unpausing evaluation
[2025-09-23 18:44:23] [PROGRESS] dataset cleanup> Trimmed disposable data from cache.
[2025-09-23 18:44:23] [PROGRESS] dataset cleanup> Finalizing dataset in C:\Users\brook\code\HNPLab\ruby-db\rubyexample-db\db-ruby
[2025-09-23 18:44:23] [DETAILS] dataset cleanup> Finished deleting ID pool from C:\Users\brook\code\HNPLab\ruby-db\rubyexample-db\db-ruby (3ms).
[2025-09-23 18:44:23] Plumbing command codeql dataset cleanup completed.
[2025-09-23 18:44:23] Plumbing command codeql database cleanup completed with status 0.
[2025-09-23 18:44:23] [PROGRESS] database finalize> Finished zipping source archive (23.19 KiB).
[2025-09-23 18:44:23] Plumbing command codeql database finalize completed.
[2025-09-23 18:44:23] [PROGRESS] database create> Successfully created database at C:\Users\brook\code\HNPLab\ruby-db\rubyexample-db.
[2025-09-23 18:44:23] Terminating normally.
