[2025-09-23 18:44:18] This is codeql database index-files --verbosity=progress --include-extension=.rb --include-extension=.erb --include-extension=.gemspec --include=**/Gemfile --exclude=**/.git --size-limit=5m --language=ruby --working-dir=. C:\Users\brook\code\HNPLab\ruby-db\rubyexample-db
[2025-09-23 18:44:18] Log file was started late.
[2025-09-23 18:44:18] Using index-files script C:\Users\brook\code\codeql\ruby\tools\index-files.cmd.
[2025-09-23 18:44:18] [PROGRESS] database index-files> Scanning for files in C:\Users\brook\code\HNPLab\data\rubyexample...
[2025-09-23 18:44:18] Calling plumbing command: codeql resolve files --include-extension=.rb --include-extension=.erb --include-extension=.gemspec --include=**/Gemfile --exclude=**/.git --size-limit=5m C:\Users\brook\code\HNPLab\data\rubyexample --format=json
[2025-09-23 18:44:18] [PROGRESS] resolve files> Scanning C:\Users\brook\code\HNPLab\data\rubyexample...
[2025-09-23 18:44:18] [PROGRESS] resolve files> Scanning C:\Users\brook\code\HNPLab\data\rubyexample\cache_poisoning...
[2025-09-23 18:44:18] [PROGRESS] resolve files> Scanning C:\Users\brook\code\HNPLab\data\rubyexample\cuba...
[2025-09-23 18:44:18] [PROGRESS] resolve files> Scanning C:\Users\brook\code\HNPLab\data\rubyexample\elasticsearch_injection...
[2025-09-23 18:44:18] [PROGRESS] resolve files> Scanning C:\Users\brook\code\HNPLab\data\rubyexample\fiber_context...
[2025-09-23 18:44:18] [PROGRESS] resolve files> Scanning C:\Users\brook\code\HNPLab\data\rubyexample\grape...
[2025-09-23 18:44:18] [PROGRESS] resolve files> Scanning C:\Users\brook\code\HNPLab\data\rubyexample\hanami...
[2025-09-23 18:44:18] [PROGRESS] resolve files> Scanning C:\Users\brook\code\HNPLab\data\rubyexample\padrino...
[2025-09-23 18:44:18] [PROGRESS] resolve files> Scanning C:\Users\brook\code\HNPLab\data\rubyexample\rack_middleware...
[2025-09-23 18:44:18] [PROGRESS] resolve files> Scanning C:\Users\brook\code\HNPLab\data\rubyexample\rails...
[2025-09-23 18:44:18] [PROGRESS] resolve files> Scanning C:\Users\brook\code\HNPLab\data\rubyexample\redis_injection...
[2025-09-23 18:44:18] [PROGRESS] resolve files> Scanning C:\Users\brook\code\HNPLab\data\rubyexample\roda...
[2025-09-23 18:44:18] [PROGRESS] resolve files> Scanning C:\Users\brook\code\HNPLab\data\rubyexample\sinatra...
[2025-09-23 18:44:18] Plumbing command codeql resolve files completed:
                      [
                        "C:\\Users\\brook\\code\\HNPLab\\data\\rubyexample\\cache_poisoning\\app.rb",
                        "C:\\Users\\brook\\code\\HNPLab\\data\\rubyexample\\cuba\\app.rb",
                        "C:\\Users\\brook\\code\\HNPLab\\data\\rubyexample\\elasticsearch_injection\\app.rb",
                        "C:\\Users\\brook\\code\\HNPLab\\data\\rubyexample\\fiber_context\\app.rb",
                        "C:\\Users\\brook\\code\\HNPLab\\data\\rubyexample\\grape\\app.rb",
                        "C:\\Users\\brook\\code\\HNPLab\\data\\rubyexample\\hanami\\app.rb",
                        "C:\\Users\\brook\\code\\HNPLab\\data\\rubyexample\\padrino\\app.rb",
                        "C:\\Users\\brook\\code\\HNPLab\\data\\rubyexample\\rack_middleware\\app.rb",
                        "C:\\Users\\brook\\code\\HNPLab\\data\\rubyexample\\rails\\app.rb",
                        "C:\\Users\\brook\\code\\HNPLab\\data\\rubyexample\\redis_injection\\app.rb",
                        "C:\\Users\\brook\\code\\HNPLab\\data\\rubyexample\\roda\\app.rb",
                        "C:\\Users\\brook\\code\\HNPLab\\data\\rubyexample\\sinatra\\app.rb"
                      ]
[2025-09-23 18:44:18] [DETAILS] database index-files> Found 12 files.
[2025-09-23 18:44:18] [PROGRESS] database index-files> C:\Users\brook\code\HNPLab\ruby-db\rubyexample-db: Indexing files in in C:\Users\brook\code\HNPLab\data\rubyexample...
[2025-09-23 18:44:18] Using index-files script C:\Users\brook\code\codeql\ruby\tools\index-files.cmd.
[2025-09-23 18:44:18] [PROGRESS] database index-files> Running command in C:\Users\brook\code\HNPLab\data\rubyexample: [C:\Users\brook\code\codeql\ruby\tools\index-files.cmd, C:\Users\brook\code\HNPLab\ruby-db\rubyexample-db\working\files-to-index10442084281166251715.list]
[2025-09-23 18:44:18] Terminating normally.
