[2025-09-23 18:45:37] This is codeql execute queries -J-Xmx3390M --off-heap-ram=3865 --verbosity=progress --logdir=C:\Users\brook\code\HNPLab\ruby-db\rubyexample-db\log --evaluator-log-level=5 --warnings=show --qlconfig-file=C:\Users\brook\code\HNPLab\qlconfig.yml --dynamic-join-order-mode=none --no-rerun --output=C:\Users\brook\code\HNPLab\ruby-db\rubyexample-db\results -- C:\Users\brook\code\HNPLab\ruby-db\rubyexample-db\db-ruby rubyqueries\hnp_component_detection.ql
[2025-09-23 18:45:37] Calling plumbing command: codeql resolve queries --qlconfig-file=C:\Users\brook\code\HNPLab\qlconfig.yml --format=json -- rubyqueries\hnp_component_detection.ql
[2025-09-23 18:45:37] [PROGRESS] resolve queries> Recording pack reference ruby-hnp-queries at C:\Users\brook\code\HNPLab\rubyqueries.
[2025-09-23 18:45:37] Plumbing command codeql resolve queries completed:
                      [
                        "C:\\Users\\brook\\code\\HNPLab\\rubyqueries\\hnp_component_detection.ql"
                      ]
[2025-09-23 18:45:37] Refusing fancy output: The terminal is not an xterm: 
[2025-09-23 18:45:37] Creating executor with 1 threads.
[2025-09-23 18:45:37] Calling plumbing command: codeql resolve extensions --qlconfig-file=C:\Users\brook\code\HNPLab\qlconfig.yml --include-extension-row-locations rubyqueries\hnp_component_detection.ql
[2025-09-23 18:45:37] Calling plumbing command: codeql resolve queries --qlconfig-file=C:\Users\brook\code\HNPLab\qlconfig.yml --allow-library-packs --format startingpacks -- rubyqueries\hnp_component_detection.ql
[2025-09-23 18:45:37] [PROGRESS] resolve queries> Recording pack reference ruby-hnp-queries at C:\Users\brook\code\HNPLab\rubyqueries.
[2025-09-23 18:45:37] Plumbing command codeql resolve queries completed:
                      [
                        "C:\\Users\\brook\\code\\HNPLab\\rubyqueries"
                      ]
[2025-09-23 18:45:37] Calling plumbing command: codeql resolve extensions-by-pack --qlconfig-file=C:\Users\brook\code\HNPLab\qlconfig.yml --include-extension-row-locations -- C:\Users\brook\code\HNPLab\rubyqueries
[2025-09-23 18:45:37] [SPAMMY] resolve extensions-by-pack> [INCOMPATIBILITY] ruby-hnp-queries: not 1.0.0 {root: ruby-hnp-queries@1.0.0}
[2025-09-23 18:45:37] [SPAMMY] resolve extensions-by-pack> [DERIVATION] ruby-hnp-queries: 1.0.0 {ruby-hnp-queries: not 1.0.0 {root: ruby-hnp-queries@1.0.0}}
[2025-09-23 18:45:38] [SPAMMY] resolve extensions-by-pack> [INCOMPATIBILITY] ruby-hnp-queries: * [*], codeql/ruby-all: not * [*] {dependency: ruby-hnp-queries@* [*] requires codeql/ruby-all@*}
[2025-09-23 18:45:38] [SPAMMY] resolve extensions-by-pack> [DECISION 1] ruby-hnp-queries: 1.0.0
[2025-09-23 18:45:38] [SPAMMY] resolve extensions-by-pack> [DERIVATION] codeql/ruby-all: * [*] {ruby-hnp-queries: * [*], codeql/ruby-all: not * [*] {dependency: ruby-hnp-queries@* [*] requires codeql/ruby-all@*}}
[2025-09-23 18:45:38] [SPAMMY] resolve extensions-by-pack> [INCOMPATIBILITY] codeql/ruby-all: * [*], codeql/concepts: not * [*] {dependency: codeql/ruby-all@* [*] requires codeql/concepts@0.0.5}
[2025-09-23 18:45:38] [SPAMMY] resolve extensions-by-pack> [INCOMPATIBILITY] codeql/ruby-all: * [*], codeql/controlflow: not * [*] {dependency: codeql/ruby-all@* [*] requires codeql/controlflow@2.0.15}
[2025-09-23 18:45:38] [SPAMMY] resolve extensions-by-pack> [INCOMPATIBILITY] codeql/ruby-all: * [*], codeql/dataflow: not * [*] {dependency: codeql/ruby-all@* [*] requires codeql/dataflow@2.0.15}
[2025-09-23 18:45:38] [SPAMMY] resolve extensions-by-pack> [INCOMPATIBILITY] codeql/ruby-all: * [*], codeql/mad: not * [*] {dependency: codeql/ruby-all@* [*] requires codeql/mad@1.0.31}
[2025-09-23 18:45:38] [SPAMMY] resolve extensions-by-pack> [INCOMPATIBILITY] codeql/ruby-all: * [*], codeql/regex: not * [*] {dependency: codeql/ruby-all@* [*] requires codeql/regex@1.0.31}
[2025-09-23 18:45:38] [SPAMMY] resolve extensions-by-pack> [INCOMPATIBILITY] codeql/ruby-all: * [*], codeql/ssa: not * [*] {dependency: codeql/ruby-all@* [*] requires codeql/ssa@2.0.7}
[2025-09-23 18:45:38] [SPAMMY] resolve extensions-by-pack> [INCOMPATIBILITY] codeql/ruby-all: * [*], codeql/tutorial: not * [*] {dependency: codeql/ruby-all@* [*] requires codeql/tutorial@1.0.31}
[2025-09-23 18:45:38] [SPAMMY] resolve extensions-by-pack> [INCOMPATIBILITY] codeql/ruby-all: * [*], codeql/util: not * [*] {dependency: codeql/ruby-all@* [*] requires codeql/util@2.0.18}
[2025-09-23 18:45:38] [SPAMMY] resolve extensions-by-pack> [DECISION 2] codeql/ruby-all: 5.0.4
[2025-09-23 18:45:38] [SPAMMY] resolve extensions-by-pack> [DERIVATION] codeql/util: * [*] {codeql/ruby-all: * [*], codeql/util: not * [*] {dependency: codeql/ruby-all@* [*] requires codeql/util@2.0.18}}
[2025-09-23 18:45:38] [SPAMMY] resolve extensions-by-pack> [DERIVATION] codeql/tutorial: * [*] {codeql/ruby-all: * [*], codeql/tutorial: not * [*] {dependency: codeql/ruby-all@* [*] requires codeql/tutorial@1.0.31}}
[2025-09-23 18:45:38] [SPAMMY] resolve extensions-by-pack> [DERIVATION] codeql/ssa: * [*] {codeql/ruby-all: * [*], codeql/ssa: not * [*] {dependency: codeql/ruby-all@* [*] requires codeql/ssa@2.0.7}}
[2025-09-23 18:45:38] [SPAMMY] resolve extensions-by-pack> [DERIVATION] codeql/regex: * [*] {codeql/ruby-all: * [*], codeql/regex: not * [*] {dependency: codeql/ruby-all@* [*] requires codeql/regex@1.0.31}}
[2025-09-23 18:45:38] [SPAMMY] resolve extensions-by-pack> [DERIVATION] codeql/mad: * [*] {codeql/ruby-all: * [*], codeql/mad: not * [*] {dependency: codeql/ruby-all@* [*] requires codeql/mad@1.0.31}}
[2025-09-23 18:45:38] [SPAMMY] resolve extensions-by-pack> [DERIVATION] codeql/dataflow: * [*] {codeql/ruby-all: * [*], codeql/dataflow: not * [*] {dependency: codeql/ruby-all@* [*] requires codeql/dataflow@2.0.15}}
[2025-09-23 18:45:38] [SPAMMY] resolve extensions-by-pack> [DERIVATION] codeql/controlflow: * [*] {codeql/ruby-all: * [*], codeql/controlflow: not * [*] {dependency: codeql/ruby-all@* [*] requires codeql/controlflow@2.0.15}}
[2025-09-23 18:45:38] [SPAMMY] resolve extensions-by-pack> [DERIVATION] codeql/concepts: * [*] {codeql/ruby-all: * [*], codeql/concepts: not * [*] {dependency: codeql/ruby-all@* [*] requires codeql/concepts@0.0.5}}
[2025-09-23 18:45:38] [SPAMMY] resolve extensions-by-pack> [INCOMPATIBILITY] codeql/concepts: * [*], codeql/dataflow: not * [*] {dependency: codeql/concepts@* [*] requires codeql/dataflow@2.0.15}
[2025-09-23 18:45:38] [SPAMMY] resolve extensions-by-pack> [INCOMPATIBILITY] codeql/concepts: * [*], codeql/util: not * [*] {dependency: codeql/concepts@* [*] requires codeql/util@2.0.18}
[2025-09-23 18:45:38] [SPAMMY] resolve extensions-by-pack> [DECISION 3] codeql/concepts: 0.0.5
[2025-09-23 18:45:38] [SPAMMY] resolve extensions-by-pack> [INCOMPATIBILITY] codeql/controlflow: * [*], codeql/util: not * [*] {dependency: codeql/controlflow@* [*] requires codeql/util@2.0.18}
[2025-09-23 18:45:38] [SPAMMY] resolve extensions-by-pack> [DECISION 4] codeql/controlflow: 2.0.15
[2025-09-23 18:45:38] [SPAMMY] resolve extensions-by-pack> [INCOMPATIBILITY] codeql/dataflow: * [*], codeql/controlflow: not * [*] {dependency: codeql/dataflow@* [*] requires codeql/controlflow@2.0.15}
[2025-09-23 18:45:38] [SPAMMY] resolve extensions-by-pack> [INCOMPATIBILITY] codeql/dataflow: * [*], codeql/ssa: not * [*] {dependency: codeql/dataflow@* [*] requires codeql/ssa@2.0.7}
[2025-09-23 18:45:38] [SPAMMY] resolve extensions-by-pack> [INCOMPATIBILITY] codeql/dataflow: * [*], codeql/typetracking: not * [*] {dependency: codeql/dataflow@* [*] requires codeql/typetracking@2.0.15}
[2025-09-23 18:45:38] [SPAMMY] resolve extensions-by-pack> [INCOMPATIBILITY] codeql/dataflow: * [*], codeql/util: not * [*] {dependency: codeql/dataflow@* [*] requires codeql/util@2.0.18}
[2025-09-23 18:45:38] [SPAMMY] resolve extensions-by-pack> [DECISION 5] codeql/dataflow: 2.0.15
[2025-09-23 18:45:38] [SPAMMY] resolve extensions-by-pack> [DERIVATION] codeql/typetracking: * [*] {codeql/dataflow: * [*], codeql/typetracking: not * [*] {dependency: codeql/dataflow@* [*] requires codeql/typetracking@2.0.15}}
[2025-09-23 18:45:38] [SPAMMY] resolve extensions-by-pack> [INCOMPATIBILITY] codeql/mad: * [*], codeql/dataflow: not * [*] {dependency: codeql/mad@* [*] requires codeql/dataflow@2.0.15}
[2025-09-23 18:45:38] [SPAMMY] resolve extensions-by-pack> [INCOMPATIBILITY] codeql/mad: * [*], codeql/util: not * [*] {dependency: codeql/mad@* [*] requires codeql/util@2.0.18}
[2025-09-23 18:45:38] [SPAMMY] resolve extensions-by-pack> [DECISION 6] codeql/mad: 1.0.31
[2025-09-23 18:45:38] [SPAMMY] resolve extensions-by-pack> [INCOMPATIBILITY] codeql/regex: * [*], codeql/util: not * [*] {dependency: codeql/regex@* [*] requires codeql/util@2.0.18}
[2025-09-23 18:45:38] [SPAMMY] resolve extensions-by-pack> [DECISION 7] codeql/regex: 1.0.31
[2025-09-23 18:45:38] [SPAMMY] resolve extensions-by-pack> [INCOMPATIBILITY] codeql/ssa: * [*], codeql/controlflow: not * [*] {dependency: codeql/ssa@* [*] requires codeql/controlflow@2.0.15}
[2025-09-23 18:45:38] [SPAMMY] resolve extensions-by-pack> [INCOMPATIBILITY] codeql/ssa: * [*], codeql/util: not * [*] {dependency: codeql/ssa@* [*] requires codeql/util@2.0.18}
[2025-09-23 18:45:38] [SPAMMY] resolve extensions-by-pack> [DECISION 8] codeql/ssa: 2.0.7
[2025-09-23 18:45:38] [SPAMMY] resolve extensions-by-pack> [DECISION 9] codeql/tutorial: 1.0.31
[2025-09-23 18:45:38] [SPAMMY] resolve extensions-by-pack> [INCOMPATIBILITY] codeql/typetracking: * [*], codeql/util: not * [*] {dependency: codeql/typetracking@* [*] requires codeql/util@2.0.18}
[2025-09-23 18:45:38] [SPAMMY] resolve extensions-by-pack> [DECISION 10] codeql/typetracking: 2.0.15
[2025-09-23 18:45:38] [SPAMMY] resolve extensions-by-pack> [DECISION 11] codeql/util: 2.0.18
[2025-09-23 18:45:38] [PROGRESS] resolve extensions-by-pack> Loading data extensions in C:\Users\brook\.codeql\packages\codeql\ruby-all\5.0.4\codeql\ruby\frameworks\ActiveStorage.model.yml.
[2025-09-23 18:45:38] [DETAILS] resolve extensions-by-pack>   Found extension targeting codeql/ruby-all:summaryModel: 2 tuples.
[2025-09-23 18:45:38] [DETAILS] resolve extensions-by-pack>   Found extension targeting codeql/ruby-all:typeModel: 4 tuples.
[2025-09-23 18:45:38] [PROGRESS] resolve extensions-by-pack> Loading data extensions in C:\Users\brook\.codeql\packages\codeql\ruby-all\5.0.4\codeql\ruby\frameworks\ActiveSupport.model.yml.
[2025-09-23 18:45:38] [DETAILS] resolve extensions-by-pack>   Found extension targeting codeql/ruby-all:summaryModel: 7 tuples.
[2025-09-23 18:45:38] [DETAILS] resolve extensions-by-pack>   Found extension targeting codeql/ruby-all:typeModel: 1 tuples.
[2025-09-23 18:45:38] [PROGRESS] resolve extensions-by-pack> Loading data extensions in C:\Users\brook\.codeql\packages\codeql\ruby-all\5.0.4\codeql\ruby\frameworks\Json.model.yml.
[2025-09-23 18:45:38] [DETAILS] resolve extensions-by-pack>   Found extension targeting codeql/ruby-all:summaryModel: 2 tuples.
[2025-09-23 18:45:38] [PROGRESS] resolve extensions-by-pack> Loading data extensions in C:\Users\brook\.codeql\packages\codeql\ruby-all\5.0.4\codeql\ruby\frameworks\actiondispatch\internal\Mime.model.yml.
[2025-09-23 18:45:38] [DETAILS] resolve extensions-by-pack>   Found extension targeting codeql/ruby-all:typeModel: 5 tuples.
[2025-09-23 18:45:38] [PROGRESS] resolve extensions-by-pack> Loading data extensions in C:\Users\brook\.codeql\packages\codeql\ruby-all\5.0.4\codeql\ruby\frameworks\core\Regexp.model.yml.
[2025-09-23 18:45:38] [DETAILS] resolve extensions-by-pack>   Found extension targeting codeql/ruby-all:summaryModel: 1 tuples.
[2025-09-23 18:45:38] [PROGRESS] resolve extensions-by-pack> Loading data extensions in C:\Users\brook\.codeql\packages\codeql\ruby-all\5.0.4\codeql\ruby\frameworks\data\internal\empty.model.yml.
[2025-09-23 18:45:38] [DETAILS] resolve extensions-by-pack>   Found extension targeting codeql/ruby-all:sourceModel: 0 tuples.
[2025-09-23 18:45:38] [DETAILS] resolve extensions-by-pack>   Found extension targeting codeql/ruby-all:sinkModel: 0 tuples.
[2025-09-23 18:45:38] [DETAILS] resolve extensions-by-pack>   Found extension targeting codeql/ruby-all:summaryModel: 0 tuples.
[2025-09-23 18:45:38] [DETAILS] resolve extensions-by-pack>   Found extension targeting codeql/ruby-all:neutralModel: 0 tuples.
[2025-09-23 18:45:38] [DETAILS] resolve extensions-by-pack>   Found extension targeting codeql/ruby-all:typeModel: 0 tuples.
[2025-09-23 18:45:38] [DETAILS] resolve extensions-by-pack>   Found extension targeting codeql/ruby-all:typeVariableModel: 0 tuples.
[2025-09-23 18:45:38] [PROGRESS] resolve extensions-by-pack> Loading data extensions in C:\Users\brook\.codeql\packages\codeql\ruby-all\5.0.4\codeql\ruby\frameworks\stdlib\Pathname.model.yml.
[2025-09-23 18:45:38] [DETAILS] resolve extensions-by-pack>   Found extension targeting codeql/ruby-all:summaryModel: 13 tuples.
[2025-09-23 18:45:38] [DETAILS] resolve extensions-by-pack>   Found extension targeting codeql/ruby-all:typeModel: 11 tuples.
[2025-09-23 18:45:38] [PROGRESS] resolve extensions-by-pack> Loading data extensions in C:\Users\brook\.codeql\packages\codeql\ruby-all\5.0.4\codeql\ruby\frameworks\terrapin\model.yml.
[2025-09-23 18:45:38] [DETAILS] resolve extensions-by-pack>   Found extension targeting codeql/ruby-all:sourceModel: 0 tuples.
[2025-09-23 18:45:38] [DETAILS] resolve extensions-by-pack>   Found extension targeting codeql/ruby-all:sinkModel: 2 tuples.
[2025-09-23 18:45:38] [DETAILS] resolve extensions-by-pack>   Found extension targeting codeql/ruby-all:summaryModel: 3 tuples.
[2025-09-23 18:45:38] [DETAILS] resolve extensions-by-pack>   Found extension targeting codeql/ruby-all:neutralModel: 0 tuples.
[2025-09-23 18:45:38] [DETAILS] resolve extensions-by-pack>   Found extension targeting codeql/ruby-all:typeModel: 11 tuples.
[2025-09-23 18:45:38] [PROGRESS] resolve extensions-by-pack> Loading data extensions in C:\Users\brook\.codeql\packages\codeql\util\2.0.18\ext\default-alert-filter.yml.
[2025-09-23 18:45:38] [DETAILS] resolve extensions-by-pack>   Found extension targeting codeql/util:restrictAlertsTo: 0 tuples.
[2025-09-23 18:45:38] [DETAILS] resolve extensions-by-pack>   Found extension targeting codeql/util:restrictAlertsToExactLocation: 0 tuples.
[2025-09-23 18:45:38] Plumbing command codeql resolve extensions-by-pack completed:
                      {
                        "models" : [ ],
                        "data" : {
                          "C:\\Users\\brook\\code\\HNPLab\\rubyqueries" : [
                            {
                              "predicate" : "summaryModel",
                              "file" : "C:\\Users\\brook\\.codeql\\packages\\codeql\\ruby-all\\5.0.4\\codeql\\ruby\\frameworks\\ActiveStorage.model.yml",
                              "index" : 0,
                              "firstRowId" : 0,
                              "rowCount" : 2,
                              "predicateHasOrigin" : true,
                              "locations" : {
                                "lineNumbers" : "A=6+1",
                                "columnNumbers" : "A=9*2"
                              }
                            },
                            {
                              "predicate" : "typeModel",
                              "file" : "C:\\Users\\brook\\.codeql\\packages\\codeql\\ruby-all\\5.0.4\\codeql\\ruby\\frameworks\\ActiveStorage.model.yml",
                              "index" : 1,
                              "firstRowId" : 2,
                              "rowCount" : 4,
                              "predicateHasOrigin" : false,
                              "locations" : {
                                "lineNumbers" : "A=14+2*3",
                                "columnNumbers" : "A=9*4"
                              }
                            },
                            {
                              "predicate" : "summaryModel",
                              "file" : "C:\\Users\\brook\\.codeql\\packages\\codeql\\ruby-all\\5.0.4\\codeql\\ruby\\frameworks\\ActiveSupport.model.yml",
                              "index" : 0,
                              "firstRowId" : 6,
                              "rowCount" : 7,
                              "predicateHasOrigin" : true,
                              "locations" : {
                                "lineNumbers" : "A=16+2*2+1*4",
                                "columnNumbers" : "A=9*7"
                              }
                            },
                            {
                              "predicate" : "typeModel",
                              "file" : "C:\\Users\\brook\\.codeql\\packages\\codeql\\ruby-all\\5.0.4\\codeql\\ruby\\frameworks\\ActiveSupport.model.yml",
                              "index" : 1,
                              "firstRowId" : 13,
                              "rowCount" : 1,
                              "predicateHasOrigin" : false,
                              "locations" : {
                                "lineNumbers" : "A=30",
                                "columnNumbers" : "A=9"
                              }
                            },
                            {
                              "predicate" : "summaryModel",
                              "file" : "C:\\Users\\brook\\.codeql\\packages\\codeql\\ruby-all\\5.0.4\\codeql\\ruby\\frameworks\\Json.model.yml",
                              "index" : 0,
                              "firstRowId" : 14,
                              "rowCount" : 2,
                              "predicateHasOrigin" : true,
                              "locations" : {
                                "lineNumbers" : "A=9+1",
                                "columnNumbers" : "A=9*2"
                              }
                            },
                            {
                              "predicate" : "typeModel",
                              "file" : "C:\\Users\\brook\\.codeql\\packages\\codeql\\ruby-all\\5.0.4\\codeql\\ruby\\frameworks\\actiondispatch\\internal\\Mime.model.yml",
                              "index" : 0,
                              "firstRowId" : 16,
                              "rowCount" : 5,
                              "predicateHasOrigin" : false,
                              "locations" : {
                                "lineNumbers" : "A=6+1*4",
                                "columnNumbers" : "A=9*5"
                              }
                            },
                            {
                              "predicate" : "summaryModel",
                              "file" : "C:\\Users\\brook\\.codeql\\packages\\codeql\\ruby-all\\5.0.4\\codeql\\ruby\\frameworks\\core\\Regexp.model.yml",
                              "index" : 0,
                              "firstRowId" : 21,
                              "rowCount" : 1,
                              "predicateHasOrigin" : true,
                              "locations" : {
                                "lineNumbers" : "A=6",
                                "columnNumbers" : "A=9"
                              }
                            },
                            {
                              "predicate" : "sourceModel",
                              "file" : "C:\\Users\\brook\\.codeql\\packages\\codeql\\ruby-all\\5.0.4\\codeql\\ruby\\frameworks\\data\\internal\\empty.model.yml",
                              "index" : 0,
                              "firstRowId" : 22,
                              "rowCount" : 0,
                              "predicateHasOrigin" : true,
                              "locations" : {
                                "lineNumbers" : "A",
                                "columnNumbers" : "A"
                              }
                            },
                            {
                              "predicate" : "sinkModel",
                              "file" : "C:\\Users\\brook\\.codeql\\packages\\codeql\\ruby-all\\5.0.4\\codeql\\ruby\\frameworks\\data\\internal\\empty.model.yml",
                              "index" : 1,
                              "firstRowId" : 22,
                              "rowCount" : 0,
                              "predicateHasOrigin" : true,
                              "locations" : {
                                "lineNumbers" : "A",
                                "columnNumbers" : "A"
                              }
                            },
                            {
                              "predicate" : "summaryModel",
                              "file" : "C:\\Users\\brook\\.codeql\\packages\\codeql\\ruby-all\\5.0.4\\codeql\\ruby\\frameworks\\data\\internal\\empty.model.yml",
                              "index" : 2,
                              "firstRowId" : 22,
                              "rowCount" : 0,
                              "predicateHasOrigin" : true,
                              "locations" : {
                                "lineNumbers" : "A",
                                "columnNumbers" : "A"
                              }
                            },
                            {
                              "predicate" : "neutralModel",
                              "file" : "C:\\Users\\brook\\.codeql\\packages\\codeql\\ruby-all\\5.0.4\\codeql\\ruby\\frameworks\\data\\internal\\empty.model.yml",
                              "index" : 3,
                              "firstRowId" : 22,
                              "rowCount" : 0,
                              "predicateHasOrigin" : false,
                              "locations" : {
                                "lineNumbers" : "A",
                                "columnNumbers" : "A"
                              }
                            },
                            {
                              "predicate" : "typeModel",
                              "file" : "C:\\Users\\brook\\.codeql\\packages\\codeql\\ruby-all\\5.0.4\\codeql\\ruby\\frameworks\\data\\internal\\empty.model.yml",
                              "index" : 4,
                              "firstRowId" : 22,
                              "rowCount" : 0,
                              "predicateHasOrigin" : false,
                              "locations" : {
                                "lineNumbers" : "A",
                                "columnNumbers" : "A"
                              }
                            },
                            {
                              "predicate" : "typeVariableModel",
                              "file" : "C:\\Users\\brook\\.codeql\\packages\\codeql\\ruby-all\\5.0.4\\codeql\\ruby\\frameworks\\data\\internal\\empty.model.yml",
                              "index" : 5,
                              "firstRowId" : 22,
                              "rowCount" : 0,
                              "predicateHasOrigin" : false,
                              "locations" : {
                                "lineNumbers" : "A",
                                "columnNumbers" : "A"
                              }
                            },
                            {
                              "predicate" : "summaryModel",
                              "file" : "C:\\Users\\brook\\.codeql\\packages\\codeql\\ruby-all\\5.0.4\\codeql\\ruby\\frameworks\\stdlib\\Pathname.model.yml",
                              "index" : 0,
                              "firstRowId" : 22,
                              "rowCount" : 13,
                              "predicateHasOrigin" : true,
                              "locations" : {
                                "lineNumbers" : "A=6+1*12",
                                "columnNumbers" : "A=9*13"
                              }
                            },
                            {
                              "predicate" : "typeModel",
                              "file" : "C:\\Users\\brook\\.codeql\\packages\\codeql\\ruby-all\\5.0.4\\codeql\\ruby\\frameworks\\stdlib\\Pathname.model.yml",
                              "index" : 1,
                              "firstRowId" : 35,
                              "rowCount" : 11,
                              "predicateHasOrigin" : false,
                              "locations" : {
                                "lineNumbers" : "A=24+1*10",
                                "columnNumbers" : "A=9*11"
                              }
                            },
                            {
                              "predicate" : "sourceModel",
                              "file" : "C:\\Users\\brook\\.codeql\\packages\\codeql\\ruby-all\\5.0.4\\codeql\\ruby\\frameworks\\terrapin\\model.yml",
                              "index" : 0,
                              "firstRowId" : 46,
                              "rowCount" : 0,
                              "predicateHasOrigin" : true,
                              "locations" : {
                                "lineNumbers" : "A",
                                "columnNumbers" : "A"
                              }
                            },
                            {
                              "predicate" : "sinkModel",
                              "file" : "C:\\Users\\brook\\.codeql\\packages\\codeql\\ruby-all\\5.0.4\\codeql\\ruby\\frameworks\\terrapin\\model.yml",
                              "index" : 1,
                              "firstRowId" : 46,
                              "rowCount" : 2,
                              "predicateHasOrigin" : true,
                              "locations" : {
                                "lineNumbers" : "A=11+1",
                                "columnNumbers" : "A=9*2"
                              }
                            },
                            {
                              "predicate" : "summaryModel",
                              "file" : "C:\\Users\\brook\\.codeql\\packages\\codeql\\ruby-all\\5.0.4\\codeql\\ruby\\frameworks\\terrapin\\model.yml",
                              "index" : 2,
                              "firstRowId" : 48,
                              "rowCount" : 3,
                              "predicateHasOrigin" : true,
                              "locations" : {
                                "lineNumbers" : "A=18+1*2",
                                "columnNumbers" : "A=9*3"
                              }
                            },
                            {
                              "predicate" : "neutralModel",
                              "file" : "C:\\Users\\brook\\.codeql\\packages\\codeql\\ruby-all\\5.0.4\\codeql\\ruby\\frameworks\\terrapin\\model.yml",
                              "index" : 3,
                              "firstRowId" : 51,
                              "rowCount" : 0,
                              "predicateHasOrigin" : false,
                              "locations" : {
                                "lineNumbers" : "A",
                                "columnNumbers" : "A"
                              }
                            },
                            {
                              "predicate" : "typeModel",
                              "file" : "C:\\Users\\brook\\.codeql\\packages\\codeql\\ruby-all\\5.0.4\\codeql\\ruby\\frameworks\\terrapin\\model.yml",
                              "index" : 4,
                              "firstRowId" : 51,
                              "rowCount" : 11,
                              "predicateHasOrigin" : false,
                              "locations" : {
                                "lineNumbers" : "A=31+1*10",
                                "columnNumbers" : "A=9*11"
                              }
                            },
                            {
                              "predicate" : "restrictAlertsTo",
                              "file" : "C:\\Users\\brook\\.codeql\\packages\\codeql\\util\\2.0.18\\ext\\default-alert-filter.yml",
                              "index" : 0,
                              "firstRowId" : 62,
                              "rowCount" : 0,
                              "predicateHasOrigin" : false,
                              "locations" : {
                                "lineNumbers" : "A",
                                "columnNumbers" : "A"
                              }
                            },
                            {
                              "predicate" : "restrictAlertsToExactLocation",
                              "file" : "C:\\Users\\brook\\.codeql\\packages\\codeql\\util\\2.0.18\\ext\\default-alert-filter.yml",
                              "index" : 1,
                              "firstRowId" : 62,
                              "rowCount" : 0,
                              "predicateHasOrigin" : false,
                              "locations" : {
                                "lineNumbers" : "A",
                                "columnNumbers" : "A"
                              }
                            }
                          ]
                        },
                        "threatModels" : { },
                        "extensionPacks" : [ ]
                      }
[2025-09-23 18:45:38] Plumbing command codeql resolve extensions completed:
                      {
                        "models" : [ ],
                        "data" : {
                          "C:\\Users\\brook\\code\\HNPLab\\rubyqueries" : [
                            {
                              "predicate" : "summaryModel",
                              "file" : "C:\\Users\\brook\\.codeql\\packages\\codeql\\ruby-all\\5.0.4\\codeql\\ruby\\frameworks\\ActiveStorage.model.yml",
                              "index" : 0,
                              "firstRowId" : 0,
                              "rowCount" : 2,
                              "predicateHasOrigin" : true,
                              "locations" : {
                                "lineNumbers" : "A=6+1",
                                "columnNumbers" : "A=9*2"
                              }
                            },
                            {
                              "predicate" : "typeModel",
                              "file" : "C:\\Users\\brook\\.codeql\\packages\\codeql\\ruby-all\\5.0.4\\codeql\\ruby\\frameworks\\ActiveStorage.model.yml",
                              "index" : 1,
                              "firstRowId" : 2,
                              "rowCount" : 4,
                              "predicateHasOrigin" : false,
                              "locations" : {
                                "lineNumbers" : "A=14+2*3",
                                "columnNumbers" : "A=9*4"
                              }
                            },
                            {
                              "predicate" : "summaryModel",
                              "file" : "C:\\Users\\brook\\.codeql\\packages\\codeql\\ruby-all\\5.0.4\\codeql\\ruby\\frameworks\\ActiveSupport.model.yml",
                              "index" : 0,
                              "firstRowId" : 6,
                              "rowCount" : 7,
                              "predicateHasOrigin" : true,
                              "locations" : {
                                "lineNumbers" : "A=16+2*2+1*4",
                                "columnNumbers" : "A=9*7"
                              }
                            },
                            {
                              "predicate" : "typeModel",
                              "file" : "C:\\Users\\brook\\.codeql\\packages\\codeql\\ruby-all\\5.0.4\\codeql\\ruby\\frameworks\\ActiveSupport.model.yml",
                              "index" : 1,
                              "firstRowId" : 13,
                              "rowCount" : 1,
                              "predicateHasOrigin" : false,
                              "locations" : {
                                "lineNumbers" : "A=30",
                                "columnNumbers" : "A=9"
                              }
                            },
                            {
                              "predicate" : "summaryModel",
                              "file" : "C:\\Users\\brook\\.codeql\\packages\\codeql\\ruby-all\\5.0.4\\codeql\\ruby\\frameworks\\Json.model.yml",
                              "index" : 0,
                              "firstRowId" : 14,
                              "rowCount" : 2,
                              "predicateHasOrigin" : true,
                              "locations" : {
                                "lineNumbers" : "A=9+1",
                                "columnNumbers" : "A=9*2"
                              }
                            },
                            {
                              "predicate" : "typeModel",
                              "file" : "C:\\Users\\brook\\.codeql\\packages\\codeql\\ruby-all\\5.0.4\\codeql\\ruby\\frameworks\\actiondispatch\\internal\\Mime.model.yml",
                              "index" : 0,
                              "firstRowId" : 16,
                              "rowCount" : 5,
                              "predicateHasOrigin" : false,
                              "locations" : {
                                "lineNumbers" : "A=6+1*4",
                                "columnNumbers" : "A=9*5"
                              }
                            },
                            {
                              "predicate" : "summaryModel",
                              "file" : "C:\\Users\\brook\\.codeql\\packages\\codeql\\ruby-all\\5.0.4\\codeql\\ruby\\frameworks\\core\\Regexp.model.yml",
                              "index" : 0,
                              "firstRowId" : 21,
                              "rowCount" : 1,
                              "predicateHasOrigin" : true,
                              "locations" : {
                                "lineNumbers" : "A=6",
                                "columnNumbers" : "A=9"
                              }
                            },
                            {
                              "predicate" : "sourceModel",
                              "file" : "C:\\Users\\brook\\.codeql\\packages\\codeql\\ruby-all\\5.0.4\\codeql\\ruby\\frameworks\\data\\internal\\empty.model.yml",
                              "index" : 0,
                              "firstRowId" : 22,
                              "rowCount" : 0,
                              "predicateHasOrigin" : true,
                              "locations" : {
                                "lineNumbers" : "A",
                                "columnNumbers" : "A"
                              }
                            },
                            {
                              "predicate" : "sinkModel",
                              "file" : "C:\\Users\\brook\\.codeql\\packages\\codeql\\ruby-all\\5.0.4\\codeql\\ruby\\frameworks\\data\\internal\\empty.model.yml",
                              "index" : 1,
                              "firstRowId" : 22,
                              "rowCount" : 0,
                              "predicateHasOrigin" : true,
                              "locations" : {
                                "lineNumbers" : "A",
                                "columnNumbers" : "A"
                              }
                            },
                            {
                              "predicate" : "summaryModel",
                              "file" : "C:\\Users\\brook\\.codeql\\packages\\codeql\\ruby-all\\5.0.4\\codeql\\ruby\\frameworks\\data\\internal\\empty.model.yml",
                              "index" : 2,
                              "firstRowId" : 22,
                              "rowCount" : 0,
                              "predicateHasOrigin" : true,
                              "locations" : {
                                "lineNumbers" : "A",
                                "columnNumbers" : "A"
                              }
                            },
                            {
                              "predicate" : "neutralModel",
                              "file" : "C:\\Users\\brook\\.codeql\\packages\\codeql\\ruby-all\\5.0.4\\codeql\\ruby\\frameworks\\data\\internal\\empty.model.yml",
                              "index" : 3,
                              "firstRowId" : 22,
                              "rowCount" : 0,
                              "predicateHasOrigin" : false,
                              "locations" : {
                                "lineNumbers" : "A",
                                "columnNumbers" : "A"
                              }
                            },
                            {
                              "predicate" : "typeModel",
                              "file" : "C:\\Users\\brook\\.codeql\\packages\\codeql\\ruby-all\\5.0.4\\codeql\\ruby\\frameworks\\data\\internal\\empty.model.yml",
                              "index" : 4,
                              "firstRowId" : 22,
                              "rowCount" : 0,
                              "predicateHasOrigin" : false,
                              "locations" : {
                                "lineNumbers" : "A",
                                "columnNumbers" : "A"
                              }
                            },
                            {
                              "predicate" : "typeVariableModel",
                              "file" : "C:\\Users\\brook\\.codeql\\packages\\codeql\\ruby-all\\5.0.4\\codeql\\ruby\\frameworks\\data\\internal\\empty.model.yml",
                              "index" : 5,
                              "firstRowId" : 22,
                              "rowCount" : 0,
                              "predicateHasOrigin" : false,
                              "locations" : {
                                "lineNumbers" : "A",
                                "columnNumbers" : "A"
                              }
                            },
                            {
                              "predicate" : "summaryModel",
                              "file" : "C:\\Users\\brook\\.codeql\\packages\\codeql\\ruby-all\\5.0.4\\codeql\\ruby\\frameworks\\stdlib\\Pathname.model.yml",
                              "index" : 0,
                              "firstRowId" : 22,
                              "rowCount" : 13,
                              "predicateHasOrigin" : true,
                              "locations" : {
                                "lineNumbers" : "A=6+1*12",
                                "columnNumbers" : "A=9*13"
                              }
                            },
                            {
                              "predicate" : "typeModel",
                              "file" : "C:\\Users\\brook\\.codeql\\packages\\codeql\\ruby-all\\5.0.4\\codeql\\ruby\\frameworks\\stdlib\\Pathname.model.yml",
                              "index" : 1,
                              "firstRowId" : 35,
                              "rowCount" : 11,
                              "predicateHasOrigin" : false,
                              "locations" : {
                                "lineNumbers" : "A=24+1*10",
                                "columnNumbers" : "A=9*11"
                              }
                            },
                            {
                              "predicate" : "sourceModel",
                              "file" : "C:\\Users\\brook\\.codeql\\packages\\codeql\\ruby-all\\5.0.4\\codeql\\ruby\\frameworks\\terrapin\\model.yml",
                              "index" : 0,
                              "firstRowId" : 46,
                              "rowCount" : 0,
                              "predicateHasOrigin" : true,
                              "locations" : {
                                "lineNumbers" : "A",
                                "columnNumbers" : "A"
                              }
                            },
                            {
                              "predicate" : "sinkModel",
                              "file" : "C:\\Users\\brook\\.codeql\\packages\\codeql\\ruby-all\\5.0.4\\codeql\\ruby\\frameworks\\terrapin\\model.yml",
                              "index" : 1,
                              "firstRowId" : 46,
                              "rowCount" : 2,
                              "predicateHasOrigin" : true,
                              "locations" : {
                                "lineNumbers" : "A=11+1",
                                "columnNumbers" : "A=9*2"
                              }
                            },
                            {
                              "predicate" : "summaryModel",
                              "file" : "C:\\Users\\brook\\.codeql\\packages\\codeql\\ruby-all\\5.0.4\\codeql\\ruby\\frameworks\\terrapin\\model.yml",
                              "index" : 2,
                              "firstRowId" : 48,
                              "rowCount" : 3,
                              "predicateHasOrigin" : true,
                              "locations" : {
                                "lineNumbers" : "A=18+1*2",
                                "columnNumbers" : "A=9*3"
                              }
                            },
                            {
                              "predicate" : "neutralModel",
                              "file" : "C:\\Users\\brook\\.codeql\\packages\\codeql\\ruby-all\\5.0.4\\codeql\\ruby\\frameworks\\terrapin\\model.yml",
                              "index" : 3,
                              "firstRowId" : 51,
                              "rowCount" : 0,
                              "predicateHasOrigin" : false,
                              "locations" : {
                                "lineNumbers" : "A",
                                "columnNumbers" : "A"
                              }
                            },
                            {
                              "predicate" : "typeModel",
                              "file" : "C:\\Users\\brook\\.codeql\\packages\\codeql\\ruby-all\\5.0.4\\codeql\\ruby\\frameworks\\terrapin\\model.yml",
                              "index" : 4,
                              "firstRowId" : 51,
                              "rowCount" : 11,
                              "predicateHasOrigin" : false,
                              "locations" : {
                                "lineNumbers" : "A=31+1*10",
                                "columnNumbers" : "A=9*11"
                              }
                            },
                            {
                              "predicate" : "restrictAlertsTo",
                              "file" : "C:\\Users\\brook\\.codeql\\packages\\codeql\\util\\2.0.18\\ext\\default-alert-filter.yml",
                              "index" : 0,
                              "firstRowId" : 62,
                              "rowCount" : 0,
                              "predicateHasOrigin" : false,
                              "locations" : {
                                "lineNumbers" : "A",
                                "columnNumbers" : "A"
                              }
                            },
                            {
                              "predicate" : "restrictAlertsToExactLocation",
                              "file" : "C:\\Users\\brook\\.codeql\\packages\\codeql\\util\\2.0.18\\ext\\default-alert-filter.yml",
                              "index" : 1,
                              "firstRowId" : 62,
                              "rowCount" : 0,
                              "predicateHasOrigin" : false,
                              "locations" : {
                                "lineNumbers" : "A",
                                "columnNumbers" : "A"
                              }
                            }
                          ]
                        },
                        "threatModels" : { },
                        "extensionPacks" : [ ]
                      }
[2025-09-23 18:45:38] Calling plumbing command: codeql resolve library-path --qlconfig-file=C:\Users\brook\code\HNPLab\qlconfig.yml --query=C:\Users\brook\code\HNPLab\rubyqueries\hnp_component_detection.ql --format=json
[2025-09-23 18:45:38] [DETAILS] resolve library-path> Resolving query at normalized path C:\Users\brook\code\HNPLab\rubyqueries\hnp_component_detection.ql.
[2025-09-23 18:45:38] [DETAILS] resolve library-path> Found enclosing pack 'ruby-hnp-queries' at C:\Users\brook\code\HNPLab\rubyqueries.
[2025-09-23 18:45:38] [DETAILS] resolve library-path> Adding compilation cache at C:\Users\brook\.codeql\compile-cache.
[2025-09-23 18:45:38] [DETAILS] resolve library-path> Resolving library dependencies from C:\Users\brook\code\HNPLab\rubyqueries\qlpack.yml.
[2025-09-23 18:45:38] [SPAMMY] resolve library-path> [INCOMPATIBILITY] ruby-hnp-queries: not 1.0.0 {root: ruby-hnp-queries@1.0.0}
[2025-09-23 18:45:38] [SPAMMY] resolve library-path> [DERIVATION] ruby-hnp-queries: 1.0.0 {ruby-hnp-queries: not 1.0.0 {root: ruby-hnp-queries@1.0.0}}
[2025-09-23 18:45:38] [SPAMMY] resolve library-path> [INCOMPATIBILITY] ruby-hnp-queries: * [*], codeql/ruby-all: not * [*] {dependency: ruby-hnp-queries@* [*] requires codeql/ruby-all@*}
[2025-09-23 18:45:38] [SPAMMY] resolve library-path> [DECISION 1] ruby-hnp-queries: 1.0.0
[2025-09-23 18:45:38] [SPAMMY] resolve library-path> [DERIVATION] codeql/ruby-all: * [*] {ruby-hnp-queries: * [*], codeql/ruby-all: not * [*] {dependency: ruby-hnp-queries@* [*] requires codeql/ruby-all@*}}
[2025-09-23 18:45:38] [SPAMMY] resolve library-path> [INCOMPATIBILITY] codeql/ruby-all: * [*], codeql/concepts: not * [*] {dependency: codeql/ruby-all@* [*] requires codeql/concepts@0.0.5}
[2025-09-23 18:45:38] [SPAMMY] resolve library-path> [INCOMPATIBILITY] codeql/ruby-all: * [*], codeql/controlflow: not * [*] {dependency: codeql/ruby-all@* [*] requires codeql/controlflow@2.0.15}
[2025-09-23 18:45:38] [SPAMMY] resolve library-path> [INCOMPATIBILITY] codeql/ruby-all: * [*], codeql/dataflow: not * [*] {dependency: codeql/ruby-all@* [*] requires codeql/dataflow@2.0.15}
[2025-09-23 18:45:38] [SPAMMY] resolve library-path> [INCOMPATIBILITY] codeql/ruby-all: * [*], codeql/mad: not * [*] {dependency: codeql/ruby-all@* [*] requires codeql/mad@1.0.31}
[2025-09-23 18:45:38] [SPAMMY] resolve library-path> [INCOMPATIBILITY] codeql/ruby-all: * [*], codeql/regex: not * [*] {dependency: codeql/ruby-all@* [*] requires codeql/regex@1.0.31}
[2025-09-23 18:45:38] [SPAMMY] resolve library-path> [INCOMPATIBILITY] codeql/ruby-all: * [*], codeql/ssa: not * [*] {dependency: codeql/ruby-all@* [*] requires codeql/ssa@2.0.7}
[2025-09-23 18:45:38] [SPAMMY] resolve library-path> [INCOMPATIBILITY] codeql/ruby-all: * [*], codeql/tutorial: not * [*] {dependency: codeql/ruby-all@* [*] requires codeql/tutorial@1.0.31}
[2025-09-23 18:45:38] [SPAMMY] resolve library-path> [INCOMPATIBILITY] codeql/ruby-all: * [*], codeql/util: not * [*] {dependency: codeql/ruby-all@* [*] requires codeql/util@2.0.18}
[2025-09-23 18:45:38] [SPAMMY] resolve library-path> [DECISION 2] codeql/ruby-all: 5.0.4
[2025-09-23 18:45:38] [SPAMMY] resolve library-path> [DERIVATION] codeql/util: * [*] {codeql/ruby-all: * [*], codeql/util: not * [*] {dependency: codeql/ruby-all@* [*] requires codeql/util@2.0.18}}
[2025-09-23 18:45:38] [SPAMMY] resolve library-path> [DERIVATION] codeql/tutorial: * [*] {codeql/ruby-all: * [*], codeql/tutorial: not * [*] {dependency: codeql/ruby-all@* [*] requires codeql/tutorial@1.0.31}}
[2025-09-23 18:45:38] [SPAMMY] resolve library-path> [DERIVATION] codeql/ssa: * [*] {codeql/ruby-all: * [*], codeql/ssa: not * [*] {dependency: codeql/ruby-all@* [*] requires codeql/ssa@2.0.7}}
[2025-09-23 18:45:38] [SPAMMY] resolve library-path> [DERIVATION] codeql/regex: * [*] {codeql/ruby-all: * [*], codeql/regex: not * [*] {dependency: codeql/ruby-all@* [*] requires codeql/regex@1.0.31}}
[2025-09-23 18:45:38] [SPAMMY] resolve library-path> [DERIVATION] codeql/mad: * [*] {codeql/ruby-all: * [*], codeql/mad: not * [*] {dependency: codeql/ruby-all@* [*] requires codeql/mad@1.0.31}}
[2025-09-23 18:45:38] [SPAMMY] resolve library-path> [DERIVATION] codeql/dataflow: * [*] {codeql/ruby-all: * [*], codeql/dataflow: not * [*] {dependency: codeql/ruby-all@* [*] requires codeql/dataflow@2.0.15}}
[2025-09-23 18:45:38] [SPAMMY] resolve library-path> [DERIVATION] codeql/controlflow: * [*] {codeql/ruby-all: * [*], codeql/controlflow: not * [*] {dependency: codeql/ruby-all@* [*] requires codeql/controlflow@2.0.15}}
[2025-09-23 18:45:38] [SPAMMY] resolve library-path> [DERIVATION] codeql/concepts: * [*] {codeql/ruby-all: * [*], codeql/concepts: not * [*] {dependency: codeql/ruby-all@* [*] requires codeql/concepts@0.0.5}}
[2025-09-23 18:45:38] [SPAMMY] resolve library-path> [INCOMPATIBILITY] codeql/concepts: * [*], codeql/dataflow: not * [*] {dependency: codeql/concepts@* [*] requires codeql/dataflow@2.0.15}
[2025-09-23 18:45:38] [SPAMMY] resolve library-path> [INCOMPATIBILITY] codeql/concepts: * [*], codeql/util: not * [*] {dependency: codeql/concepts@* [*] requires codeql/util@2.0.18}
[2025-09-23 18:45:38] [SPAMMY] resolve library-path> [DECISION 3] codeql/concepts: 0.0.5
[2025-09-23 18:45:38] [SPAMMY] resolve library-path> [INCOMPATIBILITY] codeql/controlflow: * [*], codeql/util: not * [*] {dependency: codeql/controlflow@* [*] requires codeql/util@2.0.18}
[2025-09-23 18:45:38] [SPAMMY] resolve library-path> [DECISION 4] codeql/controlflow: 2.0.15
[2025-09-23 18:45:38] [SPAMMY] resolve library-path> [INCOMPATIBILITY] codeql/dataflow: * [*], codeql/controlflow: not * [*] {dependency: codeql/dataflow@* [*] requires codeql/controlflow@2.0.15}
[2025-09-23 18:45:38] [SPAMMY] resolve library-path> [INCOMPATIBILITY] codeql/dataflow: * [*], codeql/ssa: not * [*] {dependency: codeql/dataflow@* [*] requires codeql/ssa@2.0.7}
[2025-09-23 18:45:38] [SPAMMY] resolve library-path> [INCOMPATIBILITY] codeql/dataflow: * [*], codeql/typetracking: not * [*] {dependency: codeql/dataflow@* [*] requires codeql/typetracking@2.0.15}
[2025-09-23 18:45:38] [SPAMMY] resolve library-path> [INCOMPATIBILITY] codeql/dataflow: * [*], codeql/util: not * [*] {dependency: codeql/dataflow@* [*] requires codeql/util@2.0.18}
[2025-09-23 18:45:38] [SPAMMY] resolve library-path> [DECISION 5] codeql/dataflow: 2.0.15
[2025-09-23 18:45:38] [SPAMMY] resolve library-path> [DERIVATION] codeql/typetracking: * [*] {codeql/dataflow: * [*], codeql/typetracking: not * [*] {dependency: codeql/dataflow@* [*] requires codeql/typetracking@2.0.15}}
[2025-09-23 18:45:38] [SPAMMY] resolve library-path> [INCOMPATIBILITY] codeql/mad: * [*], codeql/dataflow: not * [*] {dependency: codeql/mad@* [*] requires codeql/dataflow@2.0.15}
[2025-09-23 18:45:38] [SPAMMY] resolve library-path> [INCOMPATIBILITY] codeql/mad: * [*], codeql/util: not * [*] {dependency: codeql/mad@* [*] requires codeql/util@2.0.18}
[2025-09-23 18:45:38] [SPAMMY] resolve library-path> [DECISION 6] codeql/mad: 1.0.31
[2025-09-23 18:45:38] [SPAMMY] resolve library-path> [INCOMPATIBILITY] codeql/regex: * [*], codeql/util: not * [*] {dependency: codeql/regex@* [*] requires codeql/util@2.0.18}
[2025-09-23 18:45:38] [SPAMMY] resolve library-path> [DECISION 7] codeql/regex: 1.0.31
[2025-09-23 18:45:38] [SPAMMY] resolve library-path> [INCOMPATIBILITY] codeql/ssa: * [*], codeql/controlflow: not * [*] {dependency: codeql/ssa@* [*] requires codeql/controlflow@2.0.15}
[2025-09-23 18:45:38] [SPAMMY] resolve library-path> [INCOMPATIBILITY] codeql/ssa: * [*], codeql/util: not * [*] {dependency: codeql/ssa@* [*] requires codeql/util@2.0.18}
[2025-09-23 18:45:38] [SPAMMY] resolve library-path> [DECISION 8] codeql/ssa: 2.0.7
[2025-09-23 18:45:38] [SPAMMY] resolve library-path> [DECISION 9] codeql/tutorial: 1.0.31
[2025-09-23 18:45:38] [SPAMMY] resolve library-path> [INCOMPATIBILITY] codeql/typetracking: * [*], codeql/util: not * [*] {dependency: codeql/typetracking@* [*] requires codeql/util@2.0.18}
[2025-09-23 18:45:38] [SPAMMY] resolve library-path> [DECISION 10] codeql/typetracking: 2.0.15
[2025-09-23 18:45:38] [SPAMMY] resolve library-path> [DECISION 11] codeql/util: 2.0.18
[2025-09-23 18:45:38] [DETAILS] resolve library-path> QL pack dependencies for C:\Users\brook\code\HNPLab\rubyqueries resolved OK.
[2025-09-23 18:45:38] [DETAILS] resolve library-path> Found dbscheme through QL packs: C:\Users\brook\.codeql\packages\codeql\ruby-all\5.0.4\ruby.dbscheme.
[2025-09-23 18:45:38] Plumbing command codeql resolve library-path completed:
                      {
                        "libraryPath" : [
                          "C:\\Users\\brook\\code\\HNPLab\\rubyqueries",
                          "C:\\Users\\brook\\.codeql\\packages\\codeql\\ruby-all\\5.0.4",
                          "C:\\Users\\brook\\.codeql\\packages\\codeql\\concepts\\0.0.5",
                          "C:\\Users\\brook\\.codeql\\packages\\codeql\\controlflow\\2.0.15",
                          "C:\\Users\\brook\\.codeql\\packages\\codeql\\dataflow\\2.0.15",
                          "C:\\Users\\brook\\.codeql\\packages\\codeql\\mad\\1.0.31",
                          "C:\\Users\\brook\\.codeql\\packages\\codeql\\regex\\1.0.31",
                          "C:\\Users\\brook\\.codeql\\packages\\codeql\\ssa\\2.0.7",
                          "C:\\Users\\brook\\.codeql\\packages\\codeql\\tutorial\\1.0.31",
                          "C:\\Users\\brook\\.codeql\\packages\\codeql\\typetracking\\2.0.15",
                          "C:\\Users\\brook\\.codeql\\packages\\codeql\\util\\2.0.18"
                        ],
                        "dbscheme" : "C:\\Users\\brook\\.codeql\\packages\\codeql\\ruby-all\\5.0.4\\ruby.dbscheme",
                        "compilationCache" : [
                          "C:\\Users\\brook\\.codeql\\compile-cache"
                        ],
                        "relativeName" : "ruby-hnp-queries\\hnp_component_detection.ql",
                        "qlPackName" : "ruby-hnp-queries"
                      }
[2025-09-23 18:45:38] [PROGRESS] execute queries> Compiling query plan for C:\Users\brook\code\HNPLab\rubyqueries\hnp_component_detection.ql.
[2025-09-23 18:45:38] [DETAILS] execute queries> Resolving imports for C:\Users\brook\code\HNPLab\rubyqueries\hnp_component_detection.ql.
[2025-09-23 18:45:45] Resolved file set for C:\Users\brook\code\HNPLab\rubyqueries\hnp_component_detection.ql hashes to fe0527267e36d3296b2c454cb8f8cafa.
[2025-09-23 18:45:45] [DETAILS] execute queries> Checking QL for C:\Users\brook\code\HNPLab\rubyqueries\hnp_component_detection.ql.
[2025-09-23 18:45:45] Stale frontend caches are invalidated based on import graph reachability.
[2025-09-23 18:45:45] ExternalModuleBindingPass ...
[2025-09-23 18:45:46] ExternalModuleBindingPass time: 00:00.813
[2025-09-23 18:45:46] CollectInstantiationsPass ...
[2025-09-23 18:45:46] CollectInstantiationsPass time: 00:00.342
[2025-09-23 18:45:46] Ql checks ...
[2025-09-23 18:45:49] Ql checks time: 00:03.007
[2025-09-23 18:45:55] [ERROR] execute queries> ERROR: could not resolve type CallExpr (C:\Users\brook\code\HNPLab\rubyqueries\hnp_component_detection.ql:11,6-14)
[2025-09-23 18:45:55] [ERROR] execute queries> ERROR: could not resolve type CallExpr (C:\Users\brook\code\HNPLab\rubyqueries\hnp_component_detection.ql:15,11-19)
[2025-09-23 18:45:55] [ERROR] execute queries> ERROR: could not resolve type CallExpr (C:\Users\brook\code\HNPLab\rubyqueries\hnp_component_detection.ql:21,11-19)
[2025-09-23 18:45:55] [ERROR] execute queries> ERROR: could not resolve type CallExpr (C:\Users\brook\code\HNPLab\rubyqueries\hnp_component_detection.ql:24,13-21)
[2025-09-23 18:45:55] [ERROR] execute queries> ERROR: could not resolve type StringLiteral (C:\Users\brook\code\HNPLab\rubyqueries\hnp_component_detection.ql:29,11-24)
[2025-09-23 18:45:55] [ERROR] execute queries> ERROR: could not resolve type CallExpr (C:\Users\brook\code\HNPLab\rubyqueries\hnp_component_detection.ql:38,11-19)
[2025-09-23 18:45:55] Sequence stamp origin is -6000466434539507495
[2025-09-23 18:45:55] Pausing evaluation to close the cache at sequence stamp o+0
[2025-09-23 18:45:55] The disk cache is freshly trimmed; leave it be.
[2025-09-23 18:45:55] Unpausing evaluation
[2025-09-23 18:45:55] This NaiveBuddyAllocator requested 0 eviction rounds.
[2025-09-23 18:45:55] Exiting with code 2
