[T 22:30:53 47092] Initializing tracer.
[T 22:30:53 47092] Initializing tags.
[T 22:30:53 47092] CodeQL CLI version 2.23.0
[T 22:30:53 47092] Initializing tracer.
[T 22:30:53 47092] Initializing tags.
[T 22:30:53 47092] Allocated ID 555478380000B7F4_0000000000000001 (parent )
[T 22:30:53 47092] ==== Candidate to intercept: C:\Users\brook\code\codeql\tools\win64\runner.exe (32188) ====
[T 22:30:53 47092] Lua: === Intercepted call to c:\users\brook\code\codeql\tools\win64\runner.exe ===
[T 22:30:53 47092] Executing the following tracer actions:
[T 22:30:53 47092] Tracer actions:
[T 22:30:53 47092] pre_invocations(0)
[T 22:30:53 47092] post_invocations(0)
[T 22:30:53 47092] trace_languages(1): [java]
[T 22:30:53 32188] Initializing tracer.
[T 22:30:53 32188] Initializing tags.
[T 22:30:53 32188] ID set to 555478380000B7F4_0000000000000001 (parent root)
[T 22:30:53 32188] Allocated ID CB17A1B700007DBC_0000000000000001 (parent 555478380000B7F4_0000000000000001)
[T 22:30:53 32188] ==== Candidate to intercept: C:\Windows\System32\cmd.exe (7988) ====
[T 22:30:53 32188] Lua: === Intercepted call to c:\windows\system32\cmd.exe ===
[T 22:30:53 32188] Executing the following tracer actions:
[T 22:30:53 32188] Tracer actions:
[T 22:30:53 32188] pre_invocations(0)
[T 22:30:53 32188] post_invocations(0)
[T 22:30:53 32188] trace_languages(1): [java]
[T 22:30:54 7988] Initializing tracer.
[T 22:30:54 7988] Initializing tags.
[T 22:30:54 7988] ID set to CB17A1B700007DBC_0000000000000001 (parent 555478380000B7F4_0000000000000001)
[T 22:30:54 7988] Allocated ID 2485AA5E00001F34_0000000000000001 (parent CB17A1B700007DBC_0000000000000001)
[T 22:30:54 7988] ==== Candidate to intercept: C:\Users\brook\code\codeql\tools\win64\java\bin\java.exe (63904) ====
[T 22:30:54 7988] Lua: === Intercepted call to c:\users\brook\code\codeql\tools\win64\java\bin\java.exe ===
[T 22:30:54 7988] Executing the following tracer actions:
[T 22:30:54 7988] Tracer actions:
[T 22:30:54 7988] pre_invocations(0)
[T 22:30:54 7988] post_invocations(0)
[T 22:30:54 7988] trace_languages(1): [java]
[T 22:30:54 63904] Initializing tracer.
[T 22:30:54 63904] Initializing tags.
[T 22:30:54 63904] ID set to 2485AA5E00001F34_0000000000000001 (parent CB17A1B700007DBC_0000000000000001)
[T 22:30:54 63904] Passing through -javaagent:C:\Users\brook\code\codeql\java\tools\codeql-java-agent.jar=ignore-project,java,kotlin to underlying JVM.
[T 22:30:54 63904] Passing through -Xbootclasspath/a:C:\Users\brook\code\codeql\java\tools\codeql-java-agent.jar to underlying JVM.
[T 22:30:54 63904] Intercepted JVM creation with extra hidden args: ['-javaagent:C:\Users\brook\code\codeql\java\tools\codeql-java-agent.jar=ignore-project,java,kotlin' '-Xbootclasspath/a:C:\Users\brook\code\codeql\java\tools\codeql-java-agent.jar' ] (result: 1, 0).
