[2025-09-23 18:35:47] This is codeql database create js-db\jsexample-db --language=javascript --source-root=data\jsexample --overwrite
[2025-09-23 18:35:47] Log file was started late.
[2025-09-23 18:35:47] [PROGRESS] database create> Initializing database at C:\Users\brook\code\HNPLab\js-db\jsexample-db.
[2025-09-23 18:35:47] Running plumbing command: codeql database init --overwrite --language=javascript --extractor-options-verbosity=1 --qlconfig-file=C:\Users\brook\code\HNPLab\qlconfig.yml --source-root=C:\Users\brook\code\HNPLab\data\jsexample --allow-missing-source-root=false --allow-already-existing -- C:\Users\brook\code\HNPLab\js-db\jsexample-db
[2025-09-23 18:35:47] Calling plumbing command: codeql resolve languages --extractor-options-verbosity=1 --format=betterjson
[2025-09-23 18:35:47] [DETAILS] resolve languages> Scanning for [codeql-extractor.yml] from C:\Users\brook\code\codeql\.codeqlmanifest.json
[2025-09-23 18:35:47] [DETAILS] resolve languages> Parsing C:\Users\brook\code\codeql\actions\codeql-extractor.yml.
[2025-09-23 18:35:47] [DETAILS] resolve languages> Parsing C:\Users\brook\code\codeql\cpp\codeql-extractor.yml.
[2025-09-23 18:35:47] [DETAILS] resolve languages> Parsing C:\Users\brook\code\codeql\csharp\codeql-extractor.yml.
[2025-09-23 18:35:47] [DETAILS] resolve languages> Parsing C:\Users\brook\code\codeql\csv\codeql-extractor.yml.
[2025-09-23 18:35:47] [DETAILS] resolve languages> Parsing C:\Users\brook\code\codeql\go\codeql-extractor.yml.
[2025-09-23 18:35:47] [DETAILS] resolve languages> Parsing C:\Users\brook\code\codeql\html\codeql-extractor.yml.
[2025-09-23 18:35:47] [DETAILS] resolve languages> Parsing C:\Users\brook\code\codeql\java\codeql-extractor.yml.
[2025-09-23 18:35:47] [DETAILS] resolve languages> Parsing C:\Users\brook\code\codeql\javascript\codeql-extractor.yml.
[2025-09-23 18:35:47] [DETAILS] resolve languages> Parsing C:\Users\brook\code\codeql\properties\codeql-extractor.yml.
[2025-09-23 18:35:47] [DETAILS] resolve languages> Parsing C:\Users\brook\code\codeql\python\codeql-extractor.yml.
[2025-09-23 18:35:47] [DETAILS] resolve languages> Parsing C:\Users\brook\code\codeql\ruby\codeql-extractor.yml.
[2025-09-23 18:35:47] [DETAILS] resolve languages> Parsing C:\Users\brook\code\codeql\rust\codeql-extractor.yml.
[2025-09-23 18:35:47] [DETAILS] resolve languages> Parsing C:\Users\brook\code\codeql\swift\codeql-extractor.yml.
[2025-09-23 18:35:47] [DETAILS] resolve languages> Parsing C:\Users\brook\code\codeql\xml\codeql-extractor.yml.
[2025-09-23 18:35:47] [DETAILS] resolve languages> Parsing C:\Users\brook\code\codeql\yaml\codeql-extractor.yml.
[2025-09-23 18:35:47] Plumbing command codeql resolve languages completed:
                      {
                        "aliases" : {
                          "c" : "cpp",
                          "c++" : "cpp",
                          "c-c++" : "cpp",
                          "c-cpp" : "cpp",
                          "c#" : "csharp",
                          "java-kotlin" : "java",
                          "kotlin" : "java",
                          "javascript-typescript" : "javascript",
                          "typescript" : "javascript"
                        },
                        "extractors" : {
                          "actions" : [
                            {
                              "extractor_root" : "C:\\Users\\brook\\code\\codeql\\actions",
                              "extractor_options" : { }
                            }
                          ],
                          "cpp" : [
                            {
                              "extractor_root" : "C:\\Users\\brook\\code\\codeql\\cpp",
                              "extractor_options" : {
                                "scale_timeouts" : {
                                  "title" : "Value to scale compiler introspection timeouts with",
                                  "description" : "The extractor attempts to determine what compiler the source code being extracted is compiled with. To this end the extractor makes additional calls to the compiler, some of which are expected to return within a certain fixed time (either 10s or 15s). On some systems that are under high load this time might be too short, and can be scaled up using this option.\n",
                                  "type" : "string",
                                  "pattern" : "[0-9]+"
                                },
                                "log_verbosity" : {
                                  "title" : "Verbosity of the extractor logging",
                                  "description" : "Set the verbosity of the extractor logging to 'quiet' (0), 'normal' (1), 'chatty' (2), or 'noisy' (3). The default is 'normal'.\n",
                                  "type" : "string",
                                  "pattern" : "[0-3]"
                                }
                              }
                            }
                          ],
                          "csharp" : [
                            {
                              "extractor_root" : "C:\\Users\\brook\\code\\codeql\\csharp",
                              "extractor_options" : {
                                "trap" : {
                                  "title" : "Options pertaining to TRAP.",
                                  "description" : "Options pertaining to TRAP.",
                                  "type" : "object",
                                  "properties" : {
                                    "compression" : {
                                      "title" : "Controls compression for the TRAP files written by the extractor.",
                                      "description" : "This option is only intended for use in debugging the extractor. Accepted values are 'brotli' (the default, to write brotli-compressed TRAP), 'gzip', and 'none' (to write uncompressed TRAP).\n",
                                      "type" : "string",
                                      "pattern" : "^(none|gzip|brotli)$"
                                    }
                                  }
                                },
                                "buildless" : {
                                  "title" : "DEPRECATED - Whether to use buildless (standalone) extraction.",
                                  "description" : "DEPRECATED: Use `--build-mode none` instead.\nA value indicating, which type of extraction the autobuilder should perform. If 'true', then the standalone extractor will be used, otherwise tracing extraction will be performed. The default is 'false'. Note that buildless extraction will generally yield less accurate analysis results, and should only be used in cases where it is not possible to build the code (for example if it uses inaccessible dependencies).\n",
                                  "type" : "string",
                                  "pattern" : "^(false|true)$"
                                },
                                "logging" : {
                                  "title" : "Options pertaining to logging.",
                                  "description" : "Options pertaining to logging.",
                                  "type" : "object",
                                  "properties" : {
                                    "verbosity" : {
                                      "title" : "Extractor logging verbosity level.",
                                      "description" : "Controls the level of verbosity of the extractor. The supported levels are (in order of increasing verbosity):\n  - off\n  - errors\n  - warnings\n  - info or progress\n  - debug or progress+\n  - trace or progress++\n  - progress+++\n",
                                      "type" : "string",
                                      "pattern" : "^(off|errors|warnings|(info|progress)|(debug|progress\\+)|(trace|progress\\+\\+)|progress\\+\\+\\+)$"
                                    }
                                  }
                                },
                                "binlog" : {
                                  "title" : "Binlog",
                                  "description" : "[EXPERIMENTAL] The value is a path to the MsBuild binary log file that should be extracted. This option only works when `--build-mode none` is also specified.\n",
                                  "type" : "array"
                                }
                              }
                            }
                          ],
                          "csv" : [
                            {
                              "extractor_root" : "C:\\Users\\brook\\code\\codeql\\csv"
                            }
                          ],
                          "go" : [
                            {
                              "extractor_root" : "C:\\Users\\brook\\code\\codeql\\go",
                              "extractor_options" : {
                                "extract_tests" : {
                                  "title" : "Whether to include Go test files in the CodeQL database.",
                                  "description" : "A value indicating whether Go test files should be included in the CodeQL database. The default is 'false'.\n",
                                  "type" : "string",
                                  "pattern" : "^(false|true)$"
                                },
                                "extract_vendor_dirs" : {
                                  "title" : "Whether to include Go vendor directories in the CodeQL database.",
                                  "description" : "A value indicating whether Go vendor directories should be included in the CodeQL database. The default is 'false'.\n",
                                  "type" : "string",
                                  "pattern" : "^(false|true)$"
                                }
                              }
                            }
                          ],
                          "html" : [
                            {
                              "extractor_root" : "C:\\Users\\brook\\code\\codeql\\html"
                            }
                          ],
                          "java" : [
                            {
                              "extractor_root" : "C:\\Users\\brook\\code\\codeql\\java",
                              "extractor_options" : {
                                "exclude" : {
                                  "title" : "A glob excluding files from analysis.",
                                  "description" : "A glob indicating what files to exclude from the analysis. This accepts glob patterns that are supported by Java's 'getPathMatcher' implementation.\n",
                                  "type" : "string"
                                },
                                "add_prefer_source" : {
                                  "title" : "Whether to always prefer source files over class files.",
                                  "description" : "A value indicating whether source files should be preferred over class files. If set to 'true', the extraction adds '-Xprefer:source' to the javac command line. If set to 'false', the extraction uses the default javac behavior ('-Xprefer:newer'). The default is 'true'.\n",
                                  "type" : "string",
                                  "pattern" : "^(false|true)$"
                                },
                                "buildless" : {
                                  "title" : "Whether to use buildless (standalone) extraction (experimental).",
                                  "description" : "A value indicating, which type of extraction the autobuilder should perform. If 'true', then the standalone extractor will be used, otherwise tracing extraction will be performed. The default is 'false'. Note that buildless extraction will generally yield less accurate analysis results, and should only be used in cases where it is not possible to build the code (for example if it uses inaccessible dependencies).\n",
                                  "type" : "string",
                                  "pattern" : "^(false|true)$"
                                },
                                "buildless_dependency_dir" : {
                                  "title" : "The path where buildless (standalone) extraction should keep dependencies.",
                                  "description" : "If set, the buildless (standalone) extractor will store dependencies in this directory.\n",
                                  "type" : "string"
                                },
                                "minimize_dependency_jars" : {
                                  "title" : "Whether to rewrite and minimize downloaded JAR dependencies (experimental).",
                                  "description" : "If 'true', JAR dependencies downloaded during extraction will be rewritten to remove unneeded data, such as method bodies. The default is 'false'.\n",
                                  "type" : "string",
                                  "pattern" : "^(false|true)$"
                                }
                              }
                            }
                          ],
                          "javascript" : [
                            {
                              "extractor_root" : "C:\\Users\\brook\\code\\codeql\\javascript",
                              "extractor_options" : {
                                "skip_types" : {
                                  "title" : "Skip type extraction for TypeScript",
                                  "description" : "Whether to skip the extraction of types in a TypeScript application",
                                  "type" : "string",
                                  "pattern" : "^(false|true)$"
                                }
                              }
                            }
                          ],
                          "properties" : [
                            {
                              "extractor_root" : "C:\\Users\\brook\\code\\codeql\\properties"
                            }
                          ],
                          "python" : [
                            {
                              "extractor_root" : "C:\\Users\\brook\\code\\codeql\\python",
                              "extractor_options" : {
                                "logging" : {
                                  "title" : "Options pertaining to logging.",
                                  "description" : "Options pertaining to logging.",
                                  "type" : "object",
                                  "properties" : {
                                    "verbosity" : {
                                      "title" : "Python extractor logging verbosity level.",
                                      "description" : "Controls the level of verbosity of the CodeQL Python extractor.\nThe supported levels are (in order of increasing verbosity):\n\n  - off\n  - errors\n  - warnings\n  - info or progress\n  - debug or progress+\n  - trace or progress++\n  - progress+++\n",
                                      "type" : "string",
                                      "pattern" : "^(off|errors|warnings|(info|progress)|(debug|progress\\+)|(trace|progress\\+\\+)|progress\\+\\+\\+)$"
                                    }
                                  }
                                },
                                "python_executable_name" : {
                                  "title" : "Controls the name of the Python executable used by the Python extractor.",
                                  "description" : "The Python extractor uses platform-dependent heuristics to determine the name of the Python executable to use. Specifying a value for this option overrides the name of the Python executable used by the extractor. Accepted values are py, python and python3. Use this setting with caution, the Python extractor requires Python 3 to run.\n",
                                  "type" : "string",
                                  "pattern" : "^(py|python|python3)$"
                                }
                              }
                            }
                          ],
                          "ruby" : [
                            {
                              "extractor_root" : "C:\\Users\\brook\\code\\codeql\\ruby",
                              "extractor_options" : {
                                "trap" : {
                                  "title" : "Options pertaining to TRAP.",
                                  "description" : "Options pertaining to TRAP.",
                                  "type" : "object",
                                  "properties" : {
                                    "compression" : {
                                      "title" : "Controls compression for the TRAP files written by the extractor.",
                                      "description" : "This option is only intended for use in debugging the extractor. Accepted values are 'gzip' (the default, to write gzip-compressed TRAP) 'zstd' (to write Zstandard-compressed TRAP) and 'none' (to write uncompressed TRAP).\n",
                                      "type" : "string",
                                      "pattern" : "^(none|gzip|zstd)$"
                                    }
                                  }
                                }
                              }
                            }
                          ],
                          "rust" : [
                            {
                              "extractor_root" : "C:\\Users\\brook\\code\\codeql\\rust",
                              "extractor_options" : {
                                "trap" : {
                                  "title" : "Options pertaining to TRAP.",
                                  "description" : "Options pertaining to TRAP.",
                                  "type" : "object",
                                  "properties" : {
                                    "compression" : {
                                      "title" : "Controls compression for the TRAP files written by the extractor.",
                                      "description" : "This option is only intended for use in debugging the extractor. Accepted values are 'gzip' (to write gzip-compressed TRAP) 'zstd' (to write Zstandard-compressed TRAP) and 'none' (the default, to write uncompressed TRAP).\n",
                                      "type" : "string",
                                      "pattern" : "^(none|gzip|zstd)$"
                                    }
                                  }
                                },
                                "cargo_target_dir" : {
                                  "title" : "Directory to use for cargo output files.",
                                  "description" : "This value is an optional path to use as `CARGO_TARGET_DIR` for the internal cargo commands the extractor uses. Pointing it to a persistent directory may reduce execution time of consecutive extractor runs. By default, a new scratch directory is used for each run.\n",
                                  "type" : "string"
                                },
                                "cargo_target" : {
                                  "title" : "Target architecture",
                                  "description" : "Target architecture to use for analysis, analogous to `cargo --target`. By default the host architecture is used.\n",
                                  "type" : "string"
                                },
                                "cargo_features" : {
                                  "title" : "Cargo features to turn on",
                                  "description" : "Comma-separated list of features to turn on. By default all features are enabled. If any features are specified, then only those features are enabled. The `default` feature must be explicitly specified if only default features are desired. Can be repeated.\n",
                                  "type" : "array"
                                },
                                "cargo_cfg_overrides" : {
                                  "title" : "Cargo cfg overrides",
                                  "description" : "Comma-separated list of cfg settings to enable, or disable if prefixed with `-`. Can be repeated.\n",
                                  "type" : "array"
                                },
                                "logging" : {
                                  "title" : "Options pertaining to logging.",
                                  "description" : "Options pertaining to logging.",
                                  "type" : "object",
                                  "properties" : {
                                    "verbosity" : {
                                      "title" : "Extractor logging verbosity level.",
                                      "description" : "Controls the level of verbosity of the extractor. The supported levels are (in order of increasing verbosity):\n  - off\n  - errors\n  - warnings\n  - info or progress\n  - debug or progress+\n  - trace or progress++\n  - progress+++\n",
                                      "type" : "string",
                                      "pattern" : "^(off|errors|warnings|(info|progress)|(debug|progress\\+)|(trace|progress\\+\\+)|progress\\+\\+\\+)$"
                                    },
                                    "flamegraph" : {
                                      "title" : "[Experimental] File path for write flame graph log",
                                      "description" : "Collect flame graph data using the `tracing-flame` crate. To render a flame graph or chart, run the `inferno-flamegraph` command. See also: https://crates.io/crates/tracing-flame\n",
                                      "type" : "string"
                                    }
                                  }
                                },
                                "extract_dependencies_as_source" : {
                                  "title" : "Extract dependencies as source code",
                                  "description" : "Extract the full source code of dependencies instead of only extracting signatures.\n",
                                  "type" : "string",
                                  "pattern" : "^(false|true)$"
                                }
                              }
                            }
                          ],
                          "swift" : [
                            {
                              "extractor_root" : "C:\\Users\\brook\\code\\codeql\\swift"
                            }
                          ],
                          "xml" : [
                            {
                              "extractor_root" : "C:\\Users\\brook\\code\\codeql\\xml"
                            }
                          ],
                          "yaml" : [
                            {
                              "extractor_root" : "C:\\Users\\brook\\code\\codeql\\yaml"
                            }
                          ]
                        }
                      }
[2025-09-23 18:35:48] [PROGRESS] database init> Calculating baseline information in C:\Users\brook\code\HNPLab\data\jsexample
[2025-09-23 18:35:48] [SPAMMY] database init> Ignoring the following directories when processing baseline information: .git, .hg, .svn.
[2025-09-23 18:35:48] [DETAILS] database init> Running command in C:\Users\brook\code\HNPLab\data\jsexample: C:\Users\brook\code\codeql\tools\win64\scc.exe --by-file --exclude-dir .git,.hg,.svn --format json --no-large --no-min .
[2025-09-23 18:35:48] Using configure-baseline script C:\Users\brook\code\codeql\javascript\tools\configure-baseline.cmd.
[2025-09-23 18:35:48] [PROGRESS] database init> Running command in C:\Users\brook\code\HNPLab\data\jsexample: [C:\Users\brook\code\codeql\javascript\tools\configure-baseline.cmd]
[2025-09-23 18:35:48] [SPAMMY] database init> Found 12 baseline files for javascript.
[2025-09-23 18:35:48] [PROGRESS] database init> Calculated baseline information for languages: javascript (209ms).
[2025-09-23 18:35:48] [PROGRESS] database init> Resolving extractor javascript.
[2025-09-23 18:35:48] [DETAILS] database init> Found candidate extractor root for javascript: C:\Users\brook\code\codeql\javascript.
[2025-09-23 18:35:48] [PROGRESS] database init> Successfully loaded extractor JavaScript/TypeScript (javascript) from C:\Users\brook\code\codeql\javascript.
[2025-09-23 18:35:48] [PROGRESS] database init> Created skeleton CodeQL database at C:\Users\brook\code\HNPLab\js-db\jsexample-db. This in-progress database is ready to be populated by an extractor.
[2025-09-23 18:35:48] Plumbing command codeql database init completed.
[2025-09-23 18:35:48] [PROGRESS] database create> Running build command: []
[2025-09-23 18:35:48] Running plumbing command: codeql database trace-command --working-dir=C:\Users\brook\code\HNPLab\data\jsexample --index-traceless-dbs --no-db-cluster -- C:\Users\brook\code\HNPLab\js-db\jsexample-db
[2025-09-23 18:35:48] Using autobuild script C:\Users\brook\code\codeql\javascript\tools\autobuild.cmd.
[2025-09-23 18:35:48] [PROGRESS] database trace-command> Running command in C:\Users\brook\code\HNPLab\data\jsexample: [C:\Users\brook\code\codeql\javascript\tools\autobuild.cmd]
[2025-09-23 18:35:48] [build-stdout] Single-threaded extraction.
[2025-09-23 18:35:48] [build-stdout] Extracting C:\Users\brook\code\HNPLab\data\jsexample\async_context\app.js
[2025-09-23 18:35:49] [build-stdout] Done extracting C:\Users\brook\code\HNPLab\data\jsexample\async_context\app.js (217 ms)
[2025-09-23 18:35:49] [build-stdout] Extracting C:\Users\brook\code\HNPLab\data\jsexample\express\app.js
[2025-09-23 18:35:49] [build-stdout] Done extracting C:\Users\brook\code\HNPLab\data\jsexample\express\app.js (26 ms)
[2025-09-23 18:35:49] [build-stdout] Extracting C:\Users\brook\code\HNPLab\data\jsexample\fastify\app.js
[2025-09-23 18:35:49] [build-stdout] Done extracting C:\Users\brook\code\HNPLab\data\jsexample\fastify\app.js (38 ms)
[2025-09-23 18:35:49] [build-stdout] Extracting C:\Users\brook\code\HNPLab\data\jsexample\graphql_injection\app.js
[2025-09-23 18:35:49] [build-stdout] Done extracting C:\Users\brook\code\HNPLab\data\jsexample\graphql_injection\app.js (61 ms)
[2025-09-23 18:35:49] [build-stdout] Extracting C:\Users\brook\code\HNPLab\data\jsexample\hapi\app.js
[2025-09-23 18:35:49] [build-stdout] Done extracting C:\Users\brook\code\HNPLab\data\jsexample\hapi\app.js (30 ms)
[2025-09-23 18:35:49] [build-stdout] Extracting C:\Users\brook\code\HNPLab\data\jsexample\helmet_bypass\app.js
[2025-09-23 18:35:49] [build-stdout] Done extracting C:\Users\brook\code\HNPLab\data\jsexample\helmet_bypass\app.js (34 ms)
[2025-09-23 18:35:49] [build-stdout] Extracting C:\Users\brook\code\HNPLab\data\jsexample\koa2\app.js
[2025-09-23 18:35:49] [build-stdout] Done extracting C:\Users\brook\code\HNPLab\data\jsexample\koa2\app.js (39 ms)
[2025-09-23 18:35:49] [build-stdout] Extracting C:\Users\brook\code\HNPLab\data\jsexample\koa\app.js
[2025-09-23 18:35:49] [build-stdout] Done extracting C:\Users\brook\code\HNPLab\data\jsexample\koa\app.js (20 ms)
[2025-09-23 18:35:49] [build-stdout] Extracting C:\Users\brook\code\HNPLab\data\jsexample\mongodb_injection\app.js
[2025-09-23 18:35:49] [build-stdout] Done extracting C:\Users\brook\code\HNPLab\data\jsexample\mongodb_injection\app.js (69 ms)
[2025-09-23 18:35:49] [build-stdout] Extracting C:\Users\brook\code\HNPLab\data\jsexample\nestjs\app.js
[2025-09-23 18:35:49] [build-stdout] Done extracting C:\Users\brook\code\HNPLab\data\jsexample\nestjs\app.js (44 ms)
[2025-09-23 18:35:49] [build-stdout] Extracting C:\Users\brook\code\HNPLab\data\jsexample\proxy_bypass\app.js
[2025-09-23 18:35:49] [build-stdout] Done extracting C:\Users\brook\code\HNPLab\data\jsexample\proxy_bypass\app.js (49 ms)
[2025-09-23 18:35:49] [build-stdout] Extracting C:\Users\brook\code\HNPLab\data\jsexample\restify\app.js
[2025-09-23 18:35:49] [build-stdout] Done extracting C:\Users\brook\code\HNPLab\data\jsexample\restify\app.js (41 ms)
[2025-09-23 18:35:49] [build-stderr] No externs trap cache found
[2025-09-23 18:35:49] [build-stdout] Extracting C:\Users\brook\code\codeql\javascript\tools\data\externs\es\es2016.js
[2025-09-23 18:35:49] [build-stdout] Done extracting C:\Users\brook\code\codeql\javascript\tools\data\externs\es\es2016.js (62 ms)
[2025-09-23 18:35:49] [build-stdout] Extracting C:\Users\brook\code\codeql\javascript\tools\data\externs\es\es2017.js
[2025-09-23 18:35:49] [build-stdout] Done extracting C:\Users\brook\code\codeql\javascript\tools\data\externs\es\es2017.js (31 ms)
[2025-09-23 18:35:49] [build-stdout] Extracting C:\Users\brook\code\codeql\javascript\tools\data\externs\es\es3.js
[2025-09-23 18:35:49] [build-stdout] Done extracting C:\Users\brook\code\codeql\javascript\tools\data\externs\es\es3.js (184 ms)
[2025-09-23 18:35:49] [build-stdout] Extracting C:\Users\brook\code\codeql\javascript\tools\data\externs\es\es5.js
[2025-09-23 18:35:49] [build-stdout] Done extracting C:\Users\brook\code\codeql\javascript\tools\data\externs\es\es5.js (101 ms)
[2025-09-23 18:35:49] [build-stdout] Extracting C:\Users\brook\code\codeql\javascript\tools\data\externs\es\es6.js
[2025-09-23 18:35:50] [build-stdout] Done extracting C:\Users\brook\code\codeql\javascript\tools\data\externs\es\es6.js (106 ms)
[2025-09-23 18:35:50] [build-stdout] Extracting C:\Users\brook\code\codeql\javascript\tools\data\externs\es\es6_collections.js
[2025-09-23 18:35:50] [build-stdout] Done extracting C:\Users\brook\code\codeql\javascript\tools\data\externs\es\es6_collections.js (76 ms)
[2025-09-23 18:35:50] [build-stdout] Extracting C:\Users\brook\code\codeql\javascript\tools\data\externs\es\intl.js
[2025-09-23 18:35:50] [build-stdout] Done extracting C:\Users\brook\code\codeql\javascript\tools\data\externs\es\intl.js (43 ms)
[2025-09-23 18:35:50] [build-stdout] Extracting C:\Users\brook\code\codeql\javascript\tools\data\externs\es\proxy.js
[2025-09-23 18:35:50] [build-stdout] Done extracting C:\Users\brook\code\codeql\javascript\tools\data\externs\es\proxy.js (45 ms)
[2025-09-23 18:35:50] [build-stdout] Extracting C:\Users\brook\code\codeql\javascript\tools\data\externs\lib\bdd.js
[2025-09-23 18:35:50] [build-stdout] Done extracting C:\Users\brook\code\codeql\javascript\tools\data\externs\lib\bdd.js (35 ms)
[2025-09-23 18:35:50] [build-stdout] Extracting C:\Users\brook\code\codeql\javascript\tools\data\externs\lib\jquery-3.2.js
[2025-09-23 18:35:50] [build-stdout] Done extracting C:\Users\brook\code\codeql\javascript\tools\data\externs\lib\jquery-3.2.js (154 ms)
[2025-09-23 18:35:50] [build-stdout] Extracting C:\Users\brook\code\codeql\javascript\tools\data\externs\lib\should.js
[2025-09-23 18:35:50] [build-stdout] Done extracting C:\Users\brook\code\codeql\javascript\tools\data\externs\lib\should.js (51 ms)
[2025-09-23 18:35:50] [build-stdout] Extracting C:\Users\brook\code\codeql\javascript\tools\data\externs\lib\vows.js
[2025-09-23 18:35:50] [build-stdout] Done extracting C:\Users\brook\code\codeql\javascript\tools\data\externs\lib\vows.js (77 ms)
[2025-09-23 18:35:50] [build-stdout] Extracting C:\Users\brook\code\codeql\javascript\tools\data\externs\nodejs\assert.js
[2025-09-23 18:35:50] [build-stdout] Done extracting C:\Users\brook\code\codeql\javascript\tools\data\externs\nodejs\assert.js (47 ms)
[2025-09-23 18:35:50] [build-stdout] Extracting C:\Users\brook\code\codeql\javascript\tools\data\externs\nodejs\assert_legacy.js
[2025-09-23 18:35:50] [build-stdout] Done extracting C:\Users\brook\code\codeql\javascript\tools\data\externs\nodejs\assert_legacy.js (27 ms)
[2025-09-23 18:35:50] [build-stdout] Extracting C:\Users\brook\code\codeql\javascript\tools\data\externs\nodejs\buffer.js
[2025-09-23 18:35:50] [build-stdout] Done extracting C:\Users\brook\code\codeql\javascript\tools\data\externs\nodejs\buffer.js (43 ms)
[2025-09-23 18:35:50] [build-stdout] Extracting C:\Users\brook\code\codeql\javascript\tools\data\externs\nodejs\child_process.js
[2025-09-23 18:35:50] [build-stdout] Done extracting C:\Users\brook\code\codeql\javascript\tools\data\externs\nodejs\child_process.js (88 ms)
[2025-09-23 18:35:50] [build-stdout] Extracting C:\Users\brook\code\codeql\javascript\tools\data\externs\nodejs\cluster.js
[2025-09-23 18:35:50] [build-stdout] Done extracting C:\Users\brook\code\codeql\javascript\tools\data\externs\nodejs\cluster.js (103 ms)
[2025-09-23 18:35:50] [build-stdout] Extracting C:\Users\brook\code\codeql\javascript\tools\data\externs\nodejs\console.js
[2025-09-23 18:35:50] [build-stdout] Done extracting C:\Users\brook\code\codeql\javascript\tools\data\externs\nodejs\console.js (65 ms)
[2025-09-23 18:35:50] [build-stdout] Extracting C:\Users\brook\code\codeql\javascript\tools\data\externs\nodejs\constants.js
[2025-09-23 18:35:51] [build-stdout] Done extracting C:\Users\brook\code\codeql\javascript\tools\data\externs\nodejs\constants.js (119 ms)
[2025-09-23 18:35:51] [build-stdout] Extracting C:\Users\brook\code\codeql\javascript\tools\data\externs\nodejs\crypto.js
[2025-09-23 18:35:51] [build-stdout] Done extracting C:\Users\brook\code\codeql\javascript\tools\data\externs\nodejs\crypto.js (88 ms)
[2025-09-23 18:35:51] [build-stdout] Extracting C:\Users\brook\code\codeql\javascript\tools\data\externs\nodejs\dgram.js
[2025-09-23 18:35:51] [build-stdout] Done extracting C:\Users\brook\code\codeql\javascript\tools\data\externs\nodejs\dgram.js (47 ms)
[2025-09-23 18:35:51] [build-stdout] Extracting C:\Users\brook\code\codeql\javascript\tools\data\externs\nodejs\dns.js
[2025-09-23 18:35:51] [build-stdout] Done extracting C:\Users\brook\code\codeql\javascript\tools\data\externs\nodejs\dns.js (48 ms)
[2025-09-23 18:35:51] [build-stdout] Extracting C:\Users\brook\code\codeql\javascript\tools\data\externs\nodejs\domain.js
[2025-09-23 18:35:51] [build-stdout] Done extracting C:\Users\brook\code\codeql\javascript\tools\data\externs\nodejs\domain.js (42 ms)
[2025-09-23 18:35:51] [build-stdout] Extracting C:\Users\brook\code\codeql\javascript\tools\data\externs\nodejs\events.js
[2025-09-23 18:35:51] [build-stdout] Done extracting C:\Users\brook\code\codeql\javascript\tools\data\externs\nodejs\events.js (51 ms)
[2025-09-23 18:35:51] [build-stdout] Extracting C:\Users\brook\code\codeql\javascript\tools\data\externs\nodejs\fs.js
[2025-09-23 18:35:51] [build-stdout] Done extracting C:\Users\brook\code\codeql\javascript\tools\data\externs\nodejs\fs.js (140 ms)
[2025-09-23 18:35:51] [build-stdout] Extracting C:\Users\brook\code\codeql\javascript\tools\data\externs\nodejs\globals.js
[2025-09-23 18:35:51] [build-stdout] Done extracting C:\Users\brook\code\codeql\javascript\tools\data\externs\nodejs\globals.js (186 ms)
[2025-09-23 18:35:51] [build-stdout] Extracting C:\Users\brook\code\codeql\javascript\tools\data\externs\nodejs\http.js
[2025-09-23 18:35:51] [build-stdout] Done extracting C:\Users\brook\code\codeql\javascript\tools\data\externs\nodejs\http.js (84 ms)
[2025-09-23 18:35:51] [build-stdout] Extracting C:\Users\brook\code\codeql\javascript\tools\data\externs\nodejs\https.js
[2025-09-23 18:35:51] [build-stdout] Done extracting C:\Users\brook\code\codeql\javascript\tools\data\externs\nodejs\https.js (91 ms)
[2025-09-23 18:35:51] [build-stdout] Extracting C:\Users\brook\code\codeql\javascript\tools\data\externs\nodejs\module.js
[2025-09-23 18:35:51] [build-stdout] Done extracting C:\Users\brook\code\codeql\javascript\tools\data\externs\nodejs\module.js (40 ms)
[2025-09-23 18:35:51] [build-stdout] Extracting C:\Users\brook\code\codeql\javascript\tools\data\externs\nodejs\net.js
[2025-09-23 18:35:51] [build-stdout] Done extracting C:\Users\brook\code\codeql\javascript\tools\data\externs\nodejs\net.js (61 ms)
[2025-09-23 18:35:51] [build-stdout] Extracting C:\Users\brook\code\codeql\javascript\tools\data\externs\nodejs\os.js
[2025-09-23 18:35:51] [build-stdout] Done extracting C:\Users\brook\code\codeql\javascript\tools\data\externs\nodejs\os.js (42 ms)
[2025-09-23 18:35:51] [build-stdout] Extracting C:\Users\brook\code\codeql\javascript\tools\data\externs\nodejs\path.js
[2025-09-23 18:35:52] [build-stdout] Done extracting C:\Users\brook\code\codeql\javascript\tools\data\externs\nodejs\path.js (51 ms)
[2025-09-23 18:35:52] [build-stdout] Extracting C:\Users\brook\code\codeql\javascript\tools\data\externs\nodejs\process.js
[2025-09-23 18:35:52] [build-stdout] Done extracting C:\Users\brook\code\codeql\javascript\tools\data\externs\nodejs\process.js (33 ms)
[2025-09-23 18:35:52] [build-stdout] Extracting C:\Users\brook\code\codeql\javascript\tools\data\externs\nodejs\punycode.js
[2025-09-23 18:35:52] [build-stdout] Done extracting C:\Users\brook\code\codeql\javascript\tools\data\externs\nodejs\punycode.js (36 ms)
[2025-09-23 18:35:52] [build-stdout] Extracting C:\Users\brook\code\codeql\javascript\tools\data\externs\nodejs\querystring.js
[2025-09-23 18:35:52] [build-stdout] Done extracting C:\Users\brook\code\codeql\javascript\tools\data\externs\nodejs\querystring.js (42 ms)
[2025-09-23 18:35:52] [build-stdout] Extracting C:\Users\brook\code\codeql\javascript\tools\data\externs\nodejs\readline.js
[2025-09-23 18:35:52] [build-stdout] Done extracting C:\Users\brook\code\codeql\javascript\tools\data\externs\nodejs\readline.js (39 ms)
[2025-09-23 18:35:52] [build-stdout] Extracting C:\Users\brook\code\codeql\javascript\tools\data\externs\nodejs\repl.js
[2025-09-23 18:35:52] [build-stdout] Done extracting C:\Users\brook\code\codeql\javascript\tools\data\externs\nodejs\repl.js (37 ms)
[2025-09-23 18:35:52] [build-stdout] Extracting C:\Users\brook\code\codeql\javascript\tools\data\externs\nodejs\stream.js
[2025-09-23 18:35:52] [build-stdout] Done extracting C:\Users\brook\code\codeql\javascript\tools\data\externs\nodejs\stream.js (69 ms)
[2025-09-23 18:35:52] [build-stdout] Extracting C:\Users\brook\code\codeql\javascript\tools\data\externs\nodejs\string_decoder.js
[2025-09-23 18:35:52] [build-stdout] Done extracting C:\Users\brook\code\codeql\javascript\tools\data\externs\nodejs\string_decoder.js (71 ms)
[2025-09-23 18:35:52] [build-stdout] Extracting C:\Users\brook\code\codeql\javascript\tools\data\externs\nodejs\sys.js
[2025-09-23 18:35:52] [build-stdout] Done extracting C:\Users\brook\code\codeql\javascript\tools\data\externs\nodejs\sys.js (36 ms)
[2025-09-23 18:35:52] [build-stdout] Extracting C:\Users\brook\code\codeql\javascript\tools\data\externs\nodejs\timers.js
[2025-09-23 18:35:52] [build-stdout] Done extracting C:\Users\brook\code\codeql\javascript\tools\data\externs\nodejs\timers.js (39 ms)
[2025-09-23 18:35:52] [build-stdout] Extracting C:\Users\brook\code\codeql\javascript\tools\data\externs\nodejs\tls.js
[2025-09-23 18:35:52] [build-stdout] Done extracting C:\Users\brook\code\codeql\javascript\tools\data\externs\nodejs\tls.js (56 ms)
[2025-09-23 18:35:52] [build-stdout] Extracting C:\Users\brook\code\codeql\javascript\tools\data\externs\nodejs\tty.js
[2025-09-23 18:35:52] [build-stdout] Done extracting C:\Users\brook\code\codeql\javascript\tools\data\externs\nodejs\tty.js (72 ms)
[2025-09-23 18:35:52] [build-stdout] Extracting C:\Users\brook\code\codeql\javascript\tools\data\externs\nodejs\url.js
[2025-09-23 18:35:52] [build-stdout] Done extracting C:\Users\brook\code\codeql\javascript\tools\data\externs\nodejs\url.js (37 ms)
[2025-09-23 18:35:52] [build-stdout] Extracting C:\Users\brook\code\codeql\javascript\tools\data\externs\nodejs\util.js
[2025-09-23 18:35:52] [build-stdout] Done extracting C:\Users\brook\code\codeql\javascript\tools\data\externs\nodejs\util.js (47 ms)
[2025-09-23 18:35:52] [build-stdout] Extracting C:\Users\brook\code\codeql\javascript\tools\data\externs\nodejs\v8.js
[2025-09-23 18:35:52] [build-stdout] Done extracting C:\Users\brook\code\codeql\javascript\tools\data\externs\nodejs\v8.js (63 ms)
[2025-09-23 18:35:52] [build-stdout] Extracting C:\Users\brook\code\codeql\javascript\tools\data\externs\nodejs\vm.js
[2025-09-23 18:35:52] [build-stdout] Done extracting C:\Users\brook\code\codeql\javascript\tools\data\externs\nodejs\vm.js (46 ms)
[2025-09-23 18:35:52] [build-stdout] Extracting C:\Users\brook\code\codeql\javascript\tools\data\externs\nodejs\zlib.js
[2025-09-23 18:35:52] [build-stdout] Done extracting C:\Users\brook\code\codeql\javascript\tools\data\externs\nodejs\zlib.js (82 ms)
[2025-09-23 18:35:52] [build-stdout] Extracting C:\Users\brook\code\codeql\javascript\tools\data\externs\vm\jsshell.js
[2025-09-23 18:35:52] [build-stdout] Done extracting C:\Users\brook\code\codeql\javascript\tools\data\externs\vm\jsshell.js (57 ms)
[2025-09-23 18:35:52] [build-stdout] Extracting C:\Users\brook\code\codeql\javascript\tools\data\externs\vm\rhino.js
[2025-09-23 18:35:52] [build-stdout] Done extracting C:\Users\brook\code\codeql\javascript\tools\data\externs\vm\rhino.js (57 ms)
[2025-09-23 18:35:52] [build-stdout] Extracting C:\Users\brook\code\codeql\javascript\tools\data\externs\vm\spidermonkey.js
[2025-09-23 18:35:52] [build-stdout] Done extracting C:\Users\brook\code\codeql\javascript\tools\data\externs\vm\spidermonkey.js (45 ms)
[2025-09-23 18:35:52] [build-stdout] Extracting C:\Users\brook\code\codeql\javascript\tools\data\externs\vm\v8.js
[2025-09-23 18:35:53] [build-stdout] Done extracting C:\Users\brook\code\codeql\javascript\tools\data\externs\vm\v8.js (39 ms)
[2025-09-23 18:35:53] [build-stdout] Extracting C:\Users\brook\code\codeql\javascript\tools\data\externs\web\chrome.js
[2025-09-23 18:35:53] [build-stdout] Done extracting C:\Users\brook\code\codeql\javascript\tools\data\externs\web\chrome.js (52 ms)
[2025-09-23 18:35:53] [build-stdout] Extracting C:\Users\brook\code\codeql\javascript\tools\data\externs\web\fetchapi.js
[2025-09-23 18:35:53] [build-stdout] Done extracting C:\Users\brook\code\codeql\javascript\tools\data\externs\web\fetchapi.js (83 ms)
[2025-09-23 18:35:53] [build-stdout] Extracting C:\Users\brook\code\codeql\javascript\tools\data\externs\web\fileapi.js
[2025-09-23 18:35:53] [build-stdout] Done extracting C:\Users\brook\code\codeql\javascript\tools\data\externs\web\fileapi.js (69 ms)
[2025-09-23 18:35:53] [build-stdout] Extracting C:\Users\brook\code\codeql\javascript\tools\data\externs\web\flash.js
[2025-09-23 18:35:53] [build-stdout] Done extracting C:\Users\brook\code\codeql\javascript\tools\data\externs\web\flash.js (72 ms)
[2025-09-23 18:35:53] [build-stdout] Extracting C:\Users\brook\code\codeql\javascript\tools\data\externs\web\gecko_css.js
[2025-09-23 18:35:53] [build-stdout] Done extracting C:\Users\brook\code\codeql\javascript\tools\data\externs\web\gecko_css.js (31 ms)
[2025-09-23 18:35:53] [build-stdout] Extracting C:\Users\brook\code\codeql\javascript\tools\data\externs\web\gecko_dom.js
[2025-09-23 18:35:53] [build-stdout] Done extracting C:\Users\brook\code\codeql\javascript\tools\data\externs\web\gecko_dom.js (57 ms)
[2025-09-23 18:35:53] [build-stdout] Extracting C:\Users\brook\code\codeql\javascript\tools\data\externs\web\gecko_event.js
[2025-09-23 18:35:53] [build-stdout] Done extracting C:\Users\brook\code\codeql\javascript\tools\data\externs\web\gecko_event.js (31 ms)
[2025-09-23 18:35:53] [build-stdout] Extracting C:\Users\brook\code\codeql\javascript\tools\data\externs\web\gecko_ext.js
[2025-09-23 18:35:53] [build-stdout] Done extracting C:\Users\brook\code\codeql\javascript\tools\data\externs\web\gecko_ext.js (48 ms)
[2025-09-23 18:35:53] [build-stdout] Extracting C:\Users\brook\code\codeql\javascript\tools\data\externs\web\gecko_xml.js
[2025-09-23 18:35:53] [build-stdout] Done extracting C:\Users\brook\code\codeql\javascript\tools\data\externs\web\gecko_xml.js (29 ms)
[2025-09-23 18:35:53] [build-stdout] Extracting C:\Users\brook\code\codeql\javascript\tools\data\externs\web\html5.js
[2025-09-23 18:35:53] [build-stdout] Done extracting C:\Users\brook\code\codeql\javascript\tools\data\externs\web\html5.js (236 ms)
[2025-09-23 18:35:53] [build-stdout] Extracting C:\Users\brook\code\codeql\javascript\tools\data\externs\web\ie_css.js
[2025-09-23 18:35:53] [build-stdout] Done extracting C:\Users\brook\code\codeql\javascript\tools\data\externs\web\ie_css.js (62 ms)
[2025-09-23 18:35:53] [build-stdout] Extracting C:\Users\brook\code\codeql\javascript\tools\data\externs\web\ie_dom.js
[2025-09-23 18:35:53] [build-stdout] Done extracting C:\Users\brook\code\codeql\javascript\tools\data\externs\web\ie_dom.js (69 ms)
[2025-09-23 18:35:53] [build-stdout] Extracting C:\Users\brook\code\codeql\javascript\tools\data\externs\web\ie_event.js
[2025-09-23 18:35:53] [build-stdout] Done extracting C:\Users\brook\code\codeql\javascript\tools\data\externs\web\ie_event.js (35 ms)
[2025-09-23 18:35:53] [build-stdout] Extracting C:\Users\brook\code\codeql\javascript\tools\data\externs\web\ie_vml.js
[2025-09-23 18:35:53] [build-stdout] Done extracting C:\Users\brook\code\codeql\javascript\tools\data\externs\web\ie_vml.js (44 ms)
[2025-09-23 18:35:53] [build-stdout] Extracting C:\Users\brook\code\codeql\javascript\tools\data\externs\web\intl.js
[2025-09-23 18:35:53] [build-stdout] Done extracting C:\Users\brook\code\codeql\javascript\tools\data\externs\web\intl.js (34 ms)
[2025-09-23 18:35:53] [build-stdout] Extracting C:\Users\brook\code\codeql\javascript\tools\data\externs\web\iphone.js
[2025-09-23 18:35:54] [build-stdout] Done extracting C:\Users\brook\code\codeql\javascript\tools\data\externs\web\iphone.js (33 ms)
[2025-09-23 18:35:54] [build-stdout] Extracting C:\Users\brook\code\codeql\javascript\tools\data\externs\web\mediasource.js
[2025-09-23 18:35:54] [build-stdout] Done extracting C:\Users\brook\code\codeql\javascript\tools\data\externs\web\mediasource.js (33 ms)
[2025-09-23 18:35:54] [build-stdout] Extracting C:\Users\brook\code\codeql\javascript\tools\data\externs\web\page_visibility.js
[2025-09-23 18:35:54] [build-stdout] Done extracting C:\Users\brook\code\codeql\javascript\tools\data\externs\web\page_visibility.js (44 ms)
[2025-09-23 18:35:54] [build-stdout] Extracting C:\Users\brook\code\codeql\javascript\tools\data\externs\web\streamsapi.js
[2025-09-23 18:35:54] [build-stdout] Done extracting C:\Users\brook\code\codeql\javascript\tools\data\externs\web\streamsapi.js (43 ms)
[2025-09-23 18:35:54] [build-stdout] Extracting C:\Users\brook\code\codeql\javascript\tools\data\externs\web\url.js
[2025-09-23 18:35:54] [build-stdout] Done extracting C:\Users\brook\code\codeql\javascript\tools\data\externs\web\url.js (40 ms)
[2025-09-23 18:35:54] [build-stdout] Extracting C:\Users\brook\code\codeql\javascript\tools\data\externs\web\w3c_anim_timing.js
[2025-09-23 18:35:54] [build-stdout] Done extracting C:\Users\brook\code\codeql\javascript\tools\data\externs\web\w3c_anim_timing.js (34 ms)
[2025-09-23 18:35:54] [build-stdout] Extracting C:\Users\brook\code\codeql\javascript\tools\data\externs\web\w3c_batterystatus.js
[2025-09-23 18:35:54] [build-stdout] Done extracting C:\Users\brook\code\codeql\javascript\tools\data\externs\web\w3c_batterystatus.js (26 ms)
[2025-09-23 18:35:54] [build-stdout] Extracting C:\Users\brook\code\codeql\javascript\tools\data\externs\web\w3c_css.js
[2025-09-23 18:35:54] [build-stdout] Done extracting C:\Users\brook\code\codeql\javascript\tools\data\externs\web\w3c_css.js (101 ms)
[2025-09-23 18:35:54] [build-stdout] Extracting C:\Users\brook\code\codeql\javascript\tools\data\externs\web\w3c_css3d.js
[2025-09-23 18:35:54] [build-stdout] Done extracting C:\Users\brook\code\codeql\javascript\tools\data\externs\web\w3c_css3d.js (65 ms)
[2025-09-23 18:35:54] [build-stdout] Extracting C:\Users\brook\code\codeql\javascript\tools\data\externs\web\w3c_device_sensor_event.js
[2025-09-23 18:35:54] [build-stdout] Done extracting C:\Users\brook\code\codeql\javascript\tools\data\externs\web\w3c_device_sensor_event.js (31 ms)
[2025-09-23 18:35:54] [build-stdout] Extracting C:\Users\brook\code\codeql\javascript\tools\data\externs\web\w3c_dom1.js
[2025-09-23 18:35:54] [build-stdout] Done extracting C:\Users\brook\code\codeql\javascript\tools\data\externs\web\w3c_dom1.js (75 ms)
[2025-09-23 18:35:54] [build-stdout] Extracting C:\Users\brook\code\codeql\javascript\tools\data\externs\web\w3c_dom2.js
[2025-09-23 18:35:54] [build-stdout] Done extracting C:\Users\brook\code\codeql\javascript\tools\data\externs\web\w3c_dom2.js (113 ms)
[2025-09-23 18:35:54] [build-stdout] Extracting C:\Users\brook\code\codeql\javascript\tools\data\externs\web\w3c_dom3.js
[2025-09-23 18:35:54] [build-stdout] Done extracting C:\Users\brook\code\codeql\javascript\tools\data\externs\web\w3c_dom3.js (148 ms)
[2025-09-23 18:35:54] [build-stdout] Extracting C:\Users\brook\code\codeql\javascript\tools\data\externs\web\w3c_dom4.js
[2025-09-23 18:35:54] [build-stdout] Done extracting C:\Users\brook\code\codeql\javascript\tools\data\externs\web\w3c_dom4.js (59 ms)
[2025-09-23 18:35:54] [build-stdout] Extracting C:\Users\brook\code\codeql\javascript\tools\data\externs\web\w3c_elementtraversal.js
[2025-09-23 18:35:54] [build-stdout] Done extracting C:\Users\brook\code\codeql\javascript\tools\data\externs\web\w3c_elementtraversal.js (31 ms)
[2025-09-23 18:35:54] [build-stdout] Extracting C:\Users\brook\code\codeql\javascript\tools\data\externs\web\w3c_encoding.js
[2025-09-23 18:35:54] [build-stdout] Done extracting C:\Users\brook\code\codeql\javascript\tools\data\externs\web\w3c_encoding.js (31 ms)
[2025-09-23 18:35:54] [build-stdout] Extracting C:\Users\brook\code\codeql\javascript\tools\data\externs\web\w3c_event.js
[2025-09-23 18:35:54] [build-stdout] Done extracting C:\Users\brook\code\codeql\javascript\tools\data\externs\web\w3c_event.js (59 ms)
[2025-09-23 18:35:54] [build-stdout] Extracting C:\Users\brook\code\codeql\javascript\tools\data\externs\web\w3c_event3.js
[2025-09-23 18:35:55] [build-stdout] Done extracting C:\Users\brook\code\codeql\javascript\tools\data\externs\web\w3c_event3.js (39 ms)
[2025-09-23 18:35:55] [build-stdout] Extracting C:\Users\brook\code\codeql\javascript\tools\data\externs\web\w3c_gamepad.js
[2025-09-23 18:35:55] [build-stdout] Done extracting C:\Users\brook\code\codeql\javascript\tools\data\externs\web\w3c_gamepad.js (39 ms)
[2025-09-23 18:35:55] [build-stdout] Extracting C:\Users\brook\code\codeql\javascript\tools\data\externs\web\w3c_geolocation.js
[2025-09-23 18:35:55] [build-stdout] Done extracting C:\Users\brook\code\codeql\javascript\tools\data\externs\web\w3c_geolocation.js (42 ms)
[2025-09-23 18:35:55] [build-stdout] Extracting C:\Users\brook\code\codeql\javascript\tools\data\externs\web\w3c_indexeddb.js
[2025-09-23 18:35:55] [build-stdout] Done extracting C:\Users\brook\code\codeql\javascript\tools\data\externs\web\w3c_indexeddb.js (66 ms)
[2025-09-23 18:35:55] [build-stdout] Extracting C:\Users\brook\code\codeql\javascript\tools\data\externs\web\w3c_midi.js
[2025-09-23 18:35:55] [build-stdout] Done extracting C:\Users\brook\code\codeql\javascript\tools\data\externs\web\w3c_midi.js (41 ms)
[2025-09-23 18:35:55] [build-stdout] Extracting C:\Users\brook\code\codeql\javascript\tools\data\externs\web\w3c_navigation_timing.js
[2025-09-23 18:35:55] [build-stdout] Done extracting C:\Users\brook\code\codeql\javascript\tools\data\externs\web\w3c_navigation_timing.js (32 ms)
[2025-09-23 18:35:55] [build-stdout] Extracting C:\Users\brook\code\codeql\javascript\tools\data\externs\web\w3c_permissions.js
[2025-09-23 18:35:55] [build-stdout] Done extracting C:\Users\brook\code\codeql\javascript\tools\data\externs\web\w3c_permissions.js (29 ms)
[2025-09-23 18:35:55] [build-stdout] Extracting C:\Users\brook\code\codeql\javascript\tools\data\externs\web\w3c_pointer_events.js
[2025-09-23 18:35:55] [build-stdout] Done extracting C:\Users\brook\code\codeql\javascript\tools\data\externs\web\w3c_pointer_events.js (31 ms)
[2025-09-23 18:35:55] [build-stdout] Extracting C:\Users\brook\code\codeql\javascript\tools\data\externs\web\w3c_range.js
[2025-09-23 18:35:55] [build-stdout] Done extracting C:\Users\brook\code\codeql\javascript\tools\data\externs\web\w3c_range.js (40 ms)
[2025-09-23 18:35:55] [build-stdout] Extracting C:\Users\brook\code\codeql\javascript\tools\data\externs\web\w3c_requestidlecallback.js
[2025-09-23 18:35:55] [build-stdout] Done extracting C:\Users\brook\code\codeql\javascript\tools\data\externs\web\w3c_requestidlecallback.js (26 ms)
[2025-09-23 18:35:55] [build-stdout] Extracting C:\Users\brook\code\codeql\javascript\tools\data\externs\web\w3c_rtc.js
[2025-09-23 18:35:55] [build-stdout] Done extracting C:\Users\brook\code\codeql\javascript\tools\data\externs\web\w3c_rtc.js (102 ms)
[2025-09-23 18:35:55] [build-stdout] Extracting C:\Users\brook\code\codeql\javascript\tools\data\externs\web\w3c_screen_orientation.js
[2025-09-23 18:35:55] [build-stdout] Done extracting C:\Users\brook\code\codeql\javascript\tools\data\externs\web\w3c_screen_orientation.js (54 ms)
[2025-09-23 18:35:55] [build-stdout] Extracting C:\Users\brook\code\codeql\javascript\tools\data\externs\web\w3c_selectors.js
[2025-09-23 18:35:55] [build-stdout] Done extracting C:\Users\brook\code\codeql\javascript\tools\data\externs\web\w3c_selectors.js (28 ms)
[2025-09-23 18:35:55] [build-stdout] Extracting C:\Users\brook\code\codeql\javascript\tools\data\externs\web\w3c_serviceworker.js
[2025-09-23 18:35:55] [build-stdout] Done extracting C:\Users\brook\code\codeql\javascript\tools\data\externs\web\w3c_serviceworker.js (51 ms)
[2025-09-23 18:35:55] [build-stdout] Extracting C:\Users\brook\code\codeql\javascript\tools\data\externs\web\w3c_touch_event.js
[2025-09-23 18:35:55] [build-stdout] Done extracting C:\Users\brook\code\codeql\javascript\tools\data\externs\web\w3c_touch_event.js (35 ms)
[2025-09-23 18:35:55] [build-stdout] Extracting C:\Users\brook\code\codeql\javascript\tools\data\externs\web\w3c_webcrypto.js
[2025-09-23 18:35:55] [build-stdout] Done extracting C:\Users\brook\code\codeql\javascript\tools\data\externs\web\w3c_webcrypto.js (41 ms)
[2025-09-23 18:35:55] [build-stdout] Extracting C:\Users\brook\code\codeql\javascript\tools\data\externs\web\w3c_xml.js
[2025-09-23 18:35:55] [build-stdout] Done extracting C:\Users\brook\code\codeql\javascript\tools\data\externs\web\w3c_xml.js (55 ms)
[2025-09-23 18:35:55] [build-stdout] Extracting C:\Users\brook\code\codeql\javascript\tools\data\externs\web\webgl.js
[2025-09-23 18:35:55] [build-stdout] Done extracting C:\Users\brook\code\codeql\javascript\tools\data\externs\web\webgl.js (155 ms)
[2025-09-23 18:35:55] [build-stdout] Extracting C:\Users\brook\code\codeql\javascript\tools\data\externs\web\webkit_css.js
[2025-09-23 18:35:56] [build-stdout] Done extracting C:\Users\brook\code\codeql\javascript\tools\data\externs\web\webkit_css.js (98 ms)
[2025-09-23 18:35:56] [build-stdout] Extracting C:\Users\brook\code\codeql\javascript\tools\data\externs\web\webkit_dom.js
[2025-09-23 18:35:56] [build-stdout] Done extracting C:\Users\brook\code\codeql\javascript\tools\data\externs\web\webkit_dom.js (71 ms)
[2025-09-23 18:35:56] [build-stdout] Extracting C:\Users\brook\code\codeql\javascript\tools\data\externs\web\webkit_event.js
[2025-09-23 18:35:56] [build-stdout] Done extracting C:\Users\brook\code\codeql\javascript\tools\data\externs\web\webkit_event.js (24 ms)
[2025-09-23 18:35:56] [build-stdout] Extracting C:\Users\brook\code\codeql\javascript\tools\data\externs\web\webkit_notifications.js
[2025-09-23 18:35:56] [build-stdout] Done extracting C:\Users\brook\code\codeql\javascript\tools\data\externs\web\webkit_notifications.js (38 ms)
[2025-09-23 18:35:56] [build-stdout] Extracting C:\Users\brook\code\codeql\javascript\tools\data\externs\web\webkit_usercontent.js
[2025-09-23 18:35:56] [build-stdout] Done extracting C:\Users\brook\code\codeql\javascript\tools\data\externs\web\webkit_usercontent.js (57 ms)
[2025-09-23 18:35:56] [build-stdout] Extracting C:\Users\brook\code\codeql\javascript\tools\data\externs\web\webstorage.js
[2025-09-23 18:35:56] [build-stdout] Done extracting C:\Users\brook\code\codeql\javascript\tools\data\externs\web\webstorage.js (42 ms)
[2025-09-23 18:35:56] [build-stdout] Extracting C:\Users\brook\code\codeql\javascript\tools\data\externs\web\whatwg_encoding.js
[2025-09-23 18:35:56] [build-stdout] Done extracting C:\Users\brook\code\codeql\javascript\tools\data\externs\web\whatwg_encoding.js (34 ms)
[2025-09-23 18:35:56] [build-stdout] Extracting C:\Users\brook\code\codeql\javascript\tools\data\externs\web\window.js
[2025-09-23 18:35:56] [build-stdout] Done extracting C:\Users\brook\code\codeql\javascript\tools\data\externs\web\window.js (41 ms)
[2025-09-23 18:35:56] Plumbing command codeql database trace-command completed.
[2025-09-23 18:35:56] [PROGRESS] database create> Finalizing database at C:\Users\brook\code\HNPLab\js-db\jsexample-db.
[2025-09-23 18:35:56] Running plumbing command: codeql database finalize --no-db-cluster -- C:\Users\brook\code\HNPLab\js-db\jsexample-db
[2025-09-23 18:35:56] [PROGRESS] database finalize> Running TRAP import for CodeQL database at C:\Users\brook\code\HNPLab\js-db\jsexample-db...
[2025-09-23 18:35:56] Running plumbing command: codeql dataset import --dbscheme=C:\Users\brook\code\codeql\javascript\semmlecode.javascript.dbscheme -- C:\Users\brook\code\HNPLab\js-db\jsexample-db\db-javascript C:\Users\brook\code\HNPLab\js-db\jsexample-db\trap\javascript
[2025-09-23 18:35:56] Clearing disk cache since the version file C:\Users\brook\code\HNPLab\js-db\jsexample-db\db-javascript\default\cache\version does not exist
[2025-09-23 18:35:56] Tuple pool not found. Clearing relations with cached strings
[2025-09-23 18:35:56] Trimming disk cache at C:\Users\brook\code\HNPLab\js-db\jsexample-db\db-javascript\default\cache in mode clear.
[2025-09-23 18:35:56] Sequence stamp origin is -6000468930853634274
[2025-09-23 18:35:56] Pausing evaluation to hard-clear memory at sequence stamp o+0
[2025-09-23 18:35:56] Unpausing evaluation
[2025-09-23 18:35:56] Pausing evaluation to quickly trim disk at sequence stamp o+1
[2025-09-23 18:35:56] Unpausing evaluation
[2025-09-23 18:35:56] Pausing evaluation to zealously trim disk at sequence stamp o+2
[2025-09-23 18:35:56] Unpausing evaluation
[2025-09-23 18:35:56] Trimming completed (9ms): Purged everything.
[2025-09-23 18:35:56] Scanning for files in C:\Users\brook\code\HNPLab\js-db\jsexample-db\trap\javascript
[2025-09-23 18:35:56] Found 123 TRAP files (8.97 MiB)
[2025-09-23 18:35:56] [PROGRESS] dataset import> Importing TRAP files
[2025-09-23 18:35:56] Importing app.js.trap.gz (1 of 123)
[2025-09-23 18:35:57] Importing app.js.trap.gz (2 of 123)
[2025-09-23 18:35:57] Importing app.js.trap.gz (3 of 123)
[2025-09-23 18:35:57] Importing app.js.trap.gz (4 of 123)
[2025-09-23 18:35:57] Importing app.js.trap.gz (5 of 123)
[2025-09-23 18:35:57] Importing app.js.trap.gz (6 of 123)
[2025-09-23 18:35:57] Importing app.js.trap.gz (7 of 123)
[2025-09-23 18:35:57] Importing app.js.trap.gz (8 of 123)
[2025-09-23 18:35:57] Importing app.js.trap.gz (9 of 123)
[2025-09-23 18:35:57] Importing app.js.trap.gz (10 of 123)
[2025-09-23 18:35:57] Importing app.js.trap.gz (11 of 123)
[2025-09-23 18:35:57] Importing app.js.trap.gz (12 of 123)
[2025-09-23 18:35:57] Importing es2016.js.trap.gz (13 of 123)
[2025-09-23 18:35:57] Importing es2017.js.trap.gz (14 of 123)
[2025-09-23 18:35:57] Importing es3.js.trap.gz (15 of 123)
[2025-09-23 18:35:57] Importing es5.js.trap.gz (16 of 123)
[2025-09-23 18:35:57] Importing es6.js.trap.gz (17 of 123)
[2025-09-23 18:35:57] Importing es6_collections.js.trap.gz (18 of 123)
[2025-09-23 18:35:57] Importing intl.js.trap.gz (19 of 123)
[2025-09-23 18:35:57] Importing proxy.js.trap.gz (20 of 123)
[2025-09-23 18:35:57] Importing bdd.js.trap.gz (21 of 123)
[2025-09-23 18:35:57] Importing jquery-3.2.js.trap.gz (22 of 123)
[2025-09-23 18:35:57] Importing should.js.trap.gz (23 of 123)
[2025-09-23 18:35:58] Importing vows.js.trap.gz (24 of 123)
[2025-09-23 18:35:58] Importing assert.js.trap.gz (25 of 123)
[2025-09-23 18:35:58] Importing assert_legacy.js.trap.gz (26 of 123)
[2025-09-23 18:35:58] Importing buffer.js.trap.gz (27 of 123)
[2025-09-23 18:35:58] Importing child_process.js.trap.gz (28 of 123)
[2025-09-23 18:35:58] Importing cluster.js.trap.gz (29 of 123)
[2025-09-23 18:35:58] Importing console.js.trap.gz (30 of 123)
[2025-09-23 18:35:58] Importing constants.js.trap.gz (31 of 123)
[2025-09-23 18:35:58] Importing crypto.js.trap.gz (32 of 123)
[2025-09-23 18:35:58] Importing dgram.js.trap.gz (33 of 123)
[2025-09-23 18:35:58] Importing dns.js.trap.gz (34 of 123)
[2025-09-23 18:35:58] Importing domain.js.trap.gz (35 of 123)
[2025-09-23 18:35:58] Importing events.js.trap.gz (36 of 123)
[2025-09-23 18:35:58] Importing fs.js.trap.gz (37 of 123)
[2025-09-23 18:35:58] Importing globals.js.trap.gz (38 of 123)
[2025-09-23 18:35:58] Importing http.js.trap.gz (39 of 123)
[2025-09-23 18:35:58] Importing https.js.trap.gz (40 of 123)
[2025-09-23 18:35:58] Importing module.js.trap.gz (41 of 123)
[2025-09-23 18:35:58] Importing net.js.trap.gz (42 of 123)
[2025-09-23 18:35:58] Importing os.js.trap.gz (43 of 123)
[2025-09-23 18:35:58] Importing path.js.trap.gz (44 of 123)
[2025-09-23 18:35:58] Importing process.js.trap.gz (45 of 123)
[2025-09-23 18:35:58] Importing punycode.js.trap.gz (46 of 123)
[2025-09-23 18:35:58] Importing querystring.js.trap.gz (47 of 123)
[2025-09-23 18:35:58] Importing readline.js.trap.gz (48 of 123)
[2025-09-23 18:35:58] Importing repl.js.trap.gz (49 of 123)
[2025-09-23 18:35:58] Importing stream.js.trap.gz (50 of 123)
[2025-09-23 18:35:59] Importing string_decoder.js.trap.gz (51 of 123)
[2025-09-23 18:35:59] Importing sys.js.trap.gz (52 of 123)
[2025-09-23 18:35:59] Importing timers.js.trap.gz (53 of 123)
[2025-09-23 18:35:59] Importing tls.js.trap.gz (54 of 123)
[2025-09-23 18:35:59] Importing tty.js.trap.gz (55 of 123)
[2025-09-23 18:35:59] Importing url.js.trap.gz (56 of 123)
[2025-09-23 18:35:59] Importing util.js.trap.gz (57 of 123)
[2025-09-23 18:35:59] Importing v8.js.trap.gz (58 of 123)
[2025-09-23 18:35:59] Importing vm.js.trap.gz (59 of 123)
[2025-09-23 18:35:59] Importing zlib.js.trap.gz (60 of 123)
[2025-09-23 18:35:59] Importing jsshell.js.trap.gz (61 of 123)
[2025-09-23 18:35:59] Importing rhino.js.trap.gz (62 of 123)
[2025-09-23 18:35:59] Importing spidermonkey.js.trap.gz (63 of 123)
[2025-09-23 18:35:59] Importing v8.js.trap.gz (64 of 123)
[2025-09-23 18:35:59] Importing chrome.js.trap.gz (65 of 123)
[2025-09-23 18:35:59] Importing fetchapi.js.trap.gz (66 of 123)
[2025-09-23 18:35:59] Importing fileapi.js.trap.gz (67 of 123)
[2025-09-23 18:35:59] Importing flash.js.trap.gz (68 of 123)
[2025-09-23 18:35:59] Importing gecko_css.js.trap.gz (69 of 123)
[2025-09-23 18:35:59] Importing gecko_dom.js.trap.gz (70 of 123)
[2025-09-23 18:35:59] Importing gecko_event.js.trap.gz (71 of 123)
[2025-09-23 18:35:59] Importing gecko_ext.js.trap.gz (72 of 123)
[2025-09-23 18:35:59] Importing gecko_xml.js.trap.gz (73 of 123)
[2025-09-23 18:35:59] Importing html5.js.trap.gz (74 of 123)
[2025-09-23 18:35:59] Importing ie_css.js.trap.gz (75 of 123)
[2025-09-23 18:35:59] Importing ie_dom.js.trap.gz (76 of 123)
[2025-09-23 18:35:59] Importing ie_event.js.trap.gz (77 of 123)
[2025-09-23 18:35:59] Importing ie_vml.js.trap.gz (78 of 123)
[2025-09-23 18:35:59] Importing intl.js.trap.gz (79 of 123)
[2025-09-23 18:35:59] Importing iphone.js.trap.gz (80 of 123)
[2025-09-23 18:35:59] Importing mediasource.js.trap.gz (81 of 123)
[2025-09-23 18:36:00] Importing page_visibility.js.trap.gz (82 of 123)
[2025-09-23 18:36:00] Importing streamsapi.js.trap.gz (83 of 123)
[2025-09-23 18:36:00] Importing url.js.trap.gz (84 of 123)
[2025-09-23 18:36:00] Importing w3c_anim_timing.js.trap.gz (85 of 123)
[2025-09-23 18:36:00] Importing w3c_batterystatus.js.trap.gz (86 of 123)
[2025-09-23 18:36:00] Importing w3c_css.js.trap.gz (87 of 123)
[2025-09-23 18:36:00] Importing w3c_css3d.js.trap.gz (88 of 123)
[2025-09-23 18:36:00] Importing w3c_device_sensor_event.js.trap.gz (89 of 123)
[2025-09-23 18:36:00] Importing w3c_dom1.js.trap.gz (90 of 123)
[2025-09-23 18:36:00] Importing w3c_dom2.js.trap.gz (91 of 123)
[2025-09-23 18:36:00] Importing w3c_dom3.js.trap.gz (92 of 123)
[2025-09-23 18:36:00] Importing w3c_dom4.js.trap.gz (93 of 123)
[2025-09-23 18:36:00] Importing w3c_elementtraversal.js.trap.gz (94 of 123)
[2025-09-23 18:36:00] Importing w3c_encoding.js.trap.gz (95 of 123)
[2025-09-23 18:36:00] Importing w3c_event.js.trap.gz (96 of 123)
[2025-09-23 18:36:00] Importing w3c_event3.js.trap.gz (97 of 123)
[2025-09-23 18:36:00] Importing w3c_gamepad.js.trap.gz (98 of 123)
[2025-09-23 18:36:00] Importing w3c_geolocation.js.trap.gz (99 of 123)
[2025-09-23 18:36:00] Importing w3c_indexeddb.js.trap.gz (100 of 123)
[2025-09-23 18:36:00] Importing w3c_midi.js.trap.gz (101 of 123)
[2025-09-23 18:36:00] Importing w3c_navigation_timing.js.trap.gz (102 of 123)
[2025-09-23 18:36:00] Importing w3c_permissions.js.trap.gz (103 of 123)
[2025-09-23 18:36:00] Importing w3c_pointer_events.js.trap.gz (104 of 123)
[2025-09-23 18:36:00] Importing w3c_range.js.trap.gz (105 of 123)
[2025-09-23 18:36:00] Importing w3c_requestidlecallback.js.trap.gz (106 of 123)
[2025-09-23 18:36:00] Importing w3c_rtc.js.trap.gz (107 of 123)
[2025-09-23 18:36:00] Importing w3c_screen_orientation.js.trap.gz (108 of 123)
[2025-09-23 18:36:00] Importing w3c_selectors.js.trap.gz (109 of 123)
[2025-09-23 18:36:00] Importing w3c_serviceworker.js.trap.gz (110 of 123)
[2025-09-23 18:36:00] Importing w3c_touch_event.js.trap.gz (111 of 123)
[2025-09-23 18:36:01] Importing w3c_webcrypto.js.trap.gz (112 of 123)
[2025-09-23 18:36:01] Importing w3c_xml.js.trap.gz (113 of 123)
[2025-09-23 18:36:01] Importing webgl.js.trap.gz (114 of 123)
[2025-09-23 18:36:01] Importing webkit_css.js.trap.gz (115 of 123)
[2025-09-23 18:36:01] Importing webkit_dom.js.trap.gz (116 of 123)
[2025-09-23 18:36:01] Importing webkit_event.js.trap.gz (117 of 123)
[2025-09-23 18:36:01] Importing webkit_notifications.js.trap.gz (118 of 123)
[2025-09-23 18:36:01] Importing webkit_usercontent.js.trap.gz (119 of 123)
[2025-09-23 18:36:01] Importing webstorage.js.trap.gz (120 of 123)
[2025-09-23 18:36:01] Importing whatwg_encoding.js.trap.gz (121 of 123)
[2025-09-23 18:36:01] Importing window.js.trap.gz (122 of 123)
[2025-09-23 18:36:01] Importing metadata.trap.gz (123 of 123)
[2025-09-23 18:36:01] [PROGRESS] dataset import> Merging relations
[2025-09-23 18:36:01] Merging 1 fragment for 'files'.
[2025-09-23 18:36:01] Merged 460 bytes for 'files'.
[2025-09-23 18:36:01] Merging 1 fragment for 'folders'.
[2025-09-23 18:36:01] Merged 114 bytes for 'folders'.
[2025-09-23 18:36:01] Merging 1 fragment for 'containerparent'.
[2025-09-23 18:36:01] Merged 387 bytes for 'containerparent'.
[2025-09-23 18:36:01] Merging 3 fragments for 'locations_default'.
[2025-09-23 18:36:01] Merged 879139 bytes (858.53 KiB) for 'locations_default'.
[2025-09-23 18:36:01] Merging 3 fragments for 'hasLocation'.
[2025-09-23 18:36:02] Merged 562617 bytes (549.43 KiB) for 'hasLocation'.
[2025-09-23 18:36:02] Merging 1 fragment for 'extraction_data'.
[2025-09-23 18:36:02] Merged 564 bytes for 'extraction_data'.
[2025-09-23 18:36:02] Merging 1 fragment for 'scopes'.
[2025-09-23 18:36:02] Merged 4640 bytes (4.53 KiB) for 'scopes'.
[2025-09-23 18:36:02] Merging 1 fragment for 'comments'.
[2025-09-23 18:36:02] Merged 38470 bytes (37.57 KiB) for 'comments'.
[2025-09-23 18:36:02] Merging 1 fragment for 'indentation'.
[2025-09-23 18:36:02] Merged 29677 bytes (28.98 KiB) for 'indentation'.
[2025-09-23 18:36:02] Merging 1 fragment for 'numlines'.
[2025-09-23 18:36:02] Merged 1726 bytes (1.69 KiB) for 'numlines'.
[2025-09-23 18:36:02] Merging 2 fragments for 'tokeninfo'.
[2025-09-23 18:36:02] Merged 508299 bytes (496.39 KiB) for 'tokeninfo'.
[2025-09-23 18:36:02] Merging 1 fragment for 'next_token'.
[2025-09-23 18:36:02] Merged 21001 bytes (20.51 KiB) for 'next_token'.
[2025-09-23 18:36:02] Merging 1 fragment for 'toplevels'.
[2025-09-23 18:36:02] Merged 256 bytes for 'toplevels'.
[2025-09-23 18:36:02] Merging 1 fragment for 'variables'.
[2025-09-23 18:36:02] Merged 42246 bytes (41.26 KiB) for 'variables'.
[2025-09-23 18:36:02] Merging 1 fragment for 'scopenodes'.
[2025-09-23 18:36:02] Merged 8878 bytes (8.67 KiB) for 'scopenodes'.
[2025-09-23 18:36:02] Merging 1 fragment for 'scopenesting'.
[2025-09-23 18:36:02] Merged 5198 bytes (5.08 KiB) for 'scopenesting'.
[2025-09-23 18:36:02] Merging 1 fragment for 'is_module'.
[2025-09-23 18:36:02] Merged 109 bytes for 'is_module'.
[2025-09-23 18:36:02] Merging 1 fragment for 'stmts'.
[2025-09-23 18:36:02] Merged 109440 bytes (106.88 KiB) for 'stmts'.
[2025-09-23 18:36:02] Merging 1 fragment for 'stmt_containers'.
[2025-09-23 18:36:02] Merged 48912 bytes (47.77 KiB) for 'stmt_containers'.
[2025-09-23 18:36:02] Merging 1 fragment for 'exprs'.
[2025-09-23 18:36:02] Merged 454039 bytes (443.40 KiB) for 'exprs'.
[2025-09-23 18:36:02] Merging 1 fragment for 'enclosing_stmt'.
[2025-09-23 18:36:02] Merged 91723 bytes (89.57 KiB) for 'enclosing_stmt'.
[2025-09-23 18:36:02] Merging 1 fragment for 'expr_containers'.
[2025-09-23 18:36:02] Merged 99737 bytes (97.40 KiB) for 'expr_containers'.
[2025-09-23 18:36:02] Merging 1 fragment for 'literals'.
[2025-09-23 18:36:02] Merged 78313 bytes (76.48 KiB) for 'literals'.
[2025-09-23 18:36:02] Merging 1 fragment for 'decl'.
[2025-09-23 18:36:02] Merged 14517 bytes (14.18 KiB) for 'decl'.
[2025-09-23 18:36:02] Merging 1 fragment for 'bind'.
[2025-09-23 18:36:03] Merged 17732 bytes (17.32 KiB) for 'bind'.
[2025-09-23 18:36:03] Merging 1 fragment for 'regexpterm'.
[2025-09-23 18:36:03] Merged 3392 bytes (3.31 KiB) for 'regexpterm'.
[2025-09-23 18:36:03] Merging 1 fragment for 'regexp_const_value'.
[2025-09-23 18:36:03] Merged 1439 bytes (1.41 KiB) for 'regexp_const_value'.
[2025-09-23 18:36:03] Merging 1 fragment for 'properties'.
[2025-09-23 18:36:03] Merged 2803 bytes (2.74 KiB) for 'properties'.
[2025-09-23 18:36:03] Merging 1 fragment for 'is_arguments_object'.
[2025-09-23 18:36:03] Merged 4042 bytes (3.95 KiB) for 'is_arguments_object'.
[2025-09-23 18:36:03] Merging 1 fragment for 'is_async'.
[2025-09-23 18:36:03] Merged 85 bytes for 'is_async'.
[2025-09-23 18:36:03] Merging 1 fragment for 'isOptionalChaining'.
[2025-09-23 18:36:03] Merged 24 bytes for 'isOptionalChaining'.
[2025-09-23 18:36:03] Merging 1 fragment for 'entry_cfg_node'.
[2025-09-23 18:36:03] Merged 9286 bytes (9.07 KiB) for 'entry_cfg_node'.
[2025-09-23 18:36:03] Merging 1 fragment for 'exit_cfg_node'.
[2025-09-23 18:36:03] Merged 9286 bytes (9.07 KiB) for 'exit_cfg_node'.
[2025-09-23 18:36:03] Merging 1 fragment for 'successor'.
[2025-09-23 18:36:03] Merged 183748 bytes (179.44 KiB) for 'successor'.
[2025-09-23 18:36:03] Merging 1 fragment for 'guard_node'.
[2025-09-23 18:36:03] Merged 862 bytes for 'guard_node'.
[2025-09-23 18:36:03] Merging 1 fragment for 'is_nodejs'.
[2025-09-23 18:36:03] Merged 109 bytes for 'is_nodejs'.
[2025-09-23 18:36:03] Merging 1 fragment for 'filetype'.
[2025-09-23 18:36:03] Merged 259 bytes for 'filetype'.
[2025-09-23 18:36:03] Merging 1 fragment for 'extraction_time'.
[2025-09-23 18:36:03] Merged 15305 bytes (14.95 KiB) for 'extraction_time'.
[2025-09-23 18:36:03] Merging 1 fragment for 'array_size'.
[2025-09-23 18:36:03] Merged 69 bytes for 'array_size'.
[2025-09-23 18:36:03] Merging 1 fragment for 'is_inverted'.
[2025-09-23 18:36:03] Merged 23 bytes for 'is_inverted'.
[2025-09-23 18:36:03] Merging 1 fragment for 'local_type_names'.
[2025-09-23 18:36:03] Merged 39 bytes for 'local_type_names'.
[2025-09-23 18:36:03] Merging 1 fragment for 'typedecl'.
[2025-09-23 18:36:03] Merged 32 bytes for 'typedecl'.
[2025-09-23 18:36:03] Merging 1 fragment for 'is_method'.
[2025-09-23 18:36:03] Merged 29 bytes for 'is_method'.
[2025-09-23 18:36:03] Merging 1 fragment for 'jsdoc'.
[2025-09-23 18:36:03] Merged 20251 bytes (19.78 KiB) for 'jsdoc'.
[2025-09-23 18:36:03] Merging 1 fragment for 'jsdoc_tags'.
[2025-09-23 18:36:03] Merged 100694 bytes (98.33 KiB) for 'jsdoc_tags'.
[2025-09-23 18:36:03] Merging 1 fragment for 'jsdoc_tag_descriptions'.
[2025-09-23 18:36:03] Merged 7322 bytes (7.15 KiB) for 'jsdoc_tag_descriptions'.
[2025-09-23 18:36:03] Merging 1 fragment for 'jsdoc_tag_names'.
[2025-09-23 18:36:03] Merged 14657 bytes (14.31 KiB) for 'jsdoc_tag_names'.
[2025-09-23 18:36:03] Merging 1 fragment for 'jsdoc_type_exprs'.
[2025-09-23 18:36:03] Merged 127939 bytes (124.94 KiB) for 'jsdoc_type_exprs'.
[2025-09-23 18:36:03] Merging 1 fragment for 'is_externs'.
[2025-09-23 18:36:03] Merged 224 bytes for 'is_externs'.
[2025-09-23 18:36:03] Merging 1 fragment for 'jsdoc_prefix_qualifier'.
[2025-09-23 18:36:03] Merged 1894 bytes (1.85 KiB) for 'jsdoc_prefix_qualifier'.
[2025-09-23 18:36:03] Merging 1 fragment for 'jsdoc_errors'.
[2025-09-23 18:36:04] Merged 1139 bytes (1.11 KiB) for 'jsdoc_errors'.
[2025-09-23 18:36:04] Merging 1 fragment for 'jsdoc_record_field_name'.
[2025-09-23 18:36:04] Merged 1617 bytes (1.58 KiB) for 'jsdoc_record_field_name'.
[2025-09-23 18:36:04] Merging 1 fragment for 'jsdoc_has_new_parameter'.
[2025-09-23 18:36:04] Merged 35 bytes for 'jsdoc_has_new_parameter'.
[2025-09-23 18:36:04] Merging 1 fragment for 'sourceLocationPrefix'.
[2025-09-23 18:36:04] Merged 17 bytes for 'sourceLocationPrefix'.
[2025-09-23 18:36:04] Saving string and id pools to disk.
[2025-09-23 18:36:04] Finished importing TRAP files.
[2025-09-23 18:36:04] Read 47.20 MiB of uncompressed TRAP data.
[2025-09-23 18:36:04] Uncompressed relation data size: 14.57 MiB
[2025-09-23 18:36:04] Relation data size: 3.36 MiB (merge rate: 1.33 MiB/s)
[2025-09-23 18:36:04] String pool size: 4.78 MiB
[2025-09-23 18:36:04] ID pool size: 13.00 MiB
[2025-09-23 18:36:04] [PROGRESS] dataset import> Finished writing database (relations: 3.36 MiB; string pool: 4.78 MiB).
[2025-09-23 18:36:04] Pausing evaluation to close the cache at sequence stamp o+121
[2025-09-23 18:36:04] The disk cache is freshly trimmed; leave it be.
[2025-09-23 18:36:04] Unpausing evaluation
[2025-09-23 18:36:04] Plumbing command codeql dataset import completed.
[2025-09-23 18:36:04] [PROGRESS] database finalize> TRAP import complete (8.1s).
[2025-09-23 18:36:04] Running plumbing command: codeql database cleanup -- C:\Users\brook\code\HNPLab\js-db\jsexample-db
[2025-09-23 18:36:07] [PROGRESS] database cleanup> Cleaning up existing TRAP files after import...
[2025-09-23 18:36:07] [PROGRESS] database cleanup> TRAP files cleaned up (38ms).
[2025-09-23 18:36:07] [PROGRESS] database cleanup> Cleaning up scratch directory...
[2025-09-23 18:36:07] [PROGRESS] database cleanup> Scratch directory cleaned up (0ms).
[2025-09-23 18:36:07] Running plumbing command: codeql dataset cleanup -- C:\Users\brook\code\HNPLab\js-db\jsexample-db\db-javascript
[2025-09-23 18:36:07] [PROGRESS] dataset cleanup> Cleaning up dataset in C:\Users\brook\code\HNPLab\js-db\jsexample-db\db-javascript.
[2025-09-23 18:36:07] Trimming disk cache at C:\Users\brook\code\HNPLab\js-db\jsexample-db\db-javascript\default\cache in mode trim.
[2025-09-23 18:36:07] Sequence stamp origin is -6000468882779616505
[2025-09-23 18:36:07] Pausing evaluation to quickly trim memory at sequence stamp o+0
[2025-09-23 18:36:07] Unpausing evaluation
[2025-09-23 18:36:07] Pausing evaluation to zealously trim disk at sequence stamp o+1
[2025-09-23 18:36:07] Unpausing evaluation
[2025-09-23 18:36:07] Trimming completed (3ms): Trimmed disposable data from cache.
[2025-09-23 18:36:07] Pausing evaluation to close the cache at sequence stamp o+2
[2025-09-23 18:36:07] The disk cache is freshly trimmed; leave it be.
[2025-09-23 18:36:07] Unpausing evaluation
[2025-09-23 18:36:07] [PROGRESS] dataset cleanup> Trimmed disposable data from cache.
[2025-09-23 18:36:07] [PROGRESS] dataset cleanup> Finalizing dataset in C:\Users\brook\code\HNPLab\js-db\jsexample-db\db-javascript
[2025-09-23 18:36:07] [DETAILS] dataset cleanup> Finished deleting ID pool from C:\Users\brook\code\HNPLab\js-db\jsexample-db\db-javascript (4ms).
[2025-09-23 18:36:07] Plumbing command codeql dataset cleanup completed.
[2025-09-23 18:36:07] Plumbing command codeql database cleanup completed with status 0.
[2025-09-23 18:36:07] [PROGRESS] database finalize> Finished zipping source archive (266.51 KiB).
[2025-09-23 18:36:07] Plumbing command codeql database finalize completed.
[2025-09-23 18:36:07] [PROGRESS] database create> Successfully created database at C:\Users\brook\code\HNPLab\js-db\jsexample-db.
[2025-09-23 18:36:07] Terminating normally.
