[2025-08-05 12:13:23] This is codeql database create jsexample-db --language=javascript --source-root=jsexample
[2025-08-05 12:13:23] Log file was started late.
[2025-08-05 12:13:23] [PROGRESS] database create> Initializing database at C:\Users\brook\code\HNPattacker_WB\jsexample-db.
[2025-08-05 12:13:23] Running plumbing command: codeql database init --language=javascript --extractor-options-verbosity=1 --qlconfig-file=C:\Users\brook\code\HNPattacker_WB\qlconfig.yml --source-root=C:\Users\brook\code\HNPattacker_WB\jsexample --allow-missing-source-root=false --allow-already-existing -- C:\Users\brook\code\HNPattacker_WB\jsexample-db
[2025-08-05 12:13:23] Calling plumbing command: codeql resolve languages --extractor-options-verbosity=1 --format=betterjson
[2025-08-05 12:13:23] [DETAILS] resolve languages> Scanning for [codeql-extractor.yml] from C:\Users\brook\code\codeql\.codeqlmanifest.json
[2025-08-05 12:13:23] [DETAILS] resolve languages> Parsing C:\Users\brook\code\codeql\actions\codeql-extractor.yml.
[2025-08-05 12:13:23] [DETAILS] resolve languages> Parsing C:\Users\brook\code\codeql\cpp\codeql-extractor.yml.
[2025-08-05 12:13:23] [DETAILS] resolve languages> Parsing C:\Users\brook\code\codeql\csharp\codeql-extractor.yml.
[2025-08-05 12:13:23] [DETAILS] resolve languages> Parsing C:\Users\brook\code\codeql\csv\codeql-extractor.yml.
[2025-08-05 12:13:23] [DETAILS] resolve languages> Parsing C:\Users\brook\code\codeql\go\codeql-extractor.yml.
[2025-08-05 12:13:23] [DETAILS] resolve languages> Parsing C:\Users\brook\code\codeql\html\codeql-extractor.yml.
[2025-08-05 12:13:23] [DETAILS] resolve languages> Parsing C:\Users\brook\code\codeql\java\codeql-extractor.yml.
[2025-08-05 12:13:23] [DETAILS] resolve languages> Parsing C:\Users\brook\code\codeql\javascript\codeql-extractor.yml.
[2025-08-05 12:13:23] [DETAILS] resolve languages> Parsing C:\Users\brook\code\codeql\properties\codeql-extractor.yml.
[2025-08-05 12:13:23] [DETAILS] resolve languages> Parsing C:\Users\brook\code\codeql\python\codeql-extractor.yml.
[2025-08-05 12:13:23] [DETAILS] resolve languages> Parsing C:\Users\brook\code\codeql\ruby\codeql-extractor.yml.
[2025-08-05 12:13:23] [DETAILS] resolve languages> Parsing C:\Users\brook\code\codeql\swift\codeql-extractor.yml.
[2025-08-05 12:13:23] [DETAILS] resolve languages> Parsing C:\Users\brook\code\codeql\xml\codeql-extractor.yml.
[2025-08-05 12:13:23] [DETAILS] resolve languages> Parsing C:\Users\brook\code\codeql\yaml\codeql-extractor.yml.
[2025-08-05 12:13:23] Plumbing command codeql resolve languages completed:
                      {
                        "aliases" : {
                          "c" : "cpp",
                          "c++" : "cpp",
                          "c-c++" : "cpp",
                          "c-cpp" : "cpp",
                          "c#" : "csharp",
                          "java-kotlin" : "java",
                          "kotlin" : "java",
                          "javascript-typescript" : "javascript",
                          "typescript" : "javascript"
                        },
                        "extractors" : {
                          "actions" : [
                            {
                              "extractor_root" : "C:\\Users\\brook\\code\\codeql\\actions",
                              "extractor_options" : { }
                            }
                          ],
                          "cpp" : [
                            {
                              "extractor_root" : "C:\\Users\\brook\\code\\codeql\\cpp",
                              "extractor_options" : {
                                "scale_timeouts" : {
                                  "title" : "Value to scale compiler introspection timeouts with",
                                  "description" : "The extractor attempts to determine what compiler the source code being extracted is compiled with. To this end the extractor makes additional calls to the compiler, some of which are expected to return within a certain fixed time (either 10s or 15s). On some systems that are under high load this time might be too short, and can be scaled up using this option.\n",
                                  "type" : "string",
                                  "pattern" : "[0-9]+"
                                },
                                "log_verbosity" : {
                                  "title" : "Verbosity of the extractor logging",
                                  "description" : "Set the verbosity of the extractor logging to 'quiet' (0), 'normal' (1), 'chatty' (2), or 'noisy' (3). The default is 'normal'.\n",
                                  "type" : "string",
                                  "pattern" : "[0-3]"
                                }
                              }
                            }
                          ],
                          "csharp" : [
                            {
                              "extractor_root" : "C:\\Users\\brook\\code\\codeql\\csharp",
                              "extractor_options" : {
                                "trap" : {
                                  "title" : "Options pertaining to TRAP.",
                                  "description" : "Options pertaining to TRAP.",
                                  "type" : "object",
                                  "properties" : {
                                    "compression" : {
                                      "title" : "Controls compression for the TRAP files written by the extractor.",
                                      "description" : "This option is only intended for use in debugging the extractor. Accepted values are 'brotli' (the default, to write brotli-compressed TRAP), 'gzip', and 'none' (to write uncompressed TRAP).\n",
                                      "type" : "string",
                                      "pattern" : "^(none|gzip|brotli)$"
                                    }
                                  }
                                },
                                "buildless" : {
                                  "title" : "DEPRECATED - Whether to use buildless (standalone) extraction.",
                                  "description" : "DEPRECATED: Use `--build-mode none` instead.\nA value indicating, which type of extraction the autobuilder should perform. If 'true', then the standalone extractor will be used, otherwise tracing extraction will be performed. The default is 'false'. Note that buildless extraction will generally yield less accurate analysis results, and should only be used in cases where it is not possible to build the code (for example if it uses inaccessible dependencies).\n",
                                  "type" : "string",
                                  "pattern" : "^(false|true)$"
                                },
                                "logging" : {
                                  "title" : "Options pertaining to logging.",
                                  "description" : "Options pertaining to logging.",
                                  "type" : "object",
                                  "properties" : {
                                    "verbosity" : {
                                      "title" : "Extractor logging verbosity level.",
                                      "description" : "Controls the level of verbosity of the extractor. The supported levels are (in order of increasing verbosity):\n  - off\n  - errors\n  - warnings\n  - info or progress\n  - debug or progress+\n  - trace or progress++\n  - progress+++\n",
                                      "type" : "string",
                                      "pattern" : "^(off|errors|warnings|(info|progress)|(debug|progress\\+)|(trace|progress\\+\\+)|progress\\+\\+\\+)$"
                                    }
                                  }
                                },
                                "binlog" : {
                                  "title" : "Binlog",
                                  "description" : "[EXPERIMENTAL] The value is a path to the MsBuild binary log file that should be extracted. This option only works when `--build-mode none` is also specified.\n",
                                  "type" : "array"
                                }
                              }
                            }
                          ],
                          "csv" : [
                            {
                              "extractor_root" : "C:\\Users\\brook\\code\\codeql\\csv"
                            }
                          ],
                          "go" : [
                            {
                              "extractor_root" : "C:\\Users\\brook\\code\\codeql\\go",
                              "extractor_options" : {
                                "extract_tests" : {
                                  "title" : "Whether to include Go test files in the CodeQL database.",
                                  "description" : "A value indicating whether Go test files should be included in the CodeQL database. The default is 'false'.\n",
                                  "type" : "string",
                                  "pattern" : "^(false|true)$"
                                },
                                "extract_vendor_dirs" : {
                                  "title" : "Whether to include Go vendor directories in the CodeQL database.",
                                  "description" : "A value indicating whether Go vendor directories should be included in the CodeQL database. The default is 'false'.\n",
                                  "type" : "string",
                                  "pattern" : "^(false|true)$"
                                }
                              }
                            }
                          ],
                          "html" : [
                            {
                              "extractor_root" : "C:\\Users\\brook\\code\\codeql\\html"
                            }
                          ],
                          "java" : [
                            {
                              "extractor_root" : "C:\\Users\\brook\\code\\codeql\\java",
                              "extractor_options" : {
                                "exclude" : {
                                  "title" : "A glob excluding files from analysis.",
                                  "description" : "A glob indicating what files to exclude from the analysis.\n",
                                  "type" : "string"
                                },
                                "add_prefer_source" : {
                                  "title" : "Whether to always prefer source files over class files.",
                                  "description" : "A value indicating whether source files should be preferred over class files. If set to 'true', the extraction adds '-Xprefer:source' to the javac command line. If set to 'false', the extraction uses the default javac behavior ('-Xprefer:newer'). The default is 'true'.\n",
                                  "type" : "string",
                                  "pattern" : "^(false|true)$"
                                },
                                "buildless" : {
                                  "title" : "Whether to use buildless (standalone) extraction (experimental).",
                                  "description" : "A value indicating, which type of extraction the autobuilder should perform. If 'true', then the standalone extractor will be used, otherwise tracing extraction will be performed. The default is 'false'. Note that buildless extraction will generally yield less accurate analysis results, and should only be used in cases where it is not possible to build the code (for example if it uses inaccessible dependencies).\n",
                                  "type" : "string",
                                  "pattern" : "^(false|true)$"
                                }
                              }
                            }
                          ],
                          "javascript" : [
                            {
                              "extractor_root" : "C:\\Users\\brook\\code\\codeql\\javascript",
                              "extractor_options" : {
                                "skip_types" : {
                                  "title" : "Skip type extraction for TypeScript",
                                  "description" : "Whether to skip the extraction of types in a TypeScript application",
                                  "type" : "string",
                                  "pattern" : "^(false|true)$"
                                }
                              }
                            }
                          ],
                          "properties" : [
                            {
                              "extractor_root" : "C:\\Users\\brook\\code\\codeql\\properties"
                            }
                          ],
                          "python" : [
                            {
                              "extractor_root" : "C:\\Users\\brook\\code\\codeql\\python",
                              "extractor_options" : {
                                "logging" : {
                                  "title" : "Options pertaining to logging.",
                                  "description" : "Options pertaining to logging.",
                                  "type" : "object",
                                  "properties" : {
                                    "verbosity" : {
                                      "title" : "Python extractor logging verbosity level.",
                                      "description" : "Controls the level of verbosity of the CodeQL Python extractor.\nThe supported levels are (in order of increasing verbosity):\n\n  - off\n  - errors\n  - warnings\n  - info or progress\n  - debug or progress+\n  - trace or progress++\n  - progress+++\n",
                                      "type" : "string",
                                      "pattern" : "^(off|errors|warnings|(info|progress)|(debug|progress\\+)|(trace|progress\\+\\+)|progress\\+\\+\\+)$"
                                    }
                                  }
                                },
                                "python_executable_name" : {
                                  "title" : "Controls the name of the Python executable used by the Python extractor.",
                                  "description" : "The Python extractor uses platform-dependent heuristics to determine the name of the Python executable to use. Specifying a value for this option overrides the name of the Python executable used by the extractor. Accepted values are py, python and python3. Use this setting with caution, the Python extractor requires Python 3 to run.\n",
                                  "type" : "string",
                                  "pattern" : "^(py|python|python3)$"
                                }
                              }
                            }
                          ],
                          "ruby" : [
                            {
                              "extractor_root" : "C:\\Users\\brook\\code\\codeql\\ruby",
                              "extractor_options" : {
                                "trap" : {
                                  "title" : "Options pertaining to TRAP.",
                                  "description" : "Options pertaining to TRAP.",
                                  "type" : "object",
                                  "properties" : {
                                    "compression" : {
                                      "title" : "Controls compression for the TRAP files written by the extractor.",
                                      "description" : "This option is only intended for use in debugging the extractor. Accepted values are 'gzip' (the default, to write gzip-compressed TRAP) and 'none' (to write uncompressed TRAP).\n",
                                      "type" : "string",
                                      "pattern" : "^(none|gzip)$"
                                    }
                                  }
                                }
                              }
                            }
                          ],
                          "swift" : [
                            {
                              "extractor_root" : "C:\\Users\\brook\\code\\codeql\\swift"
                            }
                          ],
                          "xml" : [
                            {
                              "extractor_root" : "C:\\Users\\brook\\code\\codeql\\xml"
                            }
                          ],
                          "yaml" : [
                            {
                              "extractor_root" : "C:\\Users\\brook\\code\\codeql\\yaml"
                            }
                          ]
                        }
                      }
[2025-08-05 12:13:23] [PROGRESS] database init> Calculating baseline information in C:\Users\brook\code\HNPattacker_WB\jsexample
[2025-08-05 12:13:23] [SPAMMY] database init> Ignoring the following directories when processing baseline information: .git, .hg, .svn.
[2025-08-05 12:13:23] [DETAILS] database init> Running command in C:\Users\brook\code\HNPattacker_WB\jsexample: C:\Users\brook\code\codeql\tools\win64\scc.exe --by-file --exclude-dir .git,.hg,.svn --format json --no-large --no-min .
[2025-08-05 12:13:23] Using configure-baseline script C:\Users\brook\code\codeql\javascript\tools\configure-baseline.cmd.
[2025-08-05 12:13:23] [PROGRESS] database init> Running command in C:\Users\brook\code\HNPattacker_WB\jsexample: [C:\Users\brook\code\codeql\javascript\tools\configure-baseline.cmd]
[2025-08-05 12:13:24] [SPAMMY] database init> Found 1 baseline files for javascript.
[2025-08-05 12:13:24] [PROGRESS] database init> Calculated baseline information for languages: javascript (360ms).
[2025-08-05 12:13:24] [PROGRESS] database init> Resolving extractor javascript.
[2025-08-05 12:13:24] [DETAILS] database init> Found candidate extractor root for javascript: C:\Users\brook\code\codeql\javascript.
[2025-08-05 12:13:24] [PROGRESS] database init> Successfully loaded extractor JavaScript/TypeScript (javascript) from C:\Users\brook\code\codeql\javascript.
[2025-08-05 12:13:24] [PROGRESS] database init> Created skeleton CodeQL database at C:\Users\brook\code\HNPattacker_WB\jsexample-db. This in-progress database is ready to be populated by an extractor.
[2025-08-05 12:13:24] Plumbing command codeql database init completed.
[2025-08-05 12:13:24] [PROGRESS] database create> Running build command: []
[2025-08-05 12:13:24] Running plumbing command: codeql database trace-command --working-dir=C:\Users\brook\code\HNPattacker_WB\jsexample --index-traceless-dbs --no-db-cluster -- C:\Users\brook\code\HNPattacker_WB\jsexample-db
[2025-08-05 12:13:24] Using autobuild script C:\Users\brook\code\codeql\javascript\tools\autobuild.cmd.
[2025-08-05 12:13:24] [PROGRESS] database trace-command> Running command in C:\Users\brook\code\HNPattacker_WB\jsexample: [C:\Users\brook\code\codeql\javascript\tools\autobuild.cmd]
[2025-08-05 12:13:24] [build-stdout] Single-threaded extraction.
[2025-08-05 12:13:24] [build-stdout] Extracting C:\Users\brook\code\HNPattacker_WB\jsexample\jsexample.js
[2025-08-05 12:13:24] [build-stdout] Done extracting C:\Users\brook\code\HNPattacker_WB\jsexample\jsexample.js (152 ms)
[2025-08-05 12:13:24] [build-stderr] No externs trap cache found
[2025-08-05 12:13:24] [build-stdout] Extracting C:\Users\brook\code\codeql\javascript\tools\data\externs\es\es2016.js
[2025-08-05 12:13:24] [build-stdout] Done extracting C:\Users\brook\code\codeql\javascript\tools\data\externs\es\es2016.js (27 ms)
[2025-08-05 12:13:24] [build-stdout] Extracting C:\Users\brook\code\codeql\javascript\tools\data\externs\es\es2017.js
[2025-08-05 12:13:24] [build-stdout] Done extracting C:\Users\brook\code\codeql\javascript\tools\data\externs\es\es2017.js (31 ms)
[2025-08-05 12:13:24] [build-stdout] Extracting C:\Users\brook\code\codeql\javascript\tools\data\externs\es\es3.js
[2025-08-05 12:13:24] [build-stdout] Done extracting C:\Users\brook\code\codeql\javascript\tools\data\externs\es\es3.js (162 ms)
[2025-08-05 12:13:24] [build-stdout] Extracting C:\Users\brook\code\codeql\javascript\tools\data\externs\es\es5.js
[2025-08-05 12:13:24] [build-stdout] Done extracting C:\Users\brook\code\codeql\javascript\tools\data\externs\es\es5.js (48 ms)
[2025-08-05 12:13:24] [build-stdout] Extracting C:\Users\brook\code\codeql\javascript\tools\data\externs\es\es6.js
[2025-08-05 12:13:25] [build-stdout] Done extracting C:\Users\brook\code\codeql\javascript\tools\data\externs\es\es6.js (134 ms)
[2025-08-05 12:13:25] [build-stdout] Extracting C:\Users\brook\code\codeql\javascript\tools\data\externs\es\es6_collections.js
[2025-08-05 12:13:25] [build-stdout] Done extracting C:\Users\brook\code\codeql\javascript\tools\data\externs\es\es6_collections.js (33 ms)
[2025-08-05 12:13:25] [build-stdout] Extracting C:\Users\brook\code\codeql\javascript\tools\data\externs\es\intl.js
[2025-08-05 12:13:25] [build-stdout] Done extracting C:\Users\brook\code\codeql\javascript\tools\data\externs\es\intl.js (31 ms)
[2025-08-05 12:13:25] [build-stdout] Extracting C:\Users\brook\code\codeql\javascript\tools\data\externs\es\proxy.js
[2025-08-05 12:13:25] [build-stdout] Done extracting C:\Users\brook\code\codeql\javascript\tools\data\externs\es\proxy.js (27 ms)
[2025-08-05 12:13:25] [build-stdout] Extracting C:\Users\brook\code\codeql\javascript\tools\data\externs\lib\bdd.js
[2025-08-05 12:13:25] [build-stdout] Done extracting C:\Users\brook\code\codeql\javascript\tools\data\externs\lib\bdd.js (26 ms)
[2025-08-05 12:13:25] [build-stdout] Extracting C:\Users\brook\code\codeql\javascript\tools\data\externs\lib\jquery-3.2.js
[2025-08-05 12:13:25] [build-stdout] Done extracting C:\Users\brook\code\codeql\javascript\tools\data\externs\lib\jquery-3.2.js (145 ms)
[2025-08-05 12:13:25] [build-stdout] Extracting C:\Users\brook\code\codeql\javascript\tools\data\externs\lib\should.js
[2025-08-05 12:13:25] [build-stdout] Done extracting C:\Users\brook\code\codeql\javascript\tools\data\externs\lib\should.js (56 ms)
[2025-08-05 12:13:25] [build-stdout] Extracting C:\Users\brook\code\codeql\javascript\tools\data\externs\lib\vows.js
[2025-08-05 12:13:25] [build-stdout] Done extracting C:\Users\brook\code\codeql\javascript\tools\data\externs\lib\vows.js (39 ms)
[2025-08-05 12:13:25] [build-stdout] Extracting C:\Users\brook\code\codeql\javascript\tools\data\externs\nodejs\assert.js
[2025-08-05 12:13:25] [build-stdout] Done extracting C:\Users\brook\code\codeql\javascript\tools\data\externs\nodejs\assert.js (45 ms)
[2025-08-05 12:13:25] [build-stdout] Extracting C:\Users\brook\code\codeql\javascript\tools\data\externs\nodejs\assert_legacy.js
[2025-08-05 12:13:25] [build-stdout] Done extracting C:\Users\brook\code\codeql\javascript\tools\data\externs\nodejs\assert_legacy.js (19 ms)
[2025-08-05 12:13:25] [build-stdout] Extracting C:\Users\brook\code\codeql\javascript\tools\data\externs\nodejs\buffer.js
[2025-08-05 12:13:25] [build-stdout] Done extracting C:\Users\brook\code\codeql\javascript\tools\data\externs\nodejs\buffer.js (37 ms)
[2025-08-05 12:13:25] [build-stdout] Extracting C:\Users\brook\code\codeql\javascript\tools\data\externs\nodejs\child_process.js
[2025-08-05 12:13:25] [build-stdout] Done extracting C:\Users\brook\code\codeql\javascript\tools\data\externs\nodejs\child_process.js (73 ms)
[2025-08-05 12:13:25] [build-stdout] Extracting C:\Users\brook\code\codeql\javascript\tools\data\externs\nodejs\cluster.js
[2025-08-05 12:13:25] [build-stdout] Done extracting C:\Users\brook\code\codeql\javascript\tools\data\externs\nodejs\cluster.js (81 ms)
[2025-08-05 12:13:25] [build-stdout] Extracting C:\Users\brook\code\codeql\javascript\tools\data\externs\nodejs\console.js
[2025-08-05 12:13:25] [build-stdout] Done extracting C:\Users\brook\code\codeql\javascript\tools\data\externs\nodejs\console.js (26 ms)
[2025-08-05 12:13:25] [build-stdout] Extracting C:\Users\brook\code\codeql\javascript\tools\data\externs\nodejs\constants.js
[2025-08-05 12:13:25] [build-stdout] Done extracting C:\Users\brook\code\codeql\javascript\tools\data\externs\nodejs\constants.js (103 ms)
[2025-08-05 12:13:25] [build-stdout] Extracting C:\Users\brook\code\codeql\javascript\tools\data\externs\nodejs\crypto.js
[2025-08-05 12:13:25] [build-stdout] Done extracting C:\Users\brook\code\codeql\javascript\tools\data\externs\nodejs\crypto.js (78 ms)
[2025-08-05 12:13:25] [build-stdout] Extracting C:\Users\brook\code\codeql\javascript\tools\data\externs\nodejs\dgram.js
[2025-08-05 12:13:25] [build-stdout] Done extracting C:\Users\brook\code\codeql\javascript\tools\data\externs\nodejs\dgram.js (35 ms)
[2025-08-05 12:13:25] [build-stdout] Extracting C:\Users\brook\code\codeql\javascript\tools\data\externs\nodejs\dns.js
[2025-08-05 12:13:25] [build-stdout] Done extracting C:\Users\brook\code\codeql\javascript\tools\data\externs\nodejs\dns.js (36 ms)
[2025-08-05 12:13:25] [build-stdout] Extracting C:\Users\brook\code\codeql\javascript\tools\data\externs\nodejs\domain.js
[2025-08-05 12:13:25] [build-stdout] Done extracting C:\Users\brook\code\codeql\javascript\tools\data\externs\nodejs\domain.js (31 ms)
[2025-08-05 12:13:25] [build-stdout] Extracting C:\Users\brook\code\codeql\javascript\tools\data\externs\nodejs\events.js
[2025-08-05 12:13:26] [build-stdout] Done extracting C:\Users\brook\code\codeql\javascript\tools\data\externs\nodejs\events.js (30 ms)
[2025-08-05 12:13:26] [build-stdout] Extracting C:\Users\brook\code\codeql\javascript\tools\data\externs\nodejs\fs.js
[2025-08-05 12:13:26] [build-stdout] Done extracting C:\Users\brook\code\codeql\javascript\tools\data\externs\nodejs\fs.js (101 ms)
[2025-08-05 12:13:26] [build-stdout] Extracting C:\Users\brook\code\codeql\javascript\tools\data\externs\nodejs\globals.js
[2025-08-05 12:13:26] [build-stdout] Done extracting C:\Users\brook\code\codeql\javascript\tools\data\externs\nodejs\globals.js (117 ms)
[2025-08-05 12:13:26] [build-stdout] Extracting C:\Users\brook\code\codeql\javascript\tools\data\externs\nodejs\http.js
[2025-08-05 12:13:26] [build-stdout] Done extracting C:\Users\brook\code\codeql\javascript\tools\data\externs\nodejs\http.js (59 ms)
[2025-08-05 12:13:26] [build-stdout] Extracting C:\Users\brook\code\codeql\javascript\tools\data\externs\nodejs\https.js
[2025-08-05 12:13:26] [build-stdout] Done extracting C:\Users\brook\code\codeql\javascript\tools\data\externs\nodejs\https.js (43 ms)
[2025-08-05 12:13:26] [build-stdout] Extracting C:\Users\brook\code\codeql\javascript\tools\data\externs\nodejs\module.js
[2025-08-05 12:13:26] [build-stdout] Done extracting C:\Users\brook\code\codeql\javascript\tools\data\externs\nodejs\module.js (28 ms)
[2025-08-05 12:13:26] [build-stdout] Extracting C:\Users\brook\code\codeql\javascript\tools\data\externs\nodejs\net.js
[2025-08-05 12:13:26] [build-stdout] Done extracting C:\Users\brook\code\codeql\javascript\tools\data\externs\nodejs\net.js (50 ms)
[2025-08-05 12:13:26] [build-stdout] Extracting C:\Users\brook\code\codeql\javascript\tools\data\externs\nodejs\os.js
[2025-08-05 12:13:26] [build-stdout] Done extracting C:\Users\brook\code\codeql\javascript\tools\data\externs\nodejs\os.js (33 ms)
[2025-08-05 12:13:26] [build-stdout] Extracting C:\Users\brook\code\codeql\javascript\tools\data\externs\nodejs\path.js
[2025-08-05 12:13:26] [build-stdout] Done extracting C:\Users\brook\code\codeql\javascript\tools\data\externs\nodejs\path.js (42 ms)
[2025-08-05 12:13:26] [build-stdout] Extracting C:\Users\brook\code\codeql\javascript\tools\data\externs\nodejs\process.js
[2025-08-05 12:13:26] [build-stdout] Done extracting C:\Users\brook\code\codeql\javascript\tools\data\externs\nodejs\process.js (27 ms)
[2025-08-05 12:13:26] [build-stdout] Extracting C:\Users\brook\code\codeql\javascript\tools\data\externs\nodejs\punycode.js
[2025-08-05 12:13:26] [build-stdout] Done extracting C:\Users\brook\code\codeql\javascript\tools\data\externs\nodejs\punycode.js (30 ms)
[2025-08-05 12:13:26] [build-stdout] Extracting C:\Users\brook\code\codeql\javascript\tools\data\externs\nodejs\querystring.js
[2025-08-05 12:13:26] [build-stdout] Done extracting C:\Users\brook\code\codeql\javascript\tools\data\externs\nodejs\querystring.js (30 ms)
[2025-08-05 12:13:26] [build-stdout] Extracting C:\Users\brook\code\codeql\javascript\tools\data\externs\nodejs\readline.js
[2025-08-05 12:13:26] [build-stdout] Done extracting C:\Users\brook\code\codeql\javascript\tools\data\externs\nodejs\readline.js (34 ms)
[2025-08-05 12:13:26] [build-stdout] Extracting C:\Users\brook\code\codeql\javascript\tools\data\externs\nodejs\repl.js
[2025-08-05 12:13:26] [build-stdout] Done extracting C:\Users\brook\code\codeql\javascript\tools\data\externs\nodejs\repl.js (29 ms)
[2025-08-05 12:13:26] [build-stdout] Extracting C:\Users\brook\code\codeql\javascript\tools\data\externs\nodejs\stream.js
[2025-08-05 12:13:26] [build-stdout] Done extracting C:\Users\brook\code\codeql\javascript\tools\data\externs\nodejs\stream.js (58 ms)
[2025-08-05 12:13:26] [build-stdout] Extracting C:\Users\brook\code\codeql\javascript\tools\data\externs\nodejs\string_decoder.js
[2025-08-05 12:13:26] [build-stdout] Done extracting C:\Users\brook\code\codeql\javascript\tools\data\externs\nodejs\string_decoder.js (25 ms)
[2025-08-05 12:13:26] [build-stdout] Extracting C:\Users\brook\code\codeql\javascript\tools\data\externs\nodejs\sys.js
[2025-08-05 12:13:26] [build-stdout] Done extracting C:\Users\brook\code\codeql\javascript\tools\data\externs\nodejs\sys.js (23 ms)
[2025-08-05 12:13:26] [build-stdout] Extracting C:\Users\brook\code\codeql\javascript\tools\data\externs\nodejs\timers.js
[2025-08-05 12:13:26] [build-stdout] Done extracting C:\Users\brook\code\codeql\javascript\tools\data\externs\nodejs\timers.js (29 ms)
[2025-08-05 12:13:26] [build-stdout] Extracting C:\Users\brook\code\codeql\javascript\tools\data\externs\nodejs\tls.js
[2025-08-05 12:13:26] [build-stdout] Done extracting C:\Users\brook\code\codeql\javascript\tools\data\externs\nodejs\tls.js (51 ms)
[2025-08-05 12:13:26] [build-stdout] Extracting C:\Users\brook\code\codeql\javascript\tools\data\externs\nodejs\tty.js
[2025-08-05 12:13:26] [build-stdout] Done extracting C:\Users\brook\code\codeql\javascript\tools\data\externs\nodejs\tty.js (27 ms)
[2025-08-05 12:13:26] [build-stdout] Extracting C:\Users\brook\code\codeql\javascript\tools\data\externs\nodejs\url.js
[2025-08-05 12:13:26] [build-stdout] Done extracting C:\Users\brook\code\codeql\javascript\tools\data\externs\nodejs\url.js (27 ms)
[2025-08-05 12:13:26] [build-stdout] Extracting C:\Users\brook\code\codeql\javascript\tools\data\externs\nodejs\util.js
[2025-08-05 12:13:26] [build-stdout] Done extracting C:\Users\brook\code\codeql\javascript\tools\data\externs\nodejs\util.js (40 ms)
[2025-08-05 12:13:26] [build-stdout] Extracting C:\Users\brook\code\codeql\javascript\tools\data\externs\nodejs\v8.js
[2025-08-05 12:13:26] [build-stdout] Done extracting C:\Users\brook\code\codeql\javascript\tools\data\externs\nodejs\v8.js (26 ms)
[2025-08-05 12:13:26] [build-stdout] Extracting C:\Users\brook\code\codeql\javascript\tools\data\externs\nodejs\vm.js
[2025-08-05 12:13:27] [build-stdout] Done extracting C:\Users\brook\code\codeql\javascript\tools\data\externs\nodejs\vm.js (28 ms)
[2025-08-05 12:13:27] [build-stdout] Extracting C:\Users\brook\code\codeql\javascript\tools\data\externs\nodejs\zlib.js
[2025-08-05 12:13:27] [build-stdout] Done extracting C:\Users\brook\code\codeql\javascript\tools\data\externs\nodejs\zlib.js (43 ms)
[2025-08-05 12:13:27] [build-stdout] Extracting C:\Users\brook\code\codeql\javascript\tools\data\externs\vm\jsshell.js
[2025-08-05 12:13:27] [build-stdout] Done extracting C:\Users\brook\code\codeql\javascript\tools\data\externs\vm\jsshell.js (41 ms)
[2025-08-05 12:13:27] [build-stdout] Extracting C:\Users\brook\code\codeql\javascript\tools\data\externs\vm\rhino.js
[2025-08-05 12:13:27] [build-stdout] Done extracting C:\Users\brook\code\codeql\javascript\tools\data\externs\vm\rhino.js (21 ms)
[2025-08-05 12:13:27] [build-stdout] Extracting C:\Users\brook\code\codeql\javascript\tools\data\externs\vm\spidermonkey.js
[2025-08-05 12:13:27] [build-stdout] Done extracting C:\Users\brook\code\codeql\javascript\tools\data\externs\vm\spidermonkey.js (18 ms)
[2025-08-05 12:13:27] [build-stdout] Extracting C:\Users\brook\code\codeql\javascript\tools\data\externs\vm\v8.js
[2025-08-05 12:13:27] [build-stdout] Done extracting C:\Users\brook\code\codeql\javascript\tools\data\externs\vm\v8.js (23 ms)
[2025-08-05 12:13:27] [build-stdout] Extracting C:\Users\brook\code\codeql\javascript\tools\data\externs\web\chrome.js
[2025-08-05 12:13:27] [build-stdout] Done extracting C:\Users\brook\code\codeql\javascript\tools\data\externs\web\chrome.js (39 ms)
[2025-08-05 12:13:27] [build-stdout] Extracting C:\Users\brook\code\codeql\javascript\tools\data\externs\web\fetchapi.js
[2025-08-05 12:13:27] [build-stdout] Done extracting C:\Users\brook\code\codeql\javascript\tools\data\externs\web\fetchapi.js (34 ms)
[2025-08-05 12:13:27] [build-stdout] Extracting C:\Users\brook\code\codeql\javascript\tools\data\externs\web\fileapi.js
[2025-08-05 12:13:27] [build-stdout] Done extracting C:\Users\brook\code\codeql\javascript\tools\data\externs\web\fileapi.js (55 ms)
[2025-08-05 12:13:27] [build-stdout] Extracting C:\Users\brook\code\codeql\javascript\tools\data\externs\web\flash.js
[2025-08-05 12:13:27] [build-stdout] Done extracting C:\Users\brook\code\codeql\javascript\tools\data\externs\web\flash.js (25 ms)
[2025-08-05 12:13:27] [build-stdout] Extracting C:\Users\brook\code\codeql\javascript\tools\data\externs\web\gecko_css.js
[2025-08-05 12:13:27] [build-stdout] Done extracting C:\Users\brook\code\codeql\javascript\tools\data\externs\web\gecko_css.js (29 ms)
[2025-08-05 12:13:27] [build-stdout] Extracting C:\Users\brook\code\codeql\javascript\tools\data\externs\web\gecko_dom.js
[2025-08-05 12:13:27] [build-stdout] Done extracting C:\Users\brook\code\codeql\javascript\tools\data\externs\web\gecko_dom.js (51 ms)
[2025-08-05 12:13:27] [build-stdout] Extracting C:\Users\brook\code\codeql\javascript\tools\data\externs\web\gecko_event.js
[2025-08-05 12:13:27] [build-stdout] Done extracting C:\Users\brook\code\codeql\javascript\tools\data\externs\web\gecko_event.js (22 ms)
[2025-08-05 12:13:27] [build-stdout] Extracting C:\Users\brook\code\codeql\javascript\tools\data\externs\web\gecko_ext.js
[2025-08-05 12:13:27] [build-stdout] Done extracting C:\Users\brook\code\codeql\javascript\tools\data\externs\web\gecko_ext.js (27 ms)
[2025-08-05 12:13:27] [build-stdout] Extracting C:\Users\brook\code\codeql\javascript\tools\data\externs\web\gecko_xml.js
[2025-08-05 12:13:27] [build-stdout] Done extracting C:\Users\brook\code\codeql\javascript\tools\data\externs\web\gecko_xml.js (21 ms)
[2025-08-05 12:13:27] [build-stdout] Extracting C:\Users\brook\code\codeql\javascript\tools\data\externs\web\html5.js
[2025-08-05 12:13:27] [build-stdout] Done extracting C:\Users\brook\code\codeql\javascript\tools\data\externs\web\html5.js (169 ms)
[2025-08-05 12:13:27] [build-stdout] Extracting C:\Users\brook\code\codeql\javascript\tools\data\externs\web\ie_css.js
[2025-08-05 12:13:27] [build-stdout] Done extracting C:\Users\brook\code\codeql\javascript\tools\data\externs\web\ie_css.js (28 ms)
[2025-08-05 12:13:27] [build-stdout] Extracting C:\Users\brook\code\codeql\javascript\tools\data\externs\web\ie_dom.js
[2025-08-05 12:13:27] [build-stdout] Done extracting C:\Users\brook\code\codeql\javascript\tools\data\externs\web\ie_dom.js (62 ms)
[2025-08-05 12:13:27] [build-stdout] Extracting C:\Users\brook\code\codeql\javascript\tools\data\externs\web\ie_event.js
[2025-08-05 12:13:27] [build-stdout] Done extracting C:\Users\brook\code\codeql\javascript\tools\data\externs\web\ie_event.js (28 ms)
[2025-08-05 12:13:27] [build-stdout] Extracting C:\Users\brook\code\codeql\javascript\tools\data\externs\web\ie_vml.js
[2025-08-05 12:13:27] [build-stdout] Done extracting C:\Users\brook\code\codeql\javascript\tools\data\externs\web\ie_vml.js (16 ms)
[2025-08-05 12:13:27] [build-stdout] Extracting C:\Users\brook\code\codeql\javascript\tools\data\externs\web\intl.js
[2025-08-05 12:13:27] [build-stdout] Done extracting C:\Users\brook\code\codeql\javascript\tools\data\externs\web\intl.js (27 ms)
[2025-08-05 12:13:27] [build-stdout] Extracting C:\Users\brook\code\codeql\javascript\tools\data\externs\web\iphone.js
[2025-08-05 12:13:27] [build-stdout] Done extracting C:\Users\brook\code\codeql\javascript\tools\data\externs\web\iphone.js (22 ms)
[2025-08-05 12:13:27] [build-stdout] Extracting C:\Users\brook\code\codeql\javascript\tools\data\externs\web\mediasource.js
[2025-08-05 12:13:27] [build-stdout] Done extracting C:\Users\brook\code\codeql\javascript\tools\data\externs\web\mediasource.js (29 ms)
[2025-08-05 12:13:27] [build-stdout] Extracting C:\Users\brook\code\codeql\javascript\tools\data\externs\web\page_visibility.js
[2025-08-05 12:13:27] [build-stdout] Done extracting C:\Users\brook\code\codeql\javascript\tools\data\externs\web\page_visibility.js (22 ms)
[2025-08-05 12:13:27] [build-stdout] Extracting C:\Users\brook\code\codeql\javascript\tools\data\externs\web\streamsapi.js
[2025-08-05 12:13:27] [build-stdout] Done extracting C:\Users\brook\code\codeql\javascript\tools\data\externs\web\streamsapi.js (37 ms)
[2025-08-05 12:13:27] [build-stdout] Extracting C:\Users\brook\code\codeql\javascript\tools\data\externs\web\url.js
[2025-08-05 12:13:27] [build-stdout] Done extracting C:\Users\brook\code\codeql\javascript\tools\data\externs\web\url.js (24 ms)
[2025-08-05 12:13:27] [build-stdout] Extracting C:\Users\brook\code\codeql\javascript\tools\data\externs\web\w3c_anim_timing.js
[2025-08-05 12:13:27] [build-stdout] Done extracting C:\Users\brook\code\codeql\javascript\tools\data\externs\web\w3c_anim_timing.js (23 ms)
[2025-08-05 12:13:27] [build-stdout] Extracting C:\Users\brook\code\codeql\javascript\tools\data\externs\web\w3c_batterystatus.js
[2025-08-05 12:13:27] [build-stdout] Done extracting C:\Users\brook\code\codeql\javascript\tools\data\externs\web\w3c_batterystatus.js (20 ms)
[2025-08-05 12:13:27] [build-stdout] Extracting C:\Users\brook\code\codeql\javascript\tools\data\externs\web\w3c_css.js
[2025-08-05 12:13:28] [build-stdout] Done extracting C:\Users\brook\code\codeql\javascript\tools\data\externs\web\w3c_css.js (81 ms)
[2025-08-05 12:13:28] [build-stdout] Extracting C:\Users\brook\code\codeql\javascript\tools\data\externs\web\w3c_css3d.js
[2025-08-05 12:13:28] [build-stdout] Done extracting C:\Users\brook\code\codeql\javascript\tools\data\externs\web\w3c_css3d.js (26 ms)
[2025-08-05 12:13:28] [build-stdout] Extracting C:\Users\brook\code\codeql\javascript\tools\data\externs\web\w3c_device_sensor_event.js
[2025-08-05 12:13:28] [build-stdout] Done extracting C:\Users\brook\code\codeql\javascript\tools\data\externs\web\w3c_device_sensor_event.js (24 ms)
[2025-08-05 12:13:28] [build-stdout] Extracting C:\Users\brook\code\codeql\javascript\tools\data\externs\web\w3c_dom1.js
[2025-08-05 12:13:28] [build-stdout] Done extracting C:\Users\brook\code\codeql\javascript\tools\data\externs\web\w3c_dom1.js (54 ms)
[2025-08-05 12:13:28] [build-stdout] Extracting C:\Users\brook\code\codeql\javascript\tools\data\externs\web\w3c_dom2.js
[2025-08-05 12:13:28] [build-stdout] Done extracting C:\Users\brook\code\codeql\javascript\tools\data\externs\web\w3c_dom2.js (80 ms)
[2025-08-05 12:13:28] [build-stdout] Extracting C:\Users\brook\code\codeql\javascript\tools\data\externs\web\w3c_dom3.js
[2025-08-05 12:13:28] [build-stdout] Done extracting C:\Users\brook\code\codeql\javascript\tools\data\externs\web\w3c_dom3.js (59 ms)
[2025-08-05 12:13:28] [build-stdout] Extracting C:\Users\brook\code\codeql\javascript\tools\data\externs\web\w3c_dom4.js
[2025-08-05 12:13:28] [build-stdout] Done extracting C:\Users\brook\code\codeql\javascript\tools\data\externs\web\w3c_dom4.js (23 ms)
[2025-08-05 12:13:28] [build-stdout] Extracting C:\Users\brook\code\codeql\javascript\tools\data\externs\web\w3c_elementtraversal.js
[2025-08-05 12:13:28] [build-stdout] Done extracting C:\Users\brook\code\codeql\javascript\tools\data\externs\web\w3c_elementtraversal.js (22 ms)
[2025-08-05 12:13:28] [build-stdout] Extracting C:\Users\brook\code\codeql\javascript\tools\data\externs\web\w3c_encoding.js
[2025-08-05 12:13:28] [build-stdout] Done extracting C:\Users\brook\code\codeql\javascript\tools\data\externs\web\w3c_encoding.js (22 ms)
[2025-08-05 12:13:28] [build-stdout] Extracting C:\Users\brook\code\codeql\javascript\tools\data\externs\web\w3c_event.js
[2025-08-05 12:13:28] [build-stdout] Done extracting C:\Users\brook\code\codeql\javascript\tools\data\externs\web\w3c_event.js (38 ms)
[2025-08-05 12:13:28] [build-stdout] Extracting C:\Users\brook\code\codeql\javascript\tools\data\externs\web\w3c_event3.js
[2025-08-05 12:13:28] [build-stdout] Done extracting C:\Users\brook\code\codeql\javascript\tools\data\externs\web\w3c_event3.js (19 ms)
[2025-08-05 12:13:28] [build-stdout] Extracting C:\Users\brook\code\codeql\javascript\tools\data\externs\web\w3c_gamepad.js
[2025-08-05 12:13:28] [build-stdout] Done extracting C:\Users\brook\code\codeql\javascript\tools\data\externs\web\w3c_gamepad.js (22 ms)
[2025-08-05 12:13:28] [build-stdout] Extracting C:\Users\brook\code\codeql\javascript\tools\data\externs\web\w3c_geolocation.js
[2025-08-05 12:13:28] [build-stdout] Done extracting C:\Users\brook\code\codeql\javascript\tools\data\externs\web\w3c_geolocation.js (26 ms)
[2025-08-05 12:13:28] [build-stdout] Extracting C:\Users\brook\code\codeql\javascript\tools\data\externs\web\w3c_indexeddb.js
[2025-08-05 12:13:28] [build-stdout] Done extracting C:\Users\brook\code\codeql\javascript\tools\data\externs\web\w3c_indexeddb.js (45 ms)
[2025-08-05 12:13:28] [build-stdout] Extracting C:\Users\brook\code\codeql\javascript\tools\data\externs\web\w3c_midi.js
[2025-08-05 12:13:28] [build-stdout] Done extracting C:\Users\brook\code\codeql\javascript\tools\data\externs\web\w3c_midi.js (30 ms)
[2025-08-05 12:13:28] [build-stdout] Extracting C:\Users\brook\code\codeql\javascript\tools\data\externs\web\w3c_navigation_timing.js
[2025-08-05 12:13:28] [build-stdout] Done extracting C:\Users\brook\code\codeql\javascript\tools\data\externs\web\w3c_navigation_timing.js (28 ms)
[2025-08-05 12:13:28] [build-stdout] Extracting C:\Users\brook\code\codeql\javascript\tools\data\externs\web\w3c_permissions.js
[2025-08-05 12:13:28] [build-stdout] Done extracting C:\Users\brook\code\codeql\javascript\tools\data\externs\web\w3c_permissions.js (24 ms)
[2025-08-05 12:13:28] [build-stdout] Extracting C:\Users\brook\code\codeql\javascript\tools\data\externs\web\w3c_pointer_events.js
[2025-08-05 12:13:28] [build-stdout] Done extracting C:\Users\brook\code\codeql\javascript\tools\data\externs\web\w3c_pointer_events.js (22 ms)
[2025-08-05 12:13:28] [build-stdout] Extracting C:\Users\brook\code\codeql\javascript\tools\data\externs\web\w3c_range.js
[2025-08-05 12:13:28] [build-stdout] Done extracting C:\Users\brook\code\codeql\javascript\tools\data\externs\web\w3c_range.js (29 ms)
[2025-08-05 12:13:28] [build-stdout] Extracting C:\Users\brook\code\codeql\javascript\tools\data\externs\web\w3c_requestidlecallback.js
[2025-08-05 12:13:28] [build-stdout] Done extracting C:\Users\brook\code\codeql\javascript\tools\data\externs\web\w3c_requestidlecallback.js (20 ms)
[2025-08-05 12:13:28] [build-stdout] Extracting C:\Users\brook\code\codeql\javascript\tools\data\externs\web\w3c_rtc.js
[2025-08-05 12:13:28] [build-stdout] Done extracting C:\Users\brook\code\codeql\javascript\tools\data\externs\web\w3c_rtc.js (79 ms)
[2025-08-05 12:13:28] [build-stdout] Extracting C:\Users\brook\code\codeql\javascript\tools\data\externs\web\w3c_screen_orientation.js
[2025-08-05 12:13:28] [build-stdout] Done extracting C:\Users\brook\code\codeql\javascript\tools\data\externs\web\w3c_screen_orientation.js (23 ms)
[2025-08-05 12:13:28] [build-stdout] Extracting C:\Users\brook\code\codeql\javascript\tools\data\externs\web\w3c_selectors.js
[2025-08-05 12:13:28] [build-stdout] Done extracting C:\Users\brook\code\codeql\javascript\tools\data\externs\web\w3c_selectors.js (20 ms)
[2025-08-05 12:13:28] [build-stdout] Extracting C:\Users\brook\code\codeql\javascript\tools\data\externs\web\w3c_serviceworker.js
[2025-08-05 12:13:28] [build-stdout] Done extracting C:\Users\brook\code\codeql\javascript\tools\data\externs\web\w3c_serviceworker.js (39 ms)
[2025-08-05 12:13:28] [build-stdout] Extracting C:\Users\brook\code\codeql\javascript\tools\data\externs\web\w3c_touch_event.js
[2025-08-05 12:13:28] [build-stdout] Done extracting C:\Users\brook\code\codeql\javascript\tools\data\externs\web\w3c_touch_event.js (28 ms)
[2025-08-05 12:13:28] [build-stdout] Extracting C:\Users\brook\code\codeql\javascript\tools\data\externs\web\w3c_webcrypto.js
[2025-08-05 12:13:28] [build-stdout] Done extracting C:\Users\brook\code\codeql\javascript\tools\data\externs\web\w3c_webcrypto.js (33 ms)
[2025-08-05 12:13:28] [build-stdout] Extracting C:\Users\brook\code\codeql\javascript\tools\data\externs\web\w3c_xml.js
[2025-08-05 12:13:28] [build-stdout] Done extracting C:\Users\brook\code\codeql\javascript\tools\data\externs\web\w3c_xml.js (35 ms)
[2025-08-05 12:13:28] [build-stdout] Extracting C:\Users\brook\code\codeql\javascript\tools\data\externs\web\webgl.js
[2025-08-05 12:13:29] [build-stdout] Done extracting C:\Users\brook\code\codeql\javascript\tools\data\externs\web\webgl.js (115 ms)
[2025-08-05 12:13:29] [build-stdout] Extracting C:\Users\brook\code\codeql\javascript\tools\data\externs\web\webkit_css.js
[2025-08-05 12:13:29] [build-stdout] Done extracting C:\Users\brook\code\codeql\javascript\tools\data\externs\web\webkit_css.js (55 ms)
[2025-08-05 12:13:29] [build-stdout] Extracting C:\Users\brook\code\codeql\javascript\tools\data\externs\web\webkit_dom.js
[2025-08-05 12:13:29] [build-stdout] Done extracting C:\Users\brook\code\codeql\javascript\tools\data\externs\web\webkit_dom.js (33 ms)
[2025-08-05 12:13:29] [build-stdout] Extracting C:\Users\brook\code\codeql\javascript\tools\data\externs\web\webkit_event.js
[2025-08-05 12:13:29] [build-stdout] Done extracting C:\Users\brook\code\codeql\javascript\tools\data\externs\web\webkit_event.js (20 ms)
[2025-08-05 12:13:29] [build-stdout] Extracting C:\Users\brook\code\codeql\javascript\tools\data\externs\web\webkit_notifications.js
[2025-08-05 12:13:29] [build-stdout] Done extracting C:\Users\brook\code\codeql\javascript\tools\data\externs\web\webkit_notifications.js (27 ms)
[2025-08-05 12:13:29] [build-stdout] Extracting C:\Users\brook\code\codeql\javascript\tools\data\externs\web\webkit_usercontent.js
[2025-08-05 12:13:29] [build-stdout] Done extracting C:\Users\brook\code\codeql\javascript\tools\data\externs\web\webkit_usercontent.js (20 ms)
[2025-08-05 12:13:29] [build-stdout] Extracting C:\Users\brook\code\codeql\javascript\tools\data\externs\web\webstorage.js
[2025-08-05 12:13:29] [build-stdout] Done extracting C:\Users\brook\code\codeql\javascript\tools\data\externs\web\webstorage.js (23 ms)
[2025-08-05 12:13:29] [build-stdout] Extracting C:\Users\brook\code\codeql\javascript\tools\data\externs\web\whatwg_encoding.js
[2025-08-05 12:13:29] [build-stdout] Done extracting C:\Users\brook\code\codeql\javascript\tools\data\externs\web\whatwg_encoding.js (21 ms)
[2025-08-05 12:13:29] [build-stdout] Extracting C:\Users\brook\code\codeql\javascript\tools\data\externs\web\window.js
[2025-08-05 12:13:29] [build-stdout] Done extracting C:\Users\brook\code\codeql\javascript\tools\data\externs\web\window.js (27 ms)
[2025-08-05 12:13:29] Plumbing command codeql database trace-command completed.
[2025-08-05 12:13:29] [PROGRESS] database create> Finalizing database at C:\Users\brook\code\HNPattacker_WB\jsexample-db.
[2025-08-05 12:13:29] Running plumbing command: codeql database finalize --no-db-cluster -- C:\Users\brook\code\HNPattacker_WB\jsexample-db
[2025-08-05 12:13:29] [PROGRESS] database finalize> Running TRAP import for CodeQL database at C:\Users\brook\code\HNPattacker_WB\jsexample-db...
[2025-08-05 12:13:29] Running plumbing command: codeql dataset import --dbscheme=C:\Users\brook\code\codeql\javascript\semmlecode.javascript.dbscheme -- C:\Users\brook\code\HNPattacker_WB\jsexample-db\db-javascript C:\Users\brook\code\HNPattacker_WB\jsexample-db\trap\javascript
[2025-08-05 12:13:29] Clearing disk cache since the version file C:\Users\brook\code\HNPattacker_WB\jsexample-db\db-javascript\default\cache\version does not exist
[2025-08-05 12:13:29] Tuple pool not found. Clearing relations with cached strings
[2025-08-05 12:13:29] Trimming disk cache at C:\Users\brook\code\HNPattacker_WB\jsexample-db\db-javascript\default\cache in mode clear.
[2025-08-05 12:13:29] Sequence stamp origin is -6018750661281535174
[2025-08-05 12:13:29] Pausing evaluation to hard-clear memory at sequence stamp o+0
[2025-08-05 12:13:29] Unpausing evaluation
[2025-08-05 12:13:29] Pausing evaluation to quickly trim disk at sequence stamp o+1
[2025-08-05 12:13:29] Unpausing evaluation
[2025-08-05 12:13:29] Pausing evaluation to zealously trim disk at sequence stamp o+2
[2025-08-05 12:13:29] Unpausing evaluation
[2025-08-05 12:13:29] Trimming completed (5ms): Purged everything.
[2025-08-05 12:13:29] Scanning for files in C:\Users\brook\code\HNPattacker_WB\jsexample-db\trap\javascript
[2025-08-05 12:13:29] Found 112 TRAP files (8.21 MiB)
[2025-08-05 12:13:29] [PROGRESS] dataset import> Importing TRAP files
[2025-08-05 12:13:29] Importing jsexample.js.trap.gz (1 of 112)
[2025-08-05 12:13:30] Importing es2016.js.trap.gz (2 of 112)
[2025-08-05 12:13:30] Importing es2017.js.trap.gz (3 of 112)
[2025-08-05 12:13:30] Importing es3.js.trap.gz (4 of 112)
[2025-08-05 12:13:30] Importing es5.js.trap.gz (5 of 112)
[2025-08-05 12:13:30] Importing es6.js.trap.gz (6 of 112)
[2025-08-05 12:13:30] Importing es6_collections.js.trap.gz (7 of 112)
[2025-08-05 12:13:30] Importing intl.js.trap.gz (8 of 112)
[2025-08-05 12:13:30] Importing proxy.js.trap.gz (9 of 112)
[2025-08-05 12:13:30] Importing bdd.js.trap.gz (10 of 112)
[2025-08-05 12:13:30] Importing jquery-3.2.js.trap.gz (11 of 112)
[2025-08-05 12:13:30] Importing should.js.trap.gz (12 of 112)
[2025-08-05 12:13:30] Importing vows.js.trap.gz (13 of 112)
[2025-08-05 12:13:30] Importing assert.js.trap.gz (14 of 112)
[2025-08-05 12:13:30] Importing assert_legacy.js.trap.gz (15 of 112)
[2025-08-05 12:13:30] Importing buffer.js.trap.gz (16 of 112)
[2025-08-05 12:13:30] Importing child_process.js.trap.gz (17 of 112)
[2025-08-05 12:13:30] Importing cluster.js.trap.gz (18 of 112)
[2025-08-05 12:13:30] Importing console.js.trap.gz (19 of 112)
[2025-08-05 12:13:30] Importing constants.js.trap.gz (20 of 112)
[2025-08-05 12:13:30] Importing crypto.js.trap.gz (21 of 112)
[2025-08-05 12:13:30] Importing dgram.js.trap.gz (22 of 112)
[2025-08-05 12:13:30] Importing dns.js.trap.gz (23 of 112)
[2025-08-05 12:13:30] Importing domain.js.trap.gz (24 of 112)
[2025-08-05 12:13:30] Importing events.js.trap.gz (25 of 112)
[2025-08-05 12:13:30] Importing fs.js.trap.gz (26 of 112)
[2025-08-05 12:13:30] Importing globals.js.trap.gz (27 of 112)
[2025-08-05 12:13:30] Importing http.js.trap.gz (28 of 112)
[2025-08-05 12:13:30] Importing https.js.trap.gz (29 of 112)
[2025-08-05 12:13:30] Importing module.js.trap.gz (30 of 112)
[2025-08-05 12:13:30] Importing net.js.trap.gz (31 of 112)
[2025-08-05 12:13:30] Importing os.js.trap.gz (32 of 112)
[2025-08-05 12:13:30] Importing path.js.trap.gz (33 of 112)
[2025-08-05 12:13:30] Importing process.js.trap.gz (34 of 112)
[2025-08-05 12:13:30] Importing punycode.js.trap.gz (35 of 112)
[2025-08-05 12:13:30] Importing querystring.js.trap.gz (36 of 112)
[2025-08-05 12:13:30] Importing readline.js.trap.gz (37 of 112)
[2025-08-05 12:13:30] Importing repl.js.trap.gz (38 of 112)
[2025-08-05 12:13:30] Importing stream.js.trap.gz (39 of 112)
[2025-08-05 12:13:31] Importing string_decoder.js.trap.gz (40 of 112)
[2025-08-05 12:13:31] Importing sys.js.trap.gz (41 of 112)
[2025-08-05 12:13:31] Importing timers.js.trap.gz (42 of 112)
[2025-08-05 12:13:31] Importing tls.js.trap.gz (43 of 112)
[2025-08-05 12:13:31] Importing tty.js.trap.gz (44 of 112)
[2025-08-05 12:13:31] Importing url.js.trap.gz (45 of 112)
[2025-08-05 12:13:31] Importing util.js.trap.gz (46 of 112)
[2025-08-05 12:13:31] Importing v8.js.trap.gz (47 of 112)
[2025-08-05 12:13:31] Importing vm.js.trap.gz (48 of 112)
[2025-08-05 12:13:31] Importing zlib.js.trap.gz (49 of 112)
[2025-08-05 12:13:31] Importing jsshell.js.trap.gz (50 of 112)
[2025-08-05 12:13:31] Importing rhino.js.trap.gz (51 of 112)
[2025-08-05 12:13:31] Importing spidermonkey.js.trap.gz (52 of 112)
[2025-08-05 12:13:31] Importing v8.js.trap.gz (53 of 112)
[2025-08-05 12:13:31] Importing chrome.js.trap.gz (54 of 112)
[2025-08-05 12:13:31] Importing fetchapi.js.trap.gz (55 of 112)
[2025-08-05 12:13:31] Importing fileapi.js.trap.gz (56 of 112)
[2025-08-05 12:13:31] Importing flash.js.trap.gz (57 of 112)
[2025-08-05 12:13:31] Importing gecko_css.js.trap.gz (58 of 112)
[2025-08-05 12:13:31] Importing gecko_dom.js.trap.gz (59 of 112)
[2025-08-05 12:13:31] Importing gecko_event.js.trap.gz (60 of 112)
[2025-08-05 12:13:31] Importing gecko_ext.js.trap.gz (61 of 112)
[2025-08-05 12:13:31] Importing gecko_xml.js.trap.gz (62 of 112)
[2025-08-05 12:13:31] Importing html5.js.trap.gz (63 of 112)
[2025-08-05 12:13:31] Importing ie_css.js.trap.gz (64 of 112)
[2025-08-05 12:13:31] Importing ie_dom.js.trap.gz (65 of 112)
[2025-08-05 12:13:31] Importing ie_event.js.trap.gz (66 of 112)
[2025-08-05 12:13:31] Importing ie_vml.js.trap.gz (67 of 112)
[2025-08-05 12:13:31] Importing intl.js.trap.gz (68 of 112)
[2025-08-05 12:13:31] Importing iphone.js.trap.gz (69 of 112)
[2025-08-05 12:13:31] Importing mediasource.js.trap.gz (70 of 112)
[2025-08-05 12:13:31] Importing page_visibility.js.trap.gz (71 of 112)
[2025-08-05 12:13:31] Importing streamsapi.js.trap.gz (72 of 112)
[2025-08-05 12:13:31] Importing url.js.trap.gz (73 of 112)
[2025-08-05 12:13:31] Importing w3c_anim_timing.js.trap.gz (74 of 112)
[2025-08-05 12:13:31] Importing w3c_batterystatus.js.trap.gz (75 of 112)
[2025-08-05 12:13:31] Importing w3c_css.js.trap.gz (76 of 112)
[2025-08-05 12:13:31] Importing w3c_css3d.js.trap.gz (77 of 112)
[2025-08-05 12:13:31] Importing w3c_device_sensor_event.js.trap.gz (78 of 112)
[2025-08-05 12:13:31] Importing w3c_dom1.js.trap.gz (79 of 112)
[2025-08-05 12:13:31] Importing w3c_dom2.js.trap.gz (80 of 112)
[2025-08-05 12:13:31] Importing w3c_dom3.js.trap.gz (81 of 112)
[2025-08-05 12:13:31] Importing w3c_dom4.js.trap.gz (82 of 112)
[2025-08-05 12:13:31] Importing w3c_elementtraversal.js.trap.gz (83 of 112)
[2025-08-05 12:13:31] Importing w3c_encoding.js.trap.gz (84 of 112)
[2025-08-05 12:13:31] Importing w3c_event.js.trap.gz (85 of 112)
[2025-08-05 12:13:31] Importing w3c_event3.js.trap.gz (86 of 112)
[2025-08-05 12:13:31] Importing w3c_gamepad.js.trap.gz (87 of 112)
[2025-08-05 12:13:31] Importing w3c_geolocation.js.trap.gz (88 of 112)
[2025-08-05 12:13:31] Importing w3c_indexeddb.js.trap.gz (89 of 112)
[2025-08-05 12:13:31] Importing w3c_midi.js.trap.gz (90 of 112)
[2025-08-05 12:13:31] Importing w3c_navigation_timing.js.trap.gz (91 of 112)
[2025-08-05 12:13:31] Importing w3c_permissions.js.trap.gz (92 of 112)
[2025-08-05 12:13:31] Importing w3c_pointer_events.js.trap.gz (93 of 112)
[2025-08-05 12:13:31] Importing w3c_range.js.trap.gz (94 of 112)
[2025-08-05 12:13:31] Importing w3c_requestidlecallback.js.trap.gz (95 of 112)
[2025-08-05 12:13:31] Importing w3c_rtc.js.trap.gz (96 of 112)
[2025-08-05 12:13:31] Importing w3c_screen_orientation.js.trap.gz (97 of 112)
[2025-08-05 12:13:31] Importing w3c_selectors.js.trap.gz (98 of 112)
[2025-08-05 12:13:31] Importing w3c_serviceworker.js.trap.gz (99 of 112)
[2025-08-05 12:13:31] Importing w3c_touch_event.js.trap.gz (100 of 112)
[2025-08-05 12:13:31] Importing w3c_webcrypto.js.trap.gz (101 of 112)
[2025-08-05 12:13:31] Importing w3c_xml.js.trap.gz (102 of 112)
[2025-08-05 12:13:31] Importing webgl.js.trap.gz (103 of 112)
[2025-08-05 12:13:32] Importing webkit_css.js.trap.gz (104 of 112)
[2025-08-05 12:13:32] Importing webkit_dom.js.trap.gz (105 of 112)
[2025-08-05 12:13:32] Importing webkit_event.js.trap.gz (106 of 112)
[2025-08-05 12:13:32] Importing webkit_notifications.js.trap.gz (107 of 112)
[2025-08-05 12:13:32] Importing webkit_usercontent.js.trap.gz (108 of 112)
[2025-08-05 12:13:32] Importing webstorage.js.trap.gz (109 of 112)
[2025-08-05 12:13:32] Importing whatwg_encoding.js.trap.gz (110 of 112)
[2025-08-05 12:13:32] Importing window.js.trap.gz (111 of 112)
[2025-08-05 12:13:32] Importing metadata.trap.gz (112 of 112)
[2025-08-05 12:13:32] [PROGRESS] dataset import> Merging relations
[2025-08-05 12:13:32] Merging 1 fragment for 'files'.
[2025-08-05 12:13:32] Merged 417 bytes for 'files'.
[2025-08-05 12:13:32] Merging 1 fragment for 'folders'.
[2025-08-05 12:13:32] Merged 67 bytes for 'folders'.
[2025-08-05 12:13:32] Merging 1 fragment for 'containerparent'.
[2025-08-05 12:13:32] Merged 311 bytes for 'containerparent'.
[2025-08-05 12:13:32] Merging 2 fragments for 'locations_default'.
[2025-08-05 12:13:32] Merged 808250 bytes (789.31 KiB) for 'locations_default'.
[2025-08-05 12:13:32] Merging 3 fragments for 'hasLocation'.
[2025-08-05 12:13:32] Merged 516203 bytes (504.10 KiB) for 'hasLocation'.
[2025-08-05 12:13:32] Merging 1 fragment for 'extraction_data'.
[2025-08-05 12:13:32] Merged 520 bytes for 'extraction_data'.
[2025-08-05 12:13:32] Merging 1 fragment for 'scopes'.
[2025-08-05 12:13:32] Merged 4137 bytes (4.04 KiB) for 'scopes'.
[2025-08-05 12:13:32] Merging 1 fragment for 'comments'.
[2025-08-05 12:13:32] Merged 37274 bytes (36.40 KiB) for 'comments'.
[2025-08-05 12:13:32] Merging 1 fragment for 'indentation'.
[2025-08-05 12:13:32] Merged 26971 bytes (26.34 KiB) for 'indentation'.
[2025-08-05 12:13:32] Merging 1 fragment for 'numlines'.
[2025-08-05 12:13:32] Merged 1579 bytes (1.54 KiB) for 'numlines'.
[2025-08-05 12:13:32] Merging 1 fragment for 'tokeninfo'.
[2025-08-05 12:13:32] Merged 450757 bytes (440.19 KiB) for 'tokeninfo'.
[2025-08-05 12:13:32] Merging 1 fragment for 'next_token'.
[2025-08-05 12:13:32] Merged 20359 bytes (19.88 KiB) for 'next_token'.
[2025-08-05 12:13:32] Merging 1 fragment for 'toplevels'.
[2025-08-05 12:13:32] Merged 234 bytes for 'toplevels'.
[2025-08-05 12:13:32] Merging 1 fragment for 'variables'.
[2025-08-05 12:13:32] Merged 39474 bytes (38.55 KiB) for 'variables'.
[2025-08-05 12:13:32] Merging 1 fragment for 'scopenodes'.
[2025-08-05 12:13:32] Merged 8319 bytes (8.12 KiB) for 'scopenodes'.
[2025-08-05 12:13:32] Merging 1 fragment for 'scopenesting'.
[2025-08-05 12:13:32] Merged 4297 bytes (4.20 KiB) for 'scopenesting'.
[2025-08-05 12:13:32] Merging 1 fragment for 'is_module'.
[2025-08-05 12:13:32] Merged 87 bytes for 'is_module'.
[2025-08-05 12:13:32] Merging 1 fragment for 'stmts'.
[2025-08-05 12:13:32] Merged 102404 bytes (100.00 KiB) for 'stmts'.
[2025-08-05 12:13:32] Merging 1 fragment for 'stmt_containers'.
[2025-08-05 12:13:32] Merged 46686 bytes (45.59 KiB) for 'stmt_containers'.
[2025-08-05 12:13:32] Merging 1 fragment for 'exprs'.
[2025-08-05 12:13:32] Merged 412899 bytes (403.22 KiB) for 'exprs'.
[2025-08-05 12:13:32] Merging 1 fragment for 'enclosing_stmt'.
[2025-08-05 12:13:32] Merged 83441 bytes (81.49 KiB) for 'enclosing_stmt'.
[2025-08-05 12:13:32] Merging 1 fragment for 'expr_containers'.
[2025-08-05 12:13:32] Merged 92237 bytes (90.08 KiB) for 'expr_containers'.
[2025-08-05 12:13:32] Merging 1 fragment for 'literals'.
[2025-08-05 12:13:32] Merged 70582 bytes (68.93 KiB) for 'literals'.
[2025-08-05 12:13:32] Merging 1 fragment for 'decl'.
[2025-08-05 12:13:32] Merged 13317 bytes (13.00 KiB) for 'decl'.
[2025-08-05 12:13:32] Merging 1 fragment for 'bind'.
[2025-08-05 12:13:32] Merged 14735 bytes (14.39 KiB) for 'bind'.
[2025-08-05 12:13:32] Merging 1 fragment for 'regexpterm'.
[2025-08-05 12:13:32] Merged 420 bytes for 'regexpterm'.
[2025-08-05 12:13:32] Merging 1 fragment for 'regexp_const_value'.
[2025-08-05 12:13:32] Merged 185 bytes for 'regexp_const_value'.
[2025-08-05 12:13:32] Merging 1 fragment for 'properties'.
[2025-08-05 12:13:32] Merged 400 bytes for 'properties'.
[2025-08-05 12:13:32] Merging 1 fragment for 'is_arguments_object'.
[2025-08-05 12:13:32] Merged 4008 bytes (3.91 KiB) for 'is_arguments_object'.
[2025-08-05 12:13:32] Merging 1 fragment for 'is_capture'.
[2025-08-05 12:13:32] Merged 30 bytes for 'is_capture'.
[2025-08-05 12:13:32] Merging 1 fragment for 'array_size'.
[2025-08-05 12:13:32] Merged 30 bytes for 'array_size'.
[2025-08-05 12:13:32] Merging 1 fragment for 'entry_cfg_node'.
[2025-08-05 12:13:32] Merged 8859 bytes (8.65 KiB) for 'entry_cfg_node'.
[2025-08-05 12:13:32] Merging 1 fragment for 'exit_cfg_node'.
[2025-08-05 12:13:32] Merged 8859 bytes (8.65 KiB) for 'exit_cfg_node'.
[2025-08-05 12:13:32] Merging 1 fragment for 'successor'.
[2025-08-05 12:13:32] Merged 166140 bytes (162.25 KiB) for 'successor'.
[2025-08-05 12:13:32] Merging 1 fragment for 'guard_node'.
[2025-08-05 12:13:32] Merged 145 bytes for 'guard_node'.
[2025-08-05 12:13:32] Merging 1 fragment for 'is_nodejs'.
[2025-08-05 12:13:32] Merged 87 bytes for 'is_nodejs'.
[2025-08-05 12:13:32] Merging 1 fragment for 'filetype'.
[2025-08-05 12:13:32] Merged 237 bytes for 'filetype'.
[2025-08-05 12:13:32] Merging 1 fragment for 'extraction_time'.
[2025-08-05 12:13:32] Merged 13845 bytes (13.52 KiB) for 'extraction_time'.
[2025-08-05 12:13:32] Merging 1 fragment for 'jsdoc'.
[2025-08-05 12:13:32] Merged 20251 bytes (19.78 KiB) for 'jsdoc'.
[2025-08-05 12:13:32] Merging 1 fragment for 'jsdoc_tags'.
[2025-08-05 12:13:33] Merged 100103 bytes (97.76 KiB) for 'jsdoc_tags'.
[2025-08-05 12:13:33] Merging 1 fragment for 'jsdoc_tag_descriptions'.
[2025-08-05 12:13:33] Merged 7318 bytes (7.15 KiB) for 'jsdoc_tag_descriptions'.
[2025-08-05 12:13:33] Merging 1 fragment for 'jsdoc_tag_names'.
[2025-08-05 12:13:33] Merged 14320 bytes (13.98 KiB) for 'jsdoc_tag_names'.
[2025-08-05 12:13:33] Merging 1 fragment for 'jsdoc_type_exprs'.
[2025-08-05 12:13:33] Merged 115081 bytes (112.38 KiB) for 'jsdoc_type_exprs'.
[2025-08-05 12:13:33] Merging 1 fragment for 'is_externs'.
[2025-08-05 12:13:33] Merged 223 bytes for 'is_externs'.
[2025-08-05 12:13:33] Merging 1 fragment for 'jsdoc_prefix_qualifier'.
[2025-08-05 12:13:33] Merged 1894 bytes (1.85 KiB) for 'jsdoc_prefix_qualifier'.
[2025-08-05 12:13:33] Merging 1 fragment for 'jsdoc_errors'.
[2025-08-05 12:13:33] Merged 1139 bytes (1.11 KiB) for 'jsdoc_errors'.
[2025-08-05 12:13:33] Merging 1 fragment for 'jsdoc_record_field_name'.
[2025-08-05 12:13:33] Merged 1601 bytes (1.56 KiB) for 'jsdoc_record_field_name'.
[2025-08-05 12:13:33] Merging 1 fragment for 'jsdoc_has_new_parameter'.
[2025-08-05 12:13:33] Merged 35 bytes for 'jsdoc_has_new_parameter'.
[2025-08-05 12:13:33] Merging 1 fragment for 'sourceLocationPrefix'.
[2025-08-05 12:13:33] Merged 17 bytes for 'sourceLocationPrefix'.
[2025-08-05 12:13:33] Saving string and id pools to disk.
[2025-08-05 12:13:33] Finished importing TRAP files.
[2025-08-05 12:13:33] Read 43.43 MiB of uncompressed TRAP data.
[2025-08-05 12:13:33] Uncompressed relation data size: 13.35 MiB
[2025-08-05 12:13:33] Relation data size: 3.07 MiB (merge rate: 3.26 MiB/s)
[2025-08-05 12:13:33] String pool size: 4.78 MiB
[2025-08-05 12:13:33] ID pool size: 13.00 MiB
[2025-08-05 12:13:33] [PROGRESS] dataset import> Finished writing database (relations: 3.07 MiB; string pool: 4.78 MiB).
[2025-08-05 12:13:33] Pausing evaluation to close the cache at sequence stamp o+107
[2025-08-05 12:13:33] The disk cache is freshly trimmed; leave it be.
[2025-08-05 12:13:33] Unpausing evaluation
[2025-08-05 12:13:33] [WARN] Failed to delete C:\Users\brook\code\HNPattacker_WB\jsexample-db\db-javascript\default\strings\0 (attempt 1)
                             java.nio.file.FileSystemException: C:\Users\brook\code\HNPattacker_WB\jsexample-db\db-javascript\default\strings\0: The process cannot access the file because it is being used by another process
                             	at java.base/sun.nio.fs.WindowsException.translateToIOException(Unknown Source)
                             	at java.base/sun.nio.fs.WindowsException.rethrowAsIOException(Unknown Source)
                             	at java.base/sun.nio.fs.WindowsException.rethrowAsIOException(Unknown Source)
                             	at java.base/sun.nio.fs.WindowsFileSystemProvider.implDelete(Unknown Source)
                             	at java.base/sun.nio.fs.AbstractFileSystemProvider.delete(Unknown Source)
                             	at java.base/java.nio.file.Files.delete(Unknown Source)
                             	at com.semmle.util.files.FileUtil8.delete(FileUtil8.java:361)
                             	at com.semmle.util.files.FileUtil8.deleteIfExists(FileUtil8.java:394)
                             	at com.semmle.util.files.FileUtil8.lambda$deleteWithRetries$10(FileUtil8.java:628)
                             	at com.semmle.util.files.FileUtil8.performWithRetries(FileUtil8.java:559)
                             	at com.semmle.util.files.FileUtil8.deleteWithRetries(FileUtil8.java:627)
                             	at com.semmle.inmemory.util.DiskPool.deleteFiles(DiskPool.java:244)
                             	at com.semmle.inmemory.util.SequentialDiskPool.deleteFiles(SequentialDiskPool.java:15)
                             	at com.semmle.inmemory.stringpool.IntensionalGeneration.deleteFiles(IntensionalGeneration.java:81)
                             	at com.semmle.inmemory.stringpool.StringPool.closePool(StringPool.java:662)
                             	at com.semmle.inmemory.MemoryBackend.close(MemoryBackend.java:183)
                             	at com.semmle.inmemory.trap.TrapImporter.close(TrapImporter.java:348)
                             	at com.semmle.cli2.ql.dataset.ImportCommand.executeSubcommand(ImportCommand.java:174)
                             	at com.semmle.cli2.picocli.SubcommandCommon.lambda$executeSubcommandWithMessages$5(SubcommandCommon.java:892)
                             	at com.semmle.cli2.picocli.SubcommandCommon.withCompilationMessages(SubcommandCommon.java:444)
                             	at com.semmle.cli2.picocli.SubcommandCommon.executeSubcommandWithMessages(SubcommandCommon.java:890)
                             	at com.semmle.cli2.picocli.PlumbingRunner.run(PlumbingRunner.java:119)
                             	at com.semmle.cli2.picocli.SubcommandCommon.runPlumbingInProcess(SubcommandCommon.java:201)
                             	at com.semmle.cli2.database.FinalizeCommand.doTrapImport(FinalizeCommand.java:254)
                             	at com.semmle.cli2.database.FinalizeCommand.finalizeOne(FinalizeCommand.java:185)
                             	at com.semmle.cli2.database.FinalizeCommand.executeSubcommand(FinalizeCommand.java:115)
                             	at com.semmle.cli2.picocli.SubcommandCommon.lambda$executeSubcommandWithMessages$5(SubcommandCommon.java:892)
                             	at com.semmle.cli2.picocli.SubcommandCommon.withCompilationMessages(SubcommandCommon.java:444)
                             	at com.semmle.cli2.picocli.SubcommandCommon.executeSubcommandWithMessages(SubcommandCommon.java:890)
                             	at com.semmle.cli2.picocli.PlumbingRunner.run(PlumbingRunner.java:119)
                             	at com.semmle.cli2.picocli.SubcommandCommon.runPlumbingInProcess(SubcommandCommon.java:201)
                             	at com.semmle.cli2.database.CreateCommand.executeSubcommand(CreateCommand.java:204)
                             	at com.semmle.cli2.picocli.SubcommandCommon.lambda$executeSubcommandWithMessages$5(SubcommandCommon.java:892)
                             	at com.semmle.cli2.picocli.SubcommandCommon.withCompilationMessages(SubcommandCommon.java:444)
                             	at com.semmle.cli2.picocli.SubcommandCommon.executeSubcommandWithMessages(SubcommandCommon.java:890)
                             	at com.semmle.cli2.picocli.SubcommandCommon.toplevelMain(SubcommandCommon.java:777)
                             	at com.semmle.cli2.picocli.SubcommandCommon.call(SubcommandCommon.java:757)
                             	at com.semmle.cli2.picocli.SubcommandMaker.runMain(SubcommandMaker.java:238)
                             	at com.semmle.cli2.picocli.SubcommandMaker.runMain(SubcommandMaker.java:259)
                             	at com.semmle.cli2.CodeQL.main(CodeQL.java:115)
[2025-08-05 12:13:34] Plumbing command codeql dataset import completed.
[2025-08-05 12:13:34] [PROGRESS] database finalize> TRAP import complete (5s).
[2025-08-05 12:13:34] Running plumbing command: codeql database cleanup -- C:\Users\brook\code\HNPattacker_WB\jsexample-db
[2025-08-05 12:13:35] [PROGRESS] database cleanup> Cleaning up existing TRAP files after import...
[2025-08-05 12:13:35] [PROGRESS] database cleanup> TRAP files cleaned up (32ms).
[2025-08-05 12:13:35] [PROGRESS] database cleanup> Cleaning up scratch directory...
[2025-08-05 12:13:35] [PROGRESS] database cleanup> Scratch directory cleaned up (0ms).
[2025-08-05 12:13:35] Running plumbing command: codeql dataset cleanup -- C:\Users\brook\code\HNPattacker_WB\jsexample-db\db-javascript
[2025-08-05 12:13:35] [PROGRESS] dataset cleanup> Cleaning up dataset in C:\Users\brook\code\HNPattacker_WB\jsexample-db\db-javascript.
[2025-08-05 12:13:35] Trimming disk cache at C:\Users\brook\code\HNPattacker_WB\jsexample-db\db-javascript\default\cache in mode trim.
[2025-08-05 12:13:35] Sequence stamp origin is -6018750635087959430
[2025-08-05 12:13:35] Pausing evaluation to quickly trim memory at sequence stamp o+0
[2025-08-05 12:13:35] Unpausing evaluation
[2025-08-05 12:13:35] Pausing evaluation to zealously trim disk at sequence stamp o+1
[2025-08-05 12:13:35] Unpausing evaluation
[2025-08-05 12:13:35] Trimming completed (5ms): Trimmed disposable data from cache.
[2025-08-05 12:13:35] Pausing evaluation to close the cache at sequence stamp o+2
[2025-08-05 12:13:35] The disk cache is freshly trimmed; leave it be.
[2025-08-05 12:13:35] Unpausing evaluation
[2025-08-05 12:13:35] [PROGRESS] dataset cleanup> Trimmed disposable data from cache.
[2025-08-05 12:13:35] [PROGRESS] dataset cleanup> Finalizing dataset in C:\Users\brook\code\HNPattacker_WB\jsexample-db\db-javascript
[2025-08-05 12:13:35] [DETAILS] dataset cleanup> Finished deleting ID pool from C:\Users\brook\code\HNPattacker_WB\jsexample-db\db-javascript (2ms).
[2025-08-05 12:13:35] Plumbing command codeql dataset cleanup completed.
[2025-08-05 12:13:35] Plumbing command codeql database cleanup completed with status 0.
[2025-08-05 12:13:35] [PROGRESS] database finalize> Finished zipping source archive (244.68 KiB).
[2025-08-05 12:13:35] Plumbing command codeql database finalize completed.
[2025-08-05 12:13:35] [PROGRESS] database create> Successfully created database at C:\Users\brook\code\HNPattacker_WB\jsexample-db.
[2025-08-05 12:13:35] Terminating normally.
