[2025-09-22 18:58:38] This is codeql database analyze py-db\pyexample-db pyqueries\host_sources.ql --format=sarif-latest --output=py-host-sources-results.sarif
[2025-09-22 18:58:38] Log file was started late.
[2025-09-22 18:58:38] [PROGRESS] database analyze> Running queries.
[2025-09-22 18:58:38] Running plumbing command: codeql database run-queries --evaluator-log-level=5 --warnings=show --qlconfig-file=C:\Users\brook\code\HNPLab\qlconfig.yml --dynamic-join-order-mode=none --no-rerun -- C:\Users\brook\code\HNPLab\py-db\pyexample-db pyqueries\host_sources.ql
[2025-09-22 18:58:38] Calling plumbing command: codeql resolve ram --dataset=C:\Users\brook\code\HNPLab\py-db\pyexample-db\db-python --format=json
[2025-09-22 18:58:38] [PROGRESS] resolve ram> Stringpool size measured as 2179482
[2025-09-22 18:58:38] Plumbing command codeql resolve ram completed:
                      [
                        "-J-Xmx3389M",
                        "--off-heap-ram=3865"
                      ]
[2025-09-22 18:58:38] Spawning plumbing command: execute queries -J-Xmx3389M --off-heap-ram=3865 --verbosity=progress --logdir=C:\Users\brook\code\HNPLab\py-db\pyexample-db\log --evaluator-log-level=5 --warnings=show --qlconfig-file=C:\Users\brook\code\HNPLab\qlconfig.yml --dynamic-join-order-mode=none --no-rerun --output=C:\Users\brook\code\HNPLab\py-db\pyexample-db\results -- C:\Users\brook\code\HNPLab\py-db\pyexample-db\db-python pyqueries\host_sources.ql
[2025-09-22 18:58:41] Plumbing command codeql execute queries terminated with status 0.
[2025-09-22 18:58:41] Plumbing command codeql database run-queries completed with status 0.
[2025-09-22 18:58:41] [PROGRESS] database analyze> Interpreting results.
[2025-09-22 18:58:41] Running plumbing command: codeql database interpret-results --format=sarif-latest -o=C:\Users\brook\code\HNPLab\py-host-sources-results.sarif --max-paths=4 --csv-location-format=line-column --print-diagnostics-summary --print-metrics-summary --qlconfig-file=C:\Users\brook\code\HNPLab\qlconfig.yml -- C:\Users\brook\code\HNPLab\py-db\pyexample-db pyqueries\host_sources.ql
[2025-09-22 18:58:41] Calling plumbing command: codeql resolve queries --qlconfig-file=C:\Users\brook\code\HNPLab\qlconfig.yml --format=json -- pyqueries\host_sources.ql
[2025-09-22 18:58:42] [PROGRESS] resolve queries> Recording pack reference pyqueries at C:\Users\brook\code\HNPLab\pyqueries.
[2025-09-22 18:58:42] Plumbing command codeql resolve queries completed:
                      [
                        "C:\\Users\\brook\\code\\HNPLab\\pyqueries\\host_sources.ql"
                      ]
[2025-09-22 18:58:42] [PROGRESS] database interpret-results> Resolving extensions
[2025-09-22 18:58:42] Calling plumbing command: codeql resolve extensions --qlconfig-file=C:\Users\brook\code\HNPLab\qlconfig.yml pyqueries\host_sources.ql
[2025-09-22 18:58:42] Calling plumbing command: codeql resolve queries --qlconfig-file=C:\Users\brook\code\HNPLab\qlconfig.yml --allow-library-packs --format startingpacks -- pyqueries\host_sources.ql
[2025-09-22 18:58:42] [PROGRESS] resolve queries> Recording pack reference pyqueries at C:\Users\brook\code\HNPLab\pyqueries.
[2025-09-22 18:58:42] Plumbing command codeql resolve queries completed:
                      [
                        "C:\\Users\\brook\\code\\HNPLab\\pyqueries"
                      ]
[2025-09-22 18:58:42] Calling plumbing command: codeql resolve extensions-by-pack --qlconfig-file=C:\Users\brook\code\HNPLab\qlconfig.yml -- C:\Users\brook\code\HNPLab\pyqueries
[2025-09-22 18:58:42] [SPAMMY] resolve extensions-by-pack> [INCOMPATIBILITY] pyqueries: not 0.0.1 {root: pyqueries@0.0.1}
[2025-09-22 18:58:42] [SPAMMY] resolve extensions-by-pack> [DERIVATION] pyqueries: 0.0.1 {pyqueries: not 0.0.1 {root: pyqueries@0.0.1}}
[2025-09-22 18:58:42] [SPAMMY] resolve extensions-by-pack> [INCOMPATIBILITY] pyqueries: * [*], codeql/python-all: not * [*] {dependency: pyqueries@* [*] requires codeql/python-all@*}
[2025-09-22 18:58:42] [SPAMMY] resolve extensions-by-pack> [DECISION 1] pyqueries: 0.0.1
[2025-09-22 18:58:42] [SPAMMY] resolve extensions-by-pack> [DERIVATION] codeql/python-all: * [*] {pyqueries: * [*], codeql/python-all: not * [*] {dependency: pyqueries@* [*] requires codeql/python-all@*}}
[2025-09-22 18:58:42] [SPAMMY] resolve extensions-by-pack> [INCOMPATIBILITY] codeql/python-all: * [*], codeql/concepts: not * [*] {dependency: codeql/python-all@* [*] requires codeql/concepts@0.0.3}
[2025-09-22 18:58:42] [SPAMMY] resolve extensions-by-pack> [INCOMPATIBILITY] codeql/python-all: * [*], codeql/dataflow: not * [*] {dependency: codeql/python-all@* [*] requires codeql/dataflow@2.0.13}
[2025-09-22 18:58:42] [SPAMMY] resolve extensions-by-pack> [INCOMPATIBILITY] codeql/python-all: * [*], codeql/mad: not * [*] {dependency: codeql/python-all@* [*] requires codeql/mad@1.0.29}
[2025-09-22 18:58:42] [SPAMMY] resolve extensions-by-pack> [INCOMPATIBILITY] codeql/python-all: * [*], codeql/regex: not * [*] {dependency: codeql/python-all@* [*] requires codeql/regex@1.0.29}
[2025-09-22 18:58:42] [SPAMMY] resolve extensions-by-pack> [INCOMPATIBILITY] codeql/python-all: * [*], codeql/threat-models: not * [*] {dependency: codeql/python-all@* [*] requires codeql/threat-models@1.0.29}
[2025-09-22 18:58:42] [SPAMMY] resolve extensions-by-pack> [INCOMPATIBILITY] codeql/python-all: * [*], codeql/tutorial: not * [*] {dependency: codeql/python-all@* [*] requires codeql/tutorial@1.0.29}
[2025-09-22 18:58:42] [SPAMMY] resolve extensions-by-pack> [INCOMPATIBILITY] codeql/python-all: * [*], codeql/util: not * [*] {dependency: codeql/python-all@* [*] requires codeql/util@2.0.16}
[2025-09-22 18:58:42] [SPAMMY] resolve extensions-by-pack> [INCOMPATIBILITY] codeql/python-all: * [*], codeql/xml: not * [*] {dependency: codeql/python-all@* [*] requires codeql/xml@1.0.29}
[2025-09-22 18:58:42] [SPAMMY] resolve extensions-by-pack> [INCOMPATIBILITY] codeql/python-all: * [*], codeql/yaml: not * [*] {dependency: codeql/python-all@* [*] requires codeql/yaml@1.0.29}
[2025-09-22 18:58:42] [SPAMMY] resolve extensions-by-pack> [DECISION 2] codeql/python-all: 4.0.13
[2025-09-22 18:58:42] [SPAMMY] resolve extensions-by-pack> [DERIVATION] codeql/yaml: * [*] {codeql/python-all: * [*], codeql/yaml: not * [*] {dependency: codeql/python-all@* [*] requires codeql/yaml@1.0.29}}
[2025-09-22 18:58:42] [SPAMMY] resolve extensions-by-pack> [DERIVATION] codeql/xml: * [*] {codeql/python-all: * [*], codeql/xml: not * [*] {dependency: codeql/python-all@* [*] requires codeql/xml@1.0.29}}
[2025-09-22 18:58:42] [SPAMMY] resolve extensions-by-pack> [DERIVATION] codeql/util: * [*] {codeql/python-all: * [*], codeql/util: not * [*] {dependency: codeql/python-all@* [*] requires codeql/util@2.0.16}}
[2025-09-22 18:58:42] [SPAMMY] resolve extensions-by-pack> [DERIVATION] codeql/tutorial: * [*] {codeql/python-all: * [*], codeql/tutorial: not * [*] {dependency: codeql/python-all@* [*] requires codeql/tutorial@1.0.29}}
[2025-09-22 18:58:42] [SPAMMY] resolve extensions-by-pack> [DERIVATION] codeql/threat-models: * [*] {codeql/python-all: * [*], codeql/threat-models: not * [*] {dependency: codeql/python-all@* [*] requires codeql/threat-models@1.0.29}}
[2025-09-22 18:58:42] [SPAMMY] resolve extensions-by-pack> [DERIVATION] codeql/regex: * [*] {codeql/python-all: * [*], codeql/regex: not * [*] {dependency: codeql/python-all@* [*] requires codeql/regex@1.0.29}}
[2025-09-22 18:58:42] [SPAMMY] resolve extensions-by-pack> [DERIVATION] codeql/mad: * [*] {codeql/python-all: * [*], codeql/mad: not * [*] {dependency: codeql/python-all@* [*] requires codeql/mad@1.0.29}}
[2025-09-22 18:58:42] [SPAMMY] resolve extensions-by-pack> [DERIVATION] codeql/dataflow: * [*] {codeql/python-all: * [*], codeql/dataflow: not * [*] {dependency: codeql/python-all@* [*] requires codeql/dataflow@2.0.13}}
[2025-09-22 18:58:42] [SPAMMY] resolve extensions-by-pack> [DERIVATION] codeql/concepts: * [*] {codeql/python-all: * [*], codeql/concepts: not * [*] {dependency: codeql/python-all@* [*] requires codeql/concepts@0.0.3}}
[2025-09-22 18:58:42] [SPAMMY] resolve extensions-by-pack> [INCOMPATIBILITY] codeql/concepts: * [*], codeql/dataflow: not * [*] {dependency: codeql/concepts@* [*] requires codeql/dataflow@2.0.13}
[2025-09-22 18:58:42] [SPAMMY] resolve extensions-by-pack> [INCOMPATIBILITY] codeql/concepts: * [*], codeql/util: not * [*] {dependency: codeql/concepts@* [*] requires codeql/util@2.0.16}
[2025-09-22 18:58:42] [SPAMMY] resolve extensions-by-pack> [DECISION 3] codeql/concepts: 0.0.3
[2025-09-22 18:58:42] [SPAMMY] resolve extensions-by-pack> [INCOMPATIBILITY] codeql/dataflow: * [*], codeql/ssa: not * [*] {dependency: codeql/dataflow@* [*] requires codeql/ssa@2.0.5}
[2025-09-22 18:58:42] [SPAMMY] resolve extensions-by-pack> [INCOMPATIBILITY] codeql/dataflow: * [*], codeql/typetracking: not * [*] {dependency: codeql/dataflow@* [*] requires codeql/typetracking@2.0.13}
[2025-09-22 18:58:42] [SPAMMY] resolve extensions-by-pack> [INCOMPATIBILITY] codeql/dataflow: * [*], codeql/util: not * [*] {dependency: codeql/dataflow@* [*] requires codeql/util@2.0.16}
[2025-09-22 18:58:42] [SPAMMY] resolve extensions-by-pack> [DECISION 4] codeql/dataflow: 2.0.13
[2025-09-22 18:58:42] [SPAMMY] resolve extensions-by-pack> [DERIVATION] codeql/typetracking: * [*] {codeql/dataflow: * [*], codeql/typetracking: not * [*] {dependency: codeql/dataflow@* [*] requires codeql/typetracking@2.0.13}}
[2025-09-22 18:58:42] [SPAMMY] resolve extensions-by-pack> [DERIVATION] codeql/ssa: * [*] {codeql/dataflow: * [*], codeql/ssa: not * [*] {dependency: codeql/dataflow@* [*] requires codeql/ssa@2.0.5}}
[2025-09-22 18:58:42] [SPAMMY] resolve extensions-by-pack> [INCOMPATIBILITY] codeql/mad: * [*], codeql/dataflow: not * [*] {dependency: codeql/mad@* [*] requires codeql/dataflow@2.0.13}
[2025-09-22 18:58:42] [SPAMMY] resolve extensions-by-pack> [INCOMPATIBILITY] codeql/mad: * [*], codeql/util: not * [*] {dependency: codeql/mad@* [*] requires codeql/util@2.0.16}
[2025-09-22 18:58:42] [SPAMMY] resolve extensions-by-pack> [DECISION 5] codeql/mad: 1.0.29
[2025-09-22 18:58:42] [SPAMMY] resolve extensions-by-pack> [INCOMPATIBILITY] codeql/regex: * [*], codeql/util: not * [*] {dependency: codeql/regex@* [*] requires codeql/util@2.0.16}
[2025-09-22 18:58:42] [SPAMMY] resolve extensions-by-pack> [DECISION 6] codeql/regex: 1.0.29
[2025-09-22 18:58:42] [SPAMMY] resolve extensions-by-pack> [INCOMPATIBILITY] codeql/ssa: * [*], codeql/util: not * [*] {dependency: codeql/ssa@* [*] requires codeql/util@2.0.16}
[2025-09-22 18:58:42] [SPAMMY] resolve extensions-by-pack> [DECISION 7] codeql/ssa: 2.0.5
[2025-09-22 18:58:42] [SPAMMY] resolve extensions-by-pack> [DECISION 8] codeql/threat-models: 1.0.29
[2025-09-22 18:58:42] [SPAMMY] resolve extensions-by-pack> [DECISION 9] codeql/tutorial: 1.0.29
[2025-09-22 18:58:42] [SPAMMY] resolve extensions-by-pack> [INCOMPATIBILITY] codeql/typetracking: * [*], codeql/util: not * [*] {dependency: codeql/typetracking@* [*] requires codeql/util@2.0.16}
[2025-09-22 18:58:42] [SPAMMY] resolve extensions-by-pack> [DECISION 10] codeql/typetracking: 2.0.13
[2025-09-22 18:58:42] [SPAMMY] resolve extensions-by-pack> [DECISION 11] codeql/util: 2.0.16
[2025-09-22 18:58:42] [SPAMMY] resolve extensions-by-pack> [INCOMPATIBILITY] codeql/xml: * [*], codeql/util: not * [*] {dependency: codeql/xml@* [*] requires codeql/util@2.0.16}
[2025-09-22 18:58:42] [SPAMMY] resolve extensions-by-pack> [DECISION 12] codeql/xml: 1.0.29
[2025-09-22 18:58:42] [SPAMMY] resolve extensions-by-pack> [DECISION 13] codeql/yaml: 1.0.29
[2025-09-22 18:58:42] [PROGRESS] resolve extensions-by-pack> Loading data extensions in C:\Users\brook\.codeql\packages\codeql\python-all\4.0.13\ext\default-threat-models-fixup.model.yml.
[2025-09-22 18:58:42] [DETAILS] resolve extensions-by-pack>   Found extension targeting codeql/threat-models:threatModelConfiguration: 1 tuples.
[2025-09-22 18:58:42] [PROGRESS] resolve extensions-by-pack> Loading data extensions in C:\Users\brook\.codeql\packages\codeql\python-all\4.0.13\semmle\python\frameworks\Asyncpg.model.yml.
[2025-09-22 18:58:42] [DETAILS] resolve extensions-by-pack>   Found extension targeting codeql/python-all:sinkModel: 5 tuples.
[2025-09-22 18:58:42] [DETAILS] resolve extensions-by-pack>   Found extension targeting codeql/python-all:typeModel: 6 tuples.
[2025-09-22 18:58:42] [PROGRESS] resolve extensions-by-pack> Loading data extensions in C:\Users\brook\.codeql\packages\codeql\python-all\4.0.13\semmle\python\frameworks\Stdlib.model.yml.
[2025-09-22 18:58:42] [DETAILS] resolve extensions-by-pack>   Found extension targeting codeql/python-all:sourceModel: 12 tuples.
[2025-09-22 18:58:42] [DETAILS] resolve extensions-by-pack>   Found extension targeting codeql/python-all:sinkModel: 1 tuples.
[2025-09-22 18:58:42] [DETAILS] resolve extensions-by-pack>   Found extension targeting codeql/python-all:summaryModel: 66 tuples.
[2025-09-22 18:58:42] [DETAILS] resolve extensions-by-pack>   Found extension targeting codeql/python-all:neutralModel: 0 tuples.
[2025-09-22 18:58:42] [DETAILS] resolve extensions-by-pack>   Found extension targeting codeql/python-all:typeModel: 0 tuples.
[2025-09-22 18:58:42] [DETAILS] resolve extensions-by-pack>   Found extension targeting codeql/python-all:typeVariableModel: 0 tuples.
[2025-09-22 18:58:42] [PROGRESS] resolve extensions-by-pack> Loading data extensions in C:\Users\brook\.codeql\packages\codeql\python-all\4.0.13\semmle\python\frameworks\data\internal\empty.model.yml.
[2025-09-22 18:58:42] [DETAILS] resolve extensions-by-pack>   Found extension targeting codeql/python-all:sourceModel: 0 tuples.
[2025-09-22 18:58:42] [DETAILS] resolve extensions-by-pack>   Found extension targeting codeql/python-all:sinkModel: 0 tuples.
[2025-09-22 18:58:42] [DETAILS] resolve extensions-by-pack>   Found extension targeting codeql/python-all:summaryModel: 0 tuples.
[2025-09-22 18:58:42] [DETAILS] resolve extensions-by-pack>   Found extension targeting codeql/python-all:neutralModel: 0 tuples.
[2025-09-22 18:58:42] [DETAILS] resolve extensions-by-pack>   Found extension targeting codeql/python-all:typeModel: 0 tuples.
[2025-09-22 18:58:42] [DETAILS] resolve extensions-by-pack>   Found extension targeting codeql/python-all:typeVariableModel: 0 tuples.
[2025-09-22 18:58:43] [PROGRESS] resolve extensions-by-pack> Loading data extensions in C:\Users\brook\.codeql\packages\codeql\python-all\4.0.13\semmle\python\frameworks\data\internal\subclass-capture\ALL.model.yml.
[2025-09-22 18:58:43] [DETAILS] resolve extensions-by-pack>   Found extension targeting codeql/python-all:typeModel: 58275 tuples.
[2025-09-22 18:58:43] [PROGRESS] resolve extensions-by-pack> Loading data extensions in C:\Users\brook\.codeql\packages\codeql\threat-models\1.0.29\ext\supported-threat-models.model.yml.
[2025-09-22 18:58:43] [DETAILS] resolve extensions-by-pack>   Found extension targeting codeql/threat-models:threatModelConfiguration: 1 tuples.
[2025-09-22 18:58:43] [PROGRESS] resolve extensions-by-pack> Loading data extensions in C:\Users\brook\.codeql\packages\codeql\threat-models\1.0.29\ext\threat-model-grouping.model.yml.
[2025-09-22 18:58:43] [DETAILS] resolve extensions-by-pack>   Found extension targeting codeql/threat-models:threatModelGrouping: 15 tuples.
[2025-09-22 18:58:43] [PROGRESS] resolve extensions-by-pack> Loading data extensions in C:\Users\brook\.codeql\packages\codeql\util\2.0.16\ext\default-alert-filter.yml.
[2025-09-22 18:58:43] [DETAILS] resolve extensions-by-pack>   Found extension targeting codeql/util:restrictAlertsTo: 0 tuples.
[2025-09-22 18:58:43] [DETAILS] resolve extensions-by-pack>   Found extension targeting codeql/util:restrictAlertsToExactLocation: 0 tuples.
[2025-09-22 18:58:43] Plumbing command codeql resolve extensions-by-pack completed:
                      {
                        "models" : [ ],
                        "data" : {
                          "C:\\Users\\brook\\code\\HNPLab\\pyqueries" : [
                            {
                              "predicate" : "threatModelConfiguration",
                              "file" : "C:\\Users\\brook\\.codeql\\packages\\codeql\\python-all\\4.0.13\\ext\\default-threat-models-fixup.model.yml",
                              "index" : 0,
                              "firstRowId" : 0,
                              "rowCount" : 1,
                              "predicateHasOrigin" : false
                            },
                            {
                              "predicate" : "sinkModel",
                              "file" : "C:\\Users\\brook\\.codeql\\packages\\codeql\\python-all\\4.0.13\\semmle\\python\\frameworks\\Asyncpg.model.yml",
                              "index" : 0,
                              "firstRowId" : 1,
                              "rowCount" : 5,
                              "predicateHasOrigin" : true
                            },
                            {
                              "predicate" : "typeModel",
                              "file" : "C:\\Users\\brook\\.codeql\\packages\\codeql\\python-all\\4.0.13\\semmle\\python\\frameworks\\Asyncpg.model.yml",
                              "index" : 1,
                              "firstRowId" : 6,
                              "rowCount" : 6,
                              "predicateHasOrigin" : false
                            },
                            {
                              "predicate" : "sourceModel",
                              "file" : "C:\\Users\\brook\\.codeql\\packages\\codeql\\python-all\\4.0.13\\semmle\\python\\frameworks\\Stdlib.model.yml",
                              "index" : 0,
                              "firstRowId" : 12,
                              "rowCount" : 12,
                              "predicateHasOrigin" : true
                            },
                            {
                              "predicate" : "sinkModel",
                              "file" : "C:\\Users\\brook\\.codeql\\packages\\codeql\\python-all\\4.0.13\\semmle\\python\\frameworks\\Stdlib.model.yml",
                              "index" : 1,
                              "firstRowId" : 24,
                              "rowCount" : 1,
                              "predicateHasOrigin" : true
                            },
                            {
                              "predicate" : "summaryModel",
                              "file" : "C:\\Users\\brook\\.codeql\\packages\\codeql\\python-all\\4.0.13\\semmle\\python\\frameworks\\Stdlib.model.yml",
                              "index" : 2,
                              "firstRowId" : 25,
                              "rowCount" : 66,
                              "predicateHasOrigin" : true
                            },
                            {
                              "predicate" : "neutralModel",
                              "file" : "C:\\Users\\brook\\.codeql\\packages\\codeql\\python-all\\4.0.13\\semmle\\python\\frameworks\\Stdlib.model.yml",
                              "index" : 3,
                              "firstRowId" : 91,
                              "rowCount" : 0,
                              "predicateHasOrigin" : false
                            },
                            {
                              "predicate" : "typeModel",
                              "file" : "C:\\Users\\brook\\.codeql\\packages\\codeql\\python-all\\4.0.13\\semmle\\python\\frameworks\\Stdlib.model.yml",
                              "index" : 4,
                              "firstRowId" : 91,
                              "rowCount" : 0,
                              "predicateHasOrigin" : false
                            },
                            {
                              "predicate" : "typeVariableModel",
                              "file" : "C:\\Users\\brook\\.codeql\\packages\\codeql\\python-all\\4.0.13\\semmle\\python\\frameworks\\Stdlib.model.yml",
                              "index" : 5,
                              "firstRowId" : 91,
                              "rowCount" : 0,
                              "predicateHasOrigin" : false
                            },
                            {
                              "predicate" : "sourceModel",
                              "file" : "C:\\Users\\brook\\.codeql\\packages\\codeql\\python-all\\4.0.13\\semmle\\python\\frameworks\\data\\internal\\empty.model.yml",
                              "index" : 0,
                              "firstRowId" : 91,
                              "rowCount" : 0,
                              "predicateHasOrigin" : true
                            },
                            {
                              "predicate" : "sinkModel",
                              "file" : "C:\\Users\\brook\\.codeql\\packages\\codeql\\python-all\\4.0.13\\semmle\\python\\frameworks\\data\\internal\\empty.model.yml",
                              "index" : 1,
                              "firstRowId" : 91,
                              "rowCount" : 0,
                              "predicateHasOrigin" : true
                            },
                            {
                              "predicate" : "summaryModel",
                              "file" : "C:\\Users\\brook\\.codeql\\packages\\codeql\\python-all\\4.0.13\\semmle\\python\\frameworks\\data\\internal\\empty.model.yml",
                              "index" : 2,
                              "firstRowId" : 91,
                              "rowCount" : 0,
                              "predicateHasOrigin" : true
                            },
                            {
                              "predicate" : "neutralModel",
                              "file" : "C:\\Users\\brook\\.codeql\\packages\\codeql\\python-all\\4.0.13\\semmle\\python\\frameworks\\data\\internal\\empty.model.yml",
                              "index" : 3,
                              "firstRowId" : 91,
                              "rowCount" : 0,
                              "predicateHasOrigin" : false
                            },
                            {
                              "predicate" : "typeModel",
                              "file" : "C:\\Users\\brook\\.codeql\\packages\\codeql\\python-all\\4.0.13\\semmle\\python\\frameworks\\data\\internal\\empty.model.yml",
                              "index" : 4,
                              "firstRowId" : 91,
                              "rowCount" : 0,
                              "predicateHasOrigin" : false
                            },
                            {
                              "predicate" : "typeVariableModel",
                              "file" : "C:\\Users\\brook\\.codeql\\packages\\codeql\\python-all\\4.0.13\\semmle\\python\\frameworks\\data\\internal\\empty.model.yml",
                              "index" : 5,
                              "firstRowId" : 91,
                              "rowCount" : 0,
                              "predicateHasOrigin" : false
                            },
                            {
                              "predicate" : "typeModel",
                              "file" : "C:\\Users\\brook\\.codeql\\packages\\codeql\\python-all\\4.0.13\\semmle\\python\\frameworks\\data\\internal\\subclass-capture\\ALL.model.yml",
                              "index" : 0,
                              "firstRowId" : 91,
                              "rowCount" : 58275,
                              "predicateHasOrigin" : false
                            },
                            {
                              "predicate" : "threatModelConfiguration",
                              "file" : "C:\\Users\\brook\\.codeql\\packages\\codeql\\threat-models\\1.0.29\\ext\\supported-threat-models.model.yml",
                              "index" : 0,
                              "firstRowId" : 58366,
                              "rowCount" : 1,
                              "predicateHasOrigin" : false
                            },
                            {
                              "predicate" : "threatModelGrouping",
                              "file" : "C:\\Users\\brook\\.codeql\\packages\\codeql\\threat-models\\1.0.29\\ext\\threat-model-grouping.model.yml",
                              "index" : 0,
                              "firstRowId" : 58367,
                              "rowCount" : 15,
                              "predicateHasOrigin" : false
                            },
                            {
                              "predicate" : "restrictAlertsTo",
                              "file" : "C:\\Users\\brook\\.codeql\\packages\\codeql\\util\\2.0.16\\ext\\default-alert-filter.yml",
                              "index" : 0,
                              "firstRowId" : 58382,
                              "rowCount" : 0,
                              "predicateHasOrigin" : false
                            },
                            {
                              "predicate" : "restrictAlertsToExactLocation",
                              "file" : "C:\\Users\\brook\\.codeql\\packages\\codeql\\util\\2.0.16\\ext\\default-alert-filter.yml",
                              "index" : 1,
                              "firstRowId" : 58382,
                              "rowCount" : 0,
                              "predicateHasOrigin" : false
                            }
                          ]
                        },
                        "threatModels" : {
                          "C:\\Users\\brook\\code\\HNPLab\\pyqueries" : {
                            "extensions" : [
                              {
                                "data" : [ ],
                                "addsTo" : {
                                  "extensible" : "threatModelConfiguration",
                                  "checkPresence" : true,
                                  "packName" : "codeql/threat-models"
                                }
                              }
                            ]
                          }
                        },
                        "extensionPacks" : [ ]
                      }
[2025-09-22 18:58:43] Plumbing command codeql resolve extensions completed:
                      {
                        "models" : [ ],
                        "data" : {
                          "C:\\Users\\brook\\code\\HNPLab\\pyqueries" : [
                            {
                              "predicate" : "threatModelConfiguration",
                              "file" : "C:\\Users\\brook\\.codeql\\packages\\codeql\\python-all\\4.0.13\\ext\\default-threat-models-fixup.model.yml",
                              "index" : 0,
                              "firstRowId" : 0,
                              "rowCount" : 1,
                              "predicateHasOrigin" : false
                            },
                            {
                              "predicate" : "sinkModel",
                              "file" : "C:\\Users\\brook\\.codeql\\packages\\codeql\\python-all\\4.0.13\\semmle\\python\\frameworks\\Asyncpg.model.yml",
                              "index" : 0,
                              "firstRowId" : 1,
                              "rowCount" : 5,
                              "predicateHasOrigin" : true
                            },
                            {
                              "predicate" : "typeModel",
                              "file" : "C:\\Users\\brook\\.codeql\\packages\\codeql\\python-all\\4.0.13\\semmle\\python\\frameworks\\Asyncpg.model.yml",
                              "index" : 1,
                              "firstRowId" : 6,
                              "rowCount" : 6,
                              "predicateHasOrigin" : false
                            },
                            {
                              "predicate" : "sourceModel",
                              "file" : "C:\\Users\\brook\\.codeql\\packages\\codeql\\python-all\\4.0.13\\semmle\\python\\frameworks\\Stdlib.model.yml",
                              "index" : 0,
                              "firstRowId" : 12,
                              "rowCount" : 12,
                              "predicateHasOrigin" : true
                            },
                            {
                              "predicate" : "sinkModel",
                              "file" : "C:\\Users\\brook\\.codeql\\packages\\codeql\\python-all\\4.0.13\\semmle\\python\\frameworks\\Stdlib.model.yml",
                              "index" : 1,
                              "firstRowId" : 24,
                              "rowCount" : 1,
                              "predicateHasOrigin" : true
                            },
                            {
                              "predicate" : "summaryModel",
                              "file" : "C:\\Users\\brook\\.codeql\\packages\\codeql\\python-all\\4.0.13\\semmle\\python\\frameworks\\Stdlib.model.yml",
                              "index" : 2,
                              "firstRowId" : 25,
                              "rowCount" : 66,
                              "predicateHasOrigin" : true
                            },
                            {
                              "predicate" : "neutralModel",
                              "file" : "C:\\Users\\brook\\.codeql\\packages\\codeql\\python-all\\4.0.13\\semmle\\python\\frameworks\\Stdlib.model.yml",
                              "index" : 3,
                              "firstRowId" : 91,
                              "rowCount" : 0,
                              "predicateHasOrigin" : false
                            },
                            {
                              "predicate" : "typeModel",
                              "file" : "C:\\Users\\brook\\.codeql\\packages\\codeql\\python-all\\4.0.13\\semmle\\python\\frameworks\\Stdlib.model.yml",
                              "index" : 4,
                              "firstRowId" : 91,
                              "rowCount" : 0,
                              "predicateHasOrigin" : false
                            },
                            {
                              "predicate" : "typeVariableModel",
                              "file" : "C:\\Users\\brook\\.codeql\\packages\\codeql\\python-all\\4.0.13\\semmle\\python\\frameworks\\Stdlib.model.yml",
                              "index" : 5,
                              "firstRowId" : 91,
                              "rowCount" : 0,
                              "predicateHasOrigin" : false
                            },
                            {
                              "predicate" : "sourceModel",
                              "file" : "C:\\Users\\brook\\.codeql\\packages\\codeql\\python-all\\4.0.13\\semmle\\python\\frameworks\\data\\internal\\empty.model.yml",
                              "index" : 0,
                              "firstRowId" : 91,
                              "rowCount" : 0,
                              "predicateHasOrigin" : true
                            },
                            {
                              "predicate" : "sinkModel",
                              "file" : "C:\\Users\\brook\\.codeql\\packages\\codeql\\python-all\\4.0.13\\semmle\\python\\frameworks\\data\\internal\\empty.model.yml",
                              "index" : 1,
                              "firstRowId" : 91,
                              "rowCount" : 0,
                              "predicateHasOrigin" : true
                            },
                            {
                              "predicate" : "summaryModel",
                              "file" : "C:\\Users\\brook\\.codeql\\packages\\codeql\\python-all\\4.0.13\\semmle\\python\\frameworks\\data\\internal\\empty.model.yml",
                              "index" : 2,
                              "firstRowId" : 91,
                              "rowCount" : 0,
                              "predicateHasOrigin" : true
                            },
                            {
                              "predicate" : "neutralModel",
                              "file" : "C:\\Users\\brook\\.codeql\\packages\\codeql\\python-all\\4.0.13\\semmle\\python\\frameworks\\data\\internal\\empty.model.yml",
                              "index" : 3,
                              "firstRowId" : 91,
                              "rowCount" : 0,
                              "predicateHasOrigin" : false
                            },
                            {
                              "predicate" : "typeModel",
                              "file" : "C:\\Users\\brook\\.codeql\\packages\\codeql\\python-all\\4.0.13\\semmle\\python\\frameworks\\data\\internal\\empty.model.yml",
                              "index" : 4,
                              "firstRowId" : 91,
                              "rowCount" : 0,
                              "predicateHasOrigin" : false
                            },
                            {
                              "predicate" : "typeVariableModel",
                              "file" : "C:\\Users\\brook\\.codeql\\packages\\codeql\\python-all\\4.0.13\\semmle\\python\\frameworks\\data\\internal\\empty.model.yml",
                              "index" : 5,
                              "firstRowId" : 91,
                              "rowCount" : 0,
                              "predicateHasOrigin" : false
                            },
                            {
                              "predicate" : "typeModel",
                              "file" : "C:\\Users\\brook\\.codeql\\packages\\codeql\\python-all\\4.0.13\\semmle\\python\\frameworks\\data\\internal\\subclass-capture\\ALL.model.yml",
                              "index" : 0,
                              "firstRowId" : 91,
                              "rowCount" : 58275,
                              "predicateHasOrigin" : false
                            },
                            {
                              "predicate" : "threatModelConfiguration",
                              "file" : "C:\\Users\\brook\\.codeql\\packages\\codeql\\threat-models\\1.0.29\\ext\\supported-threat-models.model.yml",
                              "index" : 0,
                              "firstRowId" : 58366,
                              "rowCount" : 1,
                              "predicateHasOrigin" : false
                            },
                            {
                              "predicate" : "threatModelGrouping",
                              "file" : "C:\\Users\\brook\\.codeql\\packages\\codeql\\threat-models\\1.0.29\\ext\\threat-model-grouping.model.yml",
                              "index" : 0,
                              "firstRowId" : 58367,
                              "rowCount" : 15,
                              "predicateHasOrigin" : false
                            },
                            {
                              "predicate" : "restrictAlertsTo",
                              "file" : "C:\\Users\\brook\\.codeql\\packages\\codeql\\util\\2.0.16\\ext\\default-alert-filter.yml",
                              "index" : 0,
                              "firstRowId" : 58382,
                              "rowCount" : 0,
                              "predicateHasOrigin" : false
                            },
                            {
                              "predicate" : "restrictAlertsToExactLocation",
                              "file" : "C:\\Users\\brook\\.codeql\\packages\\codeql\\util\\2.0.16\\ext\\default-alert-filter.yml",
                              "index" : 1,
                              "firstRowId" : 58382,
                              "rowCount" : 0,
                              "predicateHasOrigin" : false
                            }
                          ]
                        },
                        "threatModels" : {
                          "C:\\Users\\brook\\code\\HNPLab\\pyqueries" : {
                            "extensions" : [
                              {
                                "data" : [ ],
                                "addsTo" : {
                                  "extensible" : "threatModelConfiguration",
                                  "checkPresence" : true,
                                  "packName" : "codeql/threat-models"
                                }
                              }
                            ]
                          }
                        },
                        "extensionPacks" : [ ]
                      }
[2025-09-22 18:58:43] [PROGRESS] database interpret-results> Interpreting C:\Users\brook\code\HNPLab\pyqueries\host_sources.ql...
[2025-09-22 18:58:43] Calling plumbing command: codeql resolve library-path --query=C:\Users\brook\code\HNPLab\pyqueries\host_sources.ql --full-library-path=none --dbscheme=none --format=json
[2025-09-22 18:58:43] [DETAILS] resolve library-path> Resolving query at normalized path C:\Users\brook\code\HNPLab\pyqueries\host_sources.ql.
[2025-09-22 18:58:43] [DETAILS] resolve library-path> Found enclosing pack 'pyqueries' at C:\Users\brook\code\HNPLab\pyqueries.
[2025-09-22 18:58:43] [DETAILS] resolve library-path> Adding compilation cache at C:\Users\brook\.codeql\compile-cache.
[2025-09-22 18:58:43] [DETAILS] resolve library-path> Dbscheme was explicitly overridden as C:\Users\brook\code\HNPLab\none
[2025-09-22 18:58:43] [DETAILS] resolve library-path> Library path was overridden on command line.
[2025-09-22 18:58:43] Plumbing command codeql resolve library-path completed:
                      {
                        "libraryPath" : [
                          "C:\\Users\\brook\\code\\HNPLab\\none"
                        ],
                        "dbscheme" : "C:\\Users\\brook\\code\\HNPLab\\none",
                        "compilationCache" : [
                          "C:\\Users\\brook\\.codeql\\compile-cache"
                        ],
                        "relativeName" : "pyqueries\\host_sources.ql",
                        "qlPackName" : "pyqueries"
                      }
[2025-09-22 18:58:43] [DETAILS] database interpret-results>  ... found results file at C:\Users\brook\code\HNPLab\py-db\pyexample-db\results\pyqueries\host_sources.bqrs.
[2025-09-22 18:58:43] Exception caught at top level: Could not process query metadata for C:\Users\brook\code\HNPLab\py-db\pyexample-db\results\pyqueries\host_sources.bqrs.
                      Error was: Expected result pattern(s) are not present for problem query: Expected alternating entity/string and string columns. [INVALID_RESULT_PATTERNS]
                      com.semmle.analysis.ql.QLToAnalysis.lambda$addQuery$4(QLToAnalysis.java:203)
                      java.base/java.util.Optional.map(Unknown Source)
                      com.semmle.util.data.Result.getOrThrow(Result.java:31)
                      com.semmle.analysis.ql.QLToAnalysis.addQuery(QLToAnalysis.java:197)
                      com.semmle.analysis.ql.QLToAnalysis.addQuery(QLToAnalysis.java:162)
                      com.semmle.cli2.database.InterpretResultsCommand.executeSubcommand(InterpretResultsCommand.java:322)
                      com.semmle.cli2.picocli.SubcommandCommon.lambda$executeSubcommandWithMessages$5(SubcommandCommon.java:892)
                      com.semmle.cli2.picocli.SubcommandCommon.withCompilationMessages(SubcommandCommon.java:444)
                      com.semmle.cli2.picocli.SubcommandCommon.executeSubcommandWithMessages(SubcommandCommon.java:890)
                      com.semmle.cli2.picocli.PlumbingRunner.run(PlumbingRunner.java:119)
                      com.semmle.cli2.picocli.SubcommandCommon.execPlumbingInProcess(SubcommandCommon.java:229)
                      com.semmle.cli2.database.AnalyzeCommand.continueAfterRunningQueries(AnalyzeCommand.java:198)
                      com.semmle.cli2.database.AnalyzeCommand.executeSubcommand(AnalyzeCommand.java:170)
                      com.semmle.cli2.picocli.SubcommandCommon.lambda$executeSubcommandWithMessages$5(SubcommandCommon.java:892)
                      com.semmle.cli2.picocli.SubcommandCommon.withCompilationMessages(SubcommandCommon.java:444)
                      com.semmle.cli2.picocli.SubcommandCommon.executeSubcommandWithMessages(SubcommandCommon.java:890)
                      com.semmle.cli2.picocli.SubcommandCommon.toplevelMain(SubcommandCommon.java:777)
                      com.semmle.cli2.picocli.SubcommandCommon.call(SubcommandCommon.java:757)
                      com.semmle.cli2.picocli.SubcommandMaker.runMain(SubcommandMaker.java:238)
                      com.semmle.cli2.picocli.SubcommandMaker.runMain(SubcommandMaker.java:259)
                      com.semmle.cli2.CodeQL.main(CodeQL.java:113)
