[2025-08-05 16:53:23] This is codeql database create pyexample-db --language=python --source-root=pyexample
[2025-08-05 16:53:23] Log file was started late.
[2025-08-05 16:53:23] [PROGRESS] database create> Initializing database at C:\Users\brook\code\HNPattacker_WB\pyexample-db.
[2025-08-05 16:53:23] Running plumbing command: codeql database init --language=python --extractor-options-verbosity=1 --qlconfig-file=C:\Users\brook\code\HNPattacker_WB\qlconfig.yml --source-root=C:\Users\brook\code\HNPattacker_WB\pyexample --allow-missing-source-root=false --allow-already-existing -- C:\Users\brook\code\HNPattacker_WB\pyexample-db
[2025-08-05 16:53:23] Calling plumbing command: codeql resolve languages --extractor-options-verbosity=1 --format=betterjson
[2025-08-05 16:53:24] [DETAILS] resolve languages> Scanning for [codeql-extractor.yml] from C:\Users\brook\code\codeql\.codeqlmanifest.json
[2025-08-05 16:53:24] [DETAILS] resolve languages> Parsing C:\Users\brook\code\codeql\actions\codeql-extractor.yml.
[2025-08-05 16:53:24] [DETAILS] resolve languages> Parsing C:\Users\brook\code\codeql\cpp\codeql-extractor.yml.
[2025-08-05 16:53:24] [DETAILS] resolve languages> Parsing C:\Users\brook\code\codeql\csharp\codeql-extractor.yml.
[2025-08-05 16:53:24] [DETAILS] resolve languages> Parsing C:\Users\brook\code\codeql\csv\codeql-extractor.yml.
[2025-08-05 16:53:24] [DETAILS] resolve languages> Parsing C:\Users\brook\code\codeql\go\codeql-extractor.yml.
[2025-08-05 16:53:24] [DETAILS] resolve languages> Parsing C:\Users\brook\code\codeql\html\codeql-extractor.yml.
[2025-08-05 16:53:24] [DETAILS] resolve languages> Parsing C:\Users\brook\code\codeql\java\codeql-extractor.yml.
[2025-08-05 16:53:24] [DETAILS] resolve languages> Parsing C:\Users\brook\code\codeql\javascript\codeql-extractor.yml.
[2025-08-05 16:53:24] [DETAILS] resolve languages> Parsing C:\Users\brook\code\codeql\properties\codeql-extractor.yml.
[2025-08-05 16:53:24] [DETAILS] resolve languages> Parsing C:\Users\brook\code\codeql\python\codeql-extractor.yml.
[2025-08-05 16:53:24] [DETAILS] resolve languages> Parsing C:\Users\brook\code\codeql\ruby\codeql-extractor.yml.
[2025-08-05 16:53:24] [DETAILS] resolve languages> Parsing C:\Users\brook\code\codeql\swift\codeql-extractor.yml.
[2025-08-05 16:53:24] [DETAILS] resolve languages> Parsing C:\Users\brook\code\codeql\xml\codeql-extractor.yml.
[2025-08-05 16:53:24] [DETAILS] resolve languages> Parsing C:\Users\brook\code\codeql\yaml\codeql-extractor.yml.
[2025-08-05 16:53:24] Plumbing command codeql resolve languages completed:
                      {
                        "aliases" : {
                          "c" : "cpp",
                          "c++" : "cpp",
                          "c-c++" : "cpp",
                          "c-cpp" : "cpp",
                          "c#" : "csharp",
                          "java-kotlin" : "java",
                          "kotlin" : "java",
                          "javascript-typescript" : "javascript",
                          "typescript" : "javascript"
                        },
                        "extractors" : {
                          "actions" : [
                            {
                              "extractor_root" : "C:\\Users\\brook\\code\\codeql\\actions",
                              "extractor_options" : { }
                            }
                          ],
                          "cpp" : [
                            {
                              "extractor_root" : "C:\\Users\\brook\\code\\codeql\\cpp",
                              "extractor_options" : {
                                "scale_timeouts" : {
                                  "title" : "Value to scale compiler introspection timeouts with",
                                  "description" : "The extractor attempts to determine what compiler the source code being extracted is compiled with. To this end the extractor makes additional calls to the compiler, some of which are expected to return within a certain fixed time (either 10s or 15s). On some systems that are under high load this time might be too short, and can be scaled up using this option.\n",
                                  "type" : "string",
                                  "pattern" : "[0-9]+"
                                },
                                "log_verbosity" : {
                                  "title" : "Verbosity of the extractor logging",
                                  "description" : "Set the verbosity of the extractor logging to 'quiet' (0), 'normal' (1), 'chatty' (2), or 'noisy' (3). The default is 'normal'.\n",
                                  "type" : "string",
                                  "pattern" : "[0-3]"
                                }
                              }
                            }
                          ],
                          "csharp" : [
                            {
                              "extractor_root" : "C:\\Users\\brook\\code\\codeql\\csharp",
                              "extractor_options" : {
                                "trap" : {
                                  "title" : "Options pertaining to TRAP.",
                                  "description" : "Options pertaining to TRAP.",
                                  "type" : "object",
                                  "properties" : {
                                    "compression" : {
                                      "title" : "Controls compression for the TRAP files written by the extractor.",
                                      "description" : "This option is only intended for use in debugging the extractor. Accepted values are 'brotli' (the default, to write brotli-compressed TRAP), 'gzip', and 'none' (to write uncompressed TRAP).\n",
                                      "type" : "string",
                                      "pattern" : "^(none|gzip|brotli)$"
                                    }
                                  }
                                },
                                "buildless" : {
                                  "title" : "DEPRECATED - Whether to use buildless (standalone) extraction.",
                                  "description" : "DEPRECATED: Use `--build-mode none` instead.\nA value indicating, which type of extraction the autobuilder should perform. If 'true', then the standalone extractor will be used, otherwise tracing extraction will be performed. The default is 'false'. Note that buildless extraction will generally yield less accurate analysis results, and should only be used in cases where it is not possible to build the code (for example if it uses inaccessible dependencies).\n",
                                  "type" : "string",
                                  "pattern" : "^(false|true)$"
                                },
                                "logging" : {
                                  "title" : "Options pertaining to logging.",
                                  "description" : "Options pertaining to logging.",
                                  "type" : "object",
                                  "properties" : {
                                    "verbosity" : {
                                      "title" : "Extractor logging verbosity level.",
                                      "description" : "Controls the level of verbosity of the extractor. The supported levels are (in order of increasing verbosity):\n  - off\n  - errors\n  - warnings\n  - info or progress\n  - debug or progress+\n  - trace or progress++\n  - progress+++\n",
                                      "type" : "string",
                                      "pattern" : "^(off|errors|warnings|(info|progress)|(debug|progress\\+)|(trace|progress\\+\\+)|progress\\+\\+\\+)$"
                                    }
                                  }
                                },
                                "binlog" : {
                                  "title" : "Binlog",
                                  "description" : "[EXPERIMENTAL] The value is a path to the MsBuild binary log file that should be extracted. This option only works when `--build-mode none` is also specified.\n",
                                  "type" : "array"
                                }
                              }
                            }
                          ],
                          "csv" : [
                            {
                              "extractor_root" : "C:\\Users\\brook\\code\\codeql\\csv"
                            }
                          ],
                          "go" : [
                            {
                              "extractor_root" : "C:\\Users\\brook\\code\\codeql\\go",
                              "extractor_options" : {
                                "extract_tests" : {
                                  "title" : "Whether to include Go test files in the CodeQL database.",
                                  "description" : "A value indicating whether Go test files should be included in the CodeQL database. The default is 'false'.\n",
                                  "type" : "string",
                                  "pattern" : "^(false|true)$"
                                },
                                "extract_vendor_dirs" : {
                                  "title" : "Whether to include Go vendor directories in the CodeQL database.",
                                  "description" : "A value indicating whether Go vendor directories should be included in the CodeQL database. The default is 'false'.\n",
                                  "type" : "string",
                                  "pattern" : "^(false|true)$"
                                }
                              }
                            }
                          ],
                          "html" : [
                            {
                              "extractor_root" : "C:\\Users\\brook\\code\\codeql\\html"
                            }
                          ],
                          "java" : [
                            {
                              "extractor_root" : "C:\\Users\\brook\\code\\codeql\\java",
                              "extractor_options" : {
                                "exclude" : {
                                  "title" : "A glob excluding files from analysis.",
                                  "description" : "A glob indicating what files to exclude from the analysis.\n",
                                  "type" : "string"
                                },
                                "add_prefer_source" : {
                                  "title" : "Whether to always prefer source files over class files.",
                                  "description" : "A value indicating whether source files should be preferred over class files. If set to 'true', the extraction adds '-Xprefer:source' to the javac command line. If set to 'false', the extraction uses the default javac behavior ('-Xprefer:newer'). The default is 'true'.\n",
                                  "type" : "string",
                                  "pattern" : "^(false|true)$"
                                },
                                "buildless" : {
                                  "title" : "Whether to use buildless (standalone) extraction (experimental).",
                                  "description" : "A value indicating, which type of extraction the autobuilder should perform. If 'true', then the standalone extractor will be used, otherwise tracing extraction will be performed. The default is 'false'. Note that buildless extraction will generally yield less accurate analysis results, and should only be used in cases where it is not possible to build the code (for example if it uses inaccessible dependencies).\n",
                                  "type" : "string",
                                  "pattern" : "^(false|true)$"
                                }
                              }
                            }
                          ],
                          "javascript" : [
                            {
                              "extractor_root" : "C:\\Users\\brook\\code\\codeql\\javascript",
                              "extractor_options" : {
                                "skip_types" : {
                                  "title" : "Skip type extraction for TypeScript",
                                  "description" : "Whether to skip the extraction of types in a TypeScript application",
                                  "type" : "string",
                                  "pattern" : "^(false|true)$"
                                }
                              }
                            }
                          ],
                          "properties" : [
                            {
                              "extractor_root" : "C:\\Users\\brook\\code\\codeql\\properties"
                            }
                          ],
                          "python" : [
                            {
                              "extractor_root" : "C:\\Users\\brook\\code\\codeql\\python",
                              "extractor_options" : {
                                "logging" : {
                                  "title" : "Options pertaining to logging.",
                                  "description" : "Options pertaining to logging.",
                                  "type" : "object",
                                  "properties" : {
                                    "verbosity" : {
                                      "title" : "Python extractor logging verbosity level.",
                                      "description" : "Controls the level of verbosity of the CodeQL Python extractor.\nThe supported levels are (in order of increasing verbosity):\n\n  - off\n  - errors\n  - warnings\n  - info or progress\n  - debug or progress+\n  - trace or progress++\n  - progress+++\n",
                                      "type" : "string",
                                      "pattern" : "^(off|errors|warnings|(info|progress)|(debug|progress\\+)|(trace|progress\\+\\+)|progress\\+\\+\\+)$"
                                    }
                                  }
                                },
                                "python_executable_name" : {
                                  "title" : "Controls the name of the Python executable used by the Python extractor.",
                                  "description" : "The Python extractor uses platform-dependent heuristics to determine the name of the Python executable to use. Specifying a value for this option overrides the name of the Python executable used by the extractor. Accepted values are py, python and python3. Use this setting with caution, the Python extractor requires Python 3 to run.\n",
                                  "type" : "string",
                                  "pattern" : "^(py|python|python3)$"
                                }
                              }
                            }
                          ],
                          "ruby" : [
                            {
                              "extractor_root" : "C:\\Users\\brook\\code\\codeql\\ruby",
                              "extractor_options" : {
                                "trap" : {
                                  "title" : "Options pertaining to TRAP.",
                                  "description" : "Options pertaining to TRAP.",
                                  "type" : "object",
                                  "properties" : {
                                    "compression" : {
                                      "title" : "Controls compression for the TRAP files written by the extractor.",
                                      "description" : "This option is only intended for use in debugging the extractor. Accepted values are 'gzip' (the default, to write gzip-compressed TRAP) and 'none' (to write uncompressed TRAP).\n",
                                      "type" : "string",
                                      "pattern" : "^(none|gzip)$"
                                    }
                                  }
                                }
                              }
                            }
                          ],
                          "swift" : [
                            {
                              "extractor_root" : "C:\\Users\\brook\\code\\codeql\\swift"
                            }
                          ],
                          "xml" : [
                            {
                              "extractor_root" : "C:\\Users\\brook\\code\\codeql\\xml"
                            }
                          ],
                          "yaml" : [
                            {
                              "extractor_root" : "C:\\Users\\brook\\code\\codeql\\yaml"
                            }
                          ]
                        }
                      }
[2025-08-05 16:53:24] [PROGRESS] database init> Calculating baseline information in C:\Users\brook\code\HNPattacker_WB\pyexample
[2025-08-05 16:53:24] [SPAMMY] database init> Ignoring the following directories when processing baseline information: .git, .hg, .svn.
[2025-08-05 16:53:24] [DETAILS] database init> Running command in C:\Users\brook\code\HNPattacker_WB\pyexample: C:\Users\brook\code\codeql\tools\win64\scc.exe --by-file --exclude-dir .git,.hg,.svn --format json --no-large --no-min .
[2025-08-05 16:53:24] [SPAMMY] database init> Found 1 baseline files for python.
[2025-08-05 16:53:24] [PROGRESS] database init> Calculated baseline information for languages: python (96ms).
[2025-08-05 16:53:24] [PROGRESS] database init> Resolving extractor python.
[2025-08-05 16:53:24] [DETAILS] database init> Found candidate extractor root for python: C:\Users\brook\code\codeql\python.
[2025-08-05 16:53:24] [PROGRESS] database init> Successfully loaded extractor Python (python) from C:\Users\brook\code\codeql\python.
[2025-08-05 16:53:24] [PROGRESS] database init> Created skeleton CodeQL database at C:\Users\brook\code\HNPattacker_WB\pyexample-db. This in-progress database is ready to be populated by an extractor.
[2025-08-05 16:53:24] Plumbing command codeql database init completed.
[2025-08-05 16:53:24] [PROGRESS] database create> Running build command: []
[2025-08-05 16:53:24] Running plumbing command: codeql database trace-command --working-dir=C:\Users\brook\code\HNPattacker_WB\pyexample --index-traceless-dbs --no-db-cluster -- C:\Users\brook\code\HNPattacker_WB\pyexample-db
[2025-08-05 16:53:24] Using autobuild script C:\Users\brook\code\codeql\python\tools\autobuild.cmd.
[2025-08-05 16:53:24] [PROGRESS] database trace-command> Running command in C:\Users\brook\code\HNPattacker_WB\pyexample: [C:\Users\brook\code\codeql\python\tools\autobuild.cmd]
[2025-08-05 16:53:24] [build-stdout] Python 3.13.3
[2025-08-05 16:53:24] [build-stderr] No suitable Python runtime found
[2025-08-05 16:53:24] [build-stderr] Pass --list (-0) to see all detected environments on your machine
[2025-08-05 16:53:24] [build-stderr] or set environment variable PYLAUNCHER_ALLOW_INSTALL to use winget
[2025-08-05 16:53:24] [build-stderr] or open the Microsoft Store to the requested version.
[2025-08-05 16:53:24] [build-stdout] No directories containing root identifiers were found. Returning working directory as root.
[2025-08-05 16:53:24] [build-stdout] Will try to guess Python version, as it was not specified in `lgtm.yml`
[2025-08-05 16:53:24] [build-stdout] Trying to guess Python version based on Trove classifiers in setup.py
[2025-08-05 16:53:24] [build-stdout] Did not find setup.py (expected it to be at C:\Users\brook\code\HNPattacker_WB\pyexample\setup.py)
[2025-08-05 16:53:24] [build-stdout] Trying to guess Python version based on travis file
[2025-08-05 16:53:24] [build-stdout] Did not find any travis files (expected them at either ['C:\\Users\\brook\\code\\HNPattacker_WB\\pyexample\\.travis.yml', 'C:\\Users\\brook\\code\\HNPattacker_WB\\pyexample\\travis.yml'])
[2025-08-05 16:53:24] [build-stdout] Trying to guess Python version based on installed versions
[2025-08-05 16:53:24] [build-stdout] Wanted to run Python 2, but it is not available. Using Python 3 instead
[2025-08-05 16:53:24] [build-stdout] This script is running Python 3, but Python 2 is also available (as 'py -3')
[2025-08-05 16:53:24] [build-stdout] Could not guess Python version, will use default: Python 3
[2025-08-05 16:53:24] [build-stdout] Calling py -3 -S C:\Users\brook\code\codeql\python\tools\python_tracer.py --verbosity 3 -z all -c C:\Users\brook\code\HNPattacker_WB\pyexample-db\working\trap_cache -R C:\Users\brook\code\HNPattacker_WB\pyexample
[2025-08-05 16:53:25] [build-stdout] Python 3.13.3
[2025-08-05 16:53:25] [build-stdout] INFO: The Python extractor has recently stopped extracting the standard library by default. If you encounter problems, please let us know by submitting an issue to https://github.com/github/codeql. It is possible to re-enable extraction of the standard library by setting the environment variable CODEQL_EXTRACTOR_PYTHON_EXTRACT_STDLIB.
[2025-08-05 16:53:25] [build-stdout] [INFO] Extraction will use the Python 3 standard library.
[2025-08-05 16:53:25] [build-stdout] [INFO] sys_path is: ['C:\\Users\\brook\\code\\codeql\\python\\tools', 'C:\\Python313\\python313.zip', 'C:\\Python313\\DLLs', 'C:\\Python313\\Lib', 'C:\\Python313']
[2025-08-05 16:53:25] [build-stdout] [INFO] Python version 3.13.3
[2025-08-05 16:53:25] [build-stdout] [INFO] Python extractor version 7.1.2
[2025-08-05 16:53:26] [build-stdout] [INFO] [2] Skipped built-in file C:\Python313\Lib\json\__init__.py
[2025-08-05 16:53:26] [build-stdout] [INFO] [1] Extracted file C:\Users\brook\code\HNPattacker_WB\pyexample\pyexample.py in 58ms
[2025-08-05 16:53:26] [build-stdout] [INFO] [5] Extracted folder C:\Python313\Lib\json in 3ms
[2025-08-05 16:53:26] [build-stdout] [INFO] Processed 3 modules in 0.97s
[2025-08-05 16:53:26] Plumbing command codeql database trace-command completed.
[2025-08-05 16:53:26] [PROGRESS] database create> Finalizing database at C:\Users\brook\code\HNPattacker_WB\pyexample-db.
[2025-08-05 16:53:26] Running plumbing command: codeql database finalize --no-db-cluster -- C:\Users\brook\code\HNPattacker_WB\pyexample-db
[2025-08-05 16:53:26] Using pre-finalize script C:\Users\brook\code\codeql\python\tools\pre-finalize.cmd.
[2025-08-05 16:53:26] [PROGRESS] database finalize> Running pre-finalize script C:\Users\brook\code\codeql\python\tools\pre-finalize.cmd in C:\Users\brook\code\HNPattacker_WB\pyexample.
[2025-08-05 16:53:26] Running plumbing command: codeql database trace-command --working-dir=C:\Users\brook\code\HNPattacker_WB\pyexample --no-tracing -- C:\Users\brook\code\HNPattacker_WB\pyexample-db C:\Users\brook\code\codeql\python\tools\pre-finalize.cmd
[2025-08-05 16:53:26] [PROGRESS] database trace-command> Running command in C:\Users\brook\code\HNPattacker_WB\pyexample: [C:\Users\brook\code\codeql\python\tools\pre-finalize.cmd]
[2025-08-05 16:53:27] [build-stderr] Scanning for files in C:\Users\brook\code\HNPattacker_WB\pyexample...
[2025-08-05 16:53:27] Plumbing command codeql database trace-command completed.
[2025-08-05 16:53:27] [PROGRESS] database finalize> Running TRAP import for CodeQL database at C:\Users\brook\code\HNPattacker_WB\pyexample-db...
[2025-08-05 16:53:27] Running plumbing command: codeql dataset import --dbscheme=C:\Users\brook\code\codeql\python\semmlecode.python.dbscheme -- C:\Users\brook\code\HNPattacker_WB\pyexample-db\db-python C:\Users\brook\code\HNPattacker_WB\pyexample-db\trap\python
[2025-08-05 16:53:27] Clearing disk cache since the version file C:\Users\brook\code\HNPattacker_WB\pyexample-db\db-python\default\cache\version does not exist
[2025-08-05 16:53:27] Tuple pool not found. Clearing relations with cached strings
[2025-08-05 16:53:27] Trimming disk cache at C:\Users\brook\code\HNPattacker_WB\pyexample-db\db-python\default\cache in mode clear.
[2025-08-05 16:53:27] Sequence stamp origin is -6018678514204194391
[2025-08-05 16:53:27] Pausing evaluation to hard-clear memory at sequence stamp o+0
[2025-08-05 16:53:27] Unpausing evaluation
[2025-08-05 16:53:27] Pausing evaluation to quickly trim disk at sequence stamp o+1
[2025-08-05 16:53:27] Unpausing evaluation
[2025-08-05 16:53:27] Pausing evaluation to zealously trim disk at sequence stamp o+2
[2025-08-05 16:53:27] Unpausing evaluation
[2025-08-05 16:53:27] Trimming completed (6ms): Purged everything.
[2025-08-05 16:53:27] Scanning for files in C:\Users\brook\code\HNPattacker_WB\pyexample-db\trap\python
[2025-08-05 16:53:27] Found 7 TRAP files (462.30 KiB)
[2025-08-05 16:53:27] [PROGRESS] dataset import> Importing TRAP files
[2025-08-05 16:53:27] Importing $files.itUDJvHwx83WIF4PoN13m0gZG90=.trap.gz (1 of 7)
[2025-08-05 16:53:27] Importing $flags.hjEC0L7fUCP7jl5-jCET9j2digk=.trap.gz (2 of 7)
[2025-08-05 16:53:27] Importing $interpreter3.lXgZMJDAV9SyMzVRXGwmzSI_dQE=.trap.gz (3 of 7)
[2025-08-05 16:53:28] Importing $stdlib_33.yR8mIzxgapaGcPH5YMzxwFyS3BY=.trap (4 of 7)
[2025-08-05 16:53:28] Importing json._G8x8GJeAQIIk687ch0apZMWvks=.trap.gz (5 of 7)
[2025-08-05 16:53:28] Importing metadata.trap.gz (6 of 7)
[2025-08-05 16:53:28] Importing pyexample.py.N6Mel5DxZg1fIdTXxwkKNevmkYs=.trap.gz (7 of 7)
[2025-08-05 16:53:28] [PROGRESS] dataset import> Merging relations
[2025-08-05 16:53:28] Merging 1 fragment for 'files'.
[2025-08-05 16:53:28] Merged 28 bytes for 'files'.
[2025-08-05 16:53:28] Merging 1 fragment for 'folders'.
[2025-08-05 16:53:28] Merged 44 bytes for 'folders'.
[2025-08-05 16:53:28] Merging 1 fragment for 'containerparent'.
[2025-08-05 16:53:28] Merged 46 bytes for 'containerparent'.
[2025-08-05 16:53:28] Merging 1 fragment for 'py_flags_versioned'.
[2025-08-05 16:53:28] Merged 184 bytes for 'py_flags_versioned'.
[2025-08-05 16:53:28] Merging 1 fragment for 'py_cobjects'.
[2025-08-05 16:53:28] Merged 4479 bytes (4.37 KiB) for 'py_cobjects'.
[2025-08-05 16:53:28] Merging 1 fragment for 'py_cobjecttypes'.
[2025-08-05 16:53:28] Merged 4853 bytes (4.74 KiB) for 'py_cobjecttypes'.
[2025-08-05 16:53:28] Merging 1 fragment for 'py_cobject_sources'.
[2025-08-05 16:53:28] Merged 6652 bytes (6.50 KiB) for 'py_cobject_sources'.
[2025-08-05 16:53:28] Merging 1 fragment for 'py_cobjectnames'.
[2025-08-05 16:53:28] Merged 5752 bytes (5.62 KiB) for 'py_cobjectnames'.
[2025-08-05 16:53:28] Merging 1 fragment for 'py_cmembers_versioned'.
[2025-08-05 16:53:28] Merged 6487 bytes (6.33 KiB) for 'py_cmembers_versioned'.
[2025-08-05 16:53:28] Merging 1 fragment for 'py_special_objects'.
[2025-08-05 16:53:28] Merged 135 bytes for 'py_special_objects'.
[2025-08-05 16:53:28] Merging 1 fragment for 'py_citems'.
[2025-08-05 16:53:28] Merged 545 bytes for 'py_citems'.
[2025-08-05 16:53:28] Merging 1 fragment for 'ext_rettype'.
[2025-08-05 16:53:28] Merged 4050 bytes (3.96 KiB) for 'ext_rettype'.
[2025-08-05 16:53:28] Merging 1 fragment for 'ext_argtype'.
[2025-08-05 16:53:28] Merged 6814 bytes (6.65 KiB) for 'ext_argtype'.
[2025-08-05 16:53:28] Merging 1 fragment for 'ext_argreturn'.
[2025-08-05 16:53:28] Merged 41 bytes for 'ext_argreturn'.
[2025-08-05 16:53:28] Merging 1 fragment for 'ext_proptype'.
[2025-08-05 16:53:28] Merged 343 bytes for 'ext_proptype'.
[2025-08-05 16:53:28] Merging 1 fragment for 'py_Modules'.
[2025-08-05 16:53:28] Merged 19 bytes for 'py_Modules'.
[2025-08-05 16:53:28] Merging 1 fragment for 'py_module_path'.
[2025-08-05 16:53:28] Merged 31 bytes for 'py_module_path'.
[2025-08-05 16:53:28] Merging 1 fragment for 'py_flow_bb_node'.
[2025-08-05 16:53:28] Merged 712 bytes for 'py_flow_bb_node'.
[2025-08-05 16:53:28] Merging 1 fragment for 'py_scope_flow'.
[2025-08-05 16:53:28] Merged 132 bytes for 'py_scope_flow'.
[2025-08-05 16:53:28] Merging 1 fragment for 'locations_ast'.
[2025-08-05 16:53:28] Merged 1127 bytes (1.10 KiB) for 'locations_ast'.
[2025-08-05 16:53:28] Merging 1 fragment for 'sourceLocationPrefix'.
[2025-08-05 16:53:28] Merged 17 bytes for 'sourceLocationPrefix'.
[2025-08-05 16:53:28] Merging 1 fragment for 'variable'.
[2025-08-05 16:53:28] Merged 147 bytes for 'variable'.
[2025-08-05 16:53:28] Merging 1 fragment for 'py_extracted_version'.
[2025-08-05 16:53:28] Merged 27 bytes for 'py_extracted_version'.
[2025-08-05 16:53:28] Merging 1 fragment for 'py_stmt_lists'.
[2025-08-05 16:53:28] Merged 59 bytes for 'py_stmt_lists'.
[2025-08-05 16:53:28] Merging 1 fragment for 'py_stmts'.
[2025-08-05 16:53:28] Merged 151 bytes for 'py_stmts'.
[2025-08-05 16:53:28] Merging 1 fragment for 'py_scopes'.
[2025-08-05 16:53:28] Merged 257 bytes for 'py_scopes'.
[2025-08-05 16:53:28] Merging 1 fragment for 'py_alias_lists'.
[2025-08-05 16:53:28] Merged 49 bytes for 'py_alias_lists'.
[2025-08-05 16:53:28] Merging 1 fragment for 'py_aliases'.
[2025-08-05 16:53:28] Merged 94 bytes for 'py_aliases'.
[2025-08-05 16:53:28] Merging 1 fragment for 'py_exprs'.
[2025-08-05 16:53:28] Merged 809 bytes for 'py_exprs'.
[2025-08-05 16:53:28] Merging 1 fragment for 'py_ints'.
[2025-08-05 16:53:28] Merged 49 bytes for 'py_ints'.
[2025-08-05 16:53:28] Merging 1 fragment for 'py_strs'.
[2025-08-05 16:53:28] Merged 302 bytes for 'py_strs'.
[2025-08-05 16:53:28] Merging 1 fragment for 'py_variables'.
[2025-08-05 16:53:28] Merged 212 bytes for 'py_variables'.
[2025-08-05 16:53:28] Merging 1 fragment for 'py_expr_contexts'.
[2025-08-05 16:53:28] Merged 286 bytes for 'py_expr_contexts'.
[2025-08-05 16:53:28] Merging 1 fragment for 'py_bools'.
[2025-08-05 16:53:28] Merged 33 bytes for 'py_bools'.
[2025-08-05 16:53:28] Merging 1 fragment for 'py_dict_item_lists'.
[2025-08-05 16:53:28] Merged 56 bytes for 'py_dict_item_lists'.
[2025-08-05 16:53:28] Merging 1 fragment for 'py_dict_items'.
[2025-08-05 16:53:28] Merged 106 bytes for 'py_dict_items'.
[2025-08-05 16:53:28] Merging 1 fragment for 'py_expr_lists'.
[2025-08-05 16:53:28] Merged 143 bytes for 'py_expr_lists'.
[2025-08-05 16:53:28] Merging 1 fragment for 'py_arguments'.
[2025-08-05 16:53:28] Merged 33 bytes for 'py_arguments'.
[2025-08-05 16:53:28] Merging 1 fragment for 'py_Functions'.
[2025-08-05 16:53:28] Merged 33 bytes for 'py_Functions'.
[2025-08-05 16:53:28] Merging 1 fragment for 'py_cmpop_lists'.
[2025-08-05 16:53:28] Merged 33 bytes for 'py_cmpop_lists'.
[2025-08-05 16:53:28] Merging 1 fragment for 'py_cmpops'.
[2025-08-05 16:53:28] Merged 52 bytes for 'py_cmpops'.
[2025-08-05 16:53:28] Merging 1 fragment for 'py_exports'.
[2025-08-05 16:53:28] Merged 33 bytes for 'py_exports'.
[2025-08-05 16:53:28] Merging 1 fragment for 'py_successors'.
[2025-08-05 16:53:28] Merged 449 bytes for 'py_successors'.
[2025-08-05 16:53:28] Merging 1 fragment for 'py_true_successors'.
[2025-08-05 16:53:28] Merged 35 bytes for 'py_true_successors'.
[2025-08-05 16:53:28] Merging 1 fragment for 'py_false_successors'.
[2025-08-05 16:53:28] Merged 35 bytes for 'py_false_successors'.
[2025-08-05 16:53:28] Merging 1 fragment for 'py_idoms'.
[2025-08-05 16:53:28] Merged 445 bytes for 'py_idoms'.
[2025-08-05 16:53:28] Merging 1 fragment for 'py_ssa_var'.
[2025-08-05 16:53:28] Merged 98 bytes for 'py_ssa_var'.
[2025-08-05 16:53:28] Merging 1 fragment for 'py_ssa_defn'.
[2025-08-05 16:53:28] Merged 91 bytes for 'py_ssa_defn'.
[2025-08-05 16:53:28] Merging 1 fragment for 'py_ssa_use'.
[2025-08-05 16:53:28] Merged 98 bytes for 'py_ssa_use'.
[2025-08-05 16:53:28] Merging 1 fragment for 'py_scope_location'.
[2025-08-05 16:53:28] Merged 37 bytes for 'py_scope_location'.
[2025-08-05 16:53:28] Merging 1 fragment for 'py_comments'.
[2025-08-05 16:53:28] Merged 70 bytes for 'py_comments'.
[2025-08-05 16:53:28] Merging 1 fragment for 'py_codelines'.
[2025-08-05 16:53:28] Merged 35 bytes for 'py_codelines'.
[2025-08-05 16:53:28] Merging 1 fragment for 'py_commentlines'.
[2025-08-05 16:53:28] Merged 35 bytes for 'py_commentlines'.
[2025-08-05 16:53:28] Merging 1 fragment for 'py_docstringlines'.
[2025-08-05 16:53:28] Merged 35 bytes for 'py_docstringlines'.
[2025-08-05 16:53:28] Merging 1 fragment for 'py_alllines'.
[2025-08-05 16:53:28] Merged 35 bytes for 'py_alllines'.
[2025-08-05 16:53:28] Merging 1 fragment for 'numlines'.
[2025-08-05 16:53:28] Merged 45 bytes for 'numlines'.
[2025-08-05 16:53:28] Merging 1 fragment for 'py_locations'.
[2025-08-05 16:53:28] Merged 493 bytes for 'py_locations'.
[2025-08-05 16:53:28] Saving string and id pools to disk.
[2025-08-05 16:53:29] Finished importing TRAP files.
[2025-08-05 16:53:29] Read 1003.86 KiB of uncompressed TRAP data.
[2025-08-05 16:53:29] Uncompressed relation data size: 201.77 KiB
[2025-08-05 16:53:29] Relation data size: 46.38 KiB (merge rate: 73.99 KiB/s)
[2025-08-05 16:53:29] String pool size: 2.08 MiB
[2025-08-05 16:53:29] ID pool size: 1.09 MiB
[2025-08-05 16:53:29] [PROGRESS] dataset import> Finished writing database (relations: 46.38 KiB; string pool: 2.08 MiB).
[2025-08-05 16:53:29] Pausing evaluation to close the cache at sequence stamp o+117
[2025-08-05 16:53:29] The disk cache is freshly trimmed; leave it be.
[2025-08-05 16:53:29] Unpausing evaluation
[2025-08-05 16:53:29] Plumbing command codeql dataset import completed.
[2025-08-05 16:53:29] [PROGRESS] database finalize> TRAP import complete (1.5s).
[2025-08-05 16:53:29] Running plumbing command: codeql database cleanup -- C:\Users\brook\code\HNPattacker_WB\pyexample-db
[2025-08-05 16:53:29] [PROGRESS] database cleanup> Cleaning up existing TRAP files after import...
[2025-08-05 16:53:29] [PROGRESS] database cleanup> TRAP files cleaned up (4ms).
[2025-08-05 16:53:29] [PROGRESS] database cleanup> Cleaning up scratch directory...
[2025-08-05 16:53:29] [PROGRESS] database cleanup> Scratch directory cleaned up (1ms).
[2025-08-05 16:53:29] Running plumbing command: codeql dataset cleanup -- C:\Users\brook\code\HNPattacker_WB\pyexample-db\db-python
[2025-08-05 16:53:29] [PROGRESS] dataset cleanup> Cleaning up dataset in C:\Users\brook\code\HNPattacker_WB\pyexample-db\db-python.
[2025-08-05 16:53:29] Trimming disk cache at C:\Users\brook\code\HNPattacker_WB\pyexample-db\db-python\default\cache in mode trim.
[2025-08-05 16:53:29] Sequence stamp origin is -6018678507829525332
[2025-08-05 16:53:29] Pausing evaluation to quickly trim memory at sequence stamp o+0
[2025-08-05 16:53:29] Unpausing evaluation
[2025-08-05 16:53:29] Pausing evaluation to zealously trim disk at sequence stamp o+1
[2025-08-05 16:53:29] Unpausing evaluation
[2025-08-05 16:53:29] Trimming completed (2ms): Trimmed disposable data from cache.
[2025-08-05 16:53:29] Pausing evaluation to close the cache at sequence stamp o+2
[2025-08-05 16:53:29] The disk cache is freshly trimmed; leave it be.
[2025-08-05 16:53:29] Unpausing evaluation
[2025-08-05 16:53:29] [PROGRESS] dataset cleanup> Trimmed disposable data from cache.
[2025-08-05 16:53:29] [PROGRESS] dataset cleanup> Finalizing dataset in C:\Users\brook\code\HNPattacker_WB\pyexample-db\db-python
[2025-08-05 16:53:29] [DETAILS] dataset cleanup> Finished deleting ID pool from C:\Users\brook\code\HNPattacker_WB\pyexample-db\db-python (4ms).
[2025-08-05 16:53:29] Plumbing command codeql dataset cleanup completed.
[2025-08-05 16:53:29] Plumbing command codeql database cleanup completed with status 0.
[2025-08-05 16:53:29] [PROGRESS] database finalize> Finished zipping source archive (1.12 KiB).
[2025-08-05 16:53:29] Plumbing command codeql database finalize completed.
[2025-08-05 16:53:29] [PROGRESS] database create> Successfully created database at C:\Users\brook\code\HNPattacker_WB\pyexample-db.
[2025-08-05 16:53:29] Terminating normally.
