[2025-09-22 19:09:49] This is codeql database analyze py-db\pyexample-db pyqueries\verification_query.ql --format=sarif-latest --output=py-verification-results.sarif
[2025-09-22 19:09:49] Log file was started late.
[2025-09-22 19:09:49] [PROGRESS] database analyze> Running queries.
[2025-09-22 19:09:49] Running plumbing command: codeql database run-queries --evaluator-log-level=5 --warnings=show --qlconfig-file=C:\Users\brook\code\HNPLab\qlconfig.yml --dynamic-join-order-mode=none --no-rerun -- C:\Users\brook\code\HNPLab\py-db\pyexample-db pyqueries\verification_query.ql
[2025-09-22 19:09:50] Calling plumbing command: codeql resolve ram --dataset=C:\Users\brook\code\HNPLab\py-db\pyexample-db\db-python --format=json
[2025-09-22 19:09:50] [PROGRESS] resolve ram> Stringpool size measured as 2179482
[2025-09-22 19:09:50] Plumbing command codeql resolve ram completed:
                      [
                        "-J-Xmx3389M",
                        "--off-heap-ram=3865"
                      ]
[2025-09-22 19:09:50] Spawning plumbing command: execute queries -J-Xmx3389M --off-heap-ram=3865 --verbosity=progress --logdir=C:\Users\brook\code\HNPLab\py-db\pyexample-db\log --evaluator-log-level=5 --warnings=show --qlconfig-file=C:\Users\brook\code\HNPLab\qlconfig.yml --dynamic-join-order-mode=none --no-rerun --output=C:\Users\brook\code\HNPLab\py-db\pyexample-db\results -- C:\Users\brook\code\HNPLab\py-db\pyexample-db\db-python pyqueries\verification_query.ql
[2025-09-22 19:10:10] Plumbing command codeql execute queries terminated with status 0.
[2025-09-22 19:10:10] Plumbing command codeql database run-queries completed with status 0.
[2025-09-22 19:10:10] [PROGRESS] database analyze> Interpreting results.
[2025-09-22 19:10:10] Running plumbing command: codeql database interpret-results --format=sarif-latest -o=C:\Users\brook\code\HNPLab\py-verification-results.sarif --max-paths=4 --csv-location-format=line-column --print-diagnostics-summary --print-metrics-summary --qlconfig-file=C:\Users\brook\code\HNPLab\qlconfig.yml -- C:\Users\brook\code\HNPLab\py-db\pyexample-db pyqueries\verification_query.ql
[2025-09-22 19:10:10] Calling plumbing command: codeql resolve queries --qlconfig-file=C:\Users\brook\code\HNPLab\qlconfig.yml --format=json -- pyqueries\verification_query.ql
[2025-09-22 19:10:10] [PROGRESS] resolve queries> Recording pack reference pyqueries at C:\Users\brook\code\HNPLab\pyqueries.
[2025-09-22 19:10:10] Plumbing command codeql resolve queries completed:
                      [
                        "C:\\Users\\brook\\code\\HNPLab\\pyqueries\\verification_query.ql"
                      ]
[2025-09-22 19:10:10] [PROGRESS] database interpret-results> Resolving extensions
[2025-09-22 19:10:10] Calling plumbing command: codeql resolve extensions --qlconfig-file=C:\Users\brook\code\HNPLab\qlconfig.yml pyqueries\verification_query.ql
[2025-09-22 19:10:10] Calling plumbing command: codeql resolve queries --qlconfig-file=C:\Users\brook\code\HNPLab\qlconfig.yml --allow-library-packs --format startingpacks -- pyqueries\verification_query.ql
[2025-09-22 19:10:10] [PROGRESS] resolve queries> Recording pack reference pyqueries at C:\Users\brook\code\HNPLab\pyqueries.
[2025-09-22 19:10:10] Plumbing command codeql resolve queries completed:
                      [
                        "C:\\Users\\brook\\code\\HNPLab\\pyqueries"
                      ]
[2025-09-22 19:10:10] Calling plumbing command: codeql resolve extensions-by-pack --qlconfig-file=C:\Users\brook\code\HNPLab\qlconfig.yml -- C:\Users\brook\code\HNPLab\pyqueries
[2025-09-22 19:10:10] [SPAMMY] resolve extensions-by-pack> [INCOMPATIBILITY] pyqueries: not 0.0.1 {root: pyqueries@0.0.1}
[2025-09-22 19:10:10] [SPAMMY] resolve extensions-by-pack> [DERIVATION] pyqueries: 0.0.1 {pyqueries: not 0.0.1 {root: pyqueries@0.0.1}}
[2025-09-22 19:10:10] [SPAMMY] resolve extensions-by-pack> [INCOMPATIBILITY] pyqueries: * [*], codeql/python-all: not * [*] {dependency: pyqueries@* [*] requires codeql/python-all@*}
[2025-09-22 19:10:10] [SPAMMY] resolve extensions-by-pack> [DECISION 1] pyqueries: 0.0.1
[2025-09-22 19:10:10] [SPAMMY] resolve extensions-by-pack> [DERIVATION] codeql/python-all: * [*] {pyqueries: * [*], codeql/python-all: not * [*] {dependency: pyqueries@* [*] requires codeql/python-all@*}}
[2025-09-22 19:10:10] [SPAMMY] resolve extensions-by-pack> [INCOMPATIBILITY] codeql/python-all: * [*], codeql/concepts: not * [*] {dependency: codeql/python-all@* [*] requires codeql/concepts@0.0.3}
[2025-09-22 19:10:10] [SPAMMY] resolve extensions-by-pack> [INCOMPATIBILITY] codeql/python-all: * [*], codeql/dataflow: not * [*] {dependency: codeql/python-all@* [*] requires codeql/dataflow@2.0.13}
[2025-09-22 19:10:10] [SPAMMY] resolve extensions-by-pack> [INCOMPATIBILITY] codeql/python-all: * [*], codeql/mad: not * [*] {dependency: codeql/python-all@* [*] requires codeql/mad@1.0.29}
[2025-09-22 19:10:10] [SPAMMY] resolve extensions-by-pack> [INCOMPATIBILITY] codeql/python-all: * [*], codeql/regex: not * [*] {dependency: codeql/python-all@* [*] requires codeql/regex@1.0.29}
[2025-09-22 19:10:10] [SPAMMY] resolve extensions-by-pack> [INCOMPATIBILITY] codeql/python-all: * [*], codeql/threat-models: not * [*] {dependency: codeql/python-all@* [*] requires codeql/threat-models@1.0.29}
[2025-09-22 19:10:10] [SPAMMY] resolve extensions-by-pack> [INCOMPATIBILITY] codeql/python-all: * [*], codeql/tutorial: not * [*] {dependency: codeql/python-all@* [*] requires codeql/tutorial@1.0.29}
[2025-09-22 19:10:10] [SPAMMY] resolve extensions-by-pack> [INCOMPATIBILITY] codeql/python-all: * [*], codeql/util: not * [*] {dependency: codeql/python-all@* [*] requires codeql/util@2.0.16}
[2025-09-22 19:10:10] [SPAMMY] resolve extensions-by-pack> [INCOMPATIBILITY] codeql/python-all: * [*], codeql/xml: not * [*] {dependency: codeql/python-all@* [*] requires codeql/xml@1.0.29}
[2025-09-22 19:10:10] [SPAMMY] resolve extensions-by-pack> [INCOMPATIBILITY] codeql/python-all: * [*], codeql/yaml: not * [*] {dependency: codeql/python-all@* [*] requires codeql/yaml@1.0.29}
[2025-09-22 19:10:10] [SPAMMY] resolve extensions-by-pack> [DECISION 2] codeql/python-all: 4.0.13
[2025-09-22 19:10:10] [SPAMMY] resolve extensions-by-pack> [DERIVATION] codeql/yaml: * [*] {codeql/python-all: * [*], codeql/yaml: not * [*] {dependency: codeql/python-all@* [*] requires codeql/yaml@1.0.29}}
[2025-09-22 19:10:10] [SPAMMY] resolve extensions-by-pack> [DERIVATION] codeql/xml: * [*] {codeql/python-all: * [*], codeql/xml: not * [*] {dependency: codeql/python-all@* [*] requires codeql/xml@1.0.29}}
[2025-09-22 19:10:10] [SPAMMY] resolve extensions-by-pack> [DERIVATION] codeql/util: * [*] {codeql/python-all: * [*], codeql/util: not * [*] {dependency: codeql/python-all@* [*] requires codeql/util@2.0.16}}
[2025-09-22 19:10:10] [SPAMMY] resolve extensions-by-pack> [DERIVATION] codeql/tutorial: * [*] {codeql/python-all: * [*], codeql/tutorial: not * [*] {dependency: codeql/python-all@* [*] requires codeql/tutorial@1.0.29}}
[2025-09-22 19:10:10] [SPAMMY] resolve extensions-by-pack> [DERIVATION] codeql/threat-models: * [*] {codeql/python-all: * [*], codeql/threat-models: not * [*] {dependency: codeql/python-all@* [*] requires codeql/threat-models@1.0.29}}
[2025-09-22 19:10:10] [SPAMMY] resolve extensions-by-pack> [DERIVATION] codeql/regex: * [*] {codeql/python-all: * [*], codeql/regex: not * [*] {dependency: codeql/python-all@* [*] requires codeql/regex@1.0.29}}
[2025-09-22 19:10:10] [SPAMMY] resolve extensions-by-pack> [DERIVATION] codeql/mad: * [*] {codeql/python-all: * [*], codeql/mad: not * [*] {dependency: codeql/python-all@* [*] requires codeql/mad@1.0.29}}
[2025-09-22 19:10:10] [SPAMMY] resolve extensions-by-pack> [DERIVATION] codeql/dataflow: * [*] {codeql/python-all: * [*], codeql/dataflow: not * [*] {dependency: codeql/python-all@* [*] requires codeql/dataflow@2.0.13}}
[2025-09-22 19:10:10] [SPAMMY] resolve extensions-by-pack> [DERIVATION] codeql/concepts: * [*] {codeql/python-all: * [*], codeql/concepts: not * [*] {dependency: codeql/python-all@* [*] requires codeql/concepts@0.0.3}}
[2025-09-22 19:10:10] [SPAMMY] resolve extensions-by-pack> [INCOMPATIBILITY] codeql/concepts: * [*], codeql/dataflow: not * [*] {dependency: codeql/concepts@* [*] requires codeql/dataflow@2.0.13}
[2025-09-22 19:10:10] [SPAMMY] resolve extensions-by-pack> [INCOMPATIBILITY] codeql/concepts: * [*], codeql/util: not * [*] {dependency: codeql/concepts@* [*] requires codeql/util@2.0.16}
[2025-09-22 19:10:10] [SPAMMY] resolve extensions-by-pack> [DECISION 3] codeql/concepts: 0.0.3
[2025-09-22 19:10:10] [SPAMMY] resolve extensions-by-pack> [INCOMPATIBILITY] codeql/dataflow: * [*], codeql/ssa: not * [*] {dependency: codeql/dataflow@* [*] requires codeql/ssa@2.0.5}
[2025-09-22 19:10:10] [SPAMMY] resolve extensions-by-pack> [INCOMPATIBILITY] codeql/dataflow: * [*], codeql/typetracking: not * [*] {dependency: codeql/dataflow@* [*] requires codeql/typetracking@2.0.13}
[2025-09-22 19:10:10] [SPAMMY] resolve extensions-by-pack> [INCOMPATIBILITY] codeql/dataflow: * [*], codeql/util: not * [*] {dependency: codeql/dataflow@* [*] requires codeql/util@2.0.16}
[2025-09-22 19:10:10] [SPAMMY] resolve extensions-by-pack> [DECISION 4] codeql/dataflow: 2.0.13
[2025-09-22 19:10:10] [SPAMMY] resolve extensions-by-pack> [DERIVATION] codeql/typetracking: * [*] {codeql/dataflow: * [*], codeql/typetracking: not * [*] {dependency: codeql/dataflow@* [*] requires codeql/typetracking@2.0.13}}
[2025-09-22 19:10:10] [SPAMMY] resolve extensions-by-pack> [DERIVATION] codeql/ssa: * [*] {codeql/dataflow: * [*], codeql/ssa: not * [*] {dependency: codeql/dataflow@* [*] requires codeql/ssa@2.0.5}}
[2025-09-22 19:10:10] [SPAMMY] resolve extensions-by-pack> [INCOMPATIBILITY] codeql/mad: * [*], codeql/dataflow: not * [*] {dependency: codeql/mad@* [*] requires codeql/dataflow@2.0.13}
[2025-09-22 19:10:10] [SPAMMY] resolve extensions-by-pack> [INCOMPATIBILITY] codeql/mad: * [*], codeql/util: not * [*] {dependency: codeql/mad@* [*] requires codeql/util@2.0.16}
[2025-09-22 19:10:10] [SPAMMY] resolve extensions-by-pack> [DECISION 5] codeql/mad: 1.0.29
[2025-09-22 19:10:10] [SPAMMY] resolve extensions-by-pack> [INCOMPATIBILITY] codeql/regex: * [*], codeql/util: not * [*] {dependency: codeql/regex@* [*] requires codeql/util@2.0.16}
[2025-09-22 19:10:10] [SPAMMY] resolve extensions-by-pack> [DECISION 6] codeql/regex: 1.0.29
[2025-09-22 19:10:10] [SPAMMY] resolve extensions-by-pack> [INCOMPATIBILITY] codeql/ssa: * [*], codeql/util: not * [*] {dependency: codeql/ssa@* [*] requires codeql/util@2.0.16}
[2025-09-22 19:10:10] [SPAMMY] resolve extensions-by-pack> [DECISION 7] codeql/ssa: 2.0.5
[2025-09-22 19:10:10] [SPAMMY] resolve extensions-by-pack> [DECISION 8] codeql/threat-models: 1.0.29
[2025-09-22 19:10:10] [SPAMMY] resolve extensions-by-pack> [DECISION 9] codeql/tutorial: 1.0.29
[2025-09-22 19:10:10] [SPAMMY] resolve extensions-by-pack> [INCOMPATIBILITY] codeql/typetracking: * [*], codeql/util: not * [*] {dependency: codeql/typetracking@* [*] requires codeql/util@2.0.16}
[2025-09-22 19:10:10] [SPAMMY] resolve extensions-by-pack> [DECISION 10] codeql/typetracking: 2.0.13
[2025-09-22 19:10:10] [SPAMMY] resolve extensions-by-pack> [DECISION 11] codeql/util: 2.0.16
[2025-09-22 19:10:10] [SPAMMY] resolve extensions-by-pack> [INCOMPATIBILITY] codeql/xml: * [*], codeql/util: not * [*] {dependency: codeql/xml@* [*] requires codeql/util@2.0.16}
[2025-09-22 19:10:10] [SPAMMY] resolve extensions-by-pack> [DECISION 12] codeql/xml: 1.0.29
[2025-09-22 19:10:10] [SPAMMY] resolve extensions-by-pack> [DECISION 13] codeql/yaml: 1.0.29
[2025-09-22 19:10:10] [PROGRESS] resolve extensions-by-pack> Loading data extensions in C:\Users\brook\.codeql\packages\codeql\python-all\4.0.13\ext\default-threat-models-fixup.model.yml.
[2025-09-22 19:10:10] [DETAILS] resolve extensions-by-pack>   Found extension targeting codeql/threat-models:threatModelConfiguration: 1 tuples.
[2025-09-22 19:10:10] [PROGRESS] resolve extensions-by-pack> Loading data extensions in C:\Users\brook\.codeql\packages\codeql\python-all\4.0.13\semmle\python\frameworks\Asyncpg.model.yml.
[2025-09-22 19:10:10] [DETAILS] resolve extensions-by-pack>   Found extension targeting codeql/python-all:sinkModel: 5 tuples.
[2025-09-22 19:10:10] [DETAILS] resolve extensions-by-pack>   Found extension targeting codeql/python-all:typeModel: 6 tuples.
[2025-09-22 19:10:10] [PROGRESS] resolve extensions-by-pack> Loading data extensions in C:\Users\brook\.codeql\packages\codeql\python-all\4.0.13\semmle\python\frameworks\Stdlib.model.yml.
[2025-09-22 19:10:10] [DETAILS] resolve extensions-by-pack>   Found extension targeting codeql/python-all:sourceModel: 12 tuples.
[2025-09-22 19:10:10] [DETAILS] resolve extensions-by-pack>   Found extension targeting codeql/python-all:sinkModel: 1 tuples.
[2025-09-22 19:10:10] [DETAILS] resolve extensions-by-pack>   Found extension targeting codeql/python-all:summaryModel: 66 tuples.
[2025-09-22 19:10:10] [DETAILS] resolve extensions-by-pack>   Found extension targeting codeql/python-all:neutralModel: 0 tuples.
[2025-09-22 19:10:10] [DETAILS] resolve extensions-by-pack>   Found extension targeting codeql/python-all:typeModel: 0 tuples.
[2025-09-22 19:10:10] [DETAILS] resolve extensions-by-pack>   Found extension targeting codeql/python-all:typeVariableModel: 0 tuples.
[2025-09-22 19:10:10] [PROGRESS] resolve extensions-by-pack> Loading data extensions in C:\Users\brook\.codeql\packages\codeql\python-all\4.0.13\semmle\python\frameworks\data\internal\empty.model.yml.
[2025-09-22 19:10:10] [DETAILS] resolve extensions-by-pack>   Found extension targeting codeql/python-all:sourceModel: 0 tuples.
[2025-09-22 19:10:10] [DETAILS] resolve extensions-by-pack>   Found extension targeting codeql/python-all:sinkModel: 0 tuples.
[2025-09-22 19:10:10] [DETAILS] resolve extensions-by-pack>   Found extension targeting codeql/python-all:summaryModel: 0 tuples.
[2025-09-22 19:10:10] [DETAILS] resolve extensions-by-pack>   Found extension targeting codeql/python-all:neutralModel: 0 tuples.
[2025-09-22 19:10:10] [DETAILS] resolve extensions-by-pack>   Found extension targeting codeql/python-all:typeModel: 0 tuples.
[2025-09-22 19:10:10] [DETAILS] resolve extensions-by-pack>   Found extension targeting codeql/python-all:typeVariableModel: 0 tuples.
[2025-09-22 19:10:11] [PROGRESS] resolve extensions-by-pack> Loading data extensions in C:\Users\brook\.codeql\packages\codeql\python-all\4.0.13\semmle\python\frameworks\data\internal\subclass-capture\ALL.model.yml.
[2025-09-22 19:10:11] [DETAILS] resolve extensions-by-pack>   Found extension targeting codeql/python-all:typeModel: 58275 tuples.
[2025-09-22 19:10:11] [PROGRESS] resolve extensions-by-pack> Loading data extensions in C:\Users\brook\.codeql\packages\codeql\threat-models\1.0.29\ext\supported-threat-models.model.yml.
[2025-09-22 19:10:11] [DETAILS] resolve extensions-by-pack>   Found extension targeting codeql/threat-models:threatModelConfiguration: 1 tuples.
[2025-09-22 19:10:11] [PROGRESS] resolve extensions-by-pack> Loading data extensions in C:\Users\brook\.codeql\packages\codeql\threat-models\1.0.29\ext\threat-model-grouping.model.yml.
[2025-09-22 19:10:11] [DETAILS] resolve extensions-by-pack>   Found extension targeting codeql/threat-models:threatModelGrouping: 15 tuples.
[2025-09-22 19:10:11] [PROGRESS] resolve extensions-by-pack> Loading data extensions in C:\Users\brook\.codeql\packages\codeql\util\2.0.16\ext\default-alert-filter.yml.
[2025-09-22 19:10:11] [DETAILS] resolve extensions-by-pack>   Found extension targeting codeql/util:restrictAlertsTo: 0 tuples.
[2025-09-22 19:10:11] [DETAILS] resolve extensions-by-pack>   Found extension targeting codeql/util:restrictAlertsToExactLocation: 0 tuples.
[2025-09-22 19:10:11] Plumbing command codeql resolve extensions-by-pack completed:
                      {
                        "models" : [ ],
                        "data" : {
                          "C:\\Users\\brook\\code\\HNPLab\\pyqueries" : [
                            {
                              "predicate" : "threatModelConfiguration",
                              "file" : "C:\\Users\\brook\\.codeql\\packages\\codeql\\python-all\\4.0.13\\ext\\default-threat-models-fixup.model.yml",
                              "index" : 0,
                              "firstRowId" : 0,
                              "rowCount" : 1,
                              "predicateHasOrigin" : false
                            },
                            {
                              "predicate" : "sinkModel",
                              "file" : "C:\\Users\\brook\\.codeql\\packages\\codeql\\python-all\\4.0.13\\semmle\\python\\frameworks\\Asyncpg.model.yml",
                              "index" : 0,
                              "firstRowId" : 1,
                              "rowCount" : 5,
                              "predicateHasOrigin" : true
                            },
                            {
                              "predicate" : "typeModel",
                              "file" : "C:\\Users\\brook\\.codeql\\packages\\codeql\\python-all\\4.0.13\\semmle\\python\\frameworks\\Asyncpg.model.yml",
                              "index" : 1,
                              "firstRowId" : 6,
                              "rowCount" : 6,
                              "predicateHasOrigin" : false
                            },
                            {
                              "predicate" : "sourceModel",
                              "file" : "C:\\Users\\brook\\.codeql\\packages\\codeql\\python-all\\4.0.13\\semmle\\python\\frameworks\\Stdlib.model.yml",
                              "index" : 0,
                              "firstRowId" : 12,
                              "rowCount" : 12,
                              "predicateHasOrigin" : true
                            },
                            {
                              "predicate" : "sinkModel",
                              "file" : "C:\\Users\\brook\\.codeql\\packages\\codeql\\python-all\\4.0.13\\semmle\\python\\frameworks\\Stdlib.model.yml",
                              "index" : 1,
                              "firstRowId" : 24,
                              "rowCount" : 1,
                              "predicateHasOrigin" : true
                            },
                            {
                              "predicate" : "summaryModel",
                              "file" : "C:\\Users\\brook\\.codeql\\packages\\codeql\\python-all\\4.0.13\\semmle\\python\\frameworks\\Stdlib.model.yml",
                              "index" : 2,
                              "firstRowId" : 25,
                              "rowCount" : 66,
                              "predicateHasOrigin" : true
                            },
                            {
                              "predicate" : "neutralModel",
                              "file" : "C:\\Users\\brook\\.codeql\\packages\\codeql\\python-all\\4.0.13\\semmle\\python\\frameworks\\Stdlib.model.yml",
                              "index" : 3,
                              "firstRowId" : 91,
                              "rowCount" : 0,
                              "predicateHasOrigin" : false
                            },
                            {
                              "predicate" : "typeModel",
                              "file" : "C:\\Users\\brook\\.codeql\\packages\\codeql\\python-all\\4.0.13\\semmle\\python\\frameworks\\Stdlib.model.yml",
                              "index" : 4,
                              "firstRowId" : 91,
                              "rowCount" : 0,
                              "predicateHasOrigin" : false
                            },
                            {
                              "predicate" : "typeVariableModel",
                              "file" : "C:\\Users\\brook\\.codeql\\packages\\codeql\\python-all\\4.0.13\\semmle\\python\\frameworks\\Stdlib.model.yml",
                              "index" : 5,
                              "firstRowId" : 91,
                              "rowCount" : 0,
                              "predicateHasOrigin" : false
                            },
                            {
                              "predicate" : "sourceModel",
                              "file" : "C:\\Users\\brook\\.codeql\\packages\\codeql\\python-all\\4.0.13\\semmle\\python\\frameworks\\data\\internal\\empty.model.yml",
                              "index" : 0,
                              "firstRowId" : 91,
                              "rowCount" : 0,
                              "predicateHasOrigin" : true
                            },
                            {
                              "predicate" : "sinkModel",
                              "file" : "C:\\Users\\brook\\.codeql\\packages\\codeql\\python-all\\4.0.13\\semmle\\python\\frameworks\\data\\internal\\empty.model.yml",
                              "index" : 1,
                              "firstRowId" : 91,
                              "rowCount" : 0,
                              "predicateHasOrigin" : true
                            },
                            {
                              "predicate" : "summaryModel",
                              "file" : "C:\\Users\\brook\\.codeql\\packages\\codeql\\python-all\\4.0.13\\semmle\\python\\frameworks\\data\\internal\\empty.model.yml",
                              "index" : 2,
                              "firstRowId" : 91,
                              "rowCount" : 0,
                              "predicateHasOrigin" : true
                            },
                            {
                              "predicate" : "neutralModel",
                              "file" : "C:\\Users\\brook\\.codeql\\packages\\codeql\\python-all\\4.0.13\\semmle\\python\\frameworks\\data\\internal\\empty.model.yml",
                              "index" : 3,
                              "firstRowId" : 91,
                              "rowCount" : 0,
                              "predicateHasOrigin" : false
                            },
                            {
                              "predicate" : "typeModel",
                              "file" : "C:\\Users\\brook\\.codeql\\packages\\codeql\\python-all\\4.0.13\\semmle\\python\\frameworks\\data\\internal\\empty.model.yml",
                              "index" : 4,
                              "firstRowId" : 91,
                              "rowCount" : 0,
                              "predicateHasOrigin" : false
                            },
                            {
                              "predicate" : "typeVariableModel",
                              "file" : "C:\\Users\\brook\\.codeql\\packages\\codeql\\python-all\\4.0.13\\semmle\\python\\frameworks\\data\\internal\\empty.model.yml",
                              "index" : 5,
                              "firstRowId" : 91,
                              "rowCount" : 0,
                              "predicateHasOrigin" : false
                            },
                            {
                              "predicate" : "typeModel",
                              "file" : "C:\\Users\\brook\\.codeql\\packages\\codeql\\python-all\\4.0.13\\semmle\\python\\frameworks\\data\\internal\\subclass-capture\\ALL.model.yml",
                              "index" : 0,
                              "firstRowId" : 91,
                              "rowCount" : 58275,
                              "predicateHasOrigin" : false
                            },
                            {
                              "predicate" : "threatModelConfiguration",
                              "file" : "C:\\Users\\brook\\.codeql\\packages\\codeql\\threat-models\\1.0.29\\ext\\supported-threat-models.model.yml",
                              "index" : 0,
                              "firstRowId" : 58366,
                              "rowCount" : 1,
                              "predicateHasOrigin" : false
                            },
                            {
                              "predicate" : "threatModelGrouping",
                              "file" : "C:\\Users\\brook\\.codeql\\packages\\codeql\\threat-models\\1.0.29\\ext\\threat-model-grouping.model.yml",
                              "index" : 0,
                              "firstRowId" : 58367,
                              "rowCount" : 15,
                              "predicateHasOrigin" : false
                            },
                            {
                              "predicate" : "restrictAlertsTo",
                              "file" : "C:\\Users\\brook\\.codeql\\packages\\codeql\\util\\2.0.16\\ext\\default-alert-filter.yml",
                              "index" : 0,
                              "firstRowId" : 58382,
                              "rowCount" : 0,
                              "predicateHasOrigin" : false
                            },
                            {
                              "predicate" : "restrictAlertsToExactLocation",
                              "file" : "C:\\Users\\brook\\.codeql\\packages\\codeql\\util\\2.0.16\\ext\\default-alert-filter.yml",
                              "index" : 1,
                              "firstRowId" : 58382,
                              "rowCount" : 0,
                              "predicateHasOrigin" : false
                            }
                          ]
                        },
                        "threatModels" : {
                          "C:\\Users\\brook\\code\\HNPLab\\pyqueries" : {
                            "extensions" : [
                              {
                                "data" : [ ],
                                "addsTo" : {
                                  "extensible" : "threatModelConfiguration",
                                  "checkPresence" : true,
                                  "packName" : "codeql/threat-models"
                                }
                              }
                            ]
                          }
                        },
                        "extensionPacks" : [ ]
                      }
[2025-09-22 19:10:11] Plumbing command codeql resolve extensions completed:
                      {
                        "models" : [ ],
                        "data" : {
                          "C:\\Users\\brook\\code\\HNPLab\\pyqueries" : [
                            {
                              "predicate" : "threatModelConfiguration",
                              "file" : "C:\\Users\\brook\\.codeql\\packages\\codeql\\python-all\\4.0.13\\ext\\default-threat-models-fixup.model.yml",
                              "index" : 0,
                              "firstRowId" : 0,
                              "rowCount" : 1,
                              "predicateHasOrigin" : false
                            },
                            {
                              "predicate" : "sinkModel",
                              "file" : "C:\\Users\\brook\\.codeql\\packages\\codeql\\python-all\\4.0.13\\semmle\\python\\frameworks\\Asyncpg.model.yml",
                              "index" : 0,
                              "firstRowId" : 1,
                              "rowCount" : 5,
                              "predicateHasOrigin" : true
                            },
                            {
                              "predicate" : "typeModel",
                              "file" : "C:\\Users\\brook\\.codeql\\packages\\codeql\\python-all\\4.0.13\\semmle\\python\\frameworks\\Asyncpg.model.yml",
                              "index" : 1,
                              "firstRowId" : 6,
                              "rowCount" : 6,
                              "predicateHasOrigin" : false
                            },
                            {
                              "predicate" : "sourceModel",
                              "file" : "C:\\Users\\brook\\.codeql\\packages\\codeql\\python-all\\4.0.13\\semmle\\python\\frameworks\\Stdlib.model.yml",
                              "index" : 0,
                              "firstRowId" : 12,
                              "rowCount" : 12,
                              "predicateHasOrigin" : true
                            },
                            {
                              "predicate" : "sinkModel",
                              "file" : "C:\\Users\\brook\\.codeql\\packages\\codeql\\python-all\\4.0.13\\semmle\\python\\frameworks\\Stdlib.model.yml",
                              "index" : 1,
                              "firstRowId" : 24,
                              "rowCount" : 1,
                              "predicateHasOrigin" : true
                            },
                            {
                              "predicate" : "summaryModel",
                              "file" : "C:\\Users\\brook\\.codeql\\packages\\codeql\\python-all\\4.0.13\\semmle\\python\\frameworks\\Stdlib.model.yml",
                              "index" : 2,
                              "firstRowId" : 25,
                              "rowCount" : 66,
                              "predicateHasOrigin" : true
                            },
                            {
                              "predicate" : "neutralModel",
                              "file" : "C:\\Users\\brook\\.codeql\\packages\\codeql\\python-all\\4.0.13\\semmle\\python\\frameworks\\Stdlib.model.yml",
                              "index" : 3,
                              "firstRowId" : 91,
                              "rowCount" : 0,
                              "predicateHasOrigin" : false
                            },
                            {
                              "predicate" : "typeModel",
                              "file" : "C:\\Users\\brook\\.codeql\\packages\\codeql\\python-all\\4.0.13\\semmle\\python\\frameworks\\Stdlib.model.yml",
                              "index" : 4,
                              "firstRowId" : 91,
                              "rowCount" : 0,
                              "predicateHasOrigin" : false
                            },
                            {
                              "predicate" : "typeVariableModel",
                              "file" : "C:\\Users\\brook\\.codeql\\packages\\codeql\\python-all\\4.0.13\\semmle\\python\\frameworks\\Stdlib.model.yml",
                              "index" : 5,
                              "firstRowId" : 91,
                              "rowCount" : 0,
                              "predicateHasOrigin" : false
                            },
                            {
                              "predicate" : "sourceModel",
                              "file" : "C:\\Users\\brook\\.codeql\\packages\\codeql\\python-all\\4.0.13\\semmle\\python\\frameworks\\data\\internal\\empty.model.yml",
                              "index" : 0,
                              "firstRowId" : 91,
                              "rowCount" : 0,
                              "predicateHasOrigin" : true
                            },
                            {
                              "predicate" : "sinkModel",
                              "file" : "C:\\Users\\brook\\.codeql\\packages\\codeql\\python-all\\4.0.13\\semmle\\python\\frameworks\\data\\internal\\empty.model.yml",
                              "index" : 1,
                              "firstRowId" : 91,
                              "rowCount" : 0,
                              "predicateHasOrigin" : true
                            },
                            {
                              "predicate" : "summaryModel",
                              "file" : "C:\\Users\\brook\\.codeql\\packages\\codeql\\python-all\\4.0.13\\semmle\\python\\frameworks\\data\\internal\\empty.model.yml",
                              "index" : 2,
                              "firstRowId" : 91,
                              "rowCount" : 0,
                              "predicateHasOrigin" : true
                            },
                            {
                              "predicate" : "neutralModel",
                              "file" : "C:\\Users\\brook\\.codeql\\packages\\codeql\\python-all\\4.0.13\\semmle\\python\\frameworks\\data\\internal\\empty.model.yml",
                              "index" : 3,
                              "firstRowId" : 91,
                              "rowCount" : 0,
                              "predicateHasOrigin" : false
                            },
                            {
                              "predicate" : "typeModel",
                              "file" : "C:\\Users\\brook\\.codeql\\packages\\codeql\\python-all\\4.0.13\\semmle\\python\\frameworks\\data\\internal\\empty.model.yml",
                              "index" : 4,
                              "firstRowId" : 91,
                              "rowCount" : 0,
                              "predicateHasOrigin" : false
                            },
                            {
                              "predicate" : "typeVariableModel",
                              "file" : "C:\\Users\\brook\\.codeql\\packages\\codeql\\python-all\\4.0.13\\semmle\\python\\frameworks\\data\\internal\\empty.model.yml",
                              "index" : 5,
                              "firstRowId" : 91,
                              "rowCount" : 0,
                              "predicateHasOrigin" : false
                            },
                            {
                              "predicate" : "typeModel",
                              "file" : "C:\\Users\\brook\\.codeql\\packages\\codeql\\python-all\\4.0.13\\semmle\\python\\frameworks\\data\\internal\\subclass-capture\\ALL.model.yml",
                              "index" : 0,
                              "firstRowId" : 91,
                              "rowCount" : 58275,
                              "predicateHasOrigin" : false
                            },
                            {
                              "predicate" : "threatModelConfiguration",
                              "file" : "C:\\Users\\brook\\.codeql\\packages\\codeql\\threat-models\\1.0.29\\ext\\supported-threat-models.model.yml",
                              "index" : 0,
                              "firstRowId" : 58366,
                              "rowCount" : 1,
                              "predicateHasOrigin" : false
                            },
                            {
                              "predicate" : "threatModelGrouping",
                              "file" : "C:\\Users\\brook\\.codeql\\packages\\codeql\\threat-models\\1.0.29\\ext\\threat-model-grouping.model.yml",
                              "index" : 0,
                              "firstRowId" : 58367,
                              "rowCount" : 15,
                              "predicateHasOrigin" : false
                            },
                            {
                              "predicate" : "restrictAlertsTo",
                              "file" : "C:\\Users\\brook\\.codeql\\packages\\codeql\\util\\2.0.16\\ext\\default-alert-filter.yml",
                              "index" : 0,
                              "firstRowId" : 58382,
                              "rowCount" : 0,
                              "predicateHasOrigin" : false
                            },
                            {
                              "predicate" : "restrictAlertsToExactLocation",
                              "file" : "C:\\Users\\brook\\.codeql\\packages\\codeql\\util\\2.0.16\\ext\\default-alert-filter.yml",
                              "index" : 1,
                              "firstRowId" : 58382,
                              "rowCount" : 0,
                              "predicateHasOrigin" : false
                            }
                          ]
                        },
                        "threatModels" : {
                          "C:\\Users\\brook\\code\\HNPLab\\pyqueries" : {
                            "extensions" : [
                              {
                                "data" : [ ],
                                "addsTo" : {
                                  "extensible" : "threatModelConfiguration",
                                  "checkPresence" : true,
                                  "packName" : "codeql/threat-models"
                                }
                              }
                            ]
                          }
                        },
                        "extensionPacks" : [ ]
                      }
[2025-09-22 19:10:11] [PROGRESS] database interpret-results> Interpreting C:\Users\brook\code\HNPLab\pyqueries\verification_query.ql...
[2025-09-22 19:10:11] Calling plumbing command: codeql resolve library-path --query=C:\Users\brook\code\HNPLab\pyqueries\verification_query.ql --full-library-path=none --dbscheme=none --format=json
[2025-09-22 19:10:11] [DETAILS] resolve library-path> Resolving query at normalized path C:\Users\brook\code\HNPLab\pyqueries\verification_query.ql.
[2025-09-22 19:10:11] [DETAILS] resolve library-path> Found enclosing pack 'pyqueries' at C:\Users\brook\code\HNPLab\pyqueries.
[2025-09-22 19:10:11] [DETAILS] resolve library-path> Adding compilation cache at C:\Users\brook\.codeql\compile-cache.
[2025-09-22 19:10:11] [DETAILS] resolve library-path> Dbscheme was explicitly overridden as C:\Users\brook\code\HNPLab\none
[2025-09-22 19:10:11] [DETAILS] resolve library-path> Library path was overridden on command line.
[2025-09-22 19:10:11] Plumbing command codeql resolve library-path completed:
                      {
                        "libraryPath" : [
                          "C:\\Users\\brook\\code\\HNPLab\\none"
                        ],
                        "dbscheme" : "C:\\Users\\brook\\code\\HNPLab\\none",
                        "compilationCache" : [
                          "C:\\Users\\brook\\.codeql\\compile-cache"
                        ],
                        "relativeName" : "pyqueries\\verification_query.ql",
                        "qlPackName" : "pyqueries"
                      }
[2025-09-22 19:10:11] [DETAILS] database interpret-results>  ... found results file at C:\Users\brook\code\HNPLab\py-db\pyexample-db\results\pyqueries\verification_query.bqrs.
[2025-09-22 19:10:11] [DETAILS] database interpret-results> Interpreted problem query "HNP Verification Query" (py/hnp-verification) at path C:\Users\brook\code\HNPLab\py-db\pyexample-db\results\pyqueries\verification_query.bqrs.
[2025-09-22 19:10:11] [PROGRESS] database interpret-results> Reading source archive C:\Users\brook\code\HNPLab\py-db\pyexample-db\src.zip
[2025-09-22 19:10:12] [DETAILS] database interpret-results> Interpreting file coverage baseline information
[2025-09-22 19:10:12] [DETAILS] database interpret-results> Finished interpreting file coverage baseline information.
[2025-09-22 19:10:12] [DETAILS] database interpret-results> Interpreting diagnostic messages...
[2025-09-22 19:10:12] [SPAMMY] database interpret-results> Looking for diagnostics in C:\Users\brook\code\HNPLab\py-db\pyexample-db\diagnostic...
[2025-09-22 19:10:12] [SPAMMIER] database interpret-results> Found diagnostics file C:\Users\brook\code\HNPLab\py-db\pyexample-db\diagnostic\cli-diagnostics-add-20250903T202808.740Z.json.
[2025-09-22 19:10:12] [SPAMMIER] database interpret-results> Found diagnostics file C:\Users\brook\code\HNPLab\py-db\pyexample-db\diagnostic\cli-diagnostics-add-20250903T202813.823Z.json.
[2025-09-22 19:10:12] [SPAMMIER] database interpret-results> Found diagnostics file C:\Users\brook\code\HNPLab\py-db\pyexample-db\diagnostic\cli-diagnostics-add-20250903T205714.494Z.json.
[2025-09-22 19:10:12] [SPAMMIER] database interpret-results> Found diagnostics file C:\Users\brook\code\HNPLab\py-db\pyexample-db\diagnostic\cli-diagnostics-add-20250903T205746.064Z.json.
[2025-09-22 19:10:12] [SPAMMIER] database interpret-results> Found diagnostics file C:\Users\brook\code\HNPLab\py-db\pyexample-db\diagnostic\cli-diagnostics-add-20250903T212025.090Z.json.
[2025-09-22 19:10:12] [SPAMMIER] database interpret-results> Found diagnostics file C:\Users\brook\code\HNPLab\py-db\pyexample-db\diagnostic\cli-diagnostics-add-20250903T213011.721Z.json.
[2025-09-22 19:10:12] [SPAMMIER] database interpret-results> Found diagnostics file C:\Users\brook\code\HNPLab\py-db\pyexample-db\diagnostic\cli-diagnostics-add-20250903T223309.911Z.json.
[2025-09-22 19:10:12] [SPAMMIER] database interpret-results> Found diagnostics file C:\Users\brook\code\HNPLab\py-db\pyexample-db\diagnostic\cli-diagnostics-add-20250903T224239.362Z.json.
[2025-09-22 19:10:12] [SPAMMIER] database interpret-results> Found diagnostics file C:\Users\brook\code\HNPLab\py-db\pyexample-db\diagnostic\cli-diagnostics-add-20250922T224834.313Z.json.
[2025-09-22 19:10:12] [SPAMMIER] database interpret-results> Found diagnostics file C:\Users\brook\code\HNPLab\py-db\pyexample-db\diagnostic\cli-diagnostics-add-20250922T224926.440Z.json.
[2025-09-22 19:10:12] [SPAMMIER] database interpret-results> Found diagnostics file C:\Users\brook\code\HNPLab\py-db\pyexample-db\diagnostic\cli-diagnostics-add-20250922T224958.483Z.json.
[2025-09-22 19:10:12] [SPAMMIER] database interpret-results> Found diagnostics file C:\Users\brook\code\HNPLab\py-db\pyexample-db\diagnostic\cli-diagnostics-add-20250922T225144.622Z.json.
[2025-09-22 19:10:12] [SPAMMIER] database interpret-results> Found diagnostics file C:\Users\brook\code\HNPLab\py-db\pyexample-db\diagnostic\cli-diagnostics-add-20250922T225224.085Z.json.
[2025-09-22 19:10:12] [SPAMMIER] database interpret-results> Found diagnostics file C:\Users\brook\code\HNPLab\py-db\pyexample-db\diagnostic\cli-diagnostics-add-20250922T225240.831Z.json.
[2025-09-22 19:10:12] [SPAMMIER] database interpret-results> Found diagnostics file C:\Users\brook\code\HNPLab\py-db\pyexample-db\diagnostic\cli-diagnostics-add-20250922T225311.232Z.json.
[2025-09-22 19:10:12] [SPAMMIER] database interpret-results> Found diagnostics file C:\Users\brook\code\HNPLab\py-db\pyexample-db\diagnostic\cli-diagnostics-add-20250922T225326.872Z.json.
[2025-09-22 19:10:12] [SPAMMIER] database interpret-results> Found diagnostics file C:\Users\brook\code\HNPLab\py-db\pyexample-db\diagnostic\cli-diagnostics-add-20250922T225358.140Z.json.
[2025-09-22 19:10:12] [SPAMMIER] database interpret-results> Found diagnostics file C:\Users\brook\code\HNPLab\py-db\pyexample-db\diagnostic\cli-diagnostics-add-20250922T225616.590Z.json.
[2025-09-22 19:10:12] [SPAMMIER] database interpret-results> Found diagnostics file C:\Users\brook\code\HNPLab\py-db\pyexample-db\diagnostic\cli-diagnostics-add-20250922T225648.898Z.json.
[2025-09-22 19:10:12] [SPAMMIER] database interpret-results> Found diagnostics file C:\Users\brook\code\HNPLab\py-db\pyexample-db\diagnostic\cli-diagnostics-add-20250922T225723.954Z.json.
[2025-09-22 19:10:12] [SPAMMIER] database interpret-results> Found diagnostics file C:\Users\brook\code\HNPLab\py-db\pyexample-db\diagnostic\cli-diagnostics-add-20250922T225816.727Z.json.
[2025-09-22 19:10:12] [SPAMMIER] database interpret-results> Found diagnostics file C:\Users\brook\code\HNPLab\py-db\pyexample-db\diagnostic\cli-diagnostics-add-20250922T225843.618Z.json.
[2025-09-22 19:10:12] [SPAMMIER] database interpret-results> Found diagnostics file C:\Users\brook\code\HNPLab\py-db\pyexample-db\diagnostic\cli-diagnostics-add-20250922T225916.682Z.json.
[2025-09-22 19:10:12] [SPAMMIER] database interpret-results> Found diagnostics file C:\Users\brook\code\HNPLab\py-db\pyexample-db\diagnostic\cli-diagnostics-add-20250922T225959.877Z.json.
[2025-09-22 19:10:12] [SPAMMIER] database interpret-results> Found diagnostics file C:\Users\brook\code\HNPLab\py-db\pyexample-db\diagnostic\cli-diagnostics-add-20250922T230055.717Z.json.
[2025-09-22 19:10:12] [SPAMMIER] database interpret-results> Found diagnostics file C:\Users\brook\code\HNPLab\py-db\pyexample-db\diagnostic\cli-diagnostics-add-20250922T230152.033Z.json.
[2025-09-22 19:10:12] [SPAMMIER] database interpret-results> Found diagnostics file C:\Users\brook\code\HNPLab\py-db\pyexample-db\diagnostic\cli-diagnostics-add-20250922T230234.732Z.json.
[2025-09-22 19:10:12] [SPAMMIER] database interpret-results> Found diagnostics file C:\Users\brook\code\HNPLab\py-db\pyexample-db\diagnostic\cli-diagnostics-add-20250922T230532.348Z.json.
[2025-09-22 19:10:12] [SPAMMIER] database interpret-results> Found diagnostics file C:\Users\brook\code\HNPLab\py-db\pyexample-db\diagnostic\cli-diagnostics-add-20250922T230554.487Z.json.
[2025-09-22 19:10:12] [SPAMMIER] database interpret-results> Found diagnostics file C:\Users\brook\code\HNPLab\py-db\pyexample-db\diagnostic\cli-diagnostics-add-20250922T230654.695Z.json.
[2025-09-22 19:10:12] [SPAMMY] database interpret-results> Looking for diagnostics in C:\Users\brook\code\HNPLab\py-db\pyexample-db\diagnostic\extractors...
[2025-09-22 19:10:12] [SPAMMY] database interpret-results> Looking for diagnostics in C:\Users\brook\code\HNPLab\py-db\pyexample-db\diagnostic\extractors\python...
[2025-09-22 19:10:12] [SPAMMY] database interpret-results> Looking for diagnostics in C:\Users\brook\code\HNPLab\py-db\pyexample-db\diagnostic\extractors\yaml...
[2025-09-22 19:10:12] [SPAMMY] database interpret-results> Looking for diagnostics in C:\Users\brook\code\HNPLab\py-db\pyexample-db\diagnostic\tracer...
[2025-09-22 19:10:12] [DETAILS] database interpret-results> Found 8 raw diagnostic messages.
[2025-09-22 19:10:12] [DETAILS] database interpret-results> Processed diagnostic messages (removed 0 due to limits, created 0 summary diagnostics for status page).
[2025-09-22 19:10:12] [DETAILS] database interpret-results> Interpreted diagnostic messages (141ms).
[2025-09-22 19:10:12] Calling plumbing command: codeql resolve languages --format=json
[2025-09-22 19:10:12] [DETAILS] resolve languages> Scanning for [codeql-extractor.yml] from C:\Users\brook\code\codeql\.codeqlmanifest.json
[2025-09-22 19:10:12] [DETAILS] resolve languages> Parsing C:\Users\brook\code\codeql\actions\codeql-extractor.yml.
[2025-09-22 19:10:12] [DETAILS] resolve languages> Parsing C:\Users\brook\code\codeql\cpp\codeql-extractor.yml.
[2025-09-22 19:10:12] [DETAILS] resolve languages> Parsing C:\Users\brook\code\codeql\csharp\codeql-extractor.yml.
[2025-09-22 19:10:12] [DETAILS] resolve languages> Parsing C:\Users\brook\code\codeql\csv\codeql-extractor.yml.
[2025-09-22 19:10:12] [DETAILS] resolve languages> Parsing C:\Users\brook\code\codeql\go\codeql-extractor.yml.
[2025-09-22 19:10:12] [DETAILS] resolve languages> Parsing C:\Users\brook\code\codeql\html\codeql-extractor.yml.
[2025-09-22 19:10:12] [DETAILS] resolve languages> Parsing C:\Users\brook\code\codeql\java\codeql-extractor.yml.
[2025-09-22 19:10:12] [DETAILS] resolve languages> Parsing C:\Users\brook\code\codeql\javascript\codeql-extractor.yml.
[2025-09-22 19:10:12] [DETAILS] resolve languages> Parsing C:\Users\brook\code\codeql\properties\codeql-extractor.yml.
[2025-09-22 19:10:12] [DETAILS] resolve languages> Parsing C:\Users\brook\code\codeql\python\codeql-extractor.yml.
[2025-09-22 19:10:12] [DETAILS] resolve languages> Parsing C:\Users\brook\code\codeql\ruby\codeql-extractor.yml.
[2025-09-22 19:10:12] [DETAILS] resolve languages> Parsing C:\Users\brook\code\codeql\rust\codeql-extractor.yml.
[2025-09-22 19:10:12] [DETAILS] resolve languages> Parsing C:\Users\brook\code\codeql\swift\codeql-extractor.yml.
[2025-09-22 19:10:12] [DETAILS] resolve languages> Parsing C:\Users\brook\code\codeql\xml\codeql-extractor.yml.
[2025-09-22 19:10:12] [DETAILS] resolve languages> Parsing C:\Users\brook\code\codeql\yaml\codeql-extractor.yml.
[2025-09-22 19:10:12] Plumbing command codeql resolve languages completed:
                      {
                        "aliases" : {
                          "c" : "cpp",
                          "c++" : "cpp",
                          "c-c++" : "cpp",
                          "c-cpp" : "cpp",
                          "c#" : "csharp",
                          "java-kotlin" : "java",
                          "kotlin" : "java",
                          "javascript-typescript" : "javascript",
                          "typescript" : "javascript"
                        },
                        "extractors" : {
                          "actions" : [
                            {
                              "extractor_root" : "C:\\Users\\brook\\code\\codeql\\actions",
                              "extractor_options" : { }
                            }
                          ],
                          "cpp" : [
                            {
                              "extractor_root" : "C:\\Users\\brook\\code\\codeql\\cpp",
                              "extractor_options" : {
                                "scale_timeouts" : {
                                  "title" : "Value to scale compiler introspection timeouts with",
                                  "description" : "The extractor attempts to determine what compiler the source code being extracted is compiled with. To this end the extractor makes additional calls to the compiler, some of which are expected to return within a certain fixed time (either 10s or 15s). On some systems that are under high load this time might be too short, and can be scaled up using this option.\n",
                                  "type" : "string",
                                  "pattern" : "[0-9]+"
                                },
                                "log_verbosity" : {
                                  "title" : "Verbosity of the extractor logging",
                                  "description" : "Set the verbosity of the extractor logging to 'quiet' (0), 'normal' (1), 'chatty' (2), or 'noisy' (3). The default is 'normal'.\n",
                                  "type" : "string",
                                  "pattern" : "[0-3]"
                                }
                              }
                            }
                          ],
                          "csharp" : [
                            {
                              "extractor_root" : "C:\\Users\\brook\\code\\codeql\\csharp",
                              "extractor_options" : {
                                "trap" : {
                                  "title" : "Options pertaining to TRAP.",
                                  "description" : "Options pertaining to TRAP.",
                                  "type" : "object",
                                  "properties" : {
                                    "compression" : {
                                      "title" : "Controls compression for the TRAP files written by the extractor.",
                                      "description" : "This option is only intended for use in debugging the extractor. Accepted values are 'brotli' (the default, to write brotli-compressed TRAP), 'gzip', and 'none' (to write uncompressed TRAP).\n",
                                      "type" : "string",
                                      "pattern" : "^(none|gzip|brotli)$"
                                    }
                                  }
                                },
                                "buildless" : {
                                  "title" : "DEPRECATED - Whether to use buildless (standalone) extraction.",
                                  "description" : "DEPRECATED: Use `--build-mode none` instead.\nA value indicating, which type of extraction the autobuilder should perform. If 'true', then the standalone extractor will be used, otherwise tracing extraction will be performed. The default is 'false'. Note that buildless extraction will generally yield less accurate analysis results, and should only be used in cases where it is not possible to build the code (for example if it uses inaccessible dependencies).\n",
                                  "type" : "string",
                                  "pattern" : "^(false|true)$"
                                },
                                "logging" : {
                                  "title" : "Options pertaining to logging.",
                                  "description" : "Options pertaining to logging.",
                                  "type" : "object",
                                  "properties" : {
                                    "verbosity" : {
                                      "title" : "Extractor logging verbosity level.",
                                      "description" : "Controls the level of verbosity of the extractor. The supported levels are (in order of increasing verbosity):\n  - off\n  - errors\n  - warnings\n  - info or progress\n  - debug or progress+\n  - trace or progress++\n  - progress+++\n",
                                      "type" : "string",
                                      "pattern" : "^(off|errors|warnings|(info|progress)|(debug|progress\\+)|(trace|progress\\+\\+)|progress\\+\\+\\+)$"
                                    }
                                  }
                                },
                                "binlog" : {
                                  "title" : "Binlog",
                                  "description" : "[EXPERIMENTAL] The value is a path to the MsBuild binary log file that should be extracted. This option only works when `--build-mode none` is also specified.\n",
                                  "type" : "array"
                                }
                              }
                            }
                          ],
                          "csv" : [
                            {
                              "extractor_root" : "C:\\Users\\brook\\code\\codeql\\csv"
                            }
                          ],
                          "go" : [
                            {
                              "extractor_root" : "C:\\Users\\brook\\code\\codeql\\go",
                              "extractor_options" : {
                                "extract_tests" : {
                                  "title" : "Whether to include Go test files in the CodeQL database.",
                                  "description" : "A value indicating whether Go test files should be included in the CodeQL database. The default is 'false'.\n",
                                  "type" : "string",
                                  "pattern" : "^(false|true)$"
                                },
                                "extract_vendor_dirs" : {
                                  "title" : "Whether to include Go vendor directories in the CodeQL database.",
                                  "description" : "A value indicating whether Go vendor directories should be included in the CodeQL database. The default is 'false'.\n",
                                  "type" : "string",
                                  "pattern" : "^(false|true)$"
                                }
                              }
                            }
                          ],
                          "html" : [
                            {
                              "extractor_root" : "C:\\Users\\brook\\code\\codeql\\html"
                            }
                          ],
                          "java" : [
                            {
                              "extractor_root" : "C:\\Users\\brook\\code\\codeql\\java",
                              "extractor_options" : {
                                "exclude" : {
                                  "title" : "A glob excluding files from analysis.",
                                  "description" : "A glob indicating what files to exclude from the analysis. This accepts glob patterns that are supported by Java's 'getPathMatcher' implementation.\n",
                                  "type" : "string"
                                },
                                "add_prefer_source" : {
                                  "title" : "Whether to always prefer source files over class files.",
                                  "description" : "A value indicating whether source files should be preferred over class files. If set to 'true', the extraction adds '-Xprefer:source' to the javac command line. If set to 'false', the extraction uses the default javac behavior ('-Xprefer:newer'). The default is 'true'.\n",
                                  "type" : "string",
                                  "pattern" : "^(false|true)$"
                                },
                                "buildless" : {
                                  "title" : "Whether to use buildless (standalone) extraction (experimental).",
                                  "description" : "A value indicating, which type of extraction the autobuilder should perform. If 'true', then the standalone extractor will be used, otherwise tracing extraction will be performed. The default is 'false'. Note that buildless extraction will generally yield less accurate analysis results, and should only be used in cases where it is not possible to build the code (for example if it uses inaccessible dependencies).\n",
                                  "type" : "string",
                                  "pattern" : "^(false|true)$"
                                },
                                "buildless_dependency_dir" : {
                                  "title" : "The path where buildless (standalone) extraction should keep dependencies.",
                                  "description" : "If set, the buildless (standalone) extractor will store dependencies in this directory.\n",
                                  "type" : "string"
                                },
                                "minimize_dependency_jars" : {
                                  "title" : "Whether to rewrite and minimize downloaded JAR dependencies (experimental).",
                                  "description" : "If 'true', JAR dependencies downloaded during extraction will be rewritten to remove unneeded data, such as method bodies. The default is 'false'.\n",
                                  "type" : "string",
                                  "pattern" : "^(false|true)$"
                                }
                              }
                            }
                          ],
                          "javascript" : [
                            {
                              "extractor_root" : "C:\\Users\\brook\\code\\codeql\\javascript",
                              "extractor_options" : {
                                "skip_types" : {
                                  "title" : "Skip type extraction for TypeScript",
                                  "description" : "Whether to skip the extraction of types in a TypeScript application",
                                  "type" : "string",
                                  "pattern" : "^(false|true)$"
                                }
                              }
                            }
                          ],
                          "properties" : [
                            {
                              "extractor_root" : "C:\\Users\\brook\\code\\codeql\\properties"
                            }
                          ],
                          "python" : [
                            {
                              "extractor_root" : "C:\\Users\\brook\\code\\codeql\\python",
                              "extractor_options" : {
                                "logging" : {
                                  "title" : "Options pertaining to logging.",
                                  "description" : "Options pertaining to logging.",
                                  "type" : "object",
                                  "properties" : {
                                    "verbosity" : {
                                      "title" : "Python extractor logging verbosity level.",
                                      "description" : "Controls the level of verbosity of the CodeQL Python extractor.\nThe supported levels are (in order of increasing verbosity):\n\n  - off\n  - errors\n  - warnings\n  - info or progress\n  - debug or progress+\n  - trace or progress++\n  - progress+++\n",
                                      "type" : "string",
                                      "pattern" : "^(off|errors|warnings|(info|progress)|(debug|progress\\+)|(trace|progress\\+\\+)|progress\\+\\+\\+)$"
                                    }
                                  }
                                },
                                "python_executable_name" : {
                                  "title" : "Controls the name of the Python executable used by the Python extractor.",
                                  "description" : "The Python extractor uses platform-dependent heuristics to determine the name of the Python executable to use. Specifying a value for this option overrides the name of the Python executable used by the extractor. Accepted values are py, python and python3. Use this setting with caution, the Python extractor requires Python 3 to run.\n",
                                  "type" : "string",
                                  "pattern" : "^(py|python|python3)$"
                                }
                              }
                            }
                          ],
                          "ruby" : [
                            {
                              "extractor_root" : "C:\\Users\\brook\\code\\codeql\\ruby",
                              "extractor_options" : {
                                "trap" : {
                                  "title" : "Options pertaining to TRAP.",
                                  "description" : "Options pertaining to TRAP.",
                                  "type" : "object",
                                  "properties" : {
                                    "compression" : {
                                      "title" : "Controls compression for the TRAP files written by the extractor.",
                                      "description" : "This option is only intended for use in debugging the extractor. Accepted values are 'gzip' (the default, to write gzip-compressed TRAP) 'zstd' (to write Zstandard-compressed TRAP) and 'none' (to write uncompressed TRAP).\n",
                                      "type" : "string",
                                      "pattern" : "^(none|gzip|zstd)$"
                                    }
                                  }
                                }
                              }
                            }
                          ],
                          "rust" : [
                            {
                              "extractor_root" : "C:\\Users\\brook\\code\\codeql\\rust",
                              "extractor_options" : {
                                "trap" : {
                                  "title" : "Options pertaining to TRAP.",
                                  "description" : "Options pertaining to TRAP.",
                                  "type" : "object",
                                  "properties" : {
                                    "compression" : {
                                      "title" : "Controls compression for the TRAP files written by the extractor.",
                                      "description" : "This option is only intended for use in debugging the extractor. Accepted values are 'gzip' (to write gzip-compressed TRAP) 'zstd' (to write Zstandard-compressed TRAP) and 'none' (the default, to write uncompressed TRAP).\n",
                                      "type" : "string",
                                      "pattern" : "^(none|gzip|zstd)$"
                                    }
                                  }
                                },
                                "cargo_target_dir" : {
                                  "title" : "Directory to use for cargo output files.",
                                  "description" : "This value is an optional path to use as `CARGO_TARGET_DIR` for the internal cargo commands the extractor uses. Pointing it to a persistent directory may reduce execution time of consecutive extractor runs. By default, a new scratch directory is used for each run.\n",
                                  "type" : "string"
                                },
                                "cargo_target" : {
                                  "title" : "Target architecture",
                                  "description" : "Target architecture to use for analysis, analogous to `cargo --target`. By default the host architecture is used.\n",
                                  "type" : "string"
                                },
                                "cargo_features" : {
                                  "title" : "Cargo features to turn on",
                                  "description" : "Comma-separated list of features to turn on. By default all features are enabled. If any features are specified, then only those features are enabled. The `default` feature must be explicitly specified if only default features are desired. Can be repeated.\n",
                                  "type" : "array"
                                },
                                "cargo_cfg_overrides" : {
                                  "title" : "Cargo cfg overrides",
                                  "description" : "Comma-separated list of cfg settings to enable, or disable if prefixed with `-`. Can be repeated.\n",
                                  "type" : "array"
                                },
                                "logging" : {
                                  "title" : "Options pertaining to logging.",
                                  "description" : "Options pertaining to logging.",
                                  "type" : "object",
                                  "properties" : {
                                    "verbosity" : {
                                      "title" : "Extractor logging verbosity level.",
                                      "description" : "Controls the level of verbosity of the extractor. The supported levels are (in order of increasing verbosity):\n  - off\n  - errors\n  - warnings\n  - info or progress\n  - debug or progress+\n  - trace or progress++\n  - progress+++\n",
                                      "type" : "string",
                                      "pattern" : "^(off|errors|warnings|(info|progress)|(debug|progress\\+)|(trace|progress\\+\\+)|progress\\+\\+\\+)$"
                                    },
                                    "flamegraph" : {
                                      "title" : "[Experimental] File path for write flame graph log",
                                      "description" : "Collect flame graph data using the `tracing-flame` crate. To render a flame graph or chart, run the `inferno-flamegraph` command. See also: https://crates.io/crates/tracing-flame\n",
                                      "type" : "string"
                                    }
                                  }
                                },
                                "extract_dependencies_as_source" : {
                                  "title" : "Extract dependencies as source code",
                                  "description" : "Extract the full source code of dependencies instead of only extracting signatures.\n",
                                  "type" : "string",
                                  "pattern" : "^(false|true)$"
                                }
                              }
                            }
                          ],
                          "swift" : [
                            {
                              "extractor_root" : "C:\\Users\\brook\\code\\codeql\\swift"
                            }
                          ],
                          "xml" : [
                            {
                              "extractor_root" : "C:\\Users\\brook\\code\\codeql\\xml"
                            }
                          ],
                          "yaml" : [
                            {
                              "extractor_root" : "C:\\Users\\brook\\code\\codeql\\yaml"
                            }
                          ]
                        }
                      }
[2025-09-22 19:10:12] [SPAMMIER] database interpret-results> Loaded the following extractors: GitHub Actions, C/C++, C#, CSV, Go, HTML, Java/Kotlin, JavaScript/TypeScript, Java Properties Files, Python, Ruby, Rust, Swift, XML, YAML
[2025-09-22 19:10:12] [PROGRESS] database interpret-results> Exporting results to SARIF...
[2025-09-22 19:10:12] [SPAMMY] database interpret-results> Found 21 baseline files for python.
[2025-09-22 19:10:12] [PROGRESS] database interpret-results> Exported results to SARIF (163ms).
[2025-09-22 19:10:12] Plumbing command codeql database interpret-results completed.
[2025-09-22 19:10:12] Exiting with code 0
