[2025-09-03 16:28:08] This is codeql database index-files --include-extension=.yaml --include-extension=.yml --size-limit=5m --language yaml -- C:\Users\brook\code\HNPLab\py-db\pyexample-db
[2025-09-03 16:28:08] Log file was started late.
[2025-09-03 16:28:08] Using index-files script C:\Users\brook\code\codeql\yaml\tools\index-files.cmd.
[2025-09-03 16:28:08] [PROGRESS] database index-files> Scanning for files in C:\Users\brook\code\HNPLab\data\pyexample...
[2025-09-03 16:28:08] Calling plumbing command: codeql resolve files --include-extension=.yaml --include-extension=.yml --size-limit=5m C:\Users\brook\code\HNPLab\data\pyexample --format=json
[2025-09-03 16:28:08] [PROGRESS] resolve files> Scanning C:\Users\brook\code\HNPLab\data\pyexample...
[2025-09-03 16:28:08] [PROGRESS] resolve files> Scanning C:\Users\brook\code\HNPLab\data\pyexample\aiosmtplib_async...
[2025-09-03 16:28:08] [PROGRESS] resolve files> Scanning C:\Users\brook\code\HNPLab\data\pyexample\bottle...
[2025-09-03 16:28:08] [PROGRESS] resolve files> Scanning C:\Users\brook\code\HNPLab\data\pyexample\decorator_chain...
[2025-09-03 16:28:08] [PROGRESS] resolve files> Scanning C:\Users\brook\code\HNPLab\data\pyexample\django...
[2025-09-03 16:28:08] [PROGRESS] resolve files> Scanning C:\Users\brook\code\HNPLab\data\pyexample\django_cbv...
[2025-09-03 16:28:08] [PROGRESS] resolve files> Scanning C:\Users\brook\code\HNPLab\data\pyexample\falcon...
[2025-09-03 16:28:08] [PROGRESS] resolve files> Scanning C:\Users\brook\code\HNPLab\data\pyexample\fastapi...
[2025-09-03 16:28:08] [PROGRESS] resolve files> Scanning C:\Users\brook\code\HNPLab\data\pyexample\flask...
[2025-09-03 16:28:08] [PROGRESS] resolve files> Scanning C:\Users\brook\code\HNPLab\data\pyexample\flask_blueprint...
[2025-09-03 16:28:08] [PROGRESS] resolve files> Scanning C:\Users\brook\code\HNPLab\data\pyexample\flask_decorator...
[2025-09-03 16:28:08] [PROGRESS] resolve files> Scanning C:\Users\brook\code\HNPLab\data\pyexample\flask_multiapp...
[2025-09-03 16:28:08] [PROGRESS] resolve files> Scanning C:\Users\brook\code\HNPLab\data\pyexample\jinja_filetemplate...
[2025-09-03 16:28:08] [PROGRESS] resolve files> Scanning C:\Users\brook\code\HNPLab\data\pyexample\jinja_template...
[2025-09-03 16:28:08] [PROGRESS] resolve files> Scanning C:\Users\brook\code\HNPLab\data\pyexample\mako_template...
[2025-09-03 16:28:08] [PROGRESS] resolve files> Scanning C:\Users\brook\code\HNPLab\data\pyexample\param_pollution...
[2025-09-03 16:28:08] [PROGRESS] resolve files> Scanning C:\Users\brook\code\HNPLab\data\pyexample\pyramid...
[2025-09-03 16:28:08] [PROGRESS] resolve files> Scanning C:\Users\brook\code\HNPLab\data\pyexample\sanic...
[2025-09-03 16:28:08] [PROGRESS] resolve files> Scanning C:\Users\brook\code\HNPLab\data\pyexample\starlette_async...
[2025-09-03 16:28:08] [PROGRESS] resolve files> Scanning C:\Users\brook\code\HNPLab\data\pyexample\tornado...
[2025-09-03 16:28:08] [PROGRESS] resolve files> Scanning C:\Users\brook\code\HNPLab\data\pyexample\tornado_async...
[2025-09-03 16:28:08] [PROGRESS] resolve files> Scanning C:\Users\brook\code\HNPLab\data\pyexample\web2py...
[2025-09-03 16:28:08] Plumbing command codeql resolve files completed:
                      [ ]
[2025-09-03 16:28:08] [DETAILS] database index-files> Found 0 files.
[2025-09-03 16:28:08] Terminating normally.
