[2025-09-03 18:33:09] This is codeql execute queries -J-Xmx3387M --off-heap-ram=3842 --verbosity=progress --logdir=C:\Users\brook\code\HNPLab\py-db\pyexample-db\log --evaluator-log-level=5 --warnings=show --dynamic-join-order-mode=none --qlconfig-file=C:\Users\brook\code\HNPLab\qlconfig.yml --no-rerun --output=C:\Users\brook\code\HNPLab\py-db\pyexample-db\results -- C:\Users\brook\code\HNPLab\py-db\pyexample-db\db-python pyqueries\debug_sources_inline.ql
[2025-09-03 18:33:09] Calling plumbing command: codeql resolve queries --qlconfig-file=C:\Users\brook\code\HNPLab\qlconfig.yml --format=json -- pyqueries\debug_sources_inline.ql
[2025-09-03 18:33:09] Exception caught at top level: pyqueries\debug_sources_inline.ql is not a .ql file, .qls file, a directory, or a query pack specification.
                      com.semmle.cli2.resolve.ResolveQueriesCommand.resolveQuerySpecifier(ResolveQueriesCommand.java:305)
                      com.semmle.cli2.resolve.ResolveQueriesCommand.executeJSON(ResolveQueriesCommand.java:211)
                      com.semmle.cli2.resolve.ResolveQueriesCommand.executeJSON(ResolveQueriesCommand.java:68)
                      com.semmle.cli2.picocli.SimpleJsonSubcommand.executeInsistingOnJSONWithExistingMessages(SimpleJsonSubcommand.java:121)
                      com.semmle.cli2.picocli.SubcommandCommon.withCompilationMessages(SubcommandCommon.java:444)
                      com.semmle.cli2.picocli.SimpleJsonSubcommand.executeInsistingOnJSON(SimpleJsonSubcommand.java:110)
                      com.semmle.cli2.picocli.PlumbingRunner.call(PlumbingRunner.java:61)
                      com.semmle.cli2.picocli.SubcommandCommon.callPlumbingInProcess(SubcommandCommon.java:170)
                      com.semmle.cli2.execute.ExecuteQueriesCommand.executeSubcommand(ExecuteQueriesCommand.java:424)
                      com.semmle.cli2.picocli.SubcommandCommon.lambda$executeSubcommandWithMessages$5(SubcommandCommon.java:892)
                      com.semmle.cli2.picocli.SubcommandCommon.withCompilationMessages(SubcommandCommon.java:444)
                      com.semmle.cli2.picocli.SubcommandCommon.executeSubcommandWithMessages(SubcommandCommon.java:890)
                      com.semmle.cli2.picocli.SubcommandCommon.toplevelMain(SubcommandCommon.java:777)
                      com.semmle.cli2.picocli.SubcommandCommon.call(SubcommandCommon.java:757)
                      com.semmle.cli2.picocli.SubcommandMaker.runMain(SubcommandMaker.java:238)
                      com.semmle.cli2.picocli.SubcommandMaker.runMain(SubcommandMaker.java:259)
                      com.semmle.cli2.CodeQL.main(CodeQL.java:115)
