[2025-09-22 18:48:14] This is codeql execute queries -J-Xmx3389M --off-heap-ram=3865 --verbosity=progress --logdir=C:\Users\brook\code\HNPLab\py-db\pyexample-db\log --evaluator-log-level=5 --warnings=show --qlconfig-file=C:\Users\brook\code\HNPLab\qlconfig.yml --dynamic-join-order-mode=none --no-rerun --output=C:\Users\brook\code\HNPLab\py-db\pyexample-db\results -- C:\Users\brook\code\HNPLab\py-db\pyexample-db\db-python pyqueries\pyhnp.ql
[2025-09-22 18:48:14] Calling plumbing command: codeql resolve queries --qlconfig-file=C:\Users\brook\code\HNPLab\qlconfig.yml --format=json -- pyqueries\pyhnp.ql
[2025-09-22 18:48:14] [PROGRESS] resolve queries> Recording pack reference pyqueries at C:\Users\brook\code\HNPLab\pyqueries.
[2025-09-22 18:48:14] Plumbing command codeql resolve queries completed:
                      [
                        "C:\\Users\\brook\\code\\HNPLab\\pyqueries\\pyhnp.ql"
                      ]
[2025-09-22 18:48:14] Refusing fancy output: The terminal is not an xterm: 
[2025-09-22 18:48:14] Creating executor with 1 threads.
[2025-09-22 18:48:15] Calling plumbing command: codeql resolve extensions --qlconfig-file=C:\Users\brook\code\HNPLab\qlconfig.yml --include-extension-row-locations pyqueries\pyhnp.ql
[2025-09-22 18:48:15] Calling plumbing command: codeql resolve queries --qlconfig-file=C:\Users\brook\code\HNPLab\qlconfig.yml --allow-library-packs --format startingpacks -- pyqueries\pyhnp.ql
[2025-09-22 18:48:15] [PROGRESS] resolve queries> Recording pack reference pyqueries at C:\Users\brook\code\HNPLab\pyqueries.
[2025-09-22 18:48:15] Plumbing command codeql resolve queries completed:
                      [
                        "C:\\Users\\brook\\code\\HNPLab\\pyqueries"
                      ]
[2025-09-22 18:48:15] Calling plumbing command: codeql resolve extensions-by-pack --qlconfig-file=C:\Users\brook\code\HNPLab\qlconfig.yml --include-extension-row-locations -- C:\Users\brook\code\HNPLab\pyqueries
[2025-09-22 18:48:15] [SPAMMY] resolve extensions-by-pack> [INCOMPATIBILITY] pyqueries: not 0.0.1 {root: pyqueries@0.0.1}
[2025-09-22 18:48:15] [SPAMMY] resolve extensions-by-pack> [DERIVATION] pyqueries: 0.0.1 {pyqueries: not 0.0.1 {root: pyqueries@0.0.1}}
[2025-09-22 18:48:15] [SPAMMY] resolve extensions-by-pack> [INCOMPATIBILITY] pyqueries: * [*], codeql/python-all: not * [*] {dependency: pyqueries@* [*] requires codeql/python-all@*}
[2025-09-22 18:48:15] [SPAMMY] resolve extensions-by-pack> [DECISION 1] pyqueries: 0.0.1
[2025-09-22 18:48:15] [SPAMMY] resolve extensions-by-pack> [DERIVATION] codeql/python-all: * [*] {pyqueries: * [*], codeql/python-all: not * [*] {dependency: pyqueries@* [*] requires codeql/python-all@*}}
[2025-09-22 18:48:15] [SPAMMY] resolve extensions-by-pack> [INCOMPATIBILITY] codeql/python-all: * [*], codeql/concepts: not * [*] {dependency: codeql/python-all@* [*] requires codeql/concepts@0.0.3}
[2025-09-22 18:48:15] [SPAMMY] resolve extensions-by-pack> [INCOMPATIBILITY] codeql/python-all: * [*], codeql/dataflow: not * [*] {dependency: codeql/python-all@* [*] requires codeql/dataflow@2.0.13}
[2025-09-22 18:48:15] [SPAMMY] resolve extensions-by-pack> [INCOMPATIBILITY] codeql/python-all: * [*], codeql/mad: not * [*] {dependency: codeql/python-all@* [*] requires codeql/mad@1.0.29}
[2025-09-22 18:48:15] [SPAMMY] resolve extensions-by-pack> [INCOMPATIBILITY] codeql/python-all: * [*], codeql/regex: not * [*] {dependency: codeql/python-all@* [*] requires codeql/regex@1.0.29}
[2025-09-22 18:48:15] [SPAMMY] resolve extensions-by-pack> [INCOMPATIBILITY] codeql/python-all: * [*], codeql/threat-models: not * [*] {dependency: codeql/python-all@* [*] requires codeql/threat-models@1.0.29}
[2025-09-22 18:48:15] [SPAMMY] resolve extensions-by-pack> [INCOMPATIBILITY] codeql/python-all: * [*], codeql/tutorial: not * [*] {dependency: codeql/python-all@* [*] requires codeql/tutorial@1.0.29}
[2025-09-22 18:48:15] [SPAMMY] resolve extensions-by-pack> [INCOMPATIBILITY] codeql/python-all: * [*], codeql/util: not * [*] {dependency: codeql/python-all@* [*] requires codeql/util@2.0.16}
[2025-09-22 18:48:15] [SPAMMY] resolve extensions-by-pack> [INCOMPATIBILITY] codeql/python-all: * [*], codeql/xml: not * [*] {dependency: codeql/python-all@* [*] requires codeql/xml@1.0.29}
[2025-09-22 18:48:15] [SPAMMY] resolve extensions-by-pack> [INCOMPATIBILITY] codeql/python-all: * [*], codeql/yaml: not * [*] {dependency: codeql/python-all@* [*] requires codeql/yaml@1.0.29}
[2025-09-22 18:48:15] [SPAMMY] resolve extensions-by-pack> [DECISION 2] codeql/python-all: 4.0.13
[2025-09-22 18:48:15] [SPAMMY] resolve extensions-by-pack> [DERIVATION] codeql/yaml: * [*] {codeql/python-all: * [*], codeql/yaml: not * [*] {dependency: codeql/python-all@* [*] requires codeql/yaml@1.0.29}}
[2025-09-22 18:48:15] [SPAMMY] resolve extensions-by-pack> [DERIVATION] codeql/xml: * [*] {codeql/python-all: * [*], codeql/xml: not * [*] {dependency: codeql/python-all@* [*] requires codeql/xml@1.0.29}}
[2025-09-22 18:48:15] [SPAMMY] resolve extensions-by-pack> [DERIVATION] codeql/util: * [*] {codeql/python-all: * [*], codeql/util: not * [*] {dependency: codeql/python-all@* [*] requires codeql/util@2.0.16}}
[2025-09-22 18:48:15] [SPAMMY] resolve extensions-by-pack> [DERIVATION] codeql/tutorial: * [*] {codeql/python-all: * [*], codeql/tutorial: not * [*] {dependency: codeql/python-all@* [*] requires codeql/tutorial@1.0.29}}
[2025-09-22 18:48:15] [SPAMMY] resolve extensions-by-pack> [DERIVATION] codeql/threat-models: * [*] {codeql/python-all: * [*], codeql/threat-models: not * [*] {dependency: codeql/python-all@* [*] requires codeql/threat-models@1.0.29}}
[2025-09-22 18:48:15] [SPAMMY] resolve extensions-by-pack> [DERIVATION] codeql/regex: * [*] {codeql/python-all: * [*], codeql/regex: not * [*] {dependency: codeql/python-all@* [*] requires codeql/regex@1.0.29}}
[2025-09-22 18:48:15] [SPAMMY] resolve extensions-by-pack> [DERIVATION] codeql/mad: * [*] {codeql/python-all: * [*], codeql/mad: not * [*] {dependency: codeql/python-all@* [*] requires codeql/mad@1.0.29}}
[2025-09-22 18:48:15] [SPAMMY] resolve extensions-by-pack> [DERIVATION] codeql/dataflow: * [*] {codeql/python-all: * [*], codeql/dataflow: not * [*] {dependency: codeql/python-all@* [*] requires codeql/dataflow@2.0.13}}
[2025-09-22 18:48:15] [SPAMMY] resolve extensions-by-pack> [DERIVATION] codeql/concepts: * [*] {codeql/python-all: * [*], codeql/concepts: not * [*] {dependency: codeql/python-all@* [*] requires codeql/concepts@0.0.3}}
[2025-09-22 18:48:15] [SPAMMY] resolve extensions-by-pack> [INCOMPATIBILITY] codeql/concepts: * [*], codeql/dataflow: not * [*] {dependency: codeql/concepts@* [*] requires codeql/dataflow@2.0.13}
[2025-09-22 18:48:15] [SPAMMY] resolve extensions-by-pack> [INCOMPATIBILITY] codeql/concepts: * [*], codeql/util: not * [*] {dependency: codeql/concepts@* [*] requires codeql/util@2.0.16}
[2025-09-22 18:48:15] [SPAMMY] resolve extensions-by-pack> [DECISION 3] codeql/concepts: 0.0.3
[2025-09-22 18:48:15] [SPAMMY] resolve extensions-by-pack> [INCOMPATIBILITY] codeql/dataflow: * [*], codeql/ssa: not * [*] {dependency: codeql/dataflow@* [*] requires codeql/ssa@2.0.5}
[2025-09-22 18:48:15] [SPAMMY] resolve extensions-by-pack> [INCOMPATIBILITY] codeql/dataflow: * [*], codeql/typetracking: not * [*] {dependency: codeql/dataflow@* [*] requires codeql/typetracking@2.0.13}
[2025-09-22 18:48:15] [SPAMMY] resolve extensions-by-pack> [INCOMPATIBILITY] codeql/dataflow: * [*], codeql/util: not * [*] {dependency: codeql/dataflow@* [*] requires codeql/util@2.0.16}
[2025-09-22 18:48:15] [SPAMMY] resolve extensions-by-pack> [DECISION 4] codeql/dataflow: 2.0.13
[2025-09-22 18:48:15] [SPAMMY] resolve extensions-by-pack> [DERIVATION] codeql/typetracking: * [*] {codeql/dataflow: * [*], codeql/typetracking: not * [*] {dependency: codeql/dataflow@* [*] requires codeql/typetracking@2.0.13}}
[2025-09-22 18:48:15] [SPAMMY] resolve extensions-by-pack> [DERIVATION] codeql/ssa: * [*] {codeql/dataflow: * [*], codeql/ssa: not * [*] {dependency: codeql/dataflow@* [*] requires codeql/ssa@2.0.5}}
[2025-09-22 18:48:15] [SPAMMY] resolve extensions-by-pack> [INCOMPATIBILITY] codeql/mad: * [*], codeql/dataflow: not * [*] {dependency: codeql/mad@* [*] requires codeql/dataflow@2.0.13}
[2025-09-22 18:48:15] [SPAMMY] resolve extensions-by-pack> [INCOMPATIBILITY] codeql/mad: * [*], codeql/util: not * [*] {dependency: codeql/mad@* [*] requires codeql/util@2.0.16}
[2025-09-22 18:48:15] [SPAMMY] resolve extensions-by-pack> [DECISION 5] codeql/mad: 1.0.29
[2025-09-22 18:48:15] [SPAMMY] resolve extensions-by-pack> [INCOMPATIBILITY] codeql/regex: * [*], codeql/util: not * [*] {dependency: codeql/regex@* [*] requires codeql/util@2.0.16}
[2025-09-22 18:48:15] [SPAMMY] resolve extensions-by-pack> [DECISION 6] codeql/regex: 1.0.29
[2025-09-22 18:48:15] [SPAMMY] resolve extensions-by-pack> [INCOMPATIBILITY] codeql/ssa: * [*], codeql/util: not * [*] {dependency: codeql/ssa@* [*] requires codeql/util@2.0.16}
[2025-09-22 18:48:15] [SPAMMY] resolve extensions-by-pack> [DECISION 7] codeql/ssa: 2.0.5
[2025-09-22 18:48:15] [SPAMMY] resolve extensions-by-pack> [DECISION 8] codeql/threat-models: 1.0.29
[2025-09-22 18:48:15] [SPAMMY] resolve extensions-by-pack> [DECISION 9] codeql/tutorial: 1.0.29
[2025-09-22 18:48:15] [SPAMMY] resolve extensions-by-pack> [INCOMPATIBILITY] codeql/typetracking: * [*], codeql/util: not * [*] {dependency: codeql/typetracking@* [*] requires codeql/util@2.0.16}
[2025-09-22 18:48:15] [SPAMMY] resolve extensions-by-pack> [DECISION 10] codeql/typetracking: 2.0.13
[2025-09-22 18:48:15] [SPAMMY] resolve extensions-by-pack> [DECISION 11] codeql/util: 2.0.16
[2025-09-22 18:48:15] [SPAMMY] resolve extensions-by-pack> [INCOMPATIBILITY] codeql/xml: * [*], codeql/util: not * [*] {dependency: codeql/xml@* [*] requires codeql/util@2.0.16}
[2025-09-22 18:48:15] [SPAMMY] resolve extensions-by-pack> [DECISION 12] codeql/xml: 1.0.29
[2025-09-22 18:48:15] [SPAMMY] resolve extensions-by-pack> [DECISION 13] codeql/yaml: 1.0.29
[2025-09-22 18:48:15] [PROGRESS] resolve extensions-by-pack> Loading data extensions in C:\Users\brook\.codeql\packages\codeql\python-all\4.0.13\ext\default-threat-models-fixup.model.yml.
[2025-09-22 18:48:15] [DETAILS] resolve extensions-by-pack>   Found extension targeting codeql/threat-models:threatModelConfiguration: 1 tuples.
[2025-09-22 18:48:15] [PROGRESS] resolve extensions-by-pack> Loading data extensions in C:\Users\brook\.codeql\packages\codeql\python-all\4.0.13\semmle\python\frameworks\Asyncpg.model.yml.
[2025-09-22 18:48:15] [DETAILS] resolve extensions-by-pack>   Found extension targeting codeql/python-all:sinkModel: 5 tuples.
[2025-09-22 18:48:15] [DETAILS] resolve extensions-by-pack>   Found extension targeting codeql/python-all:typeModel: 6 tuples.
[2025-09-22 18:48:15] [PROGRESS] resolve extensions-by-pack> Loading data extensions in C:\Users\brook\.codeql\packages\codeql\python-all\4.0.13\semmle\python\frameworks\Stdlib.model.yml.
[2025-09-22 18:48:15] [DETAILS] resolve extensions-by-pack>   Found extension targeting codeql/python-all:sourceModel: 12 tuples.
[2025-09-22 18:48:15] [DETAILS] resolve extensions-by-pack>   Found extension targeting codeql/python-all:sinkModel: 1 tuples.
[2025-09-22 18:48:15] [DETAILS] resolve extensions-by-pack>   Found extension targeting codeql/python-all:summaryModel: 66 tuples.
[2025-09-22 18:48:15] [DETAILS] resolve extensions-by-pack>   Found extension targeting codeql/python-all:neutralModel: 0 tuples.
[2025-09-22 18:48:15] [DETAILS] resolve extensions-by-pack>   Found extension targeting codeql/python-all:typeModel: 0 tuples.
[2025-09-22 18:48:15] [DETAILS] resolve extensions-by-pack>   Found extension targeting codeql/python-all:typeVariableModel: 0 tuples.
[2025-09-22 18:48:15] [PROGRESS] resolve extensions-by-pack> Loading data extensions in C:\Users\brook\.codeql\packages\codeql\python-all\4.0.13\semmle\python\frameworks\data\internal\empty.model.yml.
[2025-09-22 18:48:15] [DETAILS] resolve extensions-by-pack>   Found extension targeting codeql/python-all:sourceModel: 0 tuples.
[2025-09-22 18:48:15] [DETAILS] resolve extensions-by-pack>   Found extension targeting codeql/python-all:sinkModel: 0 tuples.
[2025-09-22 18:48:15] [DETAILS] resolve extensions-by-pack>   Found extension targeting codeql/python-all:summaryModel: 0 tuples.
[2025-09-22 18:48:15] [DETAILS] resolve extensions-by-pack>   Found extension targeting codeql/python-all:neutralModel: 0 tuples.
[2025-09-22 18:48:15] [DETAILS] resolve extensions-by-pack>   Found extension targeting codeql/python-all:typeModel: 0 tuples.
[2025-09-22 18:48:15] [DETAILS] resolve extensions-by-pack>   Found extension targeting codeql/python-all:typeVariableModel: 0 tuples.
[2025-09-22 18:48:16] [PROGRESS] resolve extensions-by-pack> Loading data extensions in C:\Users\brook\.codeql\packages\codeql\python-all\4.0.13\semmle\python\frameworks\data\internal\subclass-capture\ALL.model.yml.
[2025-09-22 18:48:16] [DETAILS] resolve extensions-by-pack>   Found extension targeting codeql/python-all:typeModel: 58275 tuples.
[2025-09-22 18:48:16] [PROGRESS] resolve extensions-by-pack> Loading data extensions in C:\Users\brook\.codeql\packages\codeql\threat-models\1.0.29\ext\supported-threat-models.model.yml.
[2025-09-22 18:48:16] [DETAILS] resolve extensions-by-pack>   Found extension targeting codeql/threat-models:threatModelConfiguration: 1 tuples.
[2025-09-22 18:48:16] [PROGRESS] resolve extensions-by-pack> Loading data extensions in C:\Users\brook\.codeql\packages\codeql\threat-models\1.0.29\ext\threat-model-grouping.model.yml.
[2025-09-22 18:48:16] [DETAILS] resolve extensions-by-pack>   Found extension targeting codeql/threat-models:threatModelGrouping: 15 tuples.
[2025-09-22 18:48:16] [PROGRESS] resolve extensions-by-pack> Loading data extensions in C:\Users\brook\.codeql\packages\codeql\util\2.0.16\ext\default-alert-filter.yml.
[2025-09-22 18:48:16] [DETAILS] resolve extensions-by-pack>   Found extension targeting codeql/util:restrictAlertsTo: 0 tuples.
[2025-09-22 18:48:16] [DETAILS] resolve extensions-by-pack>   Found extension targeting codeql/util:restrictAlertsToExactLocation: 0 tuples.
[2025-09-22 18:48:16] Plumbing command codeql resolve extensions-by-pack completed:
                      {
                        "models" : [ ],
                        "data" : {
                          "C:\\Users\\brook\\code\\HNPLab\\pyqueries" : [
                            {
                              "predicate" : "threatModelConfiguration",
                              "file" : "C:\\Users\\brook\\.codeql\\packages\\codeql\\python-all\\4.0.13\\ext\\default-threat-models-fixup.model.yml",
                              "index" : 0,
                              "firstRowId" : 0,
                              "rowCount" : 1,
                              "predicateHasOrigin" : false,
                              "locations" : {
                                "lineNumbers" : "A=8",
                                "columnNumbers" : "A=9"
                              }
                            },
                            {
                              "predicate" : "sinkModel",
                              "file" : "C:\\Users\\brook\\.codeql\\packages\\codeql\\python-all\\4.0.13\\semmle\\python\\frameworks\\Asyncpg.model.yml",
                              "index" : 0,
                              "firstRowId" : 1,
                              "rowCount" : 5,
                              "predicateHasOrigin" : true,
                              "locations" : {
                                "lineNumbers" : "A=7+1+2+1+2",
                                "columnNumbers" : "A=9*5"
                              }
                            },
                            {
                              "predicate" : "typeModel",
                              "file" : "C:\\Users\\brook\\.codeql\\packages\\codeql\\python-all\\4.0.13\\semmle\\python\\frameworks\\Asyncpg.model.yml",
                              "index" : 1,
                              "firstRowId" : 6,
                              "rowCount" : 6,
                              "predicateHasOrigin" : false,
                              "locations" : {
                                "lineNumbers" : "A=20+4+1*2+2+1",
                                "columnNumbers" : "A=9*6"
                              }
                            },
                            {
                              "predicate" : "sourceModel",
                              "file" : "C:\\Users\\brook\\.codeql\\packages\\codeql\\python-all\\4.0.13\\semmle\\python\\frameworks\\Stdlib.model.yml",
                              "index" : 0,
                              "firstRowId" : 12,
                              "rowCount" : 12,
                              "predicateHasOrigin" : true,
                              "locations" : {
                                "lineNumbers" : "A=6+1*4+2+1+2+1*2+4+2",
                                "columnNumbers" : "A=9*12"
                              }
                            },
                            {
                              "predicate" : "sinkModel",
                              "file" : "C:\\Users\\brook\\.codeql\\packages\\codeql\\python-all\\4.0.13\\semmle\\python\\frameworks\\Stdlib.model.yml",
                              "index" : 1,
                              "firstRowId" : 24,
                              "rowCount" : 1,
                              "predicateHasOrigin" : true,
                              "locations" : {
                                "lineNumbers" : "A=29",
                                "columnNumbers" : "A=9"
                              }
                            },
                            {
                              "predicate" : "summaryModel",
                              "file" : "C:\\Users\\brook\\.codeql\\packages\\codeql\\python-all\\4.0.13\\semmle\\python\\frameworks\\Stdlib.model.yml",
                              "index" : 2,
                              "firstRowId" : 25,
                              "rowCount" : 66,
                              "predicateHasOrigin" : true,
                              "locations" : {
                                "lineNumbers" : "A=37+1+2+4+2*2+4+2*3+1+2+1+2+1+2+4+2+4+2*2+3+2*2+3+1+2*4+4+1+4+1+4+1*5+2*4+4+1+2*11+3+2+3+4+1+2*2+1+2",
                                "columnNumbers" : "A=9*66"
                              }
                            },
                            {
                              "predicate" : "neutralModel",
                              "file" : "C:\\Users\\brook\\.codeql\\packages\\codeql\\python-all\\4.0.13\\semmle\\python\\frameworks\\Stdlib.model.yml",
                              "index" : 3,
                              "firstRowId" : 91,
                              "rowCount" : 0,
                              "predicateHasOrigin" : false,
                              "locations" : {
                                "lineNumbers" : "A",
                                "columnNumbers" : "A"
                              }
                            },
                            {
                              "predicate" : "typeModel",
                              "file" : "C:\\Users\\brook\\.codeql\\packages\\codeql\\python-all\\4.0.13\\semmle\\python\\frameworks\\Stdlib.model.yml",
                              "index" : 4,
                              "firstRowId" : 91,
                              "rowCount" : 0,
                              "predicateHasOrigin" : false,
                              "locations" : {
                                "lineNumbers" : "A",
                                "columnNumbers" : "A"
                              }
                            },
                            {
                              "predicate" : "typeVariableModel",
                              "file" : "C:\\Users\\brook\\.codeql\\packages\\codeql\\python-all\\4.0.13\\semmle\\python\\frameworks\\Stdlib.model.yml",
                              "index" : 5,
                              "firstRowId" : 91,
                              "rowCount" : 0,
                              "predicateHasOrigin" : false,
                              "locations" : {
                                "lineNumbers" : "A",
                                "columnNumbers" : "A"
                              }
                            },
                            {
                              "predicate" : "sourceModel",
                              "file" : "C:\\Users\\brook\\.codeql\\packages\\codeql\\python-all\\4.0.13\\semmle\\python\\frameworks\\data\\internal\\empty.model.yml",
                              "index" : 0,
                              "firstRowId" : 91,
                              "rowCount" : 0,
                              "predicateHasOrigin" : true,
                              "locations" : {
                                "lineNumbers" : "A",
                                "columnNumbers" : "A"
                              }
                            },
                            {
                              "predicate" : "sinkModel",
                              "file" : "C:\\Users\\brook\\.codeql\\packages\\codeql\\python-all\\4.0.13\\semmle\\python\\frameworks\\data\\internal\\empty.model.yml",
                              "index" : 1,
                              "firstRowId" : 91,
                              "rowCount" : 0,
                              "predicateHasOrigin" : true,
                              "locations" : {
                                "lineNumbers" : "A",
                                "columnNumbers" : "A"
                              }
                            },
                            {
                              "predicate" : "summaryModel",
                              "file" : "C:\\Users\\brook\\.codeql\\packages\\codeql\\python-all\\4.0.13\\semmle\\python\\frameworks\\data\\internal\\empty.model.yml",
                              "index" : 2,
                              "firstRowId" : 91,
                              "rowCount" : 0,
                              "predicateHasOrigin" : true,
                              "locations" : {
                                "lineNumbers" : "A",
                                "columnNumbers" : "A"
                              }
                            },
                            {
                              "predicate" : "neutralModel",
                              "file" : "C:\\Users\\brook\\.codeql\\packages\\codeql\\python-all\\4.0.13\\semmle\\python\\frameworks\\data\\internal\\empty.model.yml",
                              "index" : 3,
                              "firstRowId" : 91,
                              "rowCount" : 0,
                              "predicateHasOrigin" : false,
                              "locations" : {
                                "lineNumbers" : "A",
                                "columnNumbers" : "A"
                              }
                            },
                            {
                              "predicate" : "typeModel",
                              "file" : "C:\\Users\\brook\\.codeql\\packages\\codeql\\python-all\\4.0.13\\semmle\\python\\frameworks\\data\\internal\\empty.model.yml",
                              "index" : 4,
                              "firstRowId" : 91,
                              "rowCount" : 0,
                              "predicateHasOrigin" : false,
                              "locations" : {
                                "lineNumbers" : "A",
                                "columnNumbers" : "A"
                              }
                            },
                            {
                              "predicate" : "typeVariableModel",
                              "file" : "C:\\Users\\brook\\.codeql\\packages\\codeql\\python-all\\4.0.13\\semmle\\python\\frameworks\\data\\internal\\empty.model.yml",
                              "index" : 5,
                              "firstRowId" : 91,
                              "rowCount" : 0,
                              "predicateHasOrigin" : false,
                              "locations" : {
                                "lineNumbers" : "A",
                                "columnNumbers" : "A"
                              }
                            },
                            {
                              "predicate" : "typeModel",
                              "file" : "C:\\Users\\brook\\.codeql\\packages\\codeql\\python-all\\4.0.13\\semmle\\python\\frameworks\\data\\internal\\subclass-capture\\ALL.model.yml",
                              "index" : 0,
                              "firstRowId" : 91,
                              "rowCount" : 58275,
                              "predicateHasOrigin" : false,
                              "locations" : {
                                "lineNumbers" : "A=7+3*58274",
                                "columnNumbers" : "A=5*58275"
                              }
                            },
                            {
                              "predicate" : "threatModelConfiguration",
                              "file" : "C:\\Users\\brook\\.codeql\\packages\\codeql\\threat-models\\1.0.29\\ext\\supported-threat-models.model.yml",
                              "index" : 0,
                              "firstRowId" : 58366,
                              "rowCount" : 1,
                              "predicateHasOrigin" : false,
                              "locations" : {
                                "lineNumbers" : "A=6",
                                "columnNumbers" : "A=9"
                              }
                            },
                            {
                              "predicate" : "threatModelGrouping",
                              "file" : "C:\\Users\\brook\\.codeql\\packages\\codeql\\threat-models\\1.0.29\\ext\\threat-model-grouping.model.yml",
                              "index" : 0,
                              "firstRowId" : 58367,
                              "rowCount" : 15,
                              "predicateHasOrigin" : false,
                              "locations" : {
                                "lineNumbers" : "A=8+3+1+3+1*5+3+1+5+1*3",
                                "columnNumbers" : "A=9*15"
                              }
                            },
                            {
                              "predicate" : "restrictAlertsTo",
                              "file" : "C:\\Users\\brook\\.codeql\\packages\\codeql\\util\\2.0.16\\ext\\default-alert-filter.yml",
                              "index" : 0,
                              "firstRowId" : 58382,
                              "rowCount" : 0,
                              "predicateHasOrigin" : false,
                              "locations" : {
                                "lineNumbers" : "A",
                                "columnNumbers" : "A"
                              }
                            },
                            {
                              "predicate" : "restrictAlertsToExactLocation",
                              "file" : "C:\\Users\\brook\\.codeql\\packages\\codeql\\util\\2.0.16\\ext\\default-alert-filter.yml",
                              "index" : 1,
                              "firstRowId" : 58382,
                              "rowCount" : 0,
                              "predicateHasOrigin" : false,
                              "locations" : {
                                "lineNumbers" : "A",
                                "columnNumbers" : "A"
                              }
                            }
                          ]
                        },
                        "threatModels" : {
                          "C:\\Users\\brook\\code\\HNPLab\\pyqueries" : {
                            "extensions" : [
                              {
                                "data" : [ ],
                                "addsTo" : {
                                  "extensible" : "threatModelConfiguration",
                                  "checkPresence" : true,
                                  "packName" : "codeql/threat-models"
                                }
                              }
                            ]
                          }
                        },
                        "extensionPacks" : [ ]
                      }
[2025-09-22 18:48:16] Plumbing command codeql resolve extensions completed:
                      {
                        "models" : [ ],
                        "data" : {
                          "C:\\Users\\brook\\code\\HNPLab\\pyqueries" : [
                            {
                              "predicate" : "threatModelConfiguration",
                              "file" : "C:\\Users\\brook\\.codeql\\packages\\codeql\\python-all\\4.0.13\\ext\\default-threat-models-fixup.model.yml",
                              "index" : 0,
                              "firstRowId" : 0,
                              "rowCount" : 1,
                              "predicateHasOrigin" : false,
                              "locations" : {
                                "lineNumbers" : "A=8",
                                "columnNumbers" : "A=9"
                              }
                            },
                            {
                              "predicate" : "sinkModel",
                              "file" : "C:\\Users\\brook\\.codeql\\packages\\codeql\\python-all\\4.0.13\\semmle\\python\\frameworks\\Asyncpg.model.yml",
                              "index" : 0,
                              "firstRowId" : 1,
                              "rowCount" : 5,
                              "predicateHasOrigin" : true,
                              "locations" : {
                                "lineNumbers" : "A=7+1+2+1+2",
                                "columnNumbers" : "A=9*5"
                              }
                            },
                            {
                              "predicate" : "typeModel",
                              "file" : "C:\\Users\\brook\\.codeql\\packages\\codeql\\python-all\\4.0.13\\semmle\\python\\frameworks\\Asyncpg.model.yml",
                              "index" : 1,
                              "firstRowId" : 6,
                              "rowCount" : 6,
                              "predicateHasOrigin" : false,
                              "locations" : {
                                "lineNumbers" : "A=20+4+1*2+2+1",
                                "columnNumbers" : "A=9*6"
                              }
                            },
                            {
                              "predicate" : "sourceModel",
                              "file" : "C:\\Users\\brook\\.codeql\\packages\\codeql\\python-all\\4.0.13\\semmle\\python\\frameworks\\Stdlib.model.yml",
                              "index" : 0,
                              "firstRowId" : 12,
                              "rowCount" : 12,
                              "predicateHasOrigin" : true,
                              "locations" : {
                                "lineNumbers" : "A=6+1*4+2+1+2+1*2+4+2",
                                "columnNumbers" : "A=9*12"
                              }
                            },
                            {
                              "predicate" : "sinkModel",
                              "file" : "C:\\Users\\brook\\.codeql\\packages\\codeql\\python-all\\4.0.13\\semmle\\python\\frameworks\\Stdlib.model.yml",
                              "index" : 1,
                              "firstRowId" : 24,
                              "rowCount" : 1,
                              "predicateHasOrigin" : true,
                              "locations" : {
                                "lineNumbers" : "A=29",
                                "columnNumbers" : "A=9"
                              }
                            },
                            {
                              "predicate" : "summaryModel",
                              "file" : "C:\\Users\\brook\\.codeql\\packages\\codeql\\python-all\\4.0.13\\semmle\\python\\frameworks\\Stdlib.model.yml",
                              "index" : 2,
                              "firstRowId" : 25,
                              "rowCount" : 66,
                              "predicateHasOrigin" : true,
                              "locations" : {
                                "lineNumbers" : "A=37+1+2+4+2*2+4+2*3+1+2+1+2+1+2+4+2+4+2*2+3+2*2+3+1+2*4+4+1+4+1+4+1*5+2*4+4+1+2*11+3+2+3+4+1+2*2+1+2",
                                "columnNumbers" : "A=9*66"
                              }
                            },
                            {
                              "predicate" : "neutralModel",
                              "file" : "C:\\Users\\brook\\.codeql\\packages\\codeql\\python-all\\4.0.13\\semmle\\python\\frameworks\\Stdlib.model.yml",
                              "index" : 3,
                              "firstRowId" : 91,
                              "rowCount" : 0,
                              "predicateHasOrigin" : false,
                              "locations" : {
                                "lineNumbers" : "A",
                                "columnNumbers" : "A"
                              }
                            },
                            {
                              "predicate" : "typeModel",
                              "file" : "C:\\Users\\brook\\.codeql\\packages\\codeql\\python-all\\4.0.13\\semmle\\python\\frameworks\\Stdlib.model.yml",
                              "index" : 4,
                              "firstRowId" : 91,
                              "rowCount" : 0,
                              "predicateHasOrigin" : false,
                              "locations" : {
                                "lineNumbers" : "A",
                                "columnNumbers" : "A"
                              }
                            },
                            {
                              "predicate" : "typeVariableModel",
                              "file" : "C:\\Users\\brook\\.codeql\\packages\\codeql\\python-all\\4.0.13\\semmle\\python\\frameworks\\Stdlib.model.yml",
                              "index" : 5,
                              "firstRowId" : 91,
                              "rowCount" : 0,
                              "predicateHasOrigin" : false,
                              "locations" : {
                                "lineNumbers" : "A",
                                "columnNumbers" : "A"
                              }
                            },
                            {
                              "predicate" : "sourceModel",
                              "file" : "C:\\Users\\brook\\.codeql\\packages\\codeql\\python-all\\4.0.13\\semmle\\python\\frameworks\\data\\internal\\empty.model.yml",
                              "index" : 0,
                              "firstRowId" : 91,
                              "rowCount" : 0,
                              "predicateHasOrigin" : true,
                              "locations" : {
                                "lineNumbers" : "A",
                                "columnNumbers" : "A"
                              }
                            },
                            {
                              "predicate" : "sinkModel",
                              "file" : "C:\\Users\\brook\\.codeql\\packages\\codeql\\python-all\\4.0.13\\semmle\\python\\frameworks\\data\\internal\\empty.model.yml",
                              "index" : 1,
                              "firstRowId" : 91,
                              "rowCount" : 0,
                              "predicateHasOrigin" : true,
                              "locations" : {
                                "lineNumbers" : "A",
                                "columnNumbers" : "A"
                              }
                            },
                            {
                              "predicate" : "summaryModel",
                              "file" : "C:\\Users\\brook\\.codeql\\packages\\codeql\\python-all\\4.0.13\\semmle\\python\\frameworks\\data\\internal\\empty.model.yml",
                              "index" : 2,
                              "firstRowId" : 91,
                              "rowCount" : 0,
                              "predicateHasOrigin" : true,
                              "locations" : {
                                "lineNumbers" : "A",
                                "columnNumbers" : "A"
                              }
                            },
                            {
                              "predicate" : "neutralModel",
                              "file" : "C:\\Users\\brook\\.codeql\\packages\\codeql\\python-all\\4.0.13\\semmle\\python\\frameworks\\data\\internal\\empty.model.yml",
                              "index" : 3,
                              "firstRowId" : 91,
                              "rowCount" : 0,
                              "predicateHasOrigin" : false,
                              "locations" : {
                                "lineNumbers" : "A",
                                "columnNumbers" : "A"
                              }
                            },
                            {
                              "predicate" : "typeModel",
                              "file" : "C:\\Users\\brook\\.codeql\\packages\\codeql\\python-all\\4.0.13\\semmle\\python\\frameworks\\data\\internal\\empty.model.yml",
                              "index" : 4,
                              "firstRowId" : 91,
                              "rowCount" : 0,
                              "predicateHasOrigin" : false,
                              "locations" : {
                                "lineNumbers" : "A",
                                "columnNumbers" : "A"
                              }
                            },
                            {
                              "predicate" : "typeVariableModel",
                              "file" : "C:\\Users\\brook\\.codeql\\packages\\codeql\\python-all\\4.0.13\\semmle\\python\\frameworks\\data\\internal\\empty.model.yml",
                              "index" : 5,
                              "firstRowId" : 91,
                              "rowCount" : 0,
                              "predicateHasOrigin" : false,
                              "locations" : {
                                "lineNumbers" : "A",
                                "columnNumbers" : "A"
                              }
                            },
                            {
                              "predicate" : "typeModel",
                              "file" : "C:\\Users\\brook\\.codeql\\packages\\codeql\\python-all\\4.0.13\\semmle\\python\\frameworks\\data\\internal\\subclass-capture\\ALL.model.yml",
                              "index" : 0,
                              "firstRowId" : 91,
                              "rowCount" : 58275,
                              "predicateHasOrigin" : false,
                              "locations" : {
                                "lineNumbers" : "A=7+3*58274",
                                "columnNumbers" : "A=5*58275"
                              }
                            },
                            {
                              "predicate" : "threatModelConfiguration",
                              "file" : "C:\\Users\\brook\\.codeql\\packages\\codeql\\threat-models\\1.0.29\\ext\\supported-threat-models.model.yml",
                              "index" : 0,
                              "firstRowId" : 58366,
                              "rowCount" : 1,
                              "predicateHasOrigin" : false,
                              "locations" : {
                                "lineNumbers" : "A=6",
                                "columnNumbers" : "A=9"
                              }
                            },
                            {
                              "predicate" : "threatModelGrouping",
                              "file" : "C:\\Users\\brook\\.codeql\\packages\\codeql\\threat-models\\1.0.29\\ext\\threat-model-grouping.model.yml",
                              "index" : 0,
                              "firstRowId" : 58367,
                              "rowCount" : 15,
                              "predicateHasOrigin" : false,
                              "locations" : {
                                "lineNumbers" : "A=8+3+1+3+1*5+3+1+5+1*3",
                                "columnNumbers" : "A=9*15"
                              }
                            },
                            {
                              "predicate" : "restrictAlertsTo",
                              "file" : "C:\\Users\\brook\\.codeql\\packages\\codeql\\util\\2.0.16\\ext\\default-alert-filter.yml",
                              "index" : 0,
                              "firstRowId" : 58382,
                              "rowCount" : 0,
                              "predicateHasOrigin" : false,
                              "locations" : {
                                "lineNumbers" : "A",
                                "columnNumbers" : "A"
                              }
                            },
                            {
                              "predicate" : "restrictAlertsToExactLocation",
                              "file" : "C:\\Users\\brook\\.codeql\\packages\\codeql\\util\\2.0.16\\ext\\default-alert-filter.yml",
                              "index" : 1,
                              "firstRowId" : 58382,
                              "rowCount" : 0,
                              "predicateHasOrigin" : false,
                              "locations" : {
                                "lineNumbers" : "A",
                                "columnNumbers" : "A"
                              }
                            }
                          ]
                        },
                        "threatModels" : {
                          "C:\\Users\\brook\\code\\HNPLab\\pyqueries" : {
                            "extensions" : [
                              {
                                "data" : [ ],
                                "addsTo" : {
                                  "extensible" : "threatModelConfiguration",
                                  "checkPresence" : true,
                                  "packName" : "codeql/threat-models"
                                }
                              }
                            ]
                          }
                        },
                        "extensionPacks" : [ ]
                      }
[2025-09-22 18:48:17] Calling plumbing command: codeql resolve library-path --qlconfig-file=C:\Users\brook\code\HNPLab\qlconfig.yml --query=C:\Users\brook\code\HNPLab\pyqueries\pyhnp.ql --format=json
[2025-09-22 18:48:17] [DETAILS] resolve library-path> Resolving query at normalized path C:\Users\brook\code\HNPLab\pyqueries\pyhnp.ql.
[2025-09-22 18:48:17] [DETAILS] resolve library-path> Found enclosing pack 'pyqueries' at C:\Users\brook\code\HNPLab\pyqueries.
[2025-09-22 18:48:17] [DETAILS] resolve library-path> Adding compilation cache at C:\Users\brook\.codeql\compile-cache.
[2025-09-22 18:48:17] [DETAILS] resolve library-path> Resolving library dependencies from C:\Users\brook\code\HNPLab\pyqueries\qlpack.yml.
[2025-09-22 18:48:17] [SPAMMY] resolve library-path> [INCOMPATIBILITY] pyqueries: not 0.0.1 {root: pyqueries@0.0.1}
[2025-09-22 18:48:17] [SPAMMY] resolve library-path> [DERIVATION] pyqueries: 0.0.1 {pyqueries: not 0.0.1 {root: pyqueries@0.0.1}}
[2025-09-22 18:48:17] [SPAMMY] resolve library-path> [INCOMPATIBILITY] pyqueries: * [*], codeql/python-all: not * [*] {dependency: pyqueries@* [*] requires codeql/python-all@*}
[2025-09-22 18:48:17] [SPAMMY] resolve library-path> [DECISION 1] pyqueries: 0.0.1
[2025-09-22 18:48:17] [SPAMMY] resolve library-path> [DERIVATION] codeql/python-all: * [*] {pyqueries: * [*], codeql/python-all: not * [*] {dependency: pyqueries@* [*] requires codeql/python-all@*}}
[2025-09-22 18:48:17] [SPAMMY] resolve library-path> [INCOMPATIBILITY] codeql/python-all: * [*], codeql/concepts: not * [*] {dependency: codeql/python-all@* [*] requires codeql/concepts@0.0.3}
[2025-09-22 18:48:17] [SPAMMY] resolve library-path> [INCOMPATIBILITY] codeql/python-all: * [*], codeql/dataflow: not * [*] {dependency: codeql/python-all@* [*] requires codeql/dataflow@2.0.13}
[2025-09-22 18:48:17] [SPAMMY] resolve library-path> [INCOMPATIBILITY] codeql/python-all: * [*], codeql/mad: not * [*] {dependency: codeql/python-all@* [*] requires codeql/mad@1.0.29}
[2025-09-22 18:48:17] [SPAMMY] resolve library-path> [INCOMPATIBILITY] codeql/python-all: * [*], codeql/regex: not * [*] {dependency: codeql/python-all@* [*] requires codeql/regex@1.0.29}
[2025-09-22 18:48:17] [SPAMMY] resolve library-path> [INCOMPATIBILITY] codeql/python-all: * [*], codeql/threat-models: not * [*] {dependency: codeql/python-all@* [*] requires codeql/threat-models@1.0.29}
[2025-09-22 18:48:17] [SPAMMY] resolve library-path> [INCOMPATIBILITY] codeql/python-all: * [*], codeql/tutorial: not * [*] {dependency: codeql/python-all@* [*] requires codeql/tutorial@1.0.29}
[2025-09-22 18:48:17] [SPAMMY] resolve library-path> [INCOMPATIBILITY] codeql/python-all: * [*], codeql/util: not * [*] {dependency: codeql/python-all@* [*] requires codeql/util@2.0.16}
[2025-09-22 18:48:17] [SPAMMY] resolve library-path> [INCOMPATIBILITY] codeql/python-all: * [*], codeql/xml: not * [*] {dependency: codeql/python-all@* [*] requires codeql/xml@1.0.29}
[2025-09-22 18:48:17] [SPAMMY] resolve library-path> [INCOMPATIBILITY] codeql/python-all: * [*], codeql/yaml: not * [*] {dependency: codeql/python-all@* [*] requires codeql/yaml@1.0.29}
[2025-09-22 18:48:17] [SPAMMY] resolve library-path> [DECISION 2] codeql/python-all: 4.0.13
[2025-09-22 18:48:17] [SPAMMY] resolve library-path> [DERIVATION] codeql/yaml: * [*] {codeql/python-all: * [*], codeql/yaml: not * [*] {dependency: codeql/python-all@* [*] requires codeql/yaml@1.0.29}}
[2025-09-22 18:48:17] [SPAMMY] resolve library-path> [DERIVATION] codeql/xml: * [*] {codeql/python-all: * [*], codeql/xml: not * [*] {dependency: codeql/python-all@* [*] requires codeql/xml@1.0.29}}
[2025-09-22 18:48:17] [SPAMMY] resolve library-path> [DERIVATION] codeql/util: * [*] {codeql/python-all: * [*], codeql/util: not * [*] {dependency: codeql/python-all@* [*] requires codeql/util@2.0.16}}
[2025-09-22 18:48:17] [SPAMMY] resolve library-path> [DERIVATION] codeql/tutorial: * [*] {codeql/python-all: * [*], codeql/tutorial: not * [*] {dependency: codeql/python-all@* [*] requires codeql/tutorial@1.0.29}}
[2025-09-22 18:48:17] [SPAMMY] resolve library-path> [DERIVATION] codeql/threat-models: * [*] {codeql/python-all: * [*], codeql/threat-models: not * [*] {dependency: codeql/python-all@* [*] requires codeql/threat-models@1.0.29}}
[2025-09-22 18:48:17] [SPAMMY] resolve library-path> [DERIVATION] codeql/regex: * [*] {codeql/python-all: * [*], codeql/regex: not * [*] {dependency: codeql/python-all@* [*] requires codeql/regex@1.0.29}}
[2025-09-22 18:48:17] [SPAMMY] resolve library-path> [DERIVATION] codeql/mad: * [*] {codeql/python-all: * [*], codeql/mad: not * [*] {dependency: codeql/python-all@* [*] requires codeql/mad@1.0.29}}
[2025-09-22 18:48:17] [SPAMMY] resolve library-path> [DERIVATION] codeql/dataflow: * [*] {codeql/python-all: * [*], codeql/dataflow: not * [*] {dependency: codeql/python-all@* [*] requires codeql/dataflow@2.0.13}}
[2025-09-22 18:48:17] [SPAMMY] resolve library-path> [DERIVATION] codeql/concepts: * [*] {codeql/python-all: * [*], codeql/concepts: not * [*] {dependency: codeql/python-all@* [*] requires codeql/concepts@0.0.3}}
[2025-09-22 18:48:17] [SPAMMY] resolve library-path> [INCOMPATIBILITY] codeql/concepts: * [*], codeql/dataflow: not * [*] {dependency: codeql/concepts@* [*] requires codeql/dataflow@2.0.13}
[2025-09-22 18:48:17] [SPAMMY] resolve library-path> [INCOMPATIBILITY] codeql/concepts: * [*], codeql/util: not * [*] {dependency: codeql/concepts@* [*] requires codeql/util@2.0.16}
[2025-09-22 18:48:17] [SPAMMY] resolve library-path> [DECISION 3] codeql/concepts: 0.0.3
[2025-09-22 18:48:17] [SPAMMY] resolve library-path> [INCOMPATIBILITY] codeql/dataflow: * [*], codeql/ssa: not * [*] {dependency: codeql/dataflow@* [*] requires codeql/ssa@2.0.5}
[2025-09-22 18:48:17] [SPAMMY] resolve library-path> [INCOMPATIBILITY] codeql/dataflow: * [*], codeql/typetracking: not * [*] {dependency: codeql/dataflow@* [*] requires codeql/typetracking@2.0.13}
[2025-09-22 18:48:17] [SPAMMY] resolve library-path> [INCOMPATIBILITY] codeql/dataflow: * [*], codeql/util: not * [*] {dependency: codeql/dataflow@* [*] requires codeql/util@2.0.16}
[2025-09-22 18:48:17] [SPAMMY] resolve library-path> [DECISION 4] codeql/dataflow: 2.0.13
[2025-09-22 18:48:17] [SPAMMY] resolve library-path> [DERIVATION] codeql/typetracking: * [*] {codeql/dataflow: * [*], codeql/typetracking: not * [*] {dependency: codeql/dataflow@* [*] requires codeql/typetracking@2.0.13}}
[2025-09-22 18:48:17] [SPAMMY] resolve library-path> [DERIVATION] codeql/ssa: * [*] {codeql/dataflow: * [*], codeql/ssa: not * [*] {dependency: codeql/dataflow@* [*] requires codeql/ssa@2.0.5}}
[2025-09-22 18:48:17] [SPAMMY] resolve library-path> [INCOMPATIBILITY] codeql/mad: * [*], codeql/dataflow: not * [*] {dependency: codeql/mad@* [*] requires codeql/dataflow@2.0.13}
[2025-09-22 18:48:17] [SPAMMY] resolve library-path> [INCOMPATIBILITY] codeql/mad: * [*], codeql/util: not * [*] {dependency: codeql/mad@* [*] requires codeql/util@2.0.16}
[2025-09-22 18:48:17] [SPAMMY] resolve library-path> [DECISION 5] codeql/mad: 1.0.29
[2025-09-22 18:48:17] [SPAMMY] resolve library-path> [INCOMPATIBILITY] codeql/regex: * [*], codeql/util: not * [*] {dependency: codeql/regex@* [*] requires codeql/util@2.0.16}
[2025-09-22 18:48:17] [SPAMMY] resolve library-path> [DECISION 6] codeql/regex: 1.0.29
[2025-09-22 18:48:17] [SPAMMY] resolve library-path> [INCOMPATIBILITY] codeql/ssa: * [*], codeql/util: not * [*] {dependency: codeql/ssa@* [*] requires codeql/util@2.0.16}
[2025-09-22 18:48:17] [SPAMMY] resolve library-path> [DECISION 7] codeql/ssa: 2.0.5
[2025-09-22 18:48:17] [SPAMMY] resolve library-path> [DECISION 8] codeql/threat-models: 1.0.29
[2025-09-22 18:48:17] [SPAMMY] resolve library-path> [DECISION 9] codeql/tutorial: 1.0.29
[2025-09-22 18:48:17] [SPAMMY] resolve library-path> [INCOMPATIBILITY] codeql/typetracking: * [*], codeql/util: not * [*] {dependency: codeql/typetracking@* [*] requires codeql/util@2.0.16}
[2025-09-22 18:48:17] [SPAMMY] resolve library-path> [DECISION 10] codeql/typetracking: 2.0.13
[2025-09-22 18:48:17] [SPAMMY] resolve library-path> [DECISION 11] codeql/util: 2.0.16
[2025-09-22 18:48:17] [SPAMMY] resolve library-path> [INCOMPATIBILITY] codeql/xml: * [*], codeql/util: not * [*] {dependency: codeql/xml@* [*] requires codeql/util@2.0.16}
[2025-09-22 18:48:17] [SPAMMY] resolve library-path> [DECISION 12] codeql/xml: 1.0.29
[2025-09-22 18:48:17] [SPAMMY] resolve library-path> [DECISION 13] codeql/yaml: 1.0.29
[2025-09-22 18:48:17] [DETAILS] resolve library-path> QL pack dependencies for C:\Users\brook\code\HNPLab\pyqueries resolved OK.
[2025-09-22 18:48:17] [DETAILS] resolve library-path> Found dbscheme through QL packs: C:\Users\brook\.codeql\packages\codeql\python-all\4.0.13\semmlecode.python.dbscheme.
[2025-09-22 18:48:17] Plumbing command codeql resolve library-path completed:
                      {
                        "libraryPath" : [
                          "C:\\Users\\brook\\code\\HNPLab\\pyqueries",
                          "C:\\Users\\brook\\.codeql\\packages\\codeql\\python-all\\4.0.13",
                          "C:\\Users\\brook\\.codeql\\packages\\codeql\\concepts\\0.0.3",
                          "C:\\Users\\brook\\.codeql\\packages\\codeql\\dataflow\\2.0.13",
                          "C:\\Users\\brook\\.codeql\\packages\\codeql\\mad\\1.0.29",
                          "C:\\Users\\brook\\.codeql\\packages\\codeql\\regex\\1.0.29",
                          "C:\\Users\\brook\\.codeql\\packages\\codeql\\ssa\\2.0.5",
                          "C:\\Users\\brook\\.codeql\\packages\\codeql\\threat-models\\1.0.29",
                          "C:\\Users\\brook\\.codeql\\packages\\codeql\\tutorial\\1.0.29",
                          "C:\\Users\\brook\\.codeql\\packages\\codeql\\typetracking\\2.0.13",
                          "C:\\Users\\brook\\.codeql\\packages\\codeql\\util\\2.0.16",
                          "C:\\Users\\brook\\.codeql\\packages\\codeql\\xml\\1.0.29",
                          "C:\\Users\\brook\\.codeql\\packages\\codeql\\yaml\\1.0.29"
                        ],
                        "dbscheme" : "C:\\Users\\brook\\.codeql\\packages\\codeql\\python-all\\4.0.13\\semmlecode.python.dbscheme",
                        "compilationCache" : [
                          "C:\\Users\\brook\\.codeql\\compile-cache"
                        ],
                        "relativeName" : "pyqueries\\pyhnp.ql",
                        "qlPackName" : "pyqueries"
                      }
[2025-09-22 18:48:17] [PROGRESS] execute queries> Compiling query plan for C:\Users\brook\code\HNPLab\pyqueries\pyhnp.ql.
[2025-09-22 18:48:17] [DETAILS] execute queries> Resolving imports for C:\Users\brook\code\HNPLab\pyqueries\pyhnp.ql.
[2025-09-22 18:48:25] Resolved file set for C:\Users\brook\code\HNPLab\pyqueries\pyhnp.ql hashes to 08613e98442f93105968cedb617633d5.
[2025-09-22 18:48:25] [DETAILS] execute queries> Checking QL for C:\Users\brook\code\HNPLab\pyqueries\pyhnp.ql.
[2025-09-22 18:48:25] Stale frontend caches are invalidated based on import graph reachability.
[2025-09-22 18:48:26] ExternalModuleBindingPass ...
[2025-09-22 18:48:27] ExternalModuleBindingPass time: 00:01.003
[2025-09-22 18:48:27] CollectInstantiationsPass ...
[2025-09-22 18:48:27] CollectInstantiationsPass time: 00:00.410
[2025-09-22 18:48:27] Ql checks ...
[2025-09-22 18:48:30] Ql checks time: 00:03.305
[2025-09-22 18:48:34] [WARN] execute queries> WARNING: QLDoc comment is not attached to any QL element (C:\Users\brook\code\HNPLab\pyqueries\pyhnp.ql:103,1-106,4)
[2025-09-22 18:48:34] [ERROR] execute queries> ERROR: could not resolve type BinExpr (C:\Users\brook\code\HNPLab\pyqueries\pyhnp.ql:76,12-19)
[2025-09-22 18:48:34] [ERROR] execute queries> ERROR: could not resolve type JoinedStr (C:\Users\brook\code\HNPLab\pyqueries\pyhnp.ql:83,15-24)
[2025-09-22 18:48:34] [ERROR] execute queries> ERROR: could not resolve module JoinedStr (C:\Users\brook\code\HNPLab\pyqueries\pyhnp.ql:84,14-23)
[2025-09-22 18:48:34] [ERROR] execute queries> ERROR: hasFlow(Node, Node) cannot be resolved for type HNPConfig (C:\Users\brook\code\HNPLab\pyqueries\pyhnp.ql:108,14-21)
[2025-09-22 18:48:34] [ERROR] execute queries> ERROR: predicate 'isSource' has relational type TaintTracking::DataFlow::Node at position 0, not matching the overridden predicate's TaintTracking::TaintSource (C:\Users\brook\code\HNPLab\pyqueries\pyhnp.ql:18,22-30)
[2025-09-22 18:48:34] [ERROR] execute queries> ERROR: predicate 'isSink' has relational type TaintTracking::DataFlow::Node at position 0, not matching the overridden predicate's TaintTracking::TaintSink (C:\Users\brook\code\HNPLab\pyqueries\pyhnp.ql:51,22-28)
[2025-09-22 18:48:34] [ERROR] execute queries> ERROR: Exprs::Expr is incompatible with TaintTracking::DataFlow::Node (C:\Users\brook\code\HNPLab\pyqueries\pyhnp.ql:20,23-24)
[2025-09-22 18:48:34] [ERROR] execute queries> ERROR: Exprs::Expr is incompatible with TaintTracking::DataFlow::Node (C:\Users\brook\code\HNPLab\pyqueries\pyhnp.ql:53,23-24)
[2025-09-22 18:48:34] [ERROR] execute queries> ERROR: Exprs::Expr is incompatible with TaintTracking::DataFlow::Node (C:\Users\brook\code\HNPLab\pyqueries\pyhnp.ql:96,26-27)
[2025-09-22 18:48:34] [ERROR] execute queries> ERROR: TaintTracking::DataFlow::Node is incompatible with Exprs::Call (C:\Users\brook\code\HNPLab\pyqueries\pyhnp.ql:97,14-15)
[2025-09-22 18:48:34] Sequence stamp origin is -6000836844494900696
[2025-09-22 18:48:34] Pausing evaluation to close the cache at sequence stamp o+0
[2025-09-22 18:48:34] The disk cache is freshly trimmed; leave it be.
[2025-09-22 18:48:34] Unpausing evaluation
[2025-09-22 18:48:34] This NaiveBuddyAllocator requested 0 eviction rounds.
[2025-09-22 18:48:34] Exiting with code 2
