[2025-07-27 15:57:56] This is codeql database index-files --include-extension=.yaml --include-extension=.yml --size-limit=5m --language yaml -- C:\Users\brook\code\HNPattacker_WB\jobcenter-db
[2025-07-27 15:57:56] Log file was started late.
[2025-07-27 15:57:56] Using index-files script C:\Users\brook\code\codeql\yaml\tools\index-files.cmd.
[2025-07-27 15:57:56] [PROGRESS] database index-files> Scanning for files in C:\Users\brook\code\HNPattacker_WB\data\JobCenter-master...
[2025-07-27 15:57:56] Calling plumbing command: codeql resolve files --include-extension=.yaml --include-extension=.yml --size-limit=5m C:\Users\brook\code\HNPattacker_WB\data\JobCenter-master --format=json
[2025-07-27 15:57:56] [PROGRESS] resolve files> Scanning C:\Users\brook\code\HNPattacker_WB\data\JobCenter-master...
[2025-07-27 15:57:56] [PROGRESS] resolve files> Scanning C:\Users\brook\code\HNPattacker_WB\data\JobCenter-master\app...
[2025-07-27 15:57:56] [PROGRESS] resolve files> Scanning C:\Users\brook\code\HNPattacker_WB\data\JobCenter-master\app\auth...
[2025-07-27 15:57:56] [PROGRESS] resolve files> Scanning C:\Users\brook\code\HNPattacker_WB\data\JobCenter-master\app\job...
[2025-07-27 15:57:56] [PROGRESS] resolve files> Scanning C:\Users\brook\code\HNPattacker_WB\data\JobCenter-master\app\main...
[2025-07-27 15:57:56] [PROGRESS] resolve files> Scanning C:\Users\brook\code\HNPattacker_WB\data\JobCenter-master\app\static...
[2025-07-27 15:57:56] [PROGRESS] resolve files> Scanning C:\Users\brook\code\HNPattacker_WB\data\JobCenter-master\app\static\css...
[2025-07-27 15:57:56] [PROGRESS] resolve files> Scanning C:\Users\brook\code\HNPattacker_WB\data\JobCenter-master\app\static\css\demo...
[2025-07-27 15:57:56] [PROGRESS] resolve files> Scanning C:\Users\brook\code\HNPattacker_WB\data\JobCenter-master\app\static\css\patterns...
[2025-07-27 15:57:56] [PROGRESS] resolve files> Scanning C:\Users\brook\code\HNPattacker_WB\data\JobCenter-master\app\static\css\plugins...
[2025-07-27 15:57:56] [PROGRESS] resolve files> Scanning C:\Users\brook\code\HNPattacker_WB\data\JobCenter-master\app\static\css\plugins\awesome-bootstrap-checkbox...
[2025-07-27 15:57:56] [PROGRESS] resolve files> Scanning C:\Users\brook\code\HNPattacker_WB\data\JobCenter-master\app\static\css\plugins\blueimp...
[2025-07-27 15:57:56] [PROGRESS] resolve files> Scanning C:\Users\brook\code\HNPattacker_WB\data\JobCenter-master\app\static\css\plugins\blueimp\css...
[2025-07-27 15:57:56] [PROGRESS] resolve files> Scanning C:\Users\brook\code\HNPattacker_WB\data\JobCenter-master\app\static\css\plugins\blueimp\img...
[2025-07-27 15:57:56] [PROGRESS] resolve files> Scanning C:\Users\brook\code\HNPattacker_WB\data\JobCenter-master\app\static\css\plugins\bootstrap-table...
[2025-07-27 15:57:56] [PROGRESS] resolve files> Scanning C:\Users\brook\code\HNPattacker_WB\data\JobCenter-master\app\static\css\plugins\chosen...
[2025-07-27 15:57:56] [PROGRESS] resolve files> Scanning C:\Users\brook\code\HNPattacker_WB\data\JobCenter-master\app\static\css\plugins\clockpicker...
[2025-07-27 15:57:56] [PROGRESS] resolve files> Scanning C:\Users\brook\code\HNPattacker_WB\data\JobCenter-master\app\static\css\plugins\codemirror...
[2025-07-27 15:57:56] [PROGRESS] resolve files> Scanning C:\Users\brook\code\HNPattacker_WB\data\JobCenter-master\app\static\css\plugins\colorpicker...
[2025-07-27 15:57:56] [PROGRESS] resolve files> Scanning C:\Users\brook\code\HNPattacker_WB\data\JobCenter-master\app\static\css\plugins\colorpicker\css...
[2025-07-27 15:57:56] [PROGRESS] resolve files> Scanning C:\Users\brook\code\HNPattacker_WB\data\JobCenter-master\app\static\css\plugins\colorpicker\img...
[2025-07-27 15:57:56] [PROGRESS] resolve files> Scanning C:\Users\brook\code\HNPattacker_WB\data\JobCenter-master\app\static\css\plugins\colorpicker\img\bootstrap-colorpicker...
[2025-07-27 15:57:56] [PROGRESS] resolve files> Scanning C:\Users\brook\code\HNPattacker_WB\data\JobCenter-master\app\static\css\plugins\cropper...
[2025-07-27 15:57:56] [PROGRESS] resolve files> Scanning C:\Users\brook\code\HNPattacker_WB\data\JobCenter-master\app\static\css\plugins\datapicker...
[2025-07-27 15:57:56] [PROGRESS] resolve files> Scanning C:\Users\brook\code\HNPattacker_WB\data\JobCenter-master\app\static\css\plugins\dataTables...
[2025-07-27 15:57:56] [PROGRESS] resolve files> Scanning C:\Users\brook\code\HNPattacker_WB\data\JobCenter-master\app\static\css\plugins\dropzone...
[2025-07-27 15:57:56] [PROGRESS] resolve files> Scanning C:\Users\brook\code\HNPattacker_WB\data\JobCenter-master\app\static\css\plugins\duallistbox...
[2025-07-27 15:57:56] [PROGRESS] resolve files> Scanning C:\Users\brook\code\HNPattacker_WB\data\JobCenter-master\app\static\css\plugins\footable...
[2025-07-27 15:57:56] [PROGRESS] resolve files> Scanning C:\Users\brook\code\HNPattacker_WB\data\JobCenter-master\app\static\css\plugins\footable\fonts...
[2025-07-27 15:57:56] [PROGRESS] resolve files> Scanning C:\Users\brook\code\HNPattacker_WB\data\JobCenter-master\app\static\css\plugins\fullcalendar...
[2025-07-27 15:57:56] [PROGRESS] resolve files> Scanning C:\Users\brook\code\HNPattacker_WB\data\JobCenter-master\app\static\css\plugins\iCheck...
[2025-07-27 15:57:56] [PROGRESS] resolve files> Scanning C:\Users\brook\code\HNPattacker_WB\data\JobCenter-master\app\static\css\plugins\images...
[2025-07-27 15:57:56] [PROGRESS] resolve files> Scanning C:\Users\brook\code\HNPattacker_WB\data\JobCenter-master\app\static\css\plugins\ionRangeSlider...
[2025-07-27 15:57:56] [PROGRESS] resolve files> Scanning C:\Users\brook\code\HNPattacker_WB\data\JobCenter-master\app\static\css\plugins\jasny...
[2025-07-27 15:57:56] [PROGRESS] resolve files> Scanning C:\Users\brook\code\HNPattacker_WB\data\JobCenter-master\app\static\css\plugins\jqgrid...
[2025-07-27 15:57:56] [PROGRESS] resolve files> Scanning C:\Users\brook\code\HNPattacker_WB\data\JobCenter-master\app\static\css\plugins\jQueryUI...
[2025-07-27 15:57:56] [PROGRESS] resolve files> Scanning C:\Users\brook\code\HNPattacker_WB\data\JobCenter-master\app\static\css\plugins\jQueryUI\images...
[2025-07-27 15:57:56] [PROGRESS] resolve files> Scanning C:\Users\brook\code\HNPattacker_WB\data\JobCenter-master\app\static\css\plugins\jsTree...
[2025-07-27 15:57:56] [PROGRESS] resolve files> Scanning C:\Users\brook\code\HNPattacker_WB\data\JobCenter-master\app\static\css\plugins\markdown...
[2025-07-27 15:57:56] [PROGRESS] resolve files> Scanning C:\Users\brook\code\HNPattacker_WB\data\JobCenter-master\app\static\css\plugins\morris...
[2025-07-27 15:57:56] [PROGRESS] resolve files> Scanning C:\Users\brook\code\HNPattacker_WB\data\JobCenter-master\app\static\css\plugins\multiselect...
[2025-07-27 15:57:56] [PROGRESS] resolve files> Scanning C:\Users\brook\code\HNPattacker_WB\data\JobCenter-master\app\static\css\plugins\nouslider...
[2025-07-27 15:57:56] [PROGRESS] resolve files> Scanning C:\Users\brook\code\HNPattacker_WB\data\JobCenter-master\app\static\css\plugins\plyr...
[2025-07-27 15:57:56] [PROGRESS] resolve files> Scanning C:\Users\brook\code\HNPattacker_WB\data\JobCenter-master\app\static\css\plugins\simditor...
[2025-07-27 15:57:56] [PROGRESS] resolve files> Scanning C:\Users\brook\code\HNPattacker_WB\data\JobCenter-master\app\static\css\plugins\steps...
[2025-07-27 15:57:56] [PROGRESS] resolve files> Scanning C:\Users\brook\code\HNPattacker_WB\data\JobCenter-master\app\static\css\plugins\summernote...
[2025-07-27 15:57:56] [PROGRESS] resolve files> Scanning C:\Users\brook\code\HNPattacker_WB\data\JobCenter-master\app\static\css\plugins\sweetalert...
[2025-07-27 15:57:56] [PROGRESS] resolve files> Scanning C:\Users\brook\code\HNPattacker_WB\data\JobCenter-master\app\static\css\plugins\switchery...
[2025-07-27 15:57:56] [PROGRESS] resolve files> Scanning C:\Users\brook\code\HNPattacker_WB\data\JobCenter-master\app\static\css\plugins\toastr...
[2025-07-27 15:57:56] [PROGRESS] resolve files> Scanning C:\Users\brook\code\HNPattacker_WB\data\JobCenter-master\app\static\css\plugins\treeview...
[2025-07-27 15:57:56] [PROGRESS] resolve files> Scanning C:\Users\brook\code\HNPattacker_WB\data\JobCenter-master\app\static\css\plugins\webuploader...
[2025-07-27 15:57:56] [PROGRESS] resolve files> Scanning C:\Users\brook\code\HNPattacker_WB\data\JobCenter-master\app\static\fonts...
[2025-07-27 15:57:56] [PROGRESS] resolve files> Scanning C:\Users\brook\code\HNPattacker_WB\data\JobCenter-master\app\static\img...
[2025-07-27 15:57:56] [PROGRESS] resolve files> Scanning C:\Users\brook\code\HNPattacker_WB\data\JobCenter-master\app\static\js...
[2025-07-27 15:57:56] [PROGRESS] resolve files> Scanning C:\Users\brook\code\HNPattacker_WB\data\JobCenter-master\app\static\js\demo...
[2025-07-27 15:57:56] [PROGRESS] resolve files> Scanning C:\Users\brook\code\HNPattacker_WB\data\JobCenter-master\app\static\js\plugins...
[2025-07-27 15:57:56] [PROGRESS] resolve files> Scanning C:\Users\brook\code\HNPattacker_WB\data\JobCenter-master\app\static\js\plugins\beautifyhtml...
[2025-07-27 15:57:56] [PROGRESS] resolve files> Scanning C:\Users\brook\code\HNPattacker_WB\data\JobCenter-master\app\static\js\plugins\blueimp...
[2025-07-27 15:57:56] [PROGRESS] resolve files> Scanning C:\Users\brook\code\HNPattacker_WB\data\JobCenter-master\app\static\js\plugins\bootstrap-table...
[2025-07-27 15:57:56] [PROGRESS] resolve files> Scanning C:\Users\brook\code\HNPattacker_WB\data\JobCenter-master\app\static\js\plugins\bootstrap-table\locale...
[2025-07-27 15:57:56] [PROGRESS] resolve files> Scanning C:\Users\brook\code\HNPattacker_WB\data\JobCenter-master\app\static\js\plugins\chartJs...
[2025-07-27 15:57:56] [PROGRESS] resolve files> Scanning C:\Users\brook\code\HNPattacker_WB\data\JobCenter-master\app\static\js\plugins\chosen...
[2025-07-27 15:57:56] [PROGRESS] resolve files> Scanning C:\Users\brook\code\HNPattacker_WB\data\JobCenter-master\app\static\js\plugins\clockpicker...
[2025-07-27 15:57:56] [PROGRESS] resolve files> Scanning C:\Users\brook\code\HNPattacker_WB\data\JobCenter-master\app\static\js\plugins\codemirror...
[2025-07-27 15:57:56] [PROGRESS] resolve files> Scanning C:\Users\brook\code\HNPattacker_WB\data\JobCenter-master\app\static\js\plugins\codemirror\mode...
[2025-07-27 15:57:56] [PROGRESS] resolve files> Scanning C:\Users\brook\code\HNPattacker_WB\data\JobCenter-master\app\static\js\plugins\codemirror\mode\apl...
[2025-07-27 15:57:56] [PROGRESS] resolve files> Scanning C:\Users\brook\code\HNPattacker_WB\data\JobCenter-master\app\static\js\plugins\codemirror\mode\asterisk...
[2025-07-27 15:57:56] [PROGRESS] resolve files> Scanning C:\Users\brook\code\HNPattacker_WB\data\JobCenter-master\app\static\js\plugins\codemirror\mode\clike...
[2025-07-27 15:57:56] [PROGRESS] resolve files> Scanning C:\Users\brook\code\HNPattacker_WB\data\JobCenter-master\app\static\js\plugins\codemirror\mode\clojure...
[2025-07-27 15:57:56] [PROGRESS] resolve files> Scanning C:\Users\brook\code\HNPattacker_WB\data\JobCenter-master\app\static\js\plugins\codemirror\mode\cobol...
[2025-07-27 15:57:56] [PROGRESS] resolve files> Scanning C:\Users\brook\code\HNPattacker_WB\data\JobCenter-master\app\static\js\plugins\codemirror\mode\coffeescript...
[2025-07-27 15:57:56] [PROGRESS] resolve files> Scanning C:\Users\brook\code\HNPattacker_WB\data\JobCenter-master\app\static\js\plugins\codemirror\mode\commonlisp...
[2025-07-27 15:57:56] [PROGRESS] resolve files> Scanning C:\Users\brook\code\HNPattacker_WB\data\JobCenter-master\app\static\js\plugins\codemirror\mode\css...
[2025-07-27 15:57:56] [PROGRESS] resolve files> Scanning C:\Users\brook\code\HNPattacker_WB\data\JobCenter-master\app\static\js\plugins\codemirror\mode\cypher...
[2025-07-27 15:57:56] [PROGRESS] resolve files> Scanning C:\Users\brook\code\HNPattacker_WB\data\JobCenter-master\app\static\js\plugins\codemirror\mode\d...
[2025-07-27 15:57:56] [PROGRESS] resolve files> Scanning C:\Users\brook\code\HNPattacker_WB\data\JobCenter-master\app\static\js\plugins\codemirror\mode\dart...
[2025-07-27 15:57:56] [PROGRESS] resolve files> Scanning C:\Users\brook\code\HNPattacker_WB\data\JobCenter-master\app\static\js\plugins\codemirror\mode\diff...
[2025-07-27 15:57:56] [PROGRESS] resolve files> Scanning C:\Users\brook\code\HNPattacker_WB\data\JobCenter-master\app\static\js\plugins\codemirror\mode\django...
[2025-07-27 15:57:56] [PROGRESS] resolve files> Scanning C:\Users\brook\code\HNPattacker_WB\data\JobCenter-master\app\static\js\plugins\codemirror\mode\dockerfile...
[2025-07-27 15:57:56] [PROGRESS] resolve files> Scanning C:\Users\brook\code\HNPattacker_WB\data\JobCenter-master\app\static\js\plugins\codemirror\mode\dtd...
[2025-07-27 15:57:56] [PROGRESS] resolve files> Scanning C:\Users\brook\code\HNPattacker_WB\data\JobCenter-master\app\static\js\plugins\codemirror\mode\dylan...
[2025-07-27 15:57:56] [PROGRESS] resolve files> Scanning C:\Users\brook\code\HNPattacker_WB\data\JobCenter-master\app\static\js\plugins\codemirror\mode\ebnf...
[2025-07-27 15:57:56] [PROGRESS] resolve files> Scanning C:\Users\brook\code\HNPattacker_WB\data\JobCenter-master\app\static\js\plugins\codemirror\mode\ecl...
[2025-07-27 15:57:56] [PROGRESS] resolve files> Scanning C:\Users\brook\code\HNPattacker_WB\data\JobCenter-master\app\static\js\plugins\codemirror\mode\eiffel...
[2025-07-27 15:57:56] [PROGRESS] resolve files> Scanning C:\Users\brook\code\HNPattacker_WB\data\JobCenter-master\app\static\js\plugins\codemirror\mode\erlang...
[2025-07-27 15:57:56] [PROGRESS] resolve files> Scanning C:\Users\brook\code\HNPattacker_WB\data\JobCenter-master\app\static\js\plugins\codemirror\mode\fortran...
[2025-07-27 15:57:56] [PROGRESS] resolve files> Scanning C:\Users\brook\code\HNPattacker_WB\data\JobCenter-master\app\static\js\plugins\codemirror\mode\gas...
[2025-07-27 15:57:56] [PROGRESS] resolve files> Scanning C:\Users\brook\code\HNPattacker_WB\data\JobCenter-master\app\static\js\plugins\codemirror\mode\gfm...
[2025-07-27 15:57:56] [PROGRESS] resolve files> Scanning C:\Users\brook\code\HNPattacker_WB\data\JobCenter-master\app\static\js\plugins\codemirror\mode\gherkin...
[2025-07-27 15:57:56] [PROGRESS] resolve files> Scanning C:\Users\brook\code\HNPattacker_WB\data\JobCenter-master\app\static\js\plugins\codemirror\mode\go...
[2025-07-27 15:57:56] [PROGRESS] resolve files> Scanning C:\Users\brook\code\HNPattacker_WB\data\JobCenter-master\app\static\js\plugins\codemirror\mode\groovy...
[2025-07-27 15:57:56] [PROGRESS] resolve files> Scanning C:\Users\brook\code\HNPattacker_WB\data\JobCenter-master\app\static\js\plugins\codemirror\mode\haml...
[2025-07-27 15:57:56] [PROGRESS] resolve files> Scanning C:\Users\brook\code\HNPattacker_WB\data\JobCenter-master\app\static\js\plugins\codemirror\mode\haskell...
[2025-07-27 15:57:56] [PROGRESS] resolve files> Scanning C:\Users\brook\code\HNPattacker_WB\data\JobCenter-master\app\static\js\plugins\codemirror\mode\haxe...
[2025-07-27 15:57:56] [PROGRESS] resolve files> Scanning C:\Users\brook\code\HNPattacker_WB\data\JobCenter-master\app\static\js\plugins\codemirror\mode\htmlembedded...
[2025-07-27 15:57:56] [PROGRESS] resolve files> Scanning C:\Users\brook\code\HNPattacker_WB\data\JobCenter-master\app\static\js\plugins\codemirror\mode\htmlmixed...
[2025-07-27 15:57:56] [PROGRESS] resolve files> Scanning C:\Users\brook\code\HNPattacker_WB\data\JobCenter-master\app\static\js\plugins\codemirror\mode\http...
[2025-07-27 15:57:56] [PROGRESS] resolve files> Scanning C:\Users\brook\code\HNPattacker_WB\data\JobCenter-master\app\static\js\plugins\codemirror\mode\idl...
[2025-07-27 15:57:56] [PROGRESS] resolve files> Scanning C:\Users\brook\code\HNPattacker_WB\data\JobCenter-master\app\static\js\plugins\codemirror\mode\jade...
[2025-07-27 15:57:56] [PROGRESS] resolve files> Scanning C:\Users\brook\code\HNPattacker_WB\data\JobCenter-master\app\static\js\plugins\codemirror\mode\javascript...
[2025-07-27 15:57:56] [PROGRESS] resolve files> Scanning C:\Users\brook\code\HNPattacker_WB\data\JobCenter-master\app\static\js\plugins\codemirror\mode\jinja2...
[2025-07-27 15:57:56] [PROGRESS] resolve files> Scanning C:\Users\brook\code\HNPattacker_WB\data\JobCenter-master\app\static\js\plugins\codemirror\mode\julia...
[2025-07-27 15:57:56] [PROGRESS] resolve files> Scanning C:\Users\brook\code\HNPattacker_WB\data\JobCenter-master\app\static\js\plugins\codemirror\mode\kotlin...
[2025-07-27 15:57:56] [PROGRESS] resolve files> Scanning C:\Users\brook\code\HNPattacker_WB\data\JobCenter-master\app\static\js\plugins\codemirror\mode\livescript...
[2025-07-27 15:57:56] [PROGRESS] resolve files> Scanning C:\Users\brook\code\HNPattacker_WB\data\JobCenter-master\app\static\js\plugins\codemirror\mode\lua...
[2025-07-27 15:57:56] [PROGRESS] resolve files> Scanning C:\Users\brook\code\HNPattacker_WB\data\JobCenter-master\app\static\js\plugins\codemirror\mode\markdown...
[2025-07-27 15:57:56] [PROGRESS] resolve files> Scanning C:\Users\brook\code\HNPattacker_WB\data\JobCenter-master\app\static\js\plugins\codemirror\mode\mirc...
[2025-07-27 15:57:56] [PROGRESS] resolve files> Scanning C:\Users\brook\code\HNPattacker_WB\data\JobCenter-master\app\static\js\plugins\codemirror\mode\mllike...
[2025-07-27 15:57:56] [PROGRESS] resolve files> Scanning C:\Users\brook\code\HNPattacker_WB\data\JobCenter-master\app\static\js\plugins\codemirror\mode\modelica...
[2025-07-27 15:57:56] [PROGRESS] resolve files> Scanning C:\Users\brook\code\HNPattacker_WB\data\JobCenter-master\app\static\js\plugins\codemirror\mode\nginx...
[2025-07-27 15:57:56] [PROGRESS] resolve files> Scanning C:\Users\brook\code\HNPattacker_WB\data\JobCenter-master\app\static\js\plugins\codemirror\mode\ntriples...
[2025-07-27 15:57:56] [PROGRESS] resolve files> Scanning C:\Users\brook\code\HNPattacker_WB\data\JobCenter-master\app\static\js\plugins\codemirror\mode\octave...
[2025-07-27 15:57:56] [PROGRESS] resolve files> Scanning C:\Users\brook\code\HNPattacker_WB\data\JobCenter-master\app\static\js\plugins\codemirror\mode\pascal...
[2025-07-27 15:57:56] [PROGRESS] resolve files> Scanning C:\Users\brook\code\HNPattacker_WB\data\JobCenter-master\app\static\js\plugins\codemirror\mode\pegjs...
[2025-07-27 15:57:56] [PROGRESS] resolve files> Scanning C:\Users\brook\code\HNPattacker_WB\data\JobCenter-master\app\static\js\plugins\codemirror\mode\perl...
[2025-07-27 15:57:56] [PROGRESS] resolve files> Scanning C:\Users\brook\code\HNPattacker_WB\data\JobCenter-master\app\static\js\plugins\codemirror\mode\php...
[2025-07-27 15:57:56] [PROGRESS] resolve files> Scanning C:\Users\brook\code\HNPattacker_WB\data\JobCenter-master\app\static\js\plugins\codemirror\mode\pig...
[2025-07-27 15:57:56] [PROGRESS] resolve files> Scanning C:\Users\brook\code\HNPattacker_WB\data\JobCenter-master\app\static\js\plugins\codemirror\mode\properties...
[2025-07-27 15:57:56] [PROGRESS] resolve files> Scanning C:\Users\brook\code\HNPattacker_WB\data\JobCenter-master\app\static\js\plugins\codemirror\mode\puppet...
[2025-07-27 15:57:56] [PROGRESS] resolve files> Scanning C:\Users\brook\code\HNPattacker_WB\data\JobCenter-master\app\static\js\plugins\codemirror\mode\python...
[2025-07-27 15:57:56] [PROGRESS] resolve files> Scanning C:\Users\brook\code\HNPattacker_WB\data\JobCenter-master\app\static\js\plugins\codemirror\mode\q...
[2025-07-27 15:57:56] [PROGRESS] resolve files> Scanning C:\Users\brook\code\HNPattacker_WB\data\JobCenter-master\app\static\js\plugins\codemirror\mode\r...
[2025-07-27 15:57:56] [PROGRESS] resolve files> Scanning C:\Users\brook\code\HNPattacker_WB\data\JobCenter-master\app\static\js\plugins\codemirror\mode\rpm...
[2025-07-27 15:57:56] [PROGRESS] resolve files> Scanning C:\Users\brook\code\HNPattacker_WB\data\JobCenter-master\app\static\js\plugins\codemirror\mode\rpm\changes...
[2025-07-27 15:57:56] [PROGRESS] resolve files> Scanning C:\Users\brook\code\HNPattacker_WB\data\JobCenter-master\app\static\js\plugins\codemirror\mode\rst...
[2025-07-27 15:57:56] [PROGRESS] resolve files> Scanning C:\Users\brook\code\HNPattacker_WB\data\JobCenter-master\app\static\js\plugins\codemirror\mode\ruby...
[2025-07-27 15:57:56] [PROGRESS] resolve files> Scanning C:\Users\brook\code\HNPattacker_WB\data\JobCenter-master\app\static\js\plugins\codemirror\mode\rust...
[2025-07-27 15:57:56] [PROGRESS] resolve files> Scanning C:\Users\brook\code\HNPattacker_WB\data\JobCenter-master\app\static\js\plugins\codemirror\mode\sass...
[2025-07-27 15:57:56] [PROGRESS] resolve files> Scanning C:\Users\brook\code\HNPattacker_WB\data\JobCenter-master\app\static\js\plugins\codemirror\mode\scheme...
[2025-07-27 15:57:56] [PROGRESS] resolve files> Scanning C:\Users\brook\code\HNPattacker_WB\data\JobCenter-master\app\static\js\plugins\codemirror\mode\shell...
[2025-07-27 15:57:56] [PROGRESS] resolve files> Scanning C:\Users\brook\code\HNPattacker_WB\data\JobCenter-master\app\static\js\plugins\codemirror\mode\sieve...
[2025-07-27 15:57:56] [PROGRESS] resolve files> Scanning C:\Users\brook\code\HNPattacker_WB\data\JobCenter-master\app\static\js\plugins\codemirror\mode\slim...
[2025-07-27 15:57:56] [PROGRESS] resolve files> Scanning C:\Users\brook\code\HNPattacker_WB\data\JobCenter-master\app\static\js\plugins\codemirror\mode\smalltalk...
[2025-07-27 15:57:56] [PROGRESS] resolve files> Scanning C:\Users\brook\code\HNPattacker_WB\data\JobCenter-master\app\static\js\plugins\codemirror\mode\smarty...
[2025-07-27 15:57:56] [PROGRESS] resolve files> Scanning C:\Users\brook\code\HNPattacker_WB\data\JobCenter-master\app\static\js\plugins\codemirror\mode\smartymixed...
[2025-07-27 15:57:56] [PROGRESS] resolve files> Scanning C:\Users\brook\code\HNPattacker_WB\data\JobCenter-master\app\static\js\plugins\codemirror\mode\solr...
[2025-07-27 15:57:56] [PROGRESS] resolve files> Scanning C:\Users\brook\code\HNPattacker_WB\data\JobCenter-master\app\static\js\plugins\codemirror\mode\soy...
[2025-07-27 15:57:56] [PROGRESS] resolve files> Scanning C:\Users\brook\code\HNPattacker_WB\data\JobCenter-master\app\static\js\plugins\codemirror\mode\sparql...
[2025-07-27 15:57:56] [PROGRESS] resolve files> Scanning C:\Users\brook\code\HNPattacker_WB\data\JobCenter-master\app\static\js\plugins\codemirror\mode\spreadsheet...
[2025-07-27 15:57:56] [PROGRESS] resolve files> Scanning C:\Users\brook\code\HNPattacker_WB\data\JobCenter-master\app\static\js\plugins\codemirror\mode\sql...
[2025-07-27 15:57:56] [PROGRESS] resolve files> Scanning C:\Users\brook\code\HNPattacker_WB\data\JobCenter-master\app\static\js\plugins\codemirror\mode\stex...
[2025-07-27 15:57:56] [PROGRESS] resolve files> Scanning C:\Users\brook\code\HNPattacker_WB\data\JobCenter-master\app\static\js\plugins\codemirror\mode\tcl...
[2025-07-27 15:57:56] [PROGRESS] resolve files> Scanning C:\Users\brook\code\HNPattacker_WB\data\JobCenter-master\app\static\js\plugins\codemirror\mode\textile...
[2025-07-27 15:57:56] [PROGRESS] resolve files> Scanning C:\Users\brook\code\HNPattacker_WB\data\JobCenter-master\app\static\js\plugins\codemirror\mode\tiddlywiki...
[2025-07-27 15:57:56] [PROGRESS] resolve files> Scanning C:\Users\brook\code\HNPattacker_WB\data\JobCenter-master\app\static\js\plugins\codemirror\mode\tiki...
[2025-07-27 15:57:56] [PROGRESS] resolve files> Scanning C:\Users\brook\code\HNPattacker_WB\data\JobCenter-master\app\static\js\plugins\codemirror\mode\toml...
[2025-07-27 15:57:56] [PROGRESS] resolve files> Scanning C:\Users\brook\code\HNPattacker_WB\data\JobCenter-master\app\static\js\plugins\codemirror\mode\tornado...
[2025-07-27 15:57:56] [PROGRESS] resolve files> Scanning C:\Users\brook\code\HNPattacker_WB\data\JobCenter-master\app\static\js\plugins\codemirror\mode\turtle...
[2025-07-27 15:57:56] [PROGRESS] resolve files> Scanning C:\Users\brook\code\HNPattacker_WB\data\JobCenter-master\app\static\js\plugins\codemirror\mode\vb...
[2025-07-27 15:57:56] [PROGRESS] resolve files> Scanning C:\Users\brook\code\HNPattacker_WB\data\JobCenter-master\app\static\js\plugins\codemirror\mode\vbscript...
[2025-07-27 15:57:56] [PROGRESS] resolve files> Scanning C:\Users\brook\code\HNPattacker_WB\data\JobCenter-master\app\static\js\plugins\codemirror\mode\velocity...
[2025-07-27 15:57:56] [PROGRESS] resolve files> Scanning C:\Users\brook\code\HNPattacker_WB\data\JobCenter-master\app\static\js\plugins\codemirror\mode\verilog...
[2025-07-27 15:57:56] [PROGRESS] resolve files> Scanning C:\Users\brook\code\HNPattacker_WB\data\JobCenter-master\app\static\js\plugins\codemirror\mode\xml...
[2025-07-27 15:57:56] [PROGRESS] resolve files> Scanning C:\Users\brook\code\HNPattacker_WB\data\JobCenter-master\app\static\js\plugins\codemirror\mode\xquery...
[2025-07-27 15:57:56] [PROGRESS] resolve files> Scanning C:\Users\brook\code\HNPattacker_WB\data\JobCenter-master\app\static\js\plugins\codemirror\mode\yaml...
[2025-07-27 15:57:56] [PROGRESS] resolve files> Scanning C:\Users\brook\code\HNPattacker_WB\data\JobCenter-master\app\static\js\plugins\codemirror\mode\z80...
[2025-07-27 15:57:56] [PROGRESS] resolve files> Scanning C:\Users\brook\code\HNPattacker_WB\data\JobCenter-master\app\static\js\plugins\colorpicker...
[2025-07-27 15:57:56] [PROGRESS] resolve files> Scanning C:\Users\brook\code\HNPattacker_WB\data\JobCenter-master\app\static\js\plugins\cropper...
[2025-07-27 15:57:56] [PROGRESS] resolve files> Scanning C:\Users\brook\code\HNPattacker_WB\data\JobCenter-master\app\static\js\plugins\datapicker...
[2025-07-27 15:57:56] [PROGRESS] resolve files> Scanning C:\Users\brook\code\HNPattacker_WB\data\JobCenter-master\app\static\js\plugins\dataTables...
[2025-07-27 15:57:56] [PROGRESS] resolve files> Scanning C:\Users\brook\code\HNPattacker_WB\data\JobCenter-master\app\static\js\plugins\diff_match_patch...
[2025-07-27 15:57:56] [PROGRESS] resolve files> Scanning C:\Users\brook\code\HNPattacker_WB\data\JobCenter-master\app\static\js\plugins\dropzone...
[2025-07-27 15:57:56] [PROGRESS] resolve files> Scanning C:\Users\brook\code\HNPattacker_WB\data\JobCenter-master\app\static\js\plugins\duallistbox...
[2025-07-27 15:57:56] [PROGRESS] resolve files> Scanning C:\Users\brook\code\HNPattacker_WB\data\JobCenter-master\app\static\js\plugins\easypiechart...
[2025-07-27 15:57:56] [PROGRESS] resolve files> Scanning C:\Users\brook\code\HNPattacker_WB\data\JobCenter-master\app\static\js\plugins\echarts...
[2025-07-27 15:57:56] [PROGRESS] resolve files> Scanning C:\Users\brook\code\HNPattacker_WB\data\JobCenter-master\app\static\js\plugins\fancybox...
[2025-07-27 15:57:56] [PROGRESS] resolve files> Scanning C:\Users\brook\code\HNPattacker_WB\data\JobCenter-master\app\static\js\plugins\flot...
[2025-07-27 15:57:56] [PROGRESS] resolve files> Scanning C:\Users\brook\code\HNPattacker_WB\data\JobCenter-master\app\static\js\plugins\footable...
[2025-07-27 15:57:56] [PROGRESS] resolve files> Scanning C:\Users\brook\code\HNPattacker_WB\data\JobCenter-master\app\static\js\plugins\fullcalendar...
[2025-07-27 15:57:56] [PROGRESS] resolve files> Scanning C:\Users\brook\code\HNPattacker_WB\data\JobCenter-master\app\static\js\plugins\gritter...
[2025-07-27 15:57:56] [PROGRESS] resolve files> Scanning C:\Users\brook\code\HNPattacker_WB\data\JobCenter-master\app\static\js\plugins\gritter\images...
[2025-07-27 15:57:56] [PROGRESS] resolve files> Scanning C:\Users\brook\code\HNPattacker_WB\data\JobCenter-master\app\static\js\plugins\iCheck...
[2025-07-27 15:57:56] [PROGRESS] resolve files> Scanning C:\Users\brook\code\HNPattacker_WB\data\JobCenter-master\app\static\js\plugins\ionRangeSlider...
[2025-07-27 15:57:56] [PROGRESS] resolve files> Scanning C:\Users\brook\code\HNPattacker_WB\data\JobCenter-master\app\static\js\plugins\ionRangeSlider\jasny...
[2025-07-27 15:57:56] [PROGRESS] resolve files> Scanning C:\Users\brook\code\HNPattacker_WB\data\JobCenter-master\app\static\js\plugins\jasny...
[2025-07-27 15:57:56] [PROGRESS] resolve files> Scanning C:\Users\brook\code\HNPattacker_WB\data\JobCenter-master\app\static\js\plugins\jeditable...
[2025-07-27 15:57:56] [PROGRESS] resolve files> Scanning C:\Users\brook\code\HNPattacker_WB\data\JobCenter-master\app\static\js\plugins\jqgrid...
[2025-07-27 15:57:56] [PROGRESS] resolve files> Scanning C:\Users\brook\code\HNPattacker_WB\data\JobCenter-master\app\static\js\plugins\jqgrid\i18n...
[2025-07-27 15:57:56] [PROGRESS] resolve files> Scanning C:\Users\brook\code\HNPattacker_WB\data\JobCenter-master\app\static\js\plugins\jquery-ui...
[2025-07-27 15:57:56] [PROGRESS] resolve files> Scanning C:\Users\brook\code\HNPattacker_WB\data\JobCenter-master\app\static\js\plugins\jsKnob...
[2025-07-27 15:57:56] [PROGRESS] resolve files> Scanning C:\Users\brook\code\HNPattacker_WB\data\JobCenter-master\app\static\js\plugins\jsTree...
[2025-07-27 15:57:56] [PROGRESS] resolve files> Scanning C:\Users\brook\code\HNPattacker_WB\data\JobCenter-master\app\static\js\plugins\jvectormap...
[2025-07-27 15:57:56] [PROGRESS] resolve files> Scanning C:\Users\brook\code\HNPattacker_WB\data\JobCenter-master\app\static\js\plugins\layer...
[2025-07-27 15:57:56] [PROGRESS] resolve files> Scanning C:\Users\brook\code\HNPattacker_WB\data\JobCenter-master\app\static\js\plugins\layer\extend...
[2025-07-27 15:57:56] [PROGRESS] resolve files> Scanning C:\Users\brook\code\HNPattacker_WB\data\JobCenter-master\app\static\js\plugins\layer\laydate...
[2025-07-27 15:57:56] [PROGRESS] resolve files> Scanning C:\Users\brook\code\HNPattacker_WB\data\JobCenter-master\app\static\js\plugins\layer\laydate\need...
[2025-07-27 15:57:56] [PROGRESS] resolve files> Scanning C:\Users\brook\code\HNPattacker_WB\data\JobCenter-master\app\static\js\plugins\layer\laydate\skins...
[2025-07-27 15:57:56] [PROGRESS] resolve files> Scanning C:\Users\brook\code\HNPattacker_WB\data\JobCenter-master\app\static\js\plugins\layer\laydate\skins\default...
[2025-07-27 15:57:56] [PROGRESS] resolve files> Scanning C:\Users\brook\code\HNPattacker_WB\data\JobCenter-master\app\static\js\plugins\layer\layim...
[2025-07-27 15:57:56] [PROGRESS] resolve files> Scanning C:\Users\brook\code\HNPattacker_WB\data\JobCenter-master\app\static\js\plugins\layer\layim\data...
[2025-07-27 15:57:56] [PROGRESS] resolve files> Scanning C:\Users\brook\code\HNPattacker_WB\data\JobCenter-master\app\static\js\plugins\layer\skin...
[2025-07-27 15:57:56] [PROGRESS] resolve files> Scanning C:\Users\brook\code\HNPattacker_WB\data\JobCenter-master\app\static\js\plugins\layer\skin\default...
[2025-07-27 15:57:56] [PROGRESS] resolve files> Scanning C:\Users\brook\code\HNPattacker_WB\data\JobCenter-master\app\static\js\plugins\layer\skin\moon...
[2025-07-27 15:57:56] [PROGRESS] resolve files> Scanning C:\Users\brook\code\HNPattacker_WB\data\JobCenter-master\app\static\js\plugins\markdown...
[2025-07-27 15:57:56] [PROGRESS] resolve files> Scanning C:\Users\brook\code\HNPattacker_WB\data\JobCenter-master\app\static\js\plugins\metisMenu...
[2025-07-27 15:57:56] [PROGRESS] resolve files> Scanning C:\Users\brook\code\HNPattacker_WB\data\JobCenter-master\app\static\js\plugins\morris...
[2025-07-27 15:57:56] [PROGRESS] resolve files> Scanning C:\Users\brook\code\HNPattacker_WB\data\JobCenter-master\app\static\js\plugins\multiselect...
[2025-07-27 15:57:56] [PROGRESS] resolve files> Scanning C:\Users\brook\code\HNPattacker_WB\data\JobCenter-master\app\static\js\plugins\nestable...
[2025-07-27 15:57:56] [PROGRESS] resolve files> Scanning C:\Users\brook\code\HNPattacker_WB\data\JobCenter-master\app\static\js\plugins\nouslider...
[2025-07-27 15:57:56] [PROGRESS] resolve files> Scanning C:\Users\brook\code\HNPattacker_WB\data\JobCenter-master\app\static\js\plugins\pace...
[2025-07-27 15:57:56] [PROGRESS] resolve files> Scanning C:\Users\brook\code\HNPattacker_WB\data\JobCenter-master\app\static\js\plugins\peity...
[2025-07-27 15:57:56] [PROGRESS] resolve files> Scanning C:\Users\brook\code\HNPattacker_WB\data\JobCenter-master\app\static\js\plugins\plyr...
[2025-07-27 15:57:56] [PROGRESS] resolve files> Scanning C:\Users\brook\code\HNPattacker_WB\data\JobCenter-master\app\static\js\plugins\preetyTextDiff...
[2025-07-27 15:57:56] [PROGRESS] resolve files> Scanning C:\Users\brook\code\HNPattacker_WB\data\JobCenter-master\app\static\js\plugins\prettyfile...
[2025-07-27 15:57:56] [PROGRESS] resolve files> Scanning C:\Users\brook\code\HNPattacker_WB\data\JobCenter-master\app\static\js\plugins\rickshaw...
[2025-07-27 15:57:56] [PROGRESS] resolve files> Scanning C:\Users\brook\code\HNPattacker_WB\data\JobCenter-master\app\static\js\plugins\rickshaw\vendor...
[2025-07-27 15:57:56] [PROGRESS] resolve files> Scanning C:\Users\brook\code\HNPattacker_WB\data\JobCenter-master\app\static\js\plugins\simditor...
[2025-07-27 15:57:56] [PROGRESS] resolve files> Scanning C:\Users\brook\code\HNPattacker_WB\data\JobCenter-master\app\static\js\plugins\slimscroll...
[2025-07-27 15:57:56] [PROGRESS] resolve files> Scanning C:\Users\brook\code\HNPattacker_WB\data\JobCenter-master\app\static\js\plugins\sparkline...
[2025-07-27 15:57:56] [PROGRESS] resolve files> Scanning C:\Users\brook\code\HNPattacker_WB\data\JobCenter-master\app\static\js\plugins\staps...
[2025-07-27 15:57:56] [PROGRESS] resolve files> Scanning C:\Users\brook\code\HNPattacker_WB\data\JobCenter-master\app\static\js\plugins\suggest...
[2025-07-27 15:57:56] [PROGRESS] resolve files> Scanning C:\Users\brook\code\HNPattacker_WB\data\JobCenter-master\app\static\js\plugins\summernote...
[2025-07-27 15:57:56] [PROGRESS] resolve files> Scanning C:\Users\brook\code\HNPattacker_WB\data\JobCenter-master\app\static\js\plugins\sweetalert...
[2025-07-27 15:57:56] [PROGRESS] resolve files> Scanning C:\Users\brook\code\HNPattacker_WB\data\JobCenter-master\app\static\js\plugins\switchery...
[2025-07-27 15:57:56] [PROGRESS] resolve files> Scanning C:\Users\brook\code\HNPattacker_WB\data\JobCenter-master\app\static\js\plugins\toastr...
[2025-07-27 15:57:56] [PROGRESS] resolve files> Scanning C:\Users\brook\code\HNPattacker_WB\data\JobCenter-master\app\static\js\plugins\treeview...
[2025-07-27 15:57:56] [PROGRESS] resolve files> Scanning C:\Users\brook\code\HNPattacker_WB\data\JobCenter-master\app\static\js\plugins\validate...
[2025-07-27 15:57:56] [PROGRESS] resolve files> Scanning C:\Users\brook\code\HNPattacker_WB\data\JobCenter-master\app\static\js\plugins\webuploader...
[2025-07-27 15:57:56] [PROGRESS] resolve files> Scanning C:\Users\brook\code\HNPattacker_WB\data\JobCenter-master\app\static\opsplatform...
[2025-07-27 15:57:56] [PROGRESS] resolve files> Scanning C:\Users\brook\code\HNPattacker_WB\data\JobCenter-master\app\static\opsplatform\css...
[2025-07-27 15:57:56] [PROGRESS] resolve files> Scanning C:\Users\brook\code\HNPattacker_WB\data\JobCenter-master\app\static\opsplatform\css\patterns...
[2025-07-27 15:57:56] [PROGRESS] resolve files> Scanning C:\Users\brook\code\HNPattacker_WB\data\JobCenter-master\app\static\opsplatform\css\plugins...
[2025-07-27 15:57:56] [PROGRESS] resolve files> Scanning C:\Users\brook\code\HNPattacker_WB\data\JobCenter-master\app\static\opsplatform\css\plugins\awesome-bootstrap-checkbox...
[2025-07-27 15:57:56] [PROGRESS] resolve files> Scanning C:\Users\brook\code\HNPattacker_WB\data\JobCenter-master\app\static\opsplatform\css\plugins\blueimp...
[2025-07-27 15:57:56] [PROGRESS] resolve files> Scanning C:\Users\brook\code\HNPattacker_WB\data\JobCenter-master\app\static\opsplatform\css\plugins\blueimp\css...
[2025-07-27 15:57:56] [PROGRESS] resolve files> Scanning C:\Users\brook\code\HNPattacker_WB\data\JobCenter-master\app\static\opsplatform\css\plugins\blueimp\img...
[2025-07-27 15:57:56] [PROGRESS] resolve files> Scanning C:\Users\brook\code\HNPattacker_WB\data\JobCenter-master\app\static\opsplatform\css\plugins\bootstrap-markdown...
[2025-07-27 15:57:56] [PROGRESS] resolve files> Scanning C:\Users\brook\code\HNPattacker_WB\data\JobCenter-master\app\static\opsplatform\css\plugins\bootstrap-rtl...
[2025-07-27 15:57:56] [PROGRESS] resolve files> Scanning C:\Users\brook\code\HNPattacker_WB\data\JobCenter-master\app\static\opsplatform\css\plugins\bootstrap-tagsinput...
[2025-07-27 15:57:56] [PROGRESS] resolve files> Scanning C:\Users\brook\code\HNPattacker_WB\data\JobCenter-master\app\static\opsplatform\css\plugins\bootstrapSocial...
[2025-07-27 15:57:56] [PROGRESS] resolve files> Scanning C:\Users\brook\code\HNPattacker_WB\data\JobCenter-master\app\static\opsplatform\css\plugins\bootstrapTour...
[2025-07-27 15:57:56] [PROGRESS] resolve files> Scanning C:\Users\brook\code\HNPattacker_WB\data\JobCenter-master\app\static\opsplatform\css\plugins\c3...
[2025-07-27 15:57:56] [PROGRESS] resolve files> Scanning C:\Users\brook\code\HNPattacker_WB\data\JobCenter-master\app\static\opsplatform\css\plugins\chartist...
[2025-07-27 15:57:56] [PROGRESS] resolve files> Scanning C:\Users\brook\code\HNPattacker_WB\data\JobCenter-master\app\static\opsplatform\css\plugins\chosen...
[2025-07-27 15:57:56] [PROGRESS] resolve files> Scanning C:\Users\brook\code\HNPattacker_WB\data\JobCenter-master\app\static\opsplatform\css\plugins\clockpicker...
[2025-07-27 15:57:56] [PROGRESS] resolve files> Scanning C:\Users\brook\code\HNPattacker_WB\data\JobCenter-master\app\static\opsplatform\css\plugins\codemirror...
[2025-07-27 15:57:56] [PROGRESS] resolve files> Scanning C:\Users\brook\code\HNPattacker_WB\data\JobCenter-master\app\static\opsplatform\css\plugins\colorpicker...
[2025-07-27 15:57:56] [PROGRESS] resolve files> Scanning C:\Users\brook\code\HNPattacker_WB\data\JobCenter-master\app\static\opsplatform\css\plugins\cropper...
[2025-07-27 15:57:56] [PROGRESS] resolve files> Scanning C:\Users\brook\code\HNPattacker_WB\data\JobCenter-master\app\static\opsplatform\css\plugins\datapicker...
[2025-07-27 15:57:56] [PROGRESS] resolve files> Scanning C:\Users\brook\code\HNPattacker_WB\data\JobCenter-master\app\static\opsplatform\css\plugins\dataTables...
[2025-07-27 15:57:56] [PROGRESS] resolve files> Scanning C:\Users\brook\code\HNPattacker_WB\data\JobCenter-master\app\static\opsplatform\css\plugins\daterangepicker...
[2025-07-27 15:57:56] [PROGRESS] resolve files> Scanning C:\Users\brook\code\HNPattacker_WB\data\JobCenter-master\app\static\opsplatform\css\plugins\dropzone...
[2025-07-27 15:57:56] [PROGRESS] resolve files> Scanning C:\Users\brook\code\HNPattacker_WB\data\JobCenter-master\app\static\opsplatform\css\plugins\dualListbox...
[2025-07-27 15:57:56] [PROGRESS] resolve files> Scanning C:\Users\brook\code\HNPattacker_WB\data\JobCenter-master\app\static\opsplatform\css\plugins\footable...
[2025-07-27 15:57:56] [PROGRESS] resolve files> Scanning C:\Users\brook\code\HNPattacker_WB\data\JobCenter-master\app\static\opsplatform\css\plugins\footable\fonts...
[2025-07-27 15:57:56] [PROGRESS] resolve files> Scanning C:\Users\brook\code\HNPattacker_WB\data\JobCenter-master\app\static\opsplatform\css\plugins\fullcalendar...
[2025-07-27 15:57:56] [PROGRESS] resolve files> Scanning C:\Users\brook\code\HNPattacker_WB\data\JobCenter-master\app\static\opsplatform\css\plugins\iCheck...
[2025-07-27 15:57:56] [PROGRESS] resolve files> Scanning C:\Users\brook\code\HNPattacker_WB\data\JobCenter-master\app\static\opsplatform\css\plugins\images...
[2025-07-27 15:57:56] [PROGRESS] resolve files> Scanning C:\Users\brook\code\HNPattacker_WB\data\JobCenter-master\app\static\opsplatform\css\plugins\images\bootstrap-colorpicker...
[2025-07-27 15:57:56] [PROGRESS] resolve files> Scanning C:\Users\brook\code\HNPattacker_WB\data\JobCenter-master\app\static\opsplatform\css\plugins\ionRangeSlider...
[2025-07-27 15:57:56] [PROGRESS] resolve files> Scanning C:\Users\brook\code\HNPattacker_WB\data\JobCenter-master\app\static\opsplatform\css\plugins\jasny...
[2025-07-27 15:57:56] [PROGRESS] resolve files> Scanning C:\Users\brook\code\HNPattacker_WB\data\JobCenter-master\app\static\opsplatform\css\plugins\jqGrid...
[2025-07-27 15:57:56] [PROGRESS] resolve files> Scanning C:\Users\brook\code\HNPattacker_WB\data\JobCenter-master\app\static\opsplatform\css\plugins\jQueryUI...
[2025-07-27 15:57:56] [PROGRESS] resolve files> Scanning C:\Users\brook\code\HNPattacker_WB\data\JobCenter-master\app\static\opsplatform\css\plugins\jQueryUI\images...
[2025-07-27 15:57:56] [PROGRESS] resolve files> Scanning C:\Users\brook\code\HNPattacker_WB\data\JobCenter-master\app\static\opsplatform\css\plugins\jsTree...
[2025-07-27 15:57:56] [PROGRESS] resolve files> Scanning C:\Users\brook\code\HNPattacker_WB\data\JobCenter-master\app\static\opsplatform\css\plugins\ladda...
[2025-07-27 15:57:56] [PROGRESS] resolve files> Scanning C:\Users\brook\code\HNPattacker_WB\data\JobCenter-master\app\static\opsplatform\css\plugins\morris...
[2025-07-27 15:57:56] [PROGRESS] resolve files> Scanning C:\Users\brook\code\HNPattacker_WB\data\JobCenter-master\app\static\opsplatform\css\plugins\nouslider...
[2025-07-27 15:57:56] [PROGRESS] resolve files> Scanning C:\Users\brook\code\HNPattacker_WB\data\JobCenter-master\app\static\opsplatform\css\plugins\select2...
[2025-07-27 15:57:56] [PROGRESS] resolve files> Scanning C:\Users\brook\code\HNPattacker_WB\data\JobCenter-master\app\static\opsplatform\css\plugins\slick...
[2025-07-27 15:57:56] [PROGRESS] resolve files> Scanning C:\Users\brook\code\HNPattacker_WB\data\JobCenter-master\app\static\opsplatform\css\plugins\slick\fonts...
[2025-07-27 15:57:56] [PROGRESS] resolve files> Scanning C:\Users\brook\code\HNPattacker_WB\data\JobCenter-master\app\static\opsplatform\css\plugins\social-buttons...
[2025-07-27 15:57:56] [PROGRESS] resolve files> Scanning C:\Users\brook\code\HNPattacker_WB\data\JobCenter-master\app\static\opsplatform\css\plugins\steps...
[2025-07-27 15:57:56] [PROGRESS] resolve files> Scanning C:\Users\brook\code\HNPattacker_WB\data\JobCenter-master\app\static\opsplatform\css\plugins\summernote...
[2025-07-27 15:57:56] [PROGRESS] resolve files> Scanning C:\Users\brook\code\HNPattacker_WB\data\JobCenter-master\app\static\opsplatform\css\plugins\summernote\font...
[2025-07-27 15:57:56] [PROGRESS] resolve files> Scanning C:\Users\brook\code\HNPattacker_WB\data\JobCenter-master\app\static\opsplatform\css\plugins\sweetalert...
[2025-07-27 15:57:56] [PROGRESS] resolve files> Scanning C:\Users\brook\code\HNPattacker_WB\data\JobCenter-master\app\static\opsplatform\css\plugins\switchery...
[2025-07-27 15:57:56] [PROGRESS] resolve files> Scanning C:\Users\brook\code\HNPattacker_WB\data\JobCenter-master\app\static\opsplatform\css\plugins\toastr...
[2025-07-27 15:57:56] [PROGRESS] resolve files> Scanning C:\Users\brook\code\HNPattacker_WB\data\JobCenter-master\app\static\opsplatform\css\plugins\touchspin...
[2025-07-27 15:57:56] [PROGRESS] resolve files> Scanning C:\Users\brook\code\HNPattacker_WB\data\JobCenter-master\app\static\opsplatform\font-awesome...
[2025-07-27 15:57:56] [PROGRESS] resolve files> Scanning C:\Users\brook\code\HNPattacker_WB\data\JobCenter-master\app\static\opsplatform\font-awesome\css...
[2025-07-27 15:57:56] [PROGRESS] resolve files> Scanning C:\Users\brook\code\HNPattacker_WB\data\JobCenter-master\app\static\opsplatform\font-awesome\fonts...
[2025-07-27 15:57:56] [PROGRESS] resolve files> Scanning C:\Users\brook\code\HNPattacker_WB\data\JobCenter-master\app\static\opsplatform\font-awesome\less...
[2025-07-27 15:57:56] [PROGRESS] resolve files> Scanning C:\Users\brook\code\HNPattacker_WB\data\JobCenter-master\app\static\opsplatform\font-awesome\scss...
[2025-07-27 15:57:56] [PROGRESS] resolve files> Scanning C:\Users\brook\code\HNPattacker_WB\data\JobCenter-master\app\static\opsplatform\fonts...
[2025-07-27 15:57:56] [PROGRESS] resolve files> Scanning C:\Users\brook\code\HNPattacker_WB\data\JobCenter-master\app\static\opsplatform\img...
[2025-07-27 15:57:56] [PROGRESS] resolve files> Scanning C:\Users\brook\code\HNPattacker_WB\data\JobCenter-master\app\static\opsplatform\js...
[2025-07-27 15:57:56] [PROGRESS] resolve files> Scanning C:\Users\brook\code\HNPattacker_WB\data\JobCenter-master\app\static\opsplatform\js\api...
[2025-07-27 15:57:56] [PROGRESS] resolve files> Scanning C:\Users\brook\code\HNPattacker_WB\data\JobCenter-master\app\static\opsplatform\js\demo...
[2025-07-27 15:57:56] [PROGRESS] resolve files> Scanning C:\Users\brook\code\HNPattacker_WB\data\JobCenter-master\app\static\opsplatform\js\plugins...
[2025-07-27 15:57:56] [PROGRESS] resolve files> Scanning C:\Users\brook\code\HNPattacker_WB\data\JobCenter-master\app\static\opsplatform\js\plugins\blueimp...
[2025-07-27 15:57:56] [PROGRESS] resolve files> Scanning C:\Users\brook\code\HNPattacker_WB\data\JobCenter-master\app\static\opsplatform\js\plugins\bootstrap-markdown...
[2025-07-27 15:57:56] [PROGRESS] resolve files> Scanning C:\Users\brook\code\HNPattacker_WB\data\JobCenter-master\app\static\opsplatform\js\plugins\bootstrap-tagsinput...
[2025-07-27 15:57:56] [PROGRESS] resolve files> Scanning C:\Users\brook\code\HNPattacker_WB\data\JobCenter-master\app\static\opsplatform\js\plugins\bootstrapTour...
[2025-07-27 15:57:56] [PROGRESS] resolve files> Scanning C:\Users\brook\code\HNPattacker_WB\data\JobCenter-master\app\static\opsplatform\js\plugins\c3...
[2025-07-27 15:57:56] [PROGRESS] resolve files> Scanning C:\Users\brook\code\HNPattacker_WB\data\JobCenter-master\app\static\opsplatform\js\plugins\chartist...
[2025-07-27 15:57:56] [PROGRESS] resolve files> Scanning C:\Users\brook\code\HNPattacker_WB\data\JobCenter-master\app\static\opsplatform\js\plugins\chartJs...
[2025-07-27 15:57:56] [PROGRESS] resolve files> Scanning C:\Users\brook\code\HNPattacker_WB\data\JobCenter-master\app\static\opsplatform\js\plugins\chosen...
[2025-07-27 15:57:56] [PROGRESS] resolve files> Scanning C:\Users\brook\code\HNPattacker_WB\data\JobCenter-master\app\static\opsplatform\js\plugins\clipboard...
[2025-07-27 15:57:56] [PROGRESS] resolve files> Scanning C:\Users\brook\code\HNPattacker_WB\data\JobCenter-master\app\static\opsplatform\js\plugins\clockpicker...
[2025-07-27 15:57:56] [PROGRESS] resolve files> Scanning C:\Users\brook\code\HNPattacker_WB\data\JobCenter-master\app\static\opsplatform\js\plugins\codemirror...
[2025-07-27 15:57:56] [PROGRESS] resolve files> Scanning C:\Users\brook\code\HNPattacker_WB\data\JobCenter-master\app\static\opsplatform\js\plugins\codemirror\mode...
[2025-07-27 15:57:56] [PROGRESS] resolve files> Scanning C:\Users\brook\code\HNPattacker_WB\data\JobCenter-master\app\static\opsplatform\js\plugins\codemirror\mode\apl...
[2025-07-27 15:57:56] [PROGRESS] resolve files> Scanning C:\Users\brook\code\HNPattacker_WB\data\JobCenter-master\app\static\opsplatform\js\plugins\codemirror\mode\asterisk...
[2025-07-27 15:57:56] [PROGRESS] resolve files> Scanning C:\Users\brook\code\HNPattacker_WB\data\JobCenter-master\app\static\opsplatform\js\plugins\codemirror\mode\clike...
[2025-07-27 15:57:56] [PROGRESS] resolve files> Scanning C:\Users\brook\code\HNPattacker_WB\data\JobCenter-master\app\static\opsplatform\js\plugins\codemirror\mode\clojure...
[2025-07-27 15:57:56] [PROGRESS] resolve files> Scanning C:\Users\brook\code\HNPattacker_WB\data\JobCenter-master\app\static\opsplatform\js\plugins\codemirror\mode\cobol...
[2025-07-27 15:57:56] [PROGRESS] resolve files> Scanning C:\Users\brook\code\HNPattacker_WB\data\JobCenter-master\app\static\opsplatform\js\plugins\codemirror\mode\coffeescript...
[2025-07-27 15:57:56] [PROGRESS] resolve files> Scanning C:\Users\brook\code\HNPattacker_WB\data\JobCenter-master\app\static\opsplatform\js\plugins\codemirror\mode\commonlisp...
[2025-07-27 15:57:56] [PROGRESS] resolve files> Scanning C:\Users\brook\code\HNPattacker_WB\data\JobCenter-master\app\static\opsplatform\js\plugins\codemirror\mode\css...
[2025-07-27 15:57:56] [PROGRESS] resolve files> Scanning C:\Users\brook\code\HNPattacker_WB\data\JobCenter-master\app\static\opsplatform\js\plugins\codemirror\mode\cypher...
[2025-07-27 15:57:56] [PROGRESS] resolve files> Scanning C:\Users\brook\code\HNPattacker_WB\data\JobCenter-master\app\static\opsplatform\js\plugins\codemirror\mode\d...
[2025-07-27 15:57:56] [PROGRESS] resolve files> Scanning C:\Users\brook\code\HNPattacker_WB\data\JobCenter-master\app\static\opsplatform\js\plugins\codemirror\mode\diff...
[2025-07-27 15:57:56] [PROGRESS] resolve files> Scanning C:\Users\brook\code\HNPattacker_WB\data\JobCenter-master\app\static\opsplatform\js\plugins\codemirror\mode\django...
[2025-07-27 15:57:56] [PROGRESS] resolve files> Scanning C:\Users\brook\code\HNPattacker_WB\data\JobCenter-master\app\static\opsplatform\js\plugins\codemirror\mode\dtd...
[2025-07-27 15:57:56] [PROGRESS] resolve files> Scanning C:\Users\brook\code\HNPattacker_WB\data\JobCenter-master\app\static\opsplatform\js\plugins\codemirror\mode\dylan...
[2025-07-27 15:57:56] [PROGRESS] resolve files> Scanning C:\Users\brook\code\HNPattacker_WB\data\JobCenter-master\app\static\opsplatform\js\plugins\codemirror\mode\ecl...
[2025-07-27 15:57:56] [PROGRESS] resolve files> Scanning C:\Users\brook\code\HNPattacker_WB\data\JobCenter-master\app\static\opsplatform\js\plugins\codemirror\mode\eiffel...
[2025-07-27 15:57:56] [PROGRESS] resolve files> Scanning C:\Users\brook\code\HNPattacker_WB\data\JobCenter-master\app\static\opsplatform\js\plugins\codemirror\mode\erlang...
[2025-07-27 15:57:56] [PROGRESS] resolve files> Scanning C:\Users\brook\code\HNPattacker_WB\data\JobCenter-master\app\static\opsplatform\js\plugins\codemirror\mode\fortran...
[2025-07-27 15:57:56] [PROGRESS] resolve files> Scanning C:\Users\brook\code\HNPattacker_WB\data\JobCenter-master\app\static\opsplatform\js\plugins\codemirror\mode\gas...
[2025-07-27 15:57:56] [PROGRESS] resolve files> Scanning C:\Users\brook\code\HNPattacker_WB\data\JobCenter-master\app\static\opsplatform\js\plugins\codemirror\mode\gfm...
[2025-07-27 15:57:56] [PROGRESS] resolve files> Scanning C:\Users\brook\code\HNPattacker_WB\data\JobCenter-master\app\static\opsplatform\js\plugins\codemirror\mode\gherkin...
[2025-07-27 15:57:56] [PROGRESS] resolve files> Scanning C:\Users\brook\code\HNPattacker_WB\data\JobCenter-master\app\static\opsplatform\js\plugins\codemirror\mode\go...
[2025-07-27 15:57:56] [PROGRESS] resolve files> Scanning C:\Users\brook\code\HNPattacker_WB\data\JobCenter-master\app\static\opsplatform\js\plugins\codemirror\mode\groovy...
[2025-07-27 15:57:56] [PROGRESS] resolve files> Scanning C:\Users\brook\code\HNPattacker_WB\data\JobCenter-master\app\static\opsplatform\js\plugins\codemirror\mode\haml...
[2025-07-27 15:57:56] [PROGRESS] resolve files> Scanning C:\Users\brook\code\HNPattacker_WB\data\JobCenter-master\app\static\opsplatform\js\plugins\codemirror\mode\haskell...
[2025-07-27 15:57:56] [PROGRESS] resolve files> Scanning C:\Users\brook\code\HNPattacker_WB\data\JobCenter-master\app\static\opsplatform\js\plugins\codemirror\mode\haxe...
[2025-07-27 15:57:56] [PROGRESS] resolve files> Scanning C:\Users\brook\code\HNPattacker_WB\data\JobCenter-master\app\static\opsplatform\js\plugins\codemirror\mode\htmlembedded...
[2025-07-27 15:57:56] [PROGRESS] resolve files> Scanning C:\Users\brook\code\HNPattacker_WB\data\JobCenter-master\app\static\opsplatform\js\plugins\codemirror\mode\htmlmixed...
[2025-07-27 15:57:56] [PROGRESS] resolve files> Scanning C:\Users\brook\code\HNPattacker_WB\data\JobCenter-master\app\static\opsplatform\js\plugins\codemirror\mode\http...
[2025-07-27 15:57:56] [PROGRESS] resolve files> Scanning C:\Users\brook\code\HNPattacker_WB\data\JobCenter-master\app\static\opsplatform\js\plugins\codemirror\mode\jade...
[2025-07-27 15:57:56] [PROGRESS] resolve files> Scanning C:\Users\brook\code\HNPattacker_WB\data\JobCenter-master\app\static\opsplatform\js\plugins\codemirror\mode\javascript...
[2025-07-27 15:57:56] [PROGRESS] resolve files> Scanning C:\Users\brook\code\HNPattacker_WB\data\JobCenter-master\app\static\opsplatform\js\plugins\codemirror\mode\jinja2...
[2025-07-27 15:57:56] [PROGRESS] resolve files> Scanning C:\Users\brook\code\HNPattacker_WB\data\JobCenter-master\app\static\opsplatform\js\plugins\codemirror\mode\julia...
[2025-07-27 15:57:56] [PROGRESS] resolve files> Scanning C:\Users\brook\code\HNPattacker_WB\data\JobCenter-master\app\static\opsplatform\js\plugins\codemirror\mode\kotlin...
[2025-07-27 15:57:56] [PROGRESS] resolve files> Scanning C:\Users\brook\code\HNPattacker_WB\data\JobCenter-master\app\static\opsplatform\js\plugins\codemirror\mode\livescript...
[2025-07-27 15:57:56] [PROGRESS] resolve files> Scanning C:\Users\brook\code\HNPattacker_WB\data\JobCenter-master\app\static\opsplatform\js\plugins\codemirror\mode\lua...
[2025-07-27 15:57:56] [PROGRESS] resolve files> Scanning C:\Users\brook\code\HNPattacker_WB\data\JobCenter-master\app\static\opsplatform\js\plugins\codemirror\mode\markdown...
[2025-07-27 15:57:56] [PROGRESS] resolve files> Scanning C:\Users\brook\code\HNPattacker_WB\data\JobCenter-master\app\static\opsplatform\js\plugins\codemirror\mode\mirc...
[2025-07-27 15:57:56] [PROGRESS] resolve files> Scanning C:\Users\brook\code\HNPattacker_WB\data\JobCenter-master\app\static\opsplatform\js\plugins\codemirror\mode\mllike...
[2025-07-27 15:57:56] [PROGRESS] resolve files> Scanning C:\Users\brook\code\HNPattacker_WB\data\JobCenter-master\app\static\opsplatform\js\plugins\codemirror\mode\modelica...
[2025-07-27 15:57:56] [PROGRESS] resolve files> Scanning C:\Users\brook\code\HNPattacker_WB\data\JobCenter-master\app\static\opsplatform\js\plugins\codemirror\mode\nginx...
[2025-07-27 15:57:56] [PROGRESS] resolve files> Scanning C:\Users\brook\code\HNPattacker_WB\data\JobCenter-master\app\static\opsplatform\js\plugins\codemirror\mode\ntriples...
[2025-07-27 15:57:56] [PROGRESS] resolve files> Scanning C:\Users\brook\code\HNPattacker_WB\data\JobCenter-master\app\static\opsplatform\js\plugins\codemirror\mode\octave...
[2025-07-27 15:57:56] [PROGRESS] resolve files> Scanning C:\Users\brook\code\HNPattacker_WB\data\JobCenter-master\app\static\opsplatform\js\plugins\codemirror\mode\pascal...
[2025-07-27 15:57:56] [PROGRESS] resolve files> Scanning C:\Users\brook\code\HNPattacker_WB\data\JobCenter-master\app\static\opsplatform\js\plugins\codemirror\mode\pegjs...
[2025-07-27 15:57:56] [PROGRESS] resolve files> Scanning C:\Users\brook\code\HNPattacker_WB\data\JobCenter-master\app\static\opsplatform\js\plugins\codemirror\mode\perl...
[2025-07-27 15:57:56] [PROGRESS] resolve files> Scanning C:\Users\brook\code\HNPattacker_WB\data\JobCenter-master\app\static\opsplatform\js\plugins\codemirror\mode\php...
[2025-07-27 15:57:56] [PROGRESS] resolve files> Scanning C:\Users\brook\code\HNPattacker_WB\data\JobCenter-master\app\static\opsplatform\js\plugins\codemirror\mode\pig...
[2025-07-27 15:57:56] [PROGRESS] resolve files> Scanning C:\Users\brook\code\HNPattacker_WB\data\JobCenter-master\app\static\opsplatform\js\plugins\codemirror\mode\properties...
[2025-07-27 15:57:56] [PROGRESS] resolve files> Scanning C:\Users\brook\code\HNPattacker_WB\data\JobCenter-master\app\static\opsplatform\js\plugins\codemirror\mode\puppet...
[2025-07-27 15:57:56] [PROGRESS] resolve files> Scanning C:\Users\brook\code\HNPattacker_WB\data\JobCenter-master\app\static\opsplatform\js\plugins\codemirror\mode\python...
[2025-07-27 15:57:56] [PROGRESS] resolve files> Scanning C:\Users\brook\code\HNPattacker_WB\data\JobCenter-master\app\static\opsplatform\js\plugins\codemirror\mode\q...
[2025-07-27 15:57:56] [PROGRESS] resolve files> Scanning C:\Users\brook\code\HNPattacker_WB\data\JobCenter-master\app\static\opsplatform\js\plugins\codemirror\mode\r...
[2025-07-27 15:57:56] [PROGRESS] resolve files> Scanning C:\Users\brook\code\HNPattacker_WB\data\JobCenter-master\app\static\opsplatform\js\plugins\codemirror\mode\rpm...
[2025-07-27 15:57:56] [PROGRESS] resolve files> Scanning C:\Users\brook\code\HNPattacker_WB\data\JobCenter-master\app\static\opsplatform\js\plugins\codemirror\mode\rpm\changes...
[2025-07-27 15:57:56] [PROGRESS] resolve files> Scanning C:\Users\brook\code\HNPattacker_WB\data\JobCenter-master\app\static\opsplatform\js\plugins\codemirror\mode\rst...
[2025-07-27 15:57:56] [PROGRESS] resolve files> Scanning C:\Users\brook\code\HNPattacker_WB\data\JobCenter-master\app\static\opsplatform\js\plugins\codemirror\mode\ruby...
[2025-07-27 15:57:56] [PROGRESS] resolve files> Scanning C:\Users\brook\code\HNPattacker_WB\data\JobCenter-master\app\static\opsplatform\js\plugins\codemirror\mode\rust...
[2025-07-27 15:57:56] [PROGRESS] resolve files> Scanning C:\Users\brook\code\HNPattacker_WB\data\JobCenter-master\app\static\opsplatform\js\plugins\codemirror\mode\sass...
[2025-07-27 15:57:56] [PROGRESS] resolve files> Scanning C:\Users\brook\code\HNPattacker_WB\data\JobCenter-master\app\static\opsplatform\js\plugins\codemirror\mode\scheme...
[2025-07-27 15:57:56] [PROGRESS] resolve files> Scanning C:\Users\brook\code\HNPattacker_WB\data\JobCenter-master\app\static\opsplatform\js\plugins\codemirror\mode\shell...
[2025-07-27 15:57:56] [PROGRESS] resolve files> Scanning C:\Users\brook\code\HNPattacker_WB\data\JobCenter-master\app\static\opsplatform\js\plugins\codemirror\mode\sieve...
[2025-07-27 15:57:56] [PROGRESS] resolve files> Scanning C:\Users\brook\code\HNPattacker_WB\data\JobCenter-master\app\static\opsplatform\js\plugins\codemirror\mode\slim...
[2025-07-27 15:57:56] [PROGRESS] resolve files> Scanning C:\Users\brook\code\HNPattacker_WB\data\JobCenter-master\app\static\opsplatform\js\plugins\codemirror\mode\smalltalk...
[2025-07-27 15:57:56] [PROGRESS] resolve files> Scanning C:\Users\brook\code\HNPattacker_WB\data\JobCenter-master\app\static\opsplatform\js\plugins\codemirror\mode\smarty...
[2025-07-27 15:57:56] [PROGRESS] resolve files> Scanning C:\Users\brook\code\HNPattacker_WB\data\JobCenter-master\app\static\opsplatform\js\plugins\codemirror\mode\smartymixed...
[2025-07-27 15:57:56] [PROGRESS] resolve files> Scanning C:\Users\brook\code\HNPattacker_WB\data\JobCenter-master\app\static\opsplatform\js\plugins\codemirror\mode\solr...
[2025-07-27 15:57:56] [PROGRESS] resolve files> Scanning C:\Users\brook\code\HNPattacker_WB\data\JobCenter-master\app\static\opsplatform\js\plugins\codemirror\mode\sparql...
[2025-07-27 15:57:56] [PROGRESS] resolve files> Scanning C:\Users\brook\code\HNPattacker_WB\data\JobCenter-master\app\static\opsplatform\js\plugins\codemirror\mode\sql...
[2025-07-27 15:57:56] [PROGRESS] resolve files> Scanning C:\Users\brook\code\HNPattacker_WB\data\JobCenter-master\app\static\opsplatform\js\plugins\codemirror\mode\stex...
[2025-07-27 15:57:56] [PROGRESS] resolve files> Scanning C:\Users\brook\code\HNPattacker_WB\data\JobCenter-master\app\static\opsplatform\js\plugins\codemirror\mode\tcl...
[2025-07-27 15:57:56] [PROGRESS] resolve files> Scanning C:\Users\brook\code\HNPattacker_WB\data\JobCenter-master\app\static\opsplatform\js\plugins\codemirror\mode\textile...
[2025-07-27 15:57:56] [PROGRESS] resolve files> Scanning C:\Users\brook\code\HNPattacker_WB\data\JobCenter-master\app\static\opsplatform\js\plugins\codemirror\mode\tiddlywiki...
[2025-07-27 15:57:56] [PROGRESS] resolve files> Scanning C:\Users\brook\code\HNPattacker_WB\data\JobCenter-master\app\static\opsplatform\js\plugins\codemirror\mode\tiki...
[2025-07-27 15:57:56] [PROGRESS] resolve files> Scanning C:\Users\brook\code\HNPattacker_WB\data\JobCenter-master\app\static\opsplatform\js\plugins\codemirror\mode\toml...
[2025-07-27 15:57:56] [PROGRESS] resolve files> Scanning C:\Users\brook\code\HNPattacker_WB\data\JobCenter-master\app\static\opsplatform\js\plugins\codemirror\mode\tornado...
[2025-07-27 15:57:56] [PROGRESS] resolve files> Scanning C:\Users\brook\code\HNPattacker_WB\data\JobCenter-master\app\static\opsplatform\js\plugins\codemirror\mode\turtle...
[2025-07-27 15:57:56] [PROGRESS] resolve files> Scanning C:\Users\brook\code\HNPattacker_WB\data\JobCenter-master\app\static\opsplatform\js\plugins\codemirror\mode\vb...
[2025-07-27 15:57:56] [PROGRESS] resolve files> Scanning C:\Users\brook\code\HNPattacker_WB\data\JobCenter-master\app\static\opsplatform\js\plugins\codemirror\mode\vbscript...
[2025-07-27 15:57:56] [PROGRESS] resolve files> Scanning C:\Users\brook\code\HNPattacker_WB\data\JobCenter-master\app\static\opsplatform\js\plugins\codemirror\mode\velocity...
[2025-07-27 15:57:56] [PROGRESS] resolve files> Scanning C:\Users\brook\code\HNPattacker_WB\data\JobCenter-master\app\static\opsplatform\js\plugins\codemirror\mode\verilog...
[2025-07-27 15:57:56] [PROGRESS] resolve files> Scanning C:\Users\brook\code\HNPattacker_WB\data\JobCenter-master\app\static\opsplatform\js\plugins\codemirror\mode\xml...
[2025-07-27 15:57:56] [PROGRESS] resolve files> Scanning C:\Users\brook\code\HNPattacker_WB\data\JobCenter-master\app\static\opsplatform\js\plugins\codemirror\mode\xquery...
[2025-07-27 15:57:56] [PROGRESS] resolve files> Scanning C:\Users\brook\code\HNPattacker_WB\data\JobCenter-master\app\static\opsplatform\js\plugins\codemirror\mode\yaml...
[2025-07-27 15:57:56] [PROGRESS] resolve files> Scanning C:\Users\brook\code\HNPattacker_WB\data\JobCenter-master\app\static\opsplatform\js\plugins\codemirror\mode\z80...
[2025-07-27 15:57:56] [PROGRESS] resolve files> Scanning C:\Users\brook\code\HNPattacker_WB\data\JobCenter-master\app\static\opsplatform\js\plugins\colorpicker...
[2025-07-27 15:57:56] [PROGRESS] resolve files> Scanning C:\Users\brook\code\HNPattacker_WB\data\JobCenter-master\app\static\opsplatform\js\plugins\cropper...
[2025-07-27 15:57:56] [PROGRESS] resolve files> Scanning C:\Users\brook\code\HNPattacker_WB\data\JobCenter-master\app\static\opsplatform\js\plugins\d3...
[2025-07-27 15:57:56] [PROGRESS] resolve files> Scanning C:\Users\brook\code\HNPattacker_WB\data\JobCenter-master\app\static\opsplatform\js\plugins\datamaps...
[2025-07-27 15:57:56] [PROGRESS] resolve files> Scanning C:\Users\brook\code\HNPattacker_WB\data\JobCenter-master\app\static\opsplatform\js\plugins\dataTables...
[2025-07-27 15:57:56] [PROGRESS] resolve files> Scanning C:\Users\brook\code\HNPattacker_WB\data\JobCenter-master\app\static\opsplatform\js\plugins\daterangepicker...
[2025-07-27 15:57:56] [PROGRESS] resolve files> Scanning C:\Users\brook\code\HNPattacker_WB\data\JobCenter-master\app\static\opsplatform\js\plugins\diff_match_patch...
[2025-07-27 15:57:56] [PROGRESS] resolve files> Scanning C:\Users\brook\code\HNPattacker_WB\data\JobCenter-master\app\static\opsplatform\js\plugins\diff_match_patch\javascript...
[2025-07-27 15:57:56] [PROGRESS] resolve files> Scanning C:\Users\brook\code\HNPattacker_WB\data\JobCenter-master\app\static\opsplatform\js\plugins\dotdotdot...
[2025-07-27 15:57:56] [PROGRESS] resolve files> Scanning C:\Users\brook\code\HNPattacker_WB\data\JobCenter-master\app\static\opsplatform\js\plugins\dropzone...
[2025-07-27 15:57:56] [PROGRESS] resolve files> Scanning C:\Users\brook\code\HNPattacker_WB\data\JobCenter-master\app\static\opsplatform\js\plugins\dualListbox...
[2025-07-27 15:57:56] [PROGRESS] resolve files> Scanning C:\Users\brook\code\HNPattacker_WB\data\JobCenter-master\app\static\opsplatform\js\plugins\easypiechart...
[2025-07-27 15:57:56] [PROGRESS] resolve files> Scanning C:\Users\brook\code\HNPattacker_WB\data\JobCenter-master\app\static\opsplatform\js\plugins\flot...
[2025-07-27 15:57:56] [PROGRESS] resolve files> Scanning C:\Users\brook\code\HNPattacker_WB\data\JobCenter-master\app\static\opsplatform\js\plugins\footable...
[2025-07-27 15:57:56] [PROGRESS] resolve files> Scanning C:\Users\brook\code\HNPattacker_WB\data\JobCenter-master\app\static\opsplatform\js\plugins\fullcalendar...
[2025-07-27 15:57:56] [PROGRESS] resolve files> Scanning C:\Users\brook\code\HNPattacker_WB\data\JobCenter-master\app\static\opsplatform\js\plugins\gritter...
[2025-07-27 15:57:56] [PROGRESS] resolve files> Scanning C:\Users\brook\code\HNPattacker_WB\data\JobCenter-master\app\static\opsplatform\js\plugins\gritter\images...
[2025-07-27 15:57:56] [PROGRESS] resolve files> Scanning C:\Users\brook\code\HNPattacker_WB\data\JobCenter-master\app\static\opsplatform\js\plugins\i18next...
[2025-07-27 15:57:56] [PROGRESS] resolve files> Scanning C:\Users\brook\code\HNPattacker_WB\data\JobCenter-master\app\static\opsplatform\js\plugins\iCheck...
[2025-07-27 15:57:56] [PROGRESS] resolve files> Scanning C:\Users\brook\code\HNPattacker_WB\data\JobCenter-master\app\static\opsplatform\js\plugins\idle-timer...
[2025-07-27 15:57:56] [PROGRESS] resolve files> Scanning C:\Users\brook\code\HNPattacker_WB\data\JobCenter-master\app\static\opsplatform\js\plugins\ionRangeSlider...
[2025-07-27 15:57:56] [PROGRESS] resolve files> Scanning C:\Users\brook\code\HNPattacker_WB\data\JobCenter-master\app\static\opsplatform\js\plugins\jasny...
[2025-07-27 15:57:56] [PROGRESS] resolve files> Scanning C:\Users\brook\code\HNPattacker_WB\data\JobCenter-master\app\static\opsplatform\js\plugins\jeditable...
[2025-07-27 15:57:56] [PROGRESS] resolve files> Scanning C:\Users\brook\code\HNPattacker_WB\data\JobCenter-master\app\static\opsplatform\js\plugins\jqGrid...
[2025-07-27 15:57:56] [PROGRESS] resolve files> Scanning C:\Users\brook\code\HNPattacker_WB\data\JobCenter-master\app\static\opsplatform\js\plugins\jqGrid\i18n...
[2025-07-27 15:57:56] [PROGRESS] resolve files> Scanning C:\Users\brook\code\HNPattacker_WB\data\JobCenter-master\app\static\opsplatform\js\plugins\jquery-ui...
[2025-07-27 15:57:56] [PROGRESS] resolve files> Scanning C:\Users\brook\code\HNPattacker_WB\data\JobCenter-master\app\static\opsplatform\js\plugins\jquery-ui\i18n...
[2025-07-27 15:57:56] [PROGRESS] resolve files> Scanning C:\Users\brook\code\HNPattacker_WB\data\JobCenter-master\app\static\opsplatform\js\plugins\jquery-ui\images...
[2025-07-27 15:57:56] [PROGRESS] resolve files> Scanning C:\Users\brook\code\HNPattacker_WB\data\JobCenter-master\app\static\opsplatform\js\plugins\jsKnob...
[2025-07-27 15:57:56] [PROGRESS] resolve files> Scanning C:\Users\brook\code\HNPattacker_WB\data\JobCenter-master\app\static\opsplatform\js\plugins\jsTree...
[2025-07-27 15:57:56] [PROGRESS] resolve files> Scanning C:\Users\brook\code\HNPattacker_WB\data\JobCenter-master\app\static\opsplatform\js\plugins\justified-gallery...
[2025-07-27 15:57:56] [PROGRESS] resolve files> Scanning C:\Users\brook\code\HNPattacker_WB\data\JobCenter-master\app\static\opsplatform\js\plugins\jvectormap...
[2025-07-27 15:57:56] [PROGRESS] resolve files> Scanning C:\Users\brook\code\HNPattacker_WB\data\JobCenter-master\app\static\opsplatform\js\plugins\ladda...
[2025-07-27 15:57:56] [PROGRESS] resolve files> Scanning C:\Users\brook\code\HNPattacker_WB\data\JobCenter-master\app\static\opsplatform\js\plugins\masonary...
[2025-07-27 15:57:56] [PROGRESS] resolve files> Scanning C:\Users\brook\code\HNPattacker_WB\data\JobCenter-master\app\static\opsplatform\js\plugins\metisMenu...
[2025-07-27 15:57:56] [PROGRESS] resolve files> Scanning C:\Users\brook\code\HNPattacker_WB\data\JobCenter-master\app\static\opsplatform\js\plugins\morris...
[2025-07-27 15:57:56] [PROGRESS] resolve files> Scanning C:\Users\brook\code\HNPattacker_WB\data\JobCenter-master\app\static\opsplatform\js\plugins\nestable...
[2025-07-27 15:57:56] [PROGRESS] resolve files> Scanning C:\Users\brook\code\HNPattacker_WB\data\JobCenter-master\app\static\opsplatform\js\plugins\nouslider...
[2025-07-27 15:57:56] [PROGRESS] resolve files> Scanning C:\Users\brook\code\HNPattacker_WB\data\JobCenter-master\app\static\opsplatform\js\plugins\pace...
[2025-07-27 15:57:56] [PROGRESS] resolve files> Scanning C:\Users\brook\code\HNPattacker_WB\data\JobCenter-master\app\static\opsplatform\js\plugins\pdfjs...
[2025-07-27 15:57:56] [PROGRESS] resolve files> Scanning C:\Users\brook\code\HNPattacker_WB\data\JobCenter-master\app\static\opsplatform\js\plugins\peity...
[2025-07-27 15:57:56] [PROGRESS] resolve files> Scanning C:\Users\brook\code\HNPattacker_WB\data\JobCenter-master\app\static\opsplatform\js\plugins\preetyTextDiff...
[2025-07-27 15:57:56] [PROGRESS] resolve files> Scanning C:\Users\brook\code\HNPattacker_WB\data\JobCenter-master\app\static\opsplatform\js\plugins\rickshaw...
[2025-07-27 15:57:56] [PROGRESS] resolve files> Scanning C:\Users\brook\code\HNPattacker_WB\data\JobCenter-master\app\static\opsplatform\js\plugins\rickshaw\vendor...
[2025-07-27 15:57:56] [PROGRESS] resolve files> Scanning C:\Users\brook\code\HNPattacker_WB\data\JobCenter-master\app\static\opsplatform\js\plugins\select2...
[2025-07-27 15:57:56] [PROGRESS] resolve files> Scanning C:\Users\brook\code\HNPattacker_WB\data\JobCenter-master\app\static\opsplatform\js\plugins\slick...
[2025-07-27 15:57:56] [PROGRESS] resolve files> Scanning C:\Users\brook\code\HNPattacker_WB\data\JobCenter-master\app\static\opsplatform\js\plugins\slimscroll...
[2025-07-27 15:57:56] [PROGRESS] resolve files> Scanning C:\Users\brook\code\HNPattacker_WB\data\JobCenter-master\app\static\opsplatform\js\plugins\sparkline...
[2025-07-27 15:57:56] [PROGRESS] resolve files> Scanning C:\Users\brook\code\HNPattacker_WB\data\JobCenter-master\app\static\opsplatform\js\plugins\staps...
[2025-07-27 15:57:56] [PROGRESS] resolve files> Scanning C:\Users\brook\code\HNPattacker_WB\data\JobCenter-master\app\static\opsplatform\js\plugins\summernote...
[2025-07-27 15:57:56] [PROGRESS] resolve files> Scanning C:\Users\brook\code\HNPattacker_WB\data\JobCenter-master\app\static\opsplatform\js\plugins\sweetalert...
[2025-07-27 15:57:56] [PROGRESS] resolve files> Scanning C:\Users\brook\code\HNPattacker_WB\data\JobCenter-master\app\static\opsplatform\js\plugins\switchery...
[2025-07-27 15:57:56] [PROGRESS] resolve files> Scanning C:\Users\brook\code\HNPattacker_WB\data\JobCenter-master\app\static\opsplatform\js\plugins\tinycon...
[2025-07-27 15:57:56] [PROGRESS] resolve files> Scanning C:\Users\brook\code\HNPattacker_WB\data\JobCenter-master\app\static\opsplatform\js\plugins\toastr...
[2025-07-27 15:57:56] [PROGRESS] resolve files> Scanning C:\Users\brook\code\HNPattacker_WB\data\JobCenter-master\app\static\opsplatform\js\plugins\topojson...
[2025-07-27 15:57:56] [PROGRESS] resolve files> Scanning C:\Users\brook\code\HNPattacker_WB\data\JobCenter-master\app\static\opsplatform\js\plugins\touchspin...
[2025-07-27 15:57:56] [PROGRESS] resolve files> Scanning C:\Users\brook\code\HNPattacker_WB\data\JobCenter-master\app\static\opsplatform\js\plugins\typehead...
[2025-07-27 15:57:56] [PROGRESS] resolve files> Scanning C:\Users\brook\code\HNPattacker_WB\data\JobCenter-master\app\static\opsplatform\js\plugins\validate...
[2025-07-27 15:57:56] [PROGRESS] resolve files> Scanning C:\Users\brook\code\HNPattacker_WB\data\JobCenter-master\app\static\opsplatform\js\plugins\video...
[2025-07-27 15:57:56] [PROGRESS] resolve files> Scanning C:\Users\brook\code\HNPattacker_WB\data\JobCenter-master\app\static\opsplatform\js\plugins\wow...
[2025-07-27 15:57:56] [PROGRESS] resolve files> Scanning C:\Users\brook\code\HNPattacker_WB\data\JobCenter-master\app\static\opsplatform\js\skin...
[2025-07-27 15:57:56] [PROGRESS] resolve files> Scanning C:\Users\brook\code\HNPattacker_WB\data\JobCenter-master\app\static\opsplatform\js\skin\default...
[2025-07-27 15:57:56] [PROGRESS] resolve files> Scanning C:\Users\brook\code\HNPattacker_WB\data\JobCenter-master\app\static\plugins...
[2025-07-27 15:57:56] [PROGRESS] resolve files> Scanning C:\Users\brook\code\HNPattacker_WB\data\JobCenter-master\app\static\plugins\fullavatareditor...
[2025-07-27 15:57:56] [PROGRESS] resolve files> Scanning C:\Users\brook\code\HNPattacker_WB\data\JobCenter-master\app\static\plugins\fullavatareditor\asp...
[2025-07-27 15:57:56] [PROGRESS] resolve files> Scanning C:\Users\brook\code\HNPattacker_WB\data\JobCenter-master\app\static\plugins\fullavatareditor\asp.net...
[2025-07-27 15:57:56] [PROGRESS] resolve files> Scanning C:\Users\brook\code\HNPattacker_WB\data\JobCenter-master\app\static\plugins\fullavatareditor\asp.net\c#...
[2025-07-27 15:57:56] [PROGRESS] resolve files> Scanning C:\Users\brook\code\HNPattacker_WB\data\JobCenter-master\app\static\plugins\fullavatareditor\asp.net\c#\bin...
[2025-07-27 15:57:56] [PROGRESS] resolve files> Scanning C:\Users\brook\code\HNPattacker_WB\data\JobCenter-master\app\static\plugins\fullavatareditor\asp.net\vb...
[2025-07-27 15:57:56] [PROGRESS] resolve files> Scanning C:\Users\brook\code\HNPattacker_WB\data\JobCenter-master\app\static\plugins\fullavatareditor\asp.net\vb\bin...
[2025-07-27 15:57:56] [PROGRESS] resolve files> Scanning C:\Users\brook\code\HNPattacker_WB\data\JobCenter-master\app\static\plugins\fullavatareditor\jsp...
[2025-07-27 15:57:56] [PROGRESS] resolve files> Scanning C:\Users\brook\code\HNPattacker_WB\data\JobCenter-master\app\static\plugins\fullavatareditor\php...
[2025-07-27 15:57:56] [PROGRESS] resolve files> Scanning C:\Users\brook\code\HNPattacker_WB\data\JobCenter-master\app\static\plugins\fullavatareditor\scripts...
[2025-07-27 15:57:56] [PROGRESS] resolve files> Scanning C:\Users\brook\code\HNPattacker_WB\data\JobCenter-master\app\static\upload...
[2025-07-27 15:57:56] [PROGRESS] resolve files> Scanning C:\Users\brook\code\HNPattacker_WB\data\JobCenter-master\app\static\upload\css...
[2025-07-27 15:57:56] [PROGRESS] resolve files> Scanning C:\Users\brook\code\HNPattacker_WB\data\JobCenter-master\app\static\upload\img...
[2025-07-27 15:57:56] [PROGRESS] resolve files> Scanning C:\Users\brook\code\HNPattacker_WB\data\JobCenter-master\app\static\upload\js...
[2025-07-27 15:57:56] [PROGRESS] resolve files> Scanning C:\Users\brook\code\HNPattacker_WB\data\JobCenter-master\app\static\upload\js\cors...
[2025-07-27 15:57:56] [PROGRESS] resolve files> Scanning C:\Users\brook\code\HNPattacker_WB\data\JobCenter-master\app\static\upload\js\vendor...
[2025-07-27 15:57:56] [PROGRESS] resolve files> Scanning C:\Users\brook\code\HNPattacker_WB\data\JobCenter-master\app\templates...
[2025-07-27 15:57:56] [PROGRESS] resolve files> Scanning C:\Users\brook\code\HNPattacker_WB\data\JobCenter-master\app\templates\auth...
[2025-07-27 15:57:56] [PROGRESS] resolve files> Scanning C:\Users\brook\code\HNPattacker_WB\data\JobCenter-master\app\templates\auth\email...
[2025-07-27 15:57:56] [PROGRESS] resolve files> Scanning C:\Users\brook\code\HNPattacker_WB\data\JobCenter-master\app\templates\mail...
[2025-07-27 15:57:56] Plumbing command codeql resolve files completed:
                      [ ]
[2025-07-27 15:57:56] [DETAILS] database index-files> Found 0 files.
[2025-07-27 15:57:56] Terminating normally.
