[2025-07-27 15:57:51] This is codeql database create jobcenter-db --language=python --source-root=data/JobCenter-master
[2025-07-27 15:57:51] Log file was started late.
[2025-07-27 15:57:51] [PROGRESS] database create> Initializing database at C:\Users\brook\code\HNPattacker_WB\jobcenter-db.
[2025-07-27 15:57:51] Running plumbing command: codeql database init --language=python --extractor-options-verbosity=1 --qlconfig-file=C:\Users\brook\code\HNPattacker_WB\qlconfig.yml --source-root=C:\Users\brook\code\HNPattacker_WB\data\JobCenter-master --allow-missing-source-root=false --allow-already-existing -- C:\Users\brook\code\HNPattacker_WB\jobcenter-db
[2025-07-27 15:57:51] Calling plumbing command: codeql resolve languages --extractor-options-verbosity=1 --format=betterjson
[2025-07-27 15:57:51] [DETAILS] resolve languages> Scanning for [codeql-extractor.yml] from C:\Users\brook\code\codeql\.codeqlmanifest.json
[2025-07-27 15:57:51] [DETAILS] resolve languages> Parsing C:\Users\brook\code\codeql\actions\codeql-extractor.yml.
[2025-07-27 15:57:51] [DETAILS] resolve languages> Parsing C:\Users\brook\code\codeql\cpp\codeql-extractor.yml.
[2025-07-27 15:57:51] [DETAILS] resolve languages> Parsing C:\Users\brook\code\codeql\csharp\codeql-extractor.yml.
[2025-07-27 15:57:51] [DETAILS] resolve languages> Parsing C:\Users\brook\code\codeql\csv\codeql-extractor.yml.
[2025-07-27 15:57:51] [DETAILS] resolve languages> Parsing C:\Users\brook\code\codeql\go\codeql-extractor.yml.
[2025-07-27 15:57:51] [DETAILS] resolve languages> Parsing C:\Users\brook\code\codeql\html\codeql-extractor.yml.
[2025-07-27 15:57:51] [DETAILS] resolve languages> Parsing C:\Users\brook\code\codeql\java\codeql-extractor.yml.
[2025-07-27 15:57:51] [DETAILS] resolve languages> Parsing C:\Users\brook\code\codeql\javascript\codeql-extractor.yml.
[2025-07-27 15:57:51] [DETAILS] resolve languages> Parsing C:\Users\brook\code\codeql\properties\codeql-extractor.yml.
[2025-07-27 15:57:51] [DETAILS] resolve languages> Parsing C:\Users\brook\code\codeql\python\codeql-extractor.yml.
[2025-07-27 15:57:52] [DETAILS] resolve languages> Parsing C:\Users\brook\code\codeql\ruby\codeql-extractor.yml.
[2025-07-27 15:57:52] [DETAILS] resolve languages> Parsing C:\Users\brook\code\codeql\swift\codeql-extractor.yml.
[2025-07-27 15:57:52] [DETAILS] resolve languages> Parsing C:\Users\brook\code\codeql\xml\codeql-extractor.yml.
[2025-07-27 15:57:52] [DETAILS] resolve languages> Parsing C:\Users\brook\code\codeql\yaml\codeql-extractor.yml.
[2025-07-27 15:57:52] Plumbing command codeql resolve languages completed:
                      {
                        "aliases" : {
                          "c" : "cpp",
                          "c++" : "cpp",
                          "c-c++" : "cpp",
                          "c-cpp" : "cpp",
                          "c#" : "csharp",
                          "java-kotlin" : "java",
                          "kotlin" : "java",
                          "javascript-typescript" : "javascript",
                          "typescript" : "javascript"
                        },
                        "extractors" : {
                          "actions" : [
                            {
                              "extractor_root" : "C:\\Users\\brook\\code\\codeql\\actions",
                              "extractor_options" : { }
                            }
                          ],
                          "cpp" : [
                            {
                              "extractor_root" : "C:\\Users\\brook\\code\\codeql\\cpp",
                              "extractor_options" : {
                                "scale_timeouts" : {
                                  "title" : "Value to scale compiler introspection timeouts with",
                                  "description" : "The extractor attempts to determine what compiler the source code being extracted is compiled with. To this end the extractor makes additional calls to the compiler, some of which are expected to return within a certain fixed time (either 10s or 15s). On some systems that are under high load this time might be too short, and can be scaled up using this option.\n",
                                  "type" : "string",
                                  "pattern" : "[0-9]+"
                                },
                                "log_verbosity" : {
                                  "title" : "Verbosity of the extractor logging",
                                  "description" : "Set the verbosity of the extractor logging to 'quiet' (0), 'normal' (1), 'chatty' (2), or 'noisy' (3). The default is 'normal'.\n",
                                  "type" : "string",
                                  "pattern" : "[0-3]"
                                }
                              }
                            }
                          ],
                          "csharp" : [
                            {
                              "extractor_root" : "C:\\Users\\brook\\code\\codeql\\csharp",
                              "extractor_options" : {
                                "trap" : {
                                  "title" : "Options pertaining to TRAP.",
                                  "description" : "Options pertaining to TRAP.",
                                  "type" : "object",
                                  "properties" : {
                                    "compression" : {
                                      "title" : "Controls compression for the TRAP files written by the extractor.",
                                      "description" : "This option is only intended for use in debugging the extractor. Accepted values are 'brotli' (the default, to write brotli-compressed TRAP), 'gzip', and 'none' (to write uncompressed TRAP).\n",
                                      "type" : "string",
                                      "pattern" : "^(none|gzip|brotli)$"
                                    }
                                  }
                                },
                                "buildless" : {
                                  "title" : "DEPRECATED - Whether to use buildless (standalone) extraction.",
                                  "description" : "DEPRECATED: Use `--build-mode none` instead.\nA value indicating, which type of extraction the autobuilder should perform. If 'true', then the standalone extractor will be used, otherwise tracing extraction will be performed. The default is 'false'. Note that buildless extraction will generally yield less accurate analysis results, and should only be used in cases where it is not possible to build the code (for example if it uses inaccessible dependencies).\n",
                                  "type" : "string",
                                  "pattern" : "^(false|true)$"
                                },
                                "logging" : {
                                  "title" : "Options pertaining to logging.",
                                  "description" : "Options pertaining to logging.",
                                  "type" : "object",
                                  "properties" : {
                                    "verbosity" : {
                                      "title" : "Extractor logging verbosity level.",
                                      "description" : "Controls the level of verbosity of the extractor. The supported levels are (in order of increasing verbosity):\n  - off\n  - errors\n  - warnings\n  - info or progress\n  - debug or progress+\n  - trace or progress++\n  - progress+++\n",
                                      "type" : "string",
                                      "pattern" : "^(off|errors|warnings|(info|progress)|(debug|progress\\+)|(trace|progress\\+\\+)|progress\\+\\+\\+)$"
                                    }
                                  }
                                },
                                "binlog" : {
                                  "title" : "Binlog",
                                  "description" : "[EXPERIMENTAL] The value is a path to the MsBuild binary log file that should be extracted. This option only works when `--build-mode none` is also specified.\n",
                                  "type" : "array"
                                }
                              }
                            }
                          ],
                          "csv" : [
                            {
                              "extractor_root" : "C:\\Users\\brook\\code\\codeql\\csv"
                            }
                          ],
                          "go" : [
                            {
                              "extractor_root" : "C:\\Users\\brook\\code\\codeql\\go",
                              "extractor_options" : {
                                "extract_tests" : {
                                  "title" : "Whether to include Go test files in the CodeQL database.",
                                  "description" : "A value indicating whether Go test files should be included in the CodeQL database. The default is 'false'.\n",
                                  "type" : "string",
                                  "pattern" : "^(false|true)$"
                                },
                                "extract_vendor_dirs" : {
                                  "title" : "Whether to include Go vendor directories in the CodeQL database.",
                                  "description" : "A value indicating whether Go vendor directories should be included in the CodeQL database. The default is 'false'.\n",
                                  "type" : "string",
                                  "pattern" : "^(false|true)$"
                                }
                              }
                            }
                          ],
                          "html" : [
                            {
                              "extractor_root" : "C:\\Users\\brook\\code\\codeql\\html"
                            }
                          ],
                          "java" : [
                            {
                              "extractor_root" : "C:\\Users\\brook\\code\\codeql\\java",
                              "extractor_options" : {
                                "exclude" : {
                                  "title" : "A glob excluding files from analysis.",
                                  "description" : "A glob indicating what files to exclude from the analysis.\n",
                                  "type" : "string"
                                },
                                "add_prefer_source" : {
                                  "title" : "Whether to always prefer source files over class files.",
                                  "description" : "A value indicating whether source files should be preferred over class files. If set to 'true', the extraction adds '-Xprefer:source' to the javac command line. If set to 'false', the extraction uses the default javac behavior ('-Xprefer:newer'). The default is 'true'.\n",
                                  "type" : "string",
                                  "pattern" : "^(false|true)$"
                                },
                                "buildless" : {
                                  "title" : "Whether to use buildless (standalone) extraction (experimental).",
                                  "description" : "A value indicating, which type of extraction the autobuilder should perform. If 'true', then the standalone extractor will be used, otherwise tracing extraction will be performed. The default is 'false'. Note that buildless extraction will generally yield less accurate analysis results, and should only be used in cases where it is not possible to build the code (for example if it uses inaccessible dependencies).\n",
                                  "type" : "string",
                                  "pattern" : "^(false|true)$"
                                }
                              }
                            }
                          ],
                          "javascript" : [
                            {
                              "extractor_root" : "C:\\Users\\brook\\code\\codeql\\javascript",
                              "extractor_options" : {
                                "skip_types" : {
                                  "title" : "Skip type extraction for TypeScript",
                                  "description" : "Whether to skip the extraction of types in a TypeScript application",
                                  "type" : "string",
                                  "pattern" : "^(false|true)$"
                                }
                              }
                            }
                          ],
                          "properties" : [
                            {
                              "extractor_root" : "C:\\Users\\brook\\code\\codeql\\properties"
                            }
                          ],
                          "python" : [
                            {
                              "extractor_root" : "C:\\Users\\brook\\code\\codeql\\python",
                              "extractor_options" : {
                                "logging" : {
                                  "title" : "Options pertaining to logging.",
                                  "description" : "Options pertaining to logging.",
                                  "type" : "object",
                                  "properties" : {
                                    "verbosity" : {
                                      "title" : "Python extractor logging verbosity level.",
                                      "description" : "Controls the level of verbosity of the CodeQL Python extractor.\nThe supported levels are (in order of increasing verbosity):\n\n  - off\n  - errors\n  - warnings\n  - info or progress\n  - debug or progress+\n  - trace or progress++\n  - progress+++\n",
                                      "type" : "string",
                                      "pattern" : "^(off|errors|warnings|(info|progress)|(debug|progress\\+)|(trace|progress\\+\\+)|progress\\+\\+\\+)$"
                                    }
                                  }
                                },
                                "python_executable_name" : {
                                  "title" : "Controls the name of the Python executable used by the Python extractor.",
                                  "description" : "The Python extractor uses platform-dependent heuristics to determine the name of the Python executable to use. Specifying a value for this option overrides the name of the Python executable used by the extractor. Accepted values are py, python and python3. Use this setting with caution, the Python extractor requires Python 3 to run.\n",
                                  "type" : "string",
                                  "pattern" : "^(py|python|python3)$"
                                }
                              }
                            }
                          ],
                          "ruby" : [
                            {
                              "extractor_root" : "C:\\Users\\brook\\code\\codeql\\ruby",
                              "extractor_options" : {
                                "trap" : {
                                  "title" : "Options pertaining to TRAP.",
                                  "description" : "Options pertaining to TRAP.",
                                  "type" : "object",
                                  "properties" : {
                                    "compression" : {
                                      "title" : "Controls compression for the TRAP files written by the extractor.",
                                      "description" : "This option is only intended for use in debugging the extractor. Accepted values are 'gzip' (the default, to write gzip-compressed TRAP) and 'none' (to write uncompressed TRAP).\n",
                                      "type" : "string",
                                      "pattern" : "^(none|gzip)$"
                                    }
                                  }
                                }
                              }
                            }
                          ],
                          "swift" : [
                            {
                              "extractor_root" : "C:\\Users\\brook\\code\\codeql\\swift"
                            }
                          ],
                          "xml" : [
                            {
                              "extractor_root" : "C:\\Users\\brook\\code\\codeql\\xml"
                            }
                          ],
                          "yaml" : [
                            {
                              "extractor_root" : "C:\\Users\\brook\\code\\codeql\\yaml"
                            }
                          ]
                        }
                      }
[2025-07-27 15:57:52] [PROGRESS] database init> Calculating baseline information in C:\Users\brook\code\HNPattacker_WB\data\JobCenter-master
[2025-07-27 15:57:52] [SPAMMY] database init> Ignoring the following directories when processing baseline information: .git, .hg, .svn.
[2025-07-27 15:57:52] [DETAILS] database init> Running command in C:\Users\brook\code\HNPattacker_WB\data\JobCenter-master: C:\Users\brook\code\codeql\tools\win64\scc.exe --by-file --exclude-dir .git,.hg,.svn --format json --no-large --no-min .
[2025-07-27 15:57:52] Using configure-baseline script C:\Users\brook\code\codeql\javascript\tools\configure-baseline.cmd.
[2025-07-27 15:57:52] [PROGRESS] database init> Running command in C:\Users\brook\code\HNPattacker_WB\data\JobCenter-master: [C:\Users\brook\code\codeql\javascript\tools\configure-baseline.cmd]
[2025-07-27 15:57:52] [SPAMMY] database init> Ignored an additional 67 files when processing baseline information for JavaScript due to paths and paths-ignore configuration.
[2025-07-27 15:57:52] [SPAMMY] database init> Found 376 baseline files for javascript.
[2025-07-27 15:57:52] [SPAMMY] database init> Found 21 baseline files for python.
[2025-07-27 15:57:52] [SPAMMY] database init> Found 1 baseline files for csharp.
[2025-07-27 15:57:52] [PROGRESS] database init> Calculated baseline information for languages: csharp, javascript, python (444ms).
[2025-07-27 15:57:52] [PROGRESS] database init> Resolving extractor python.
[2025-07-27 15:57:52] [DETAILS] database init> Found candidate extractor root for python: C:\Users\brook\code\codeql\python.
[2025-07-27 15:57:52] [PROGRESS] database init> Successfully loaded extractor Python (python) from C:\Users\brook\code\codeql\python.
[2025-07-27 15:57:52] [PROGRESS] database init> Created skeleton CodeQL database at C:\Users\brook\code\HNPattacker_WB\jobcenter-db. This in-progress database is ready to be populated by an extractor.
[2025-07-27 15:57:52] Plumbing command codeql database init completed.
[2025-07-27 15:57:52] [PROGRESS] database create> Running build command: []
[2025-07-27 15:57:52] Running plumbing command: codeql database trace-command --working-dir=C:\Users\brook\code\HNPattacker_WB\data\JobCenter-master --index-traceless-dbs --no-db-cluster -- C:\Users\brook\code\HNPattacker_WB\jobcenter-db
[2025-07-27 15:57:52] Using autobuild script C:\Users\brook\code\codeql\python\tools\autobuild.cmd.
[2025-07-27 15:57:52] [PROGRESS] database trace-command> Running command in C:\Users\brook\code\HNPattacker_WB\data\JobCenter-master: [C:\Users\brook\code\codeql\python\tools\autobuild.cmd]
[2025-07-27 15:57:53] [build-stdout] Python 3.13.3
[2025-07-27 15:57:53] [build-stderr] No suitable Python runtime found
[2025-07-27 15:57:53] [build-stderr] Pass --list (-0) to see all detected environments on your machine
[2025-07-27 15:57:53] [build-stderr] or set environment variable PYLAUNCHER_ALLOW_INSTALL to use winget
[2025-07-27 15:57:53] [build-stderr] or open the Microsoft Store to the requested version.
[2025-07-27 15:57:53] [build-stdout] No directories containing root identifiers were found. Returning working directory as root.
[2025-07-27 15:57:53] [build-stdout] Will try to guess Python version, as it was not specified in `lgtm.yml`
[2025-07-27 15:57:53] [build-stdout] Trying to guess Python version based on Trove classifiers in setup.py
[2025-07-27 15:57:53] [build-stdout] Did not find setup.py (expected it to be at C:\Users\brook\code\HNPattacker_WB\data\JobCenter-master\setup.py)
[2025-07-27 15:57:53] [build-stdout] Trying to guess Python version based on travis file
[2025-07-27 15:57:53] [build-stdout] Did not find any travis files (expected them at either ['C:\\Users\\brook\\code\\HNPattacker_WB\\data\\JobCenter-master\\.travis.yml', 'C:\\Users\\brook\\code\\HNPattacker_WB\\data\\JobCenter-master\\travis.yml'])
[2025-07-27 15:57:53] [build-stdout] Trying to guess Python version based on installed versions
[2025-07-27 15:57:53] [build-stdout] Wanted to run Python 2, but it is not available. Using Python 3 instead
[2025-07-27 15:57:53] [build-stdout] This script is running Python 3, but Python 2 is also available (as 'py -3')
[2025-07-27 15:57:53] [build-stdout] Could not guess Python version, will use default: Python 3
[2025-07-27 15:57:53] [build-stdout] Calling py -3 -S C:\Users\brook\code\codeql\python\tools\python_tracer.py --verbosity 3 -z all -c C:\Users\brook\code\HNPattacker_WB\jobcenter-db\working\trap_cache -R C:\Users\brook\code\HNPattacker_WB\data\JobCenter-master
[2025-07-27 15:57:53] [build-stdout] Python 3.13.3
[2025-07-27 15:57:54] [build-stdout] INFO: The Python extractor has recently stopped extracting the standard library by default. If you encounter problems, please let us know by submitting an issue to https://github.com/github/codeql. It is possible to re-enable extraction of the standard library by setting the environment variable CODEQL_EXTRACTOR_PYTHON_EXTRACT_STDLIB.
[2025-07-27 15:57:54] [build-stdout] [INFO] Extraction will use the Python 3 standard library.
[2025-07-27 15:57:54] [build-stdout] [INFO] sys_path is: ['C:\\Users\\brook\\code\\codeql\\python\\tools', 'C:\\Python313\\python313.zip', 'C:\\Python313\\DLLs', 'C:\\Python313\\Lib', 'C:\\Python313']
[2025-07-27 15:57:54] [build-stdout] [INFO] Python version 3.13.3
[2025-07-27 15:57:54] [build-stdout] [INFO] Python extractor version 7.1.2
[2025-07-27 15:57:54] [build-stdout] [INFO] [4] Extracted file C:\Users\brook\code\HNPattacker_WB\data\JobCenter-master\app\auth\__init__.py in 14ms
[2025-07-27 15:57:54] [build-stdout] [INFO] [4] Extracted folder C:\Users\brook\code\HNPattacker_WB\data\JobCenter-master\app\auth in 4ms
[2025-07-27 15:57:54] [build-stdout] [INFO] [4] Extracted file C:\Users\brook\code\HNPattacker_WB\data\JobCenter-master\app\commands.py in 23ms
[2025-07-27 15:57:54] [build-stdout] [INFO] [2] Extracted file C:\Users\brook\code\HNPattacker_WB\data\JobCenter-master\app\auth\forms.py in 75ms
[2025-07-27 15:57:54] [build-stdout] [INFO] [4] Extracted file C:\Users\brook\code\HNPattacker_WB\data\JobCenter-master\app\config.py in 57ms
[2025-07-27 15:57:54] [build-stdout] [INFO] [2] Extracted file C:\Users\brook\code\HNPattacker_WB\data\JobCenter-master\app\decorators.py in 23ms
[2025-07-27 15:57:54] [build-stdout] [INFO] [2] Extracted file C:\Users\brook\code\HNPattacker_WB\data\JobCenter-master\app\email.py in 31ms
[2025-07-27 15:57:54] [build-stdout] [INFO] [1] Extracted file C:\Users\brook\code\HNPattacker_WB\data\JobCenter-master\app\auth\views.py in 120ms
[2025-07-27 15:57:55] [build-stdout] [INFO] [3] Extracted file C:\Users\brook\code\HNPattacker_WB\data\JobCenter-master\app\dingding.py in 52ms
[2025-07-27 15:57:55] [build-stdout] [INFO] [6] Extracted file C:\Users\brook\code\HNPattacker_WB\data\JobCenter-master\app\extensions.py in 51ms
[2025-07-27 15:57:55] [build-stdout] [INFO] [2] Extracted file C:\Users\brook\code\HNPattacker_WB\data\JobCenter-master\app\job\public.py in 37ms
[2025-07-27 15:57:55] [build-stdout] [INFO] [3] Extracted folder C:\Users\brook\code\HNPattacker_WB\data\JobCenter-master\app\job in 3ms
[2025-07-27 15:57:55] [build-stdout] [INFO] [6] Extracted file C:\Users\brook\code\HNPattacker_WB\data\JobCenter-master\app\main\errors.py in 22ms
[2025-07-27 15:57:55] [build-stdout] [INFO] [6] Extracted folder C:\Users\brook\code\HNPattacker_WB\data\JobCenter-master\app\main in 2ms
[2025-07-27 15:57:55] [build-stdout] [INFO] [4] Extracted file C:\Users\brook\code\HNPattacker_WB\data\JobCenter-master\app\job\core.py in 76ms
[2025-07-27 15:57:55] [build-stdout] [INFO] [13] Skipped built-in file C:\Python313\Lib\functools.py
[2025-07-27 15:57:55] [build-stdout] [INFO] [5] Skipped built-in file C:\Python313\Lib\logging\__init__.py
[2025-07-27 15:57:55] [build-stdout] [INFO] [4] Extracted file C:\Users\brook\code\HNPattacker_WB\data\JobCenter-master\test.py in 19ms
[2025-07-27 15:57:55] [build-stdout] [INFO] [4] Skipped built-in file C:\Python313\Lib\threading.py
[2025-07-27 15:57:55] [build-stdout] [INFO] [13] Extracted folder C:\Python313\Lib\logging in 2ms
[2025-07-27 15:57:55] [build-stdout] [INFO] [13] Skipped built-in file C:\Python313\Lib\json\__init__.py
[2025-07-27 15:57:55] [build-stdout] [INFO] [9] Extracted folder C:\Users\brook\code\HNPattacker_WB\data\JobCenter-master\app in 4ms
[2025-07-27 15:57:55] [build-stdout] [INFO] [13] Extracted folder C:\Python313\Lib\json in 1ms
[2025-07-27 15:57:55] [build-stdout] [INFO] [13] Skipped built-in file C:\Python313\Lib\datetime.py
[2025-07-27 15:57:55] [build-stdout] [INFO] [13] Skipped built-in file C:\Python313\Lib\subprocess.py
[2025-07-27 15:57:55] [build-stdout] [INFO] [9] Extracted module sys in 2ms
[2025-07-27 15:57:55] [build-stdout] [INFO] [16] Extracted file C:\Users\brook\code\HNPattacker_WB\data\JobCenter-master\app\job\__init__.py in 41ms
[2025-07-27 15:57:55] [build-stdout] [INFO] [4] Extracted module time in 7ms
[2025-07-27 15:57:55] [build-stdout] [INFO] [22] Skipped built-in file C:\Python313\Lib\os.py
[2025-07-27 15:57:55] [build-stdout] [INFO] [3] Extracted file C:\Users\brook\code\HNPattacker_WB\data\JobCenter-master\app\main\forms.py in 63ms
[2025-07-27 15:57:55] [build-stdout] [INFO] [17] Extracted file C:\Users\brook\code\HNPattacker_WB\data\JobCenter-master\app\main\__init__.py in 45ms
[2025-07-27 15:57:55] [build-stdout] [INFO] [12] Extracted file C:\Users\brook\code\HNPattacker_WB\data\JobCenter-master\webhook.py in 39ms
[2025-07-27 15:57:55] [build-stdout] [INFO] [8] Extracted file C:\Users\brook\code\HNPattacker_WB\data\JobCenter-master\app\__init__.py in 67ms
[2025-07-27 15:57:55] [build-stdout] [INFO] [1] Extracted file C:\Users\brook\code\HNPattacker_WB\data\JobCenter-master\app\job\views.py in 125ms
[2025-07-27 15:57:55] [build-stdout] [INFO] [2] Extracted file C:\Users\brook\code\HNPattacker_WB\data\JobCenter-master\app\main\views.py in 113ms
[2025-07-27 15:57:55] [build-stdout] [INFO] [6] Extracted file C:\Users\brook\code\HNPattacker_WB\data\JobCenter-master\app\models.py in 132ms
[2025-07-27 15:57:55] [build-stdout] [INFO] Processed 36 modules in 1.15s
[2025-07-27 15:57:55] Plumbing command codeql database trace-command completed.
[2025-07-27 15:57:55] [PROGRESS] database create> Finalizing database at C:\Users\brook\code\HNPattacker_WB\jobcenter-db.
[2025-07-27 15:57:55] Running plumbing command: codeql database finalize --no-db-cluster -- C:\Users\brook\code\HNPattacker_WB\jobcenter-db
[2025-07-27 15:57:55] Using pre-finalize script C:\Users\brook\code\codeql\python\tools\pre-finalize.cmd.
[2025-07-27 15:57:55] [PROGRESS] database finalize> Running pre-finalize script C:\Users\brook\code\codeql\python\tools\pre-finalize.cmd in C:\Users\brook\code\HNPattacker_WB\data\JobCenter-master.
[2025-07-27 15:57:55] Running plumbing command: codeql database trace-command --working-dir=C:\Users\brook\code\HNPattacker_WB\data\JobCenter-master --no-tracing -- C:\Users\brook\code\HNPattacker_WB\jobcenter-db C:\Users\brook\code\codeql\python\tools\pre-finalize.cmd
[2025-07-27 15:57:55] [PROGRESS] database trace-command> Running command in C:\Users\brook\code\HNPattacker_WB\data\JobCenter-master: [C:\Users\brook\code\codeql\python\tools\pre-finalize.cmd]
[2025-07-27 15:57:56] [build-stderr] Scanning for files in C:\Users\brook\code\HNPattacker_WB\data\JobCenter-master...
[2025-07-27 15:57:56] Plumbing command codeql database trace-command completed.
[2025-07-27 15:57:56] [PROGRESS] database finalize> Running TRAP import for CodeQL database at C:\Users\brook\code\HNPattacker_WB\jobcenter-db...
[2025-07-27 15:57:56] Running plumbing command: codeql dataset import --dbscheme=C:\Users\brook\code\codeql\python\semmlecode.python.dbscheme -- C:\Users\brook\code\HNPattacker_WB\jobcenter-db\db-python C:\Users\brook\code\HNPattacker_WB\jobcenter-db\trap\python
[2025-07-27 15:57:56] Clearing disk cache since the version file C:\Users\brook\code\HNPattacker_WB\jobcenter-db\db-python\default\cache\version does not exist
[2025-07-27 15:57:56] Tuple pool not found. Clearing relations with cached strings
[2025-07-27 15:57:56] Trimming disk cache at C:\Users\brook\code\HNPattacker_WB\jobcenter-db\db-python\default\cache in mode clear.
[2025-07-27 15:57:56] Sequence stamp origin is -6022032588121308784
[2025-07-27 15:57:56] Pausing evaluation to hard-clear memory at sequence stamp o+0
[2025-07-27 15:57:56] Unpausing evaluation
[2025-07-27 15:57:56] Pausing evaluation to quickly trim disk at sequence stamp o+1
[2025-07-27 15:57:56] Unpausing evaluation
[2025-07-27 15:57:56] Pausing evaluation to zealously trim disk at sequence stamp o+2
[2025-07-27 15:57:56] Unpausing evaluation
[2025-07-27 15:57:56] Trimming completed (8ms): Purged everything.
[2025-07-27 15:57:56] Scanning for files in C:\Users\brook\code\HNPattacker_WB\jobcenter-db\trap\python
[2025-07-27 15:57:56] Found 42 TRAP files (902.63 KiB)
[2025-07-27 15:57:56] [PROGRESS] dataset import> Importing TRAP files
[2025-07-27 15:57:56] Importing $files.28nO-hSw_-Kgeor78uPuj4-9lm4=.trap.gz (1 of 42)
[2025-07-27 15:57:56] Importing $files.GLbFs6r0ieR7M2In6MU-z9RoiN4=.trap.gz (2 of 42)
[2025-07-27 15:57:56] Importing $files.Szphdz8JOCabwn10JDBI1dB5NBo=.trap.gz (3 of 42)
[2025-07-27 15:57:56] Importing $files.YdJEIr6i7NoumNGtmkSw4G74bSM=.trap.gz (4 of 42)
[2025-07-27 15:57:56] Importing $files._IKacMIsnA0mBGypHsIXuDmdsHg=.trap.gz (5 of 42)
[2025-07-27 15:57:56] Importing $files.qggEs611oq7XmZPtSCmrzh6zMik=.trap.gz (6 of 42)
[2025-07-27 15:57:56] Importing $files.sOdPjUmfEXyTxFITwe_uL7uTC1U=.trap.gz (7 of 42)
[2025-07-27 15:57:56] Importing $files.uQAKGSPPrk-6kSCUOGOXBZJcW2M=.trap.gz (8 of 42)
[2025-07-27 15:57:56] Importing $files.xjODX3cewDCNGmPIHpOi4LkjiUk=.trap.gz (9 of 42)
[2025-07-27 15:57:56] Importing $flags.mymKY7-xVLomVWDgbZMymmRjYKA=.trap.gz (10 of 42)
[2025-07-27 15:57:56] Importing $interpreter3.pm4AJS9V2mTaSH5jREqX94RHHPk=.trap.gz (11 of 42)
[2025-07-27 15:57:56] Importing $stdlib_33.Xu-hpwYtHj5pV4S18fLvYlALSuY=.trap (12 of 42)
[2025-07-27 15:57:56] Importing __init__.py.DG2M979DMKd_2MNH9vFxBxUoENY=.trap.gz (13 of 42)
[2025-07-27 15:57:56] Importing __init__.py.H5rY5BZNMse57xS3nWh67FrBO7s=.trap.gz (14 of 42)
[2025-07-27 15:57:56] Importing __init__.py.sSEym-c7Fe7RTZPAWC54v3XnLfI=.trap.gz (15 of 42)
[2025-07-27 15:57:56] Importing __init__.py.vLRuhv4RacLX1KvGRRZeHpmPXRk=.trap.gz (16 of 42)
[2025-07-27 15:57:56] Importing app.9YV_v1JdTG03LIssiK2xdxtv02o=.trap.gz (17 of 42)
[2025-07-27 15:57:56] Importing auth.ulz--hJk7Ei8uasf0mhFV3jmSkw=.trap.gz (18 of 42)
[2025-07-27 15:57:57] Importing commands.py.LCig5i8DFy7z4ctaVreP2QSQHWs=.trap.gz (19 of 42)
[2025-07-27 15:57:57] Importing config.py.KFny3NHoddZb8U-jcoCcRE3Xy6U=.trap.gz (20 of 42)
[2025-07-27 15:57:57] Importing core.py.gAiuvQIwxewIQ99Rq0PSl_Kb0Zc=.trap.gz (21 of 42)
[2025-07-27 15:57:57] Importing decorators.py.u7jzApdnHW4r-fb8vmiaTkJ_LwA=.trap.gz (22 of 42)
[2025-07-27 15:57:57] Importing dingding.py.IYeFNm8W0oo1yZlaP79MSfa03cE=.trap.gz (23 of 42)
[2025-07-27 15:57:57] Importing email.py.l5_bLrEp7Ghiy3vZDQyuv2mYhQ8=.trap.gz (24 of 42)
[2025-07-27 15:57:57] Importing errors.py.65IRHWaSeKx-51gZgIT_8N7zh90=.trap.gz (25 of 42)
[2025-07-27 15:57:57] Importing extensions.py.QF5HvpPvK19MbC9DU_Ijw-ge-aE=.trap.gz (26 of 42)
[2025-07-27 15:57:57] Importing forms.py.Fb7D9gVCJe3mBMzJH8QxrTnRcnE=.trap.gz (27 of 42)
[2025-07-27 15:57:57] Importing forms.py.NRy8Q7MCSinCfkqt1Uuo453g6uU=.trap.gz (28 of 42)
[2025-07-27 15:57:57] Importing job.z5mS9ItGi44VeQ2m-EeINFPxF8o=.trap.gz (29 of 42)
[2025-07-27 15:57:57] Importing json._G8x8GJeAQIIk687ch0apZMWvks=.trap.gz (30 of 42)
[2025-07-27 15:57:57] Importing logging.omgeIasXQ3TKg9R0B50WwBqyuaw=.trap.gz (31 of 42)
[2025-07-27 15:57:57] Importing main.7w6SRTOsW7-iaBeNwBqnR1YNnQk=.trap.gz (32 of 42)
[2025-07-27 15:57:57] Importing metadata.trap.gz (33 of 42)
[2025-07-27 15:57:57] Importing models.py.0Qp6j8ghtTvqrnwIcdo0WPO_lXE=.trap.gz (34 of 42)
[2025-07-27 15:57:57] Importing public.py.4R1TuAMo98WXOPI81SPtWwpe90w=.trap.gz (35 of 42)
[2025-07-27 15:57:57] Importing sys.-P6NY7pt1SS1IfQAQPXjnkfO8BI=.trap.gz (36 of 42)
[2025-07-27 15:57:57] Importing test.py._Tw79EEb10XBDe5uQRd9EEYBWKM=.trap.gz (37 of 42)
[2025-07-27 15:57:57] Importing time.yrHWGyNiA1JpLKowueoWgcmKlXY=.trap.gz (38 of 42)
[2025-07-27 15:57:57] Importing views.py.Rhs8F4vlPhjn53kNZQxXvOY6rlw=.trap.gz (39 of 42)
[2025-07-27 15:57:57] Importing views.py.YbsQ8LU-t10AO5YXfTRcXF5yR2E=.trap.gz (40 of 42)
[2025-07-27 15:57:57] Importing views.py.jd1DMxnecoiPWIvWfchBvsh0OzI=.trap.gz (41 of 42)
[2025-07-27 15:57:57] Importing webhook.py.Fpy6jPEWl-xgJwJdSBo-GQWncRg=.trap.gz (42 of 42)
[2025-07-27 15:57:57] [PROGRESS] dataset import> Merging relations
[2025-07-27 15:57:57] Merging 1 fragment for 'files'.
[2025-07-27 15:57:57] Merged 68 bytes for 'files'.
[2025-07-27 15:57:57] Merging 1 fragment for 'folders'.
[2025-07-27 15:57:57] Merged 56 bytes for 'folders'.
[2025-07-27 15:57:57] Merging 1 fragment for 'containerparent'.
[2025-07-27 15:57:57] Merged 91 bytes for 'containerparent'.
[2025-07-27 15:57:57] Merging 1 fragment for 'py_flags_versioned'.
[2025-07-27 15:57:57] Merged 184 bytes for 'py_flags_versioned'.
[2025-07-27 15:57:57] Merging 1 fragment for 'py_cobjects'.
[2025-07-27 15:57:57] Merged 5128 bytes (5.01 KiB) for 'py_cobjects'.
[2025-07-27 15:57:57] Merging 1 fragment for 'py_cobjecttypes'.
[2025-07-27 15:57:57] Merged 6670 bytes (6.51 KiB) for 'py_cobjecttypes'.
[2025-07-27 15:57:57] Merging 1 fragment for 'py_cobject_sources'.
[2025-07-27 15:57:57] Merged 7302 bytes (7.13 KiB) for 'py_cobject_sources'.
[2025-07-27 15:57:57] Merging 1 fragment for 'py_cobjectnames'.
[2025-07-27 15:57:57] Merged 7079 bytes (6.91 KiB) for 'py_cobjectnames'.
[2025-07-27 15:57:57] Merging 1 fragment for 'py_cmembers_versioned'.
[2025-07-27 15:57:57] Merged 6620 bytes (6.46 KiB) for 'py_cmembers_versioned'.
[2025-07-27 15:57:57] Merging 1 fragment for 'py_special_objects'.
[2025-07-27 15:57:57] Merged 135 bytes for 'py_special_objects'.
[2025-07-27 15:57:57] Merging 1 fragment for 'py_citems'.
[2025-07-27 15:57:57] Merged 575 bytes for 'py_citems'.
[2025-07-27 15:57:57] Merging 1 fragment for 'ext_rettype'.
[2025-07-27 15:57:57] Merged 4050 bytes (3.96 KiB) for 'ext_rettype'.
[2025-07-27 15:57:57] Merging 1 fragment for 'ext_argtype'.
[2025-07-27 15:57:57] Merged 6815 bytes (6.66 KiB) for 'ext_argtype'.
[2025-07-27 15:57:57] Merging 1 fragment for 'ext_argreturn'.
[2025-07-27 15:57:57] Merged 41 bytes for 'ext_argreturn'.
[2025-07-27 15:57:57] Merging 1 fragment for 'ext_proptype'.
[2025-07-27 15:57:57] Merged 343 bytes for 'ext_proptype'.
[2025-07-27 15:57:57] Merging 1 fragment for 'py_Modules'.
[2025-07-27 15:57:57] Merged 44 bytes for 'py_Modules'.
[2025-07-27 15:57:57] Merging 1 fragment for 'py_module_path'.
[2025-07-27 15:57:57] Merged 81 bytes for 'py_module_path'.
[2025-07-27 15:57:57] Merging 1 fragment for 'variable'.
[2025-07-27 15:57:57] Merged 3167 bytes (3.09 KiB) for 'variable'.
[2025-07-27 15:57:57] Merging 1 fragment for 'py_extracted_version'.
[2025-07-27 15:57:57] Merged 49 bytes for 'py_extracted_version'.
[2025-07-27 15:57:57] Merging 1 fragment for 'py_stmt_lists'.
[2025-07-27 15:57:57] Merged 1130 bytes (1.10 KiB) for 'py_stmt_lists'.
[2025-07-27 15:57:57] Merging 1 fragment for 'py_stmts'.
[2025-07-27 15:57:57] Merged 3657 bytes (3.57 KiB) for 'py_stmts'.
[2025-07-27 15:57:57] Merging 1 fragment for 'py_scopes'.
[2025-07-27 15:57:57] Merged 6662 bytes (6.51 KiB) for 'py_scopes'.
[2025-07-27 15:57:57] Merging 1 fragment for 'py_alias_lists'.
[2025-07-27 15:57:57] Merged 274 bytes for 'py_alias_lists'.
[2025-07-27 15:57:57] Merging 1 fragment for 'py_aliases'.
[2025-07-27 15:57:57] Merged 591 bytes for 'py_aliases'.
[2025-07-27 15:57:57] Merging 1 fragment for 'py_exprs'.
[2025-07-27 15:57:58] Merged 19343 bytes (18.89 KiB) for 'py_exprs'.
[2025-07-27 15:57:58] Merging 1 fragment for 'py_ints'.
[2025-07-27 15:57:58] Merged 263 bytes for 'py_ints'.
[2025-07-27 15:57:58] Merging 1 fragment for 'py_strs'.
[2025-07-27 15:57:58] Merged 6133 bytes (5.99 KiB) for 'py_strs'.
[2025-07-27 15:57:58] Merging 1 fragment for 'py_variables'.
[2025-07-27 15:57:58] Merged 4099 bytes (4.00 KiB) for 'py_variables'.
[2025-07-27 15:57:58] Merging 1 fragment for 'py_expr_contexts'.
[2025-07-27 15:57:58] Merged 7025 bytes (6.86 KiB) for 'py_expr_contexts'.
[2025-07-27 15:57:58] Merging 1 fragment for 'py_bools'.
[2025-07-27 15:57:58] Merged 86 bytes for 'py_bools'.
[2025-07-27 15:57:58] Merging 1 fragment for 'py_arguments'.
[2025-07-27 15:57:58] Merged 299 bytes for 'py_arguments'.
[2025-07-27 15:57:58] Merging 1 fragment for 'py_expr_lists'.
[2025-07-27 15:57:58] Merged 3788 bytes (3.70 KiB) for 'py_expr_lists'.
[2025-07-27 15:57:58] Merging 1 fragment for 'py_Functions'.
[2025-07-27 15:57:58] Merged 300 bytes for 'py_Functions'.
[2025-07-27 15:57:58] Merging 1 fragment for 'py_parameter_lists'.
[2025-07-27 15:57:58] Merged 199 bytes for 'py_parameter_lists'.
[2025-07-27 15:57:58] Merging 1 fragment for 'py_cmpop_lists'.
[2025-07-27 15:57:58] Merged 166 bytes for 'py_cmpop_lists'.
[2025-07-27 15:57:58] Merging 1 fragment for 'py_cmpops'.
[2025-07-27 15:57:58] Merged 230 bytes for 'py_cmpops'.
[2025-07-27 15:57:58] Merging 1 fragment for 'py_boolops'.
[2025-07-27 15:57:58] Merged 86 bytes for 'py_boolops'.
[2025-07-27 15:57:58] Merging 1 fragment for 'py_dict_item_lists'.
[2025-07-27 15:57:58] Merged 461 bytes for 'py_dict_item_lists'.
[2025-07-27 15:57:58] Merging 1 fragment for 'py_dict_items'.
[2025-07-27 15:57:58] Merged 1105 bytes (1.08 KiB) for 'py_dict_items'.
[2025-07-27 15:57:58] Merging 1 fragment for 'py_exports'.
[2025-07-27 15:57:58] Merged 204 bytes for 'py_exports'.
[2025-07-27 15:57:58] Merging 1 fragment for 'py_flow_bb_node'.
[2025-07-27 15:57:58] Merged 18108 bytes (17.68 KiB) for 'py_flow_bb_node'.
[2025-07-27 15:57:58] Merging 1 fragment for 'py_scope_flow'.
[2025-07-27 15:57:58] Merged 2800 bytes (2.73 KiB) for 'py_scope_flow'.
[2025-07-27 15:57:58] Merging 1 fragment for 'py_successors'.
[2025-07-27 15:57:58] Merged 11563 bytes (11.29 KiB) for 'py_successors'.
[2025-07-27 15:57:58] Merging 1 fragment for 'py_true_successors'.
[2025-07-27 15:57:58] Merged 241 bytes for 'py_true_successors'.
[2025-07-27 15:57:58] Merging 1 fragment for 'py_false_successors'.
[2025-07-27 15:57:58] Merged 249 bytes for 'py_false_successors'.
[2025-07-27 15:57:58] Merging 1 fragment for 'py_idoms'.
[2025-07-27 15:57:58] Merged 10442 bytes (10.20 KiB) for 'py_idoms'.
[2025-07-27 15:57:58] Merging 1 fragment for 'py_ssa_var'.
[2025-07-27 15:57:58] Merged 1473 bytes (1.44 KiB) for 'py_ssa_var'.
[2025-07-27 15:57:58] Merging 1 fragment for 'py_ssa_defn'.
[2025-07-27 15:57:58] Merged 1331 bytes (1.30 KiB) for 'py_ssa_defn'.
[2025-07-27 15:57:58] Merging 1 fragment for 'py_ssa_use'.
[2025-07-27 15:57:58] Merged 1846 bytes (1.80 KiB) for 'py_ssa_use'.
[2025-07-27 15:57:58] Merging 1 fragment for 'py_ssa_phi'.
[2025-07-27 15:57:58] Merged 58 bytes for 'py_ssa_phi'.
[2025-07-27 15:57:58] Merging 1 fragment for 'locations_ast'.
[2025-07-27 15:57:58] Merged 27414 bytes (26.77 KiB) for 'locations_ast'.
[2025-07-27 15:57:58] Merging 1 fragment for 'py_scope_location'.
[2025-07-27 15:57:58] Merged 472 bytes for 'py_scope_location'.
[2025-07-27 15:57:58] Merging 1 fragment for 'py_comments'.
[2025-07-27 15:57:58] Merged 810 bytes for 'py_comments'.
[2025-07-27 15:57:58] Merging 1 fragment for 'py_codelines'.
[2025-07-27 15:57:58] Merged 346 bytes for 'py_codelines'.
[2025-07-27 15:57:58] Merging 1 fragment for 'py_commentlines'.
[2025-07-27 15:57:58] Merged 267 bytes for 'py_commentlines'.
[2025-07-27 15:57:58] Merging 1 fragment for 'py_docstringlines'.
[2025-07-27 15:57:58] Merged 240 bytes for 'py_docstringlines'.
[2025-07-27 15:57:58] Merging 1 fragment for 'py_alllines'.
[2025-07-27 15:57:58] Merged 351 bytes for 'py_alllines'.
[2025-07-27 15:57:58] Merging 1 fragment for 'numlines'.
[2025-07-27 15:57:58] Merged 138 bytes for 'numlines'.
[2025-07-27 15:57:58] Merging 1 fragment for 'py_locations'.
[2025-07-27 15:57:58] Merged 11546 bytes (11.28 KiB) for 'py_locations'.
[2025-07-27 15:57:58] Merging 1 fragment for 'py_numbers'.
[2025-07-27 15:57:58] Merged 542 bytes for 'py_numbers'.
[2025-07-27 15:57:58] Merging 1 fragment for 'py_operators'.
[2025-07-27 15:57:58] Merged 197 bytes for 'py_operators'.
[2025-07-27 15:57:58] Merging 1 fragment for 'py_Classes'.
[2025-07-27 15:57:58] Merged 110 bytes for 'py_Classes'.
[2025-07-27 15:57:58] Merging 1 fragment for 'py_exception_successors'.
[2025-07-27 15:57:58] Merged 366 bytes for 'py_exception_successors'.
[2025-07-27 15:57:58] Merging 1 fragment for 'py_unaryops'.
[2025-07-27 15:57:58] Merged 65 bytes for 'py_unaryops'.
[2025-07-27 15:57:58] Merging 1 fragment for 'py_StringPart_lists'.
[2025-07-27 15:57:58] Merged 48 bytes for 'py_StringPart_lists'.
[2025-07-27 15:57:58] Merging 1 fragment for 'py_StringParts'.
[2025-07-27 15:57:58] Merged 82 bytes for 'py_StringParts'.
[2025-07-27 15:57:58] Merging 1 fragment for 'sourceLocationPrefix'.
[2025-07-27 15:57:58] Merged 17 bytes for 'sourceLocationPrefix'.
[2025-07-27 15:57:58] Saving string and id pools to disk.
[2025-07-27 15:57:58] Finished importing TRAP files.
[2025-07-27 15:57:58] Read 3.19 MiB of uncompressed TRAP data.
[2025-07-27 15:57:58] Uncompressed relation data size: 841.52 KiB
[2025-07-27 15:57:58] Relation data size: 191.13 KiB (merge rate: 192.76 KiB/s)
[2025-07-27 15:57:58] String pool size: 2.13 MiB
[2025-07-27 15:57:58] ID pool size: 1.09 MiB
[2025-07-27 15:57:58] [PROGRESS] dataset import> Finished writing database (relations: 191.13 KiB; string pool: 2.13 MiB).
[2025-07-27 15:57:58] Pausing evaluation to close the cache at sequence stamp o+137
[2025-07-27 15:57:58] The disk cache is freshly trimmed; leave it be.
[2025-07-27 15:57:58] Unpausing evaluation
[2025-07-27 15:57:58] Plumbing command codeql dataset import completed.
[2025-07-27 15:57:58] [PROGRESS] database finalize> TRAP import complete (2.3s).
[2025-07-27 15:57:58] Running plumbing command: codeql database cleanup -- C:\Users\brook\code\HNPattacker_WB\jobcenter-db
[2025-07-27 15:57:58] [PROGRESS] database cleanup> Cleaning up existing TRAP files after import...
[2025-07-27 15:57:58] [PROGRESS] database cleanup> TRAP files cleaned up (8ms).
[2025-07-27 15:57:58] [PROGRESS] database cleanup> Cleaning up scratch directory...
[2025-07-27 15:57:58] [PROGRESS] database cleanup> Scratch directory cleaned up (4ms).
[2025-07-27 15:57:58] Running plumbing command: codeql dataset cleanup -- C:\Users\brook\code\HNPattacker_WB\jobcenter-db\db-python
[2025-07-27 15:57:58] [PROGRESS] dataset cleanup> Cleaning up dataset in C:\Users\brook\code\HNPattacker_WB\jobcenter-db\db-python.
[2025-07-27 15:57:58] Trimming disk cache at C:\Users\brook\code\HNPattacker_WB\jobcenter-db\db-python\default\cache in mode trim.
[2025-07-27 15:57:58] Sequence stamp origin is -6022032577697328668
[2025-07-27 15:57:58] Pausing evaluation to quickly trim memory at sequence stamp o+0
[2025-07-27 15:57:58] Unpausing evaluation
[2025-07-27 15:57:58] Pausing evaluation to zealously trim disk at sequence stamp o+1
[2025-07-27 15:57:58] Unpausing evaluation
[2025-07-27 15:57:58] Trimming completed (3ms): Trimmed disposable data from cache.
[2025-07-27 15:57:58] Pausing evaluation to close the cache at sequence stamp o+2
[2025-07-27 15:57:58] The disk cache is freshly trimmed; leave it be.
[2025-07-27 15:57:58] Unpausing evaluation
[2025-07-27 15:57:58] [PROGRESS] dataset cleanup> Trimmed disposable data from cache.
[2025-07-27 15:57:58] [PROGRESS] dataset cleanup> Finalizing dataset in C:\Users\brook\code\HNPattacker_WB\jobcenter-db\db-python
[2025-07-27 15:57:58] [DETAILS] dataset cleanup> Finished deleting ID pool from C:\Users\brook\code\HNPattacker_WB\jobcenter-db\db-python (4ms).
[2025-07-27 15:57:58] Plumbing command codeql dataset cleanup completed.
[2025-07-27 15:57:58] Plumbing command codeql database cleanup completed with status 0.
[2025-07-27 15:57:58] [PROGRESS] database finalize> Finished zipping source archive (23.02 KiB).
[2025-07-27 15:57:58] Plumbing command codeql database finalize completed.
[2025-07-27 15:57:58] [PROGRESS] database create> Successfully created database at C:\Users\brook\code\HNPattacker_WB\jobcenter-db.
[2025-07-27 15:57:58] Terminating normally.
