[2025-07-27 15:57:16] This is codeql database create jobcenter-db --language=python --source-root=JobCenter-master
[2025-07-27 15:57:16] Log file was started late.
[2025-07-27 15:57:16] [PROGRESS] database create> Initializing database at C:\Users\brook\code\HNPattacker_WB\jobcenter-db.
[2025-07-27 15:57:16] Running plumbing command: codeql database init --language=python --extractor-options-verbosity=1 --qlconfig-file=C:\Users\brook\code\HNPattacker_WB\qlconfig.yml --source-root=C:\Users\brook\code\HNPattacker_WB\JobCenter-master --allow-missing-source-root=false --allow-already-existing -- C:\Users\brook\code\HNPattacker_WB\jobcenter-db
[2025-07-27 15:57:16] Exception caught at top level: Invalid source root: C:\Users\brook\code\HNPattacker_WB\JobCenter-master.
                      com.semmle.cli2.database.InitCommand.executeSubcommand(InitCommand.java:170)
                      com.semmle.cli2.picocli.SubcommandCommon.lambda$executeSubcommandWithMessages$5(SubcommandCommon.java:892)
                      com.semmle.cli2.picocli.SubcommandCommon.withCompilationMessages(SubcommandCommon.java:444)
                      com.semmle.cli2.picocli.SubcommandCommon.executeSubcommandWithMessages(SubcommandCommon.java:890)
                      com.semmle.cli2.picocli.PlumbingRunner.run(PlumbingRunner.java:119)
                      com.semmle.cli2.picocli.SubcommandCommon.runPlumbingInProcess(SubcommandCommon.java:201)
                      com.semmle.cli2.database.CreateCommand.executeSubcommand(CreateCommand.java:113)
                      com.semmle.cli2.picocli.SubcommandCommon.lambda$executeSubcommandWithMessages$5(SubcommandCommon.java:892)
                      com.semmle.cli2.picocli.SubcommandCommon.withCompilationMessages(SubcommandCommon.java:444)
                      com.semmle.cli2.picocli.SubcommandCommon.executeSubcommandWithMessages(SubcommandCommon.java:890)
                      com.semmle.cli2.picocli.SubcommandCommon.toplevelMain(SubcommandCommon.java:777)
                      com.semmle.cli2.picocli.SubcommandCommon.call(SubcommandCommon.java:757)
                      com.semmle.cli2.picocli.SubcommandMaker.runMain(SubcommandMaker.java:238)
                      com.semmle.cli2.picocli.SubcommandMaker.runMain(SubcommandMaker.java:259)
                      com.semmle.cli2.CodeQL.main(CodeQL.java:115)
